2024-06-25 11:09:18,606 ERROR [http-nio-8080-exec-1] c.y.c.c.a.ExceptionAdvice [ExceptionAdvice.java:30] 服务器发送异常：
2024-06-25 11:09:18,619 ERROR [http-nio-8080-exec-1] c.y.c.c.a.ExceptionAdvice [ExceptionAdvice.java:33] java.base/java.lang.NumberFormatException.forInputString(NumberFormatException.java:67)
2024-06-25 11:09:18,620 ERROR [http-nio-8080-exec-1] c.y.c.c.a.ExceptionAdvice [ExceptionAdvice.java:33] java.base/java.lang.Integer.parseInt(Integer.java:662)
2024-06-25 11:09:18,620 ERROR [http-nio-8080-exec-1] c.y.c.c.a.ExceptionAdvice [ExceptionAdvice.java:33] java.base/java.lang.Integer.valueOf(Integer.java:989)
2024-06-25 11:09:18,620 ERROR [http-nio-8080-exec-1] c.y.c.c.a.ExceptionAdvice [ExceptionAdvice.java:33] com.yuanmh.community.controller.MessageController.getLetterList(MessageController.java:39)
2024-06-25 11:09:18,620 ERROR [http-nio-8080-exec-1] c.y.c.c.a.ExceptionAdvice [ExceptionAdvice.java:33] java.base/jdk.internal.reflect.DirectMethodHandleAccessor.invoke(DirectMethodHandleAccessor.java:103)
2024-06-25 11:09:18,620 ERROR [http-nio-8080-exec-1] c.y.c.c.a.ExceptionAdvice [ExceptionAdvice.java:33] java.base/java.lang.reflect.Method.invoke(Method.java:580)
2024-06-25 11:09:18,620 ERROR [http-nio-8080-exec-1] c.y.c.c.a.ExceptionAdvice [ExceptionAdvice.java:33] org.springframework.web.method.support.InvocableHandlerMethod.doInvoke(InvocableHandlerMethod.java:255)
2024-06-25 11:09:18,620 ERROR [http-nio-8080-exec-1] c.y.c.c.a.ExceptionAdvice [ExceptionAdvice.java:33] org.springframework.web.method.support.InvocableHandlerMethod.invokeForRequest(InvocableHandlerMethod.java:188)
2024-06-25 11:09:18,621 ERROR [http-nio-8080-exec-1] c.y.c.c.a.ExceptionAdvice [ExceptionAdvice.java:33] org.springframework.web.servlet.mvc.method.annotation.ServletInvocableHandlerMethod.invokeAndHandle(ServletInvocableHandlerMethod.java:118)
2024-06-25 11:09:18,621 ERROR [http-nio-8080-exec-1] c.y.c.c.a.ExceptionAdvice [ExceptionAdvice.java:33] org.springframework.web.servlet.mvc.method.annotation.RequestMappingHandlerAdapter.invokeHandlerMethod(RequestMappingHandlerAdapter.java:926)
2024-06-25 11:09:18,621 ERROR [http-nio-8080-exec-1] c.y.c.c.a.ExceptionAdvice [ExceptionAdvice.java:33] org.springframework.web.servlet.mvc.method.annotation.RequestMappingHandlerAdapter.handleInternal(RequestMappingHandlerAdapter.java:831)
2024-06-25 11:09:18,621 ERROR [http-nio-8080-exec-1] c.y.c.c.a.ExceptionAdvice [ExceptionAdvice.java:33] org.springframework.web.servlet.mvc.method.AbstractHandlerMethodAdapter.handle(AbstractHandlerMethodAdapter.java:87)
2024-06-25 11:09:18,621 ERROR [http-nio-8080-exec-1] c.y.c.c.a.ExceptionAdvice [ExceptionAdvice.java:33] org.springframework.web.servlet.DispatcherServlet.doDispatch(DispatcherServlet.java:1089)
2024-06-25 11:09:18,621 ERROR [http-nio-8080-exec-1] c.y.c.c.a.ExceptionAdvice [ExceptionAdvice.java:33] org.springframework.web.servlet.DispatcherServlet.doService(DispatcherServlet.java:979)
2024-06-25 11:09:18,621 ERROR [http-nio-8080-exec-1] c.y.c.c.a.ExceptionAdvice [ExceptionAdvice.java:33] org.springframework.web.servlet.FrameworkServlet.processRequest(FrameworkServlet.java:1014)
2024-06-25 11:09:18,621 ERROR [http-nio-8080-exec-1] c.y.c.c.a.ExceptionAdvice [ExceptionAdvice.java:33] org.springframework.web.servlet.FrameworkServlet.doGet(FrameworkServlet.java:903)
2024-06-25 11:09:18,621 ERROR [http-nio-8080-exec-1] c.y.c.c.a.ExceptionAdvice [ExceptionAdvice.java:33] jakarta.servlet.http.HttpServlet.service(HttpServlet.java:564)
2024-06-25 11:09:18,622 ERROR [http-nio-8080-exec-1] c.y.c.c.a.ExceptionAdvice [ExceptionAdvice.java:33] org.springframework.web.servlet.FrameworkServlet.service(FrameworkServlet.java:885)
2024-06-25 11:09:18,622 ERROR [http-nio-8080-exec-1] c.y.c.c.a.ExceptionAdvice [ExceptionAdvice.java:33] jakarta.servlet.http.HttpServlet.service(HttpServlet.java:658)
2024-06-25 11:09:18,622 ERROR [http-nio-8080-exec-1] c.y.c.c.a.ExceptionAdvice [ExceptionAdvice.java:33] org.apache.catalina.core.ApplicationFilterChain.internalDoFilter(ApplicationFilterChain.java:195)
2024-06-25 11:09:18,622 ERROR [http-nio-8080-exec-1] c.y.c.c.a.ExceptionAdvice [ExceptionAdvice.java:33] org.apache.catalina.core.ApplicationFilterChain.doFilter(ApplicationFilterChain.java:140)
2024-06-25 11:09:18,622 ERROR [http-nio-8080-exec-1] c.y.c.c.a.ExceptionAdvice [ExceptionAdvice.java:33] org.apache.tomcat.websocket.server.WsFilter.doFilter(WsFilter.java:51)
2024-06-25 11:09:18,622 ERROR [http-nio-8080-exec-1] c.y.c.c.a.ExceptionAdvice [ExceptionAdvice.java:33] org.apache.catalina.core.ApplicationFilterChain.internalDoFilter(ApplicationFilterChain.java:164)
2024-06-25 11:09:18,622 ERROR [http-nio-8080-exec-1] c.y.c.c.a.ExceptionAdvice [ExceptionAdvice.java:33] org.apache.catalina.core.ApplicationFilterChain.doFilter(ApplicationFilterChain.java:140)
2024-06-25 11:09:18,622 ERROR [http-nio-8080-exec-1] c.y.c.c.a.ExceptionAdvice [ExceptionAdvice.java:33] org.springframework.web.filter.RequestContextFilter.doFilterInternal(RequestContextFilter.java:100)
2024-06-25 11:09:18,623 ERROR [http-nio-8080-exec-1] c.y.c.c.a.ExceptionAdvice [ExceptionAdvice.java:33] org.springframework.web.filter.OncePerRequestFilter.doFilter(OncePerRequestFilter.java:116)
2024-06-25 11:09:18,623 ERROR [http-nio-8080-exec-1] c.y.c.c.a.ExceptionAdvice [ExceptionAdvice.java:33] org.apache.catalina.core.ApplicationFilterChain.internalDoFilter(ApplicationFilterChain.java:164)
2024-06-25 11:09:18,623 ERROR [http-nio-8080-exec-1] c.y.c.c.a.ExceptionAdvice [ExceptionAdvice.java:33] org.apache.catalina.core.ApplicationFilterChain.doFilter(ApplicationFilterChain.java:140)
2024-06-25 11:09:18,623 ERROR [http-nio-8080-exec-1] c.y.c.c.a.ExceptionAdvice [ExceptionAdvice.java:33] org.springframework.web.filter.FormContentFilter.doFilterInternal(FormContentFilter.java:93)
2024-06-25 11:09:18,623 ERROR [http-nio-8080-exec-1] c.y.c.c.a.ExceptionAdvice [ExceptionAdvice.java:33] org.springframework.web.filter.OncePerRequestFilter.doFilter(OncePerRequestFilter.java:116)
2024-06-25 11:09:18,623 ERROR [http-nio-8080-exec-1] c.y.c.c.a.ExceptionAdvice [ExceptionAdvice.java:33] org.apache.catalina.core.ApplicationFilterChain.internalDoFilter(ApplicationFilterChain.java:164)
2024-06-25 11:09:18,623 ERROR [http-nio-8080-exec-1] c.y.c.c.a.ExceptionAdvice [ExceptionAdvice.java:33] org.apache.catalina.core.ApplicationFilterChain.doFilter(ApplicationFilterChain.java:140)
2024-06-25 11:09:18,623 ERROR [http-nio-8080-exec-1] c.y.c.c.a.ExceptionAdvice [ExceptionAdvice.java:33] org.springframework.web.filter.CharacterEncodingFilter.doFilterInternal(CharacterEncodingFilter.java:201)
2024-06-25 11:09:18,623 ERROR [http-nio-8080-exec-1] c.y.c.c.a.ExceptionAdvice [ExceptionAdvice.java:33] org.springframework.web.filter.OncePerRequestFilter.doFilter(OncePerRequestFilter.java:116)
2024-06-25 11:09:18,623 ERROR [http-nio-8080-exec-1] c.y.c.c.a.ExceptionAdvice [ExceptionAdvice.java:33] org.apache.catalina.core.ApplicationFilterChain.internalDoFilter(ApplicationFilterChain.java:164)
2024-06-25 11:09:18,623 ERROR [http-nio-8080-exec-1] c.y.c.c.a.ExceptionAdvice [ExceptionAdvice.java:33] org.apache.catalina.core.ApplicationFilterChain.doFilter(ApplicationFilterChain.java:140)
2024-06-25 11:09:18,624 ERROR [http-nio-8080-exec-1] c.y.c.c.a.ExceptionAdvice [ExceptionAdvice.java:33] org.apache.catalina.core.StandardWrapperValve.invoke(StandardWrapperValve.java:167)
2024-06-25 11:09:18,624 ERROR [http-nio-8080-exec-1] c.y.c.c.a.ExceptionAdvice [ExceptionAdvice.java:33] org.apache.catalina.core.StandardContextValve.invoke(StandardContextValve.java:90)
2024-06-25 11:09:18,624 ERROR [http-nio-8080-exec-1] c.y.c.c.a.ExceptionAdvice [ExceptionAdvice.java:33] org.apache.catalina.authenticator.AuthenticatorBase.invoke(AuthenticatorBase.java:482)
2024-06-25 11:09:18,624 ERROR [http-nio-8080-exec-1] c.y.c.c.a.ExceptionAdvice [ExceptionAdvice.java:33] org.apache.catalina.core.StandardHostValve.invoke(StandardHostValve.java:115)
2024-06-25 11:09:18,624 ERROR [http-nio-8080-exec-1] c.y.c.c.a.ExceptionAdvice [ExceptionAdvice.java:33] org.apache.catalina.valves.ErrorReportValve.invoke(ErrorReportValve.java:93)
2024-06-25 11:09:18,624 ERROR [http-nio-8080-exec-1] c.y.c.c.a.ExceptionAdvice [ExceptionAdvice.java:33] org.apache.catalina.core.StandardEngineValve.invoke(StandardEngineValve.java:74)
2024-06-25 11:09:18,624 ERROR [http-nio-8080-exec-1] c.y.c.c.a.ExceptionAdvice [ExceptionAdvice.java:33] org.apache.catalina.connector.CoyoteAdapter.service(CoyoteAdapter.java:344)
2024-06-25 11:09:18,624 ERROR [http-nio-8080-exec-1] c.y.c.c.a.ExceptionAdvice [ExceptionAdvice.java:33] org.apache.coyote.http11.Http11Processor.service(Http11Processor.java:389)
2024-06-25 11:09:18,624 ERROR [http-nio-8080-exec-1] c.y.c.c.a.ExceptionAdvice [ExceptionAdvice.java:33] org.apache.coyote.AbstractProcessorLight.process(AbstractProcessorLight.java:63)
2024-06-25 11:09:18,625 ERROR [http-nio-8080-exec-1] c.y.c.c.a.ExceptionAdvice [ExceptionAdvice.java:33] org.apache.coyote.AbstractProtocol$ConnectionHandler.process(AbstractProtocol.java:896)
2024-06-25 11:09:18,625 ERROR [http-nio-8080-exec-1] c.y.c.c.a.ExceptionAdvice [ExceptionAdvice.java:33] org.apache.tomcat.util.net.NioEndpoint$SocketProcessor.doRun(NioEndpoint.java:1741)
2024-06-25 11:09:18,625 ERROR [http-nio-8080-exec-1] c.y.c.c.a.ExceptionAdvice [ExceptionAdvice.java:33] org.apache.tomcat.util.net.SocketProcessorBase.run(SocketProcessorBase.java:52)
2024-06-25 11:09:18,625 ERROR [http-nio-8080-exec-1] c.y.c.c.a.ExceptionAdvice [ExceptionAdvice.java:33] org.apache.tomcat.util.threads.ThreadPoolExecutor.runWorker(ThreadPoolExecutor.java:1190)
2024-06-25 11:09:18,625 ERROR [http-nio-8080-exec-1] c.y.c.c.a.ExceptionAdvice [ExceptionAdvice.java:33] org.apache.tomcat.util.threads.ThreadPoolExecutor$Worker.run(ThreadPoolExecutor.java:659)
2024-06-25 11:09:18,625 ERROR [http-nio-8080-exec-1] c.y.c.c.a.ExceptionAdvice [ExceptionAdvice.java:33] org.apache.tomcat.util.threads.TaskThread$WrappingRunnable.run(TaskThread.java:63)
2024-06-25 11:09:18,625 ERROR [http-nio-8080-exec-1] c.y.c.c.a.ExceptionAdvice [ExceptionAdvice.java:33] java.base/java.lang.Thread.run(Thread.java:1583)
2024-06-25 12:27:00,460 ERROR [http-nio-8080-exec-7] c.y.c.c.a.ExceptionAdvice [ExceptionAdvice.java:30] 服务器发送异常：
2024-06-25 12:27:00,462 ERROR [http-nio-8080-exec-7] c.y.c.c.a.ExceptionAdvice [ExceptionAdvice.java:33] com.yuanmh.community.controller.HomeController.index(HomeController.java:41)
2024-06-25 12:27:00,462 ERROR [http-nio-8080-exec-7] c.y.c.c.a.ExceptionAdvice [ExceptionAdvice.java:33] java.base/jdk.internal.reflect.DirectMethodHandleAccessor.invoke(DirectMethodHandleAccessor.java:103)
2024-06-25 12:27:00,462 ERROR [http-nio-8080-exec-7] c.y.c.c.a.ExceptionAdvice [ExceptionAdvice.java:33] java.base/java.lang.reflect.Method.invoke(Method.java:580)
2024-06-25 12:27:00,462 ERROR [http-nio-8080-exec-7] c.y.c.c.a.ExceptionAdvice [ExceptionAdvice.java:33] org.springframework.web.method.support.InvocableHandlerMethod.doInvoke(InvocableHandlerMethod.java:255)
2024-06-25 12:27:00,462 ERROR [http-nio-8080-exec-7] c.y.c.c.a.ExceptionAdvice [ExceptionAdvice.java:33] org.springframework.web.method.support.InvocableHandlerMethod.invokeForRequest(InvocableHandlerMethod.java:188)
2024-06-25 12:27:00,462 ERROR [http-nio-8080-exec-7] c.y.c.c.a.ExceptionAdvice [ExceptionAdvice.java:33] org.springframework.web.servlet.mvc.method.annotation.ServletInvocableHandlerMethod.invokeAndHandle(ServletInvocableHandlerMethod.java:118)
2024-06-25 12:27:00,462 ERROR [http-nio-8080-exec-7] c.y.c.c.a.ExceptionAdvice [ExceptionAdvice.java:33] org.springframework.web.servlet.mvc.method.annotation.RequestMappingHandlerAdapter.invokeHandlerMethod(RequestMappingHandlerAdapter.java:926)
2024-06-25 12:27:00,462 ERROR [http-nio-8080-exec-7] c.y.c.c.a.ExceptionAdvice [ExceptionAdvice.java:33] org.springframework.web.servlet.mvc.method.annotation.RequestMappingHandlerAdapter.handleInternal(RequestMappingHandlerAdapter.java:831)
2024-06-25 12:27:00,462 ERROR [http-nio-8080-exec-7] c.y.c.c.a.ExceptionAdvice [ExceptionAdvice.java:33] org.springframework.web.servlet.mvc.method.AbstractHandlerMethodAdapter.handle(AbstractHandlerMethodAdapter.java:87)
2024-06-25 12:27:00,463 ERROR [http-nio-8080-exec-7] c.y.c.c.a.ExceptionAdvice [ExceptionAdvice.java:33] org.springframework.web.servlet.DispatcherServlet.doDispatch(DispatcherServlet.java:1089)
2024-06-25 12:27:00,463 ERROR [http-nio-8080-exec-7] c.y.c.c.a.ExceptionAdvice [ExceptionAdvice.java:33] org.springframework.web.servlet.DispatcherServlet.doService(DispatcherServlet.java:979)
2024-06-25 12:27:00,463 ERROR [http-nio-8080-exec-7] c.y.c.c.a.ExceptionAdvice [ExceptionAdvice.java:33] org.springframework.web.servlet.FrameworkServlet.processRequest(FrameworkServlet.java:1014)
2024-06-25 12:27:00,463 ERROR [http-nio-8080-exec-7] c.y.c.c.a.ExceptionAdvice [ExceptionAdvice.java:33] org.springframework.web.servlet.FrameworkServlet.doGet(FrameworkServlet.java:903)
2024-06-25 12:27:00,463 ERROR [http-nio-8080-exec-7] c.y.c.c.a.ExceptionAdvice [ExceptionAdvice.java:33] jakarta.servlet.http.HttpServlet.service(HttpServlet.java:564)
2024-06-25 12:27:00,463 ERROR [http-nio-8080-exec-7] c.y.c.c.a.ExceptionAdvice [ExceptionAdvice.java:33] org.springframework.web.servlet.FrameworkServlet.service(FrameworkServlet.java:885)
2024-06-25 12:27:00,463 ERROR [http-nio-8080-exec-7] c.y.c.c.a.ExceptionAdvice [ExceptionAdvice.java:33] jakarta.servlet.http.HttpServlet.service(HttpServlet.java:658)
2024-06-25 12:27:00,463 ERROR [http-nio-8080-exec-7] c.y.c.c.a.ExceptionAdvice [ExceptionAdvice.java:33] org.apache.catalina.core.ApplicationFilterChain.internalDoFilter(ApplicationFilterChain.java:195)
2024-06-25 12:27:00,463 ERROR [http-nio-8080-exec-7] c.y.c.c.a.ExceptionAdvice [ExceptionAdvice.java:33] org.apache.catalina.core.ApplicationFilterChain.doFilter(ApplicationFilterChain.java:140)
2024-06-25 12:27:00,463 ERROR [http-nio-8080-exec-7] c.y.c.c.a.ExceptionAdvice [ExceptionAdvice.java:33] org.apache.tomcat.websocket.server.WsFilter.doFilter(WsFilter.java:51)
2024-06-25 12:27:00,463 ERROR [http-nio-8080-exec-7] c.y.c.c.a.ExceptionAdvice [ExceptionAdvice.java:33] org.apache.catalina.core.ApplicationFilterChain.internalDoFilter(ApplicationFilterChain.java:164)
2024-06-25 12:27:00,463 ERROR [http-nio-8080-exec-7] c.y.c.c.a.ExceptionAdvice [ExceptionAdvice.java:33] org.apache.catalina.core.ApplicationFilterChain.doFilter(ApplicationFilterChain.java:140)
2024-06-25 12:27:00,464 ERROR [http-nio-8080-exec-7] c.y.c.c.a.ExceptionAdvice [ExceptionAdvice.java:33] org.springframework.web.filter.RequestContextFilter.doFilterInternal(RequestContextFilter.java:100)
2024-06-25 12:27:00,464 ERROR [http-nio-8080-exec-7] c.y.c.c.a.ExceptionAdvice [ExceptionAdvice.java:33] org.springframework.web.filter.OncePerRequestFilter.doFilter(OncePerRequestFilter.java:116)
2024-06-25 12:27:00,464 ERROR [http-nio-8080-exec-7] c.y.c.c.a.ExceptionAdvice [ExceptionAdvice.java:33] org.apache.catalina.core.ApplicationFilterChain.internalDoFilter(ApplicationFilterChain.java:164)
2024-06-25 12:27:00,464 ERROR [http-nio-8080-exec-7] c.y.c.c.a.ExceptionAdvice [ExceptionAdvice.java:33] org.apache.catalina.core.ApplicationFilterChain.doFilter(ApplicationFilterChain.java:140)
2024-06-25 12:27:00,464 ERROR [http-nio-8080-exec-7] c.y.c.c.a.ExceptionAdvice [ExceptionAdvice.java:33] org.springframework.web.filter.FormContentFilter.doFilterInternal(FormContentFilter.java:93)
2024-06-25 12:27:00,464 ERROR [http-nio-8080-exec-7] c.y.c.c.a.ExceptionAdvice [ExceptionAdvice.java:33] org.springframework.web.filter.OncePerRequestFilter.doFilter(OncePerRequestFilter.java:116)
2024-06-25 12:27:00,464 ERROR [http-nio-8080-exec-7] c.y.c.c.a.ExceptionAdvice [ExceptionAdvice.java:33] org.apache.catalina.core.ApplicationFilterChain.internalDoFilter(ApplicationFilterChain.java:164)
2024-06-25 12:27:00,464 ERROR [http-nio-8080-exec-7] c.y.c.c.a.ExceptionAdvice [ExceptionAdvice.java:33] org.apache.catalina.core.ApplicationFilterChain.doFilter(ApplicationFilterChain.java:140)
2024-06-25 12:27:00,464 ERROR [http-nio-8080-exec-7] c.y.c.c.a.ExceptionAdvice [ExceptionAdvice.java:33] org.springframework.web.filter.CharacterEncodingFilter.doFilterInternal(CharacterEncodingFilter.java:201)
2024-06-25 12:27:00,464 ERROR [http-nio-8080-exec-7] c.y.c.c.a.ExceptionAdvice [ExceptionAdvice.java:33] org.springframework.web.filter.OncePerRequestFilter.doFilter(OncePerRequestFilter.java:116)
2024-06-25 12:27:00,464 ERROR [http-nio-8080-exec-7] c.y.c.c.a.ExceptionAdvice [ExceptionAdvice.java:33] org.apache.catalina.core.ApplicationFilterChain.internalDoFilter(ApplicationFilterChain.java:164)
2024-06-25 12:27:00,464 ERROR [http-nio-8080-exec-7] c.y.c.c.a.ExceptionAdvice [ExceptionAdvice.java:33] org.apache.catalina.core.ApplicationFilterChain.doFilter(ApplicationFilterChain.java:140)
2024-06-25 12:27:00,465 ERROR [http-nio-8080-exec-7] c.y.c.c.a.ExceptionAdvice [ExceptionAdvice.java:33] org.apache.catalina.core.StandardWrapperValve.invoke(StandardWrapperValve.java:167)
2024-06-25 12:27:00,465 ERROR [http-nio-8080-exec-7] c.y.c.c.a.ExceptionAdvice [ExceptionAdvice.java:33] org.apache.catalina.core.StandardContextValve.invoke(StandardContextValve.java:90)
2024-06-25 12:27:00,465 ERROR [http-nio-8080-exec-7] c.y.c.c.a.ExceptionAdvice [ExceptionAdvice.java:33] org.apache.catalina.authenticator.AuthenticatorBase.invoke(AuthenticatorBase.java:482)
2024-06-25 12:27:00,465 ERROR [http-nio-8080-exec-7] c.y.c.c.a.ExceptionAdvice [ExceptionAdvice.java:33] org.apache.catalina.core.StandardHostValve.invoke(StandardHostValve.java:115)
2024-06-25 12:27:00,465 ERROR [http-nio-8080-exec-7] c.y.c.c.a.ExceptionAdvice [ExceptionAdvice.java:33] org.apache.catalina.valves.ErrorReportValve.invoke(ErrorReportValve.java:93)
2024-06-25 12:27:00,465 ERROR [http-nio-8080-exec-7] c.y.c.c.a.ExceptionAdvice [ExceptionAdvice.java:33] org.apache.catalina.core.StandardEngineValve.invoke(StandardEngineValve.java:74)
2024-06-25 12:27:00,465 ERROR [http-nio-8080-exec-7] c.y.c.c.a.ExceptionAdvice [ExceptionAdvice.java:33] org.apache.catalina.connector.CoyoteAdapter.service(CoyoteAdapter.java:344)
2024-06-25 12:27:00,465 ERROR [http-nio-8080-exec-7] c.y.c.c.a.ExceptionAdvice [ExceptionAdvice.java:33] org.apache.coyote.http11.Http11Processor.service(Http11Processor.java:389)
2024-06-25 12:27:00,465 ERROR [http-nio-8080-exec-7] c.y.c.c.a.ExceptionAdvice [ExceptionAdvice.java:33] org.apache.coyote.AbstractProcessorLight.process(AbstractProcessorLight.java:63)
2024-06-25 12:27:00,465 ERROR [http-nio-8080-exec-7] c.y.c.c.a.ExceptionAdvice [ExceptionAdvice.java:33] org.apache.coyote.AbstractProtocol$ConnectionHandler.process(AbstractProtocol.java:896)
2024-06-25 12:27:00,465 ERROR [http-nio-8080-exec-7] c.y.c.c.a.ExceptionAdvice [ExceptionAdvice.java:33] org.apache.tomcat.util.net.NioEndpoint$SocketProcessor.doRun(NioEndpoint.java:1741)
2024-06-25 12:27:00,466 ERROR [http-nio-8080-exec-7] c.y.c.c.a.ExceptionAdvice [ExceptionAdvice.java:33] org.apache.tomcat.util.net.SocketProcessorBase.run(SocketProcessorBase.java:52)
2024-06-25 12:27:00,466 ERROR [http-nio-8080-exec-7] c.y.c.c.a.ExceptionAdvice [ExceptionAdvice.java:33] org.apache.tomcat.util.threads.ThreadPoolExecutor.runWorker(ThreadPoolExecutor.java:1190)
2024-06-25 12:27:00,466 ERROR [http-nio-8080-exec-7] c.y.c.c.a.ExceptionAdvice [ExceptionAdvice.java:33] org.apache.tomcat.util.threads.ThreadPoolExecutor$Worker.run(ThreadPoolExecutor.java:659)
2024-06-25 12:27:00,466 ERROR [http-nio-8080-exec-7] c.y.c.c.a.ExceptionAdvice [ExceptionAdvice.java:33] org.apache.tomcat.util.threads.TaskThread$WrappingRunnable.run(TaskThread.java:63)
2024-06-25 12:27:00,466 ERROR [http-nio-8080-exec-7] c.y.c.c.a.ExceptionAdvice [ExceptionAdvice.java:33] java.base/java.lang.Thread.run(Thread.java:1583)
2024-06-25 12:28:49,620 ERROR [http-nio-8080-exec-3] c.y.c.c.a.ExceptionAdvice [ExceptionAdvice.java:30] 服务器发送异常：
2024-06-25 12:28:49,621 ERROR [http-nio-8080-exec-3] c.y.c.c.a.ExceptionAdvice [ExceptionAdvice.java:33] com.yuanmh.community.controller.HomeController.index(HomeController.java:41)
2024-06-25 12:28:49,621 ERROR [http-nio-8080-exec-3] c.y.c.c.a.ExceptionAdvice [ExceptionAdvice.java:33] java.base/jdk.internal.reflect.DirectMethodHandleAccessor.invoke(DirectMethodHandleAccessor.java:103)
2024-06-25 12:28:49,621 ERROR [http-nio-8080-exec-3] c.y.c.c.a.ExceptionAdvice [ExceptionAdvice.java:33] java.base/java.lang.reflect.Method.invoke(Method.java:580)
2024-06-25 12:28:49,621 ERROR [http-nio-8080-exec-3] c.y.c.c.a.ExceptionAdvice [ExceptionAdvice.java:33] org.springframework.web.method.support.InvocableHandlerMethod.doInvoke(InvocableHandlerMethod.java:255)
2024-06-25 12:28:49,621 ERROR [http-nio-8080-exec-3] c.y.c.c.a.ExceptionAdvice [ExceptionAdvice.java:33] org.springframework.web.method.support.InvocableHandlerMethod.invokeForRequest(InvocableHandlerMethod.java:188)
2024-06-25 12:28:49,621 ERROR [http-nio-8080-exec-3] c.y.c.c.a.ExceptionAdvice [ExceptionAdvice.java:33] org.springframework.web.servlet.mvc.method.annotation.ServletInvocableHandlerMethod.invokeAndHandle(ServletInvocableHandlerMethod.java:118)
2024-06-25 12:28:49,621 ERROR [http-nio-8080-exec-3] c.y.c.c.a.ExceptionAdvice [ExceptionAdvice.java:33] org.springframework.web.servlet.mvc.method.annotation.RequestMappingHandlerAdapter.invokeHandlerMethod(RequestMappingHandlerAdapter.java:926)
2024-06-25 12:28:49,621 ERROR [http-nio-8080-exec-3] c.y.c.c.a.ExceptionAdvice [ExceptionAdvice.java:33] org.springframework.web.servlet.mvc.method.annotation.RequestMappingHandlerAdapter.handleInternal(RequestMappingHandlerAdapter.java:831)
2024-06-25 12:28:49,622 ERROR [http-nio-8080-exec-3] c.y.c.c.a.ExceptionAdvice [ExceptionAdvice.java:33] org.springframework.web.servlet.mvc.method.AbstractHandlerMethodAdapter.handle(AbstractHandlerMethodAdapter.java:87)
2024-06-25 12:28:49,622 ERROR [http-nio-8080-exec-3] c.y.c.c.a.ExceptionAdvice [ExceptionAdvice.java:33] org.springframework.web.servlet.DispatcherServlet.doDispatch(DispatcherServlet.java:1089)
2024-06-25 12:28:49,622 ERROR [http-nio-8080-exec-3] c.y.c.c.a.ExceptionAdvice [ExceptionAdvice.java:33] org.springframework.web.servlet.DispatcherServlet.doService(DispatcherServlet.java:979)
2024-06-25 12:28:49,622 ERROR [http-nio-8080-exec-3] c.y.c.c.a.ExceptionAdvice [ExceptionAdvice.java:33] org.springframework.web.servlet.FrameworkServlet.processRequest(FrameworkServlet.java:1014)
2024-06-25 12:28:49,622 ERROR [http-nio-8080-exec-3] c.y.c.c.a.ExceptionAdvice [ExceptionAdvice.java:33] org.springframework.web.servlet.FrameworkServlet.doGet(FrameworkServlet.java:903)
2024-06-25 12:28:49,622 ERROR [http-nio-8080-exec-3] c.y.c.c.a.ExceptionAdvice [ExceptionAdvice.java:33] jakarta.servlet.http.HttpServlet.service(HttpServlet.java:564)
2024-06-25 12:28:49,622 ERROR [http-nio-8080-exec-3] c.y.c.c.a.ExceptionAdvice [ExceptionAdvice.java:33] org.springframework.web.servlet.FrameworkServlet.service(FrameworkServlet.java:885)
2024-06-25 12:28:49,622 ERROR [http-nio-8080-exec-3] c.y.c.c.a.ExceptionAdvice [ExceptionAdvice.java:33] jakarta.servlet.http.HttpServlet.service(HttpServlet.java:658)
2024-06-25 12:28:49,622 ERROR [http-nio-8080-exec-3] c.y.c.c.a.ExceptionAdvice [ExceptionAdvice.java:33] org.apache.catalina.core.ApplicationFilterChain.internalDoFilter(ApplicationFilterChain.java:195)
2024-06-25 12:28:49,622 ERROR [http-nio-8080-exec-3] c.y.c.c.a.ExceptionAdvice [ExceptionAdvice.java:33] org.apache.catalina.core.ApplicationFilterChain.doFilter(ApplicationFilterChain.java:140)
2024-06-25 12:28:49,622 ERROR [http-nio-8080-exec-3] c.y.c.c.a.ExceptionAdvice [ExceptionAdvice.java:33] org.apache.tomcat.websocket.server.WsFilter.doFilter(WsFilter.java:51)
2024-06-25 12:28:49,622 ERROR [http-nio-8080-exec-3] c.y.c.c.a.ExceptionAdvice [ExceptionAdvice.java:33] org.apache.catalina.core.ApplicationFilterChain.internalDoFilter(ApplicationFilterChain.java:164)
2024-06-25 12:28:49,622 ERROR [http-nio-8080-exec-3] c.y.c.c.a.ExceptionAdvice [ExceptionAdvice.java:33] org.apache.catalina.core.ApplicationFilterChain.doFilter(ApplicationFilterChain.java:140)
2024-06-25 12:28:49,622 ERROR [http-nio-8080-exec-3] c.y.c.c.a.ExceptionAdvice [ExceptionAdvice.java:33] org.springframework.web.filter.RequestContextFilter.doFilterInternal(RequestContextFilter.java:100)
2024-06-25 12:28:49,622 ERROR [http-nio-8080-exec-3] c.y.c.c.a.ExceptionAdvice [ExceptionAdvice.java:33] org.springframework.web.filter.OncePerRequestFilter.doFilter(OncePerRequestFilter.java:116)
2024-06-25 12:28:49,623 ERROR [http-nio-8080-exec-3] c.y.c.c.a.ExceptionAdvice [ExceptionAdvice.java:33] org.apache.catalina.core.ApplicationFilterChain.internalDoFilter(ApplicationFilterChain.java:164)
2024-06-25 12:28:49,623 ERROR [http-nio-8080-exec-3] c.y.c.c.a.ExceptionAdvice [ExceptionAdvice.java:33] org.apache.catalina.core.ApplicationFilterChain.doFilter(ApplicationFilterChain.java:140)
2024-06-25 12:28:49,623 ERROR [http-nio-8080-exec-3] c.y.c.c.a.ExceptionAdvice [ExceptionAdvice.java:33] org.springframework.web.filter.FormContentFilter.doFilterInternal(FormContentFilter.java:93)
2024-06-25 12:28:49,623 ERROR [http-nio-8080-exec-3] c.y.c.c.a.ExceptionAdvice [ExceptionAdvice.java:33] org.springframework.web.filter.OncePerRequestFilter.doFilter(OncePerRequestFilter.java:116)
2024-06-25 12:28:49,623 ERROR [http-nio-8080-exec-3] c.y.c.c.a.ExceptionAdvice [ExceptionAdvice.java:33] org.apache.catalina.core.ApplicationFilterChain.internalDoFilter(ApplicationFilterChain.java:164)
2024-06-25 12:28:49,623 ERROR [http-nio-8080-exec-3] c.y.c.c.a.ExceptionAdvice [ExceptionAdvice.java:33] org.apache.catalina.core.ApplicationFilterChain.doFilter(ApplicationFilterChain.java:140)
2024-06-25 12:28:49,623 ERROR [http-nio-8080-exec-3] c.y.c.c.a.ExceptionAdvice [ExceptionAdvice.java:33] org.springframework.web.filter.CharacterEncodingFilter.doFilterInternal(CharacterEncodingFilter.java:201)
2024-06-25 12:28:49,624 ERROR [http-nio-8080-exec-3] c.y.c.c.a.ExceptionAdvice [ExceptionAdvice.java:33] org.springframework.web.filter.OncePerRequestFilter.doFilter(OncePerRequestFilter.java:116)
2024-06-25 12:28:49,624 ERROR [http-nio-8080-exec-3] c.y.c.c.a.ExceptionAdvice [ExceptionAdvice.java:33] org.apache.catalina.core.ApplicationFilterChain.internalDoFilter(ApplicationFilterChain.java:164)
2024-06-25 12:28:49,624 ERROR [http-nio-8080-exec-3] c.y.c.c.a.ExceptionAdvice [ExceptionAdvice.java:33] org.apache.catalina.core.ApplicationFilterChain.doFilter(ApplicationFilterChain.java:140)
2024-06-25 12:28:49,624 ERROR [http-nio-8080-exec-3] c.y.c.c.a.ExceptionAdvice [ExceptionAdvice.java:33] org.apache.catalina.core.StandardWrapperValve.invoke(StandardWrapperValve.java:167)
2024-06-25 12:28:49,624 ERROR [http-nio-8080-exec-3] c.y.c.c.a.ExceptionAdvice [ExceptionAdvice.java:33] org.apache.catalina.core.StandardContextValve.invoke(StandardContextValve.java:90)
2024-06-25 12:28:49,624 ERROR [http-nio-8080-exec-3] c.y.c.c.a.ExceptionAdvice [ExceptionAdvice.java:33] org.apache.catalina.authenticator.AuthenticatorBase.invoke(AuthenticatorBase.java:482)
2024-06-25 12:28:49,624 ERROR [http-nio-8080-exec-3] c.y.c.c.a.ExceptionAdvice [ExceptionAdvice.java:33] org.apache.catalina.core.StandardHostValve.invoke(StandardHostValve.java:115)
2024-06-25 12:28:49,624 ERROR [http-nio-8080-exec-3] c.y.c.c.a.ExceptionAdvice [ExceptionAdvice.java:33] org.apache.catalina.valves.ErrorReportValve.invoke(ErrorReportValve.java:93)
2024-06-25 12:28:49,624 ERROR [http-nio-8080-exec-3] c.y.c.c.a.ExceptionAdvice [ExceptionAdvice.java:33] org.apache.catalina.core.StandardEngineValve.invoke(StandardEngineValve.java:74)
2024-06-25 12:28:49,624 ERROR [http-nio-8080-exec-3] c.y.c.c.a.ExceptionAdvice [ExceptionAdvice.java:33] org.apache.catalina.connector.CoyoteAdapter.service(CoyoteAdapter.java:344)
2024-06-25 12:28:49,624 ERROR [http-nio-8080-exec-3] c.y.c.c.a.ExceptionAdvice [ExceptionAdvice.java:33] org.apache.coyote.http11.Http11Processor.service(Http11Processor.java:389)
2024-06-25 12:28:49,625 ERROR [http-nio-8080-exec-3] c.y.c.c.a.ExceptionAdvice [ExceptionAdvice.java:33] org.apache.coyote.AbstractProcessorLight.process(AbstractProcessorLight.java:63)
2024-06-25 12:28:49,625 ERROR [http-nio-8080-exec-3] c.y.c.c.a.ExceptionAdvice [ExceptionAdvice.java:33] org.apache.coyote.AbstractProtocol$ConnectionHandler.process(AbstractProtocol.java:896)
2024-06-25 12:28:49,625 ERROR [http-nio-8080-exec-3] c.y.c.c.a.ExceptionAdvice [ExceptionAdvice.java:33] org.apache.tomcat.util.net.NioEndpoint$SocketProcessor.doRun(NioEndpoint.java:1741)
2024-06-25 12:28:49,625 ERROR [http-nio-8080-exec-3] c.y.c.c.a.ExceptionAdvice [ExceptionAdvice.java:33] org.apache.tomcat.util.net.SocketProcessorBase.run(SocketProcessorBase.java:52)
2024-06-25 12:28:49,625 ERROR [http-nio-8080-exec-3] c.y.c.c.a.ExceptionAdvice [ExceptionAdvice.java:33] org.apache.tomcat.util.threads.ThreadPoolExecutor.runWorker(ThreadPoolExecutor.java:1190)
2024-06-25 12:28:49,625 ERROR [http-nio-8080-exec-3] c.y.c.c.a.ExceptionAdvice [ExceptionAdvice.java:33] org.apache.tomcat.util.threads.ThreadPoolExecutor$Worker.run(ThreadPoolExecutor.java:659)
2024-06-25 12:28:49,625 ERROR [http-nio-8080-exec-3] c.y.c.c.a.ExceptionAdvice [ExceptionAdvice.java:33] org.apache.tomcat.util.threads.TaskThread$WrappingRunnable.run(TaskThread.java:63)
2024-06-25 12:28:49,625 ERROR [http-nio-8080-exec-3] c.y.c.c.a.ExceptionAdvice [ExceptionAdvice.java:33] java.base/java.lang.Thread.run(Thread.java:1583)
