2024-06-30 09:09:39,832 ERROR [main] o.a.c.c.AprLifecycleListener [DirectJDKLog.java:173] An incompatible version [1.2.31] of the Apache Tomcat Native library is installed, while Tomcat requires version [1.2.34]
2024-06-30 09:11:26,977 ERROR [main] o.a.c.c.AprLifecycleListener [DirectJDKLog.java:173] An incompatible version [1.2.31] of the Apache Tomcat Native library is installed, while Tomcat requires version [1.2.34]
2024-06-30 09:35:54,550 ERROR [main] o.a.c.c.AprLifecycleListener [DirectJDKLog.java:173] An incompatible version [1.2.31] of the Apache Tomcat Native library is installed, while Tomcat requires version [1.2.34]
2024-06-30 21:21:34,918 ERROR [restartedMain] o.a.c.c.AprLifecycleListener [DirectJDKLog.java:173] An incompatible version [1.2.31] of the Apache Tomcat Native library is installed, while Tomcat requires version [1.2.34]
2024-06-30 21:21:49,570 ERROR [http-nio-8080-exec-1] c.y.c.c.a.ExceptionAdvice [ExceptionAdvice.java:30] 服务器发送异常：
2024-06-30 21:21:49,571 ERROR [http-nio-8080-exec-1] c.y.c.c.a.ExceptionAdvice [ExceptionAdvice.java:33] com.yuanmh.community.controller.HomeController.index(HomeController.java:46)
2024-06-30 21:21:49,572 ERROR [http-nio-8080-exec-1] c.y.c.c.a.ExceptionAdvice [ExceptionAdvice.java:33] java.base/jdk.internal.reflect.DirectMethodHandleAccessor.invoke(DirectMethodHandleAccessor.java:103)
2024-06-30 21:21:49,572 ERROR [http-nio-8080-exec-1] c.y.c.c.a.ExceptionAdvice [ExceptionAdvice.java:33] java.base/java.lang.reflect.Method.invoke(Method.java:580)
2024-06-30 21:21:49,572 ERROR [http-nio-8080-exec-1] c.y.c.c.a.ExceptionAdvice [ExceptionAdvice.java:33] org.springframework.web.method.support.InvocableHandlerMethod.doInvoke(InvocableHandlerMethod.java:255)
2024-06-30 21:21:49,572 ERROR [http-nio-8080-exec-1] c.y.c.c.a.ExceptionAdvice [ExceptionAdvice.java:33] org.springframework.web.method.support.InvocableHandlerMethod.invokeForRequest(InvocableHandlerMethod.java:188)
2024-06-30 21:21:49,572 ERROR [http-nio-8080-exec-1] c.y.c.c.a.ExceptionAdvice [ExceptionAdvice.java:33] org.springframework.web.servlet.mvc.method.annotation.ServletInvocableHandlerMethod.invokeAndHandle(ServletInvocableHandlerMethod.java:118)
2024-06-30 21:21:49,572 ERROR [http-nio-8080-exec-1] c.y.c.c.a.ExceptionAdvice [ExceptionAdvice.java:33] org.springframework.web.servlet.mvc.method.annotation.RequestMappingHandlerAdapter.invokeHandlerMethod(RequestMappingHandlerAdapter.java:926)
2024-06-30 21:21:49,572 ERROR [http-nio-8080-exec-1] c.y.c.c.a.ExceptionAdvice [ExceptionAdvice.java:33] org.springframework.web.servlet.mvc.method.annotation.RequestMappingHandlerAdapter.handleInternal(RequestMappingHandlerAdapter.java:831)
2024-06-30 21:21:49,572 ERROR [http-nio-8080-exec-1] c.y.c.c.a.ExceptionAdvice [ExceptionAdvice.java:33] org.springframework.web.servlet.mvc.method.AbstractHandlerMethodAdapter.handle(AbstractHandlerMethodAdapter.java:87)
2024-06-30 21:21:49,572 ERROR [http-nio-8080-exec-1] c.y.c.c.a.ExceptionAdvice [ExceptionAdvice.java:33] org.springframework.web.servlet.DispatcherServlet.doDispatch(DispatcherServlet.java:1089)
2024-06-30 21:21:49,572 ERROR [http-nio-8080-exec-1] c.y.c.c.a.ExceptionAdvice [ExceptionAdvice.java:33] org.springframework.web.servlet.DispatcherServlet.doService(DispatcherServlet.java:979)
2024-06-30 21:21:49,573 ERROR [http-nio-8080-exec-1] c.y.c.c.a.ExceptionAdvice [ExceptionAdvice.java:33] org.springframework.web.servlet.FrameworkServlet.processRequest(FrameworkServlet.java:1014)
2024-06-30 21:21:49,573 ERROR [http-nio-8080-exec-1] c.y.c.c.a.ExceptionAdvice [ExceptionAdvice.java:33] org.springframework.web.servlet.FrameworkServlet.doGet(FrameworkServlet.java:903)
2024-06-30 21:21:49,573 ERROR [http-nio-8080-exec-1] c.y.c.c.a.ExceptionAdvice [ExceptionAdvice.java:33] jakarta.servlet.http.HttpServlet.service(HttpServlet.java:564)
2024-06-30 21:21:49,573 ERROR [http-nio-8080-exec-1] c.y.c.c.a.ExceptionAdvice [ExceptionAdvice.java:33] org.springframework.web.servlet.FrameworkServlet.service(FrameworkServlet.java:885)
2024-06-30 21:21:49,573 ERROR [http-nio-8080-exec-1] c.y.c.c.a.ExceptionAdvice [ExceptionAdvice.java:33] jakarta.servlet.http.HttpServlet.service(HttpServlet.java:658)
2024-06-30 21:21:49,573 ERROR [http-nio-8080-exec-1] c.y.c.c.a.ExceptionAdvice [ExceptionAdvice.java:33] org.apache.catalina.core.ApplicationFilterChain.internalDoFilter(ApplicationFilterChain.java:195)
2024-06-30 21:21:49,573 ERROR [http-nio-8080-exec-1] c.y.c.c.a.ExceptionAdvice [ExceptionAdvice.java:33] org.apache.catalina.core.ApplicationFilterChain.doFilter(ApplicationFilterChain.java:140)
2024-06-30 21:21:49,573 ERROR [http-nio-8080-exec-1] c.y.c.c.a.ExceptionAdvice [ExceptionAdvice.java:33] org.apache.tomcat.websocket.server.WsFilter.doFilter(WsFilter.java:51)
2024-06-30 21:21:49,573 ERROR [http-nio-8080-exec-1] c.y.c.c.a.ExceptionAdvice [ExceptionAdvice.java:33] org.apache.catalina.core.ApplicationFilterChain.internalDoFilter(ApplicationFilterChain.java:164)
2024-06-30 21:21:49,573 ERROR [http-nio-8080-exec-1] c.y.c.c.a.ExceptionAdvice [ExceptionAdvice.java:33] org.apache.catalina.core.ApplicationFilterChain.doFilter(ApplicationFilterChain.java:140)
2024-06-30 21:21:49,573 ERROR [http-nio-8080-exec-1] c.y.c.c.a.ExceptionAdvice [ExceptionAdvice.java:33] org.springframework.web.filter.RequestContextFilter.doFilterInternal(RequestContextFilter.java:100)
2024-06-30 21:21:49,574 ERROR [http-nio-8080-exec-1] c.y.c.c.a.ExceptionAdvice [ExceptionAdvice.java:33] org.springframework.web.filter.OncePerRequestFilter.doFilter(OncePerRequestFilter.java:116)
2024-06-30 21:21:49,574 ERROR [http-nio-8080-exec-1] c.y.c.c.a.ExceptionAdvice [ExceptionAdvice.java:33] org.apache.catalina.core.ApplicationFilterChain.internalDoFilter(ApplicationFilterChain.java:164)
2024-06-30 21:21:49,574 ERROR [http-nio-8080-exec-1] c.y.c.c.a.ExceptionAdvice [ExceptionAdvice.java:33] org.apache.catalina.core.ApplicationFilterChain.doFilter(ApplicationFilterChain.java:140)
2024-06-30 21:21:49,574 ERROR [http-nio-8080-exec-1] c.y.c.c.a.ExceptionAdvice [ExceptionAdvice.java:33] org.springframework.web.filter.FormContentFilter.doFilterInternal(FormContentFilter.java:93)
2024-06-30 21:21:49,574 ERROR [http-nio-8080-exec-1] c.y.c.c.a.ExceptionAdvice [ExceptionAdvice.java:33] org.springframework.web.filter.OncePerRequestFilter.doFilter(OncePerRequestFilter.java:116)
2024-06-30 21:21:49,574 ERROR [http-nio-8080-exec-1] c.y.c.c.a.ExceptionAdvice [ExceptionAdvice.java:33] org.apache.catalina.core.ApplicationFilterChain.internalDoFilter(ApplicationFilterChain.java:164)
2024-06-30 21:21:49,574 ERROR [http-nio-8080-exec-1] c.y.c.c.a.ExceptionAdvice [ExceptionAdvice.java:33] org.apache.catalina.core.ApplicationFilterChain.doFilter(ApplicationFilterChain.java:140)
2024-06-30 21:21:49,575 ERROR [http-nio-8080-exec-1] c.y.c.c.a.ExceptionAdvice [ExceptionAdvice.java:33] org.springframework.web.filter.CharacterEncodingFilter.doFilterInternal(CharacterEncodingFilter.java:201)
2024-06-30 21:21:49,575 ERROR [http-nio-8080-exec-1] c.y.c.c.a.ExceptionAdvice [ExceptionAdvice.java:33] org.springframework.web.filter.OncePerRequestFilter.doFilter(OncePerRequestFilter.java:116)
2024-06-30 21:21:49,575 ERROR [http-nio-8080-exec-1] c.y.c.c.a.ExceptionAdvice [ExceptionAdvice.java:33] org.apache.catalina.core.ApplicationFilterChain.internalDoFilter(ApplicationFilterChain.java:164)
2024-06-30 21:21:49,575 ERROR [http-nio-8080-exec-1] c.y.c.c.a.ExceptionAdvice [ExceptionAdvice.java:33] org.apache.catalina.core.ApplicationFilterChain.doFilter(ApplicationFilterChain.java:140)
2024-06-30 21:21:49,575 ERROR [http-nio-8080-exec-1] c.y.c.c.a.ExceptionAdvice [ExceptionAdvice.java:33] org.apache.catalina.core.StandardWrapperValve.invoke(StandardWrapperValve.java:167)
2024-06-30 21:21:49,575 ERROR [http-nio-8080-exec-1] c.y.c.c.a.ExceptionAdvice [ExceptionAdvice.java:33] org.apache.catalina.core.StandardContextValve.invoke(StandardContextValve.java:90)
2024-06-30 21:21:49,575 ERROR [http-nio-8080-exec-1] c.y.c.c.a.ExceptionAdvice [ExceptionAdvice.java:33] org.apache.catalina.authenticator.AuthenticatorBase.invoke(AuthenticatorBase.java:482)
2024-06-30 21:21:49,575 ERROR [http-nio-8080-exec-1] c.y.c.c.a.ExceptionAdvice [ExceptionAdvice.java:33] org.apache.catalina.core.StandardHostValve.invoke(StandardHostValve.java:115)
2024-06-30 21:21:49,575 ERROR [http-nio-8080-exec-1] c.y.c.c.a.ExceptionAdvice [ExceptionAdvice.java:33] org.apache.catalina.valves.ErrorReportValve.invoke(ErrorReportValve.java:93)
2024-06-30 21:21:49,575 ERROR [http-nio-8080-exec-1] c.y.c.c.a.ExceptionAdvice [ExceptionAdvice.java:33] org.apache.catalina.core.StandardEngineValve.invoke(StandardEngineValve.java:74)
2024-06-30 21:21:49,575 ERROR [http-nio-8080-exec-1] c.y.c.c.a.ExceptionAdvice [ExceptionAdvice.java:33] org.apache.catalina.connector.CoyoteAdapter.service(CoyoteAdapter.java:344)
2024-06-30 21:21:49,576 ERROR [http-nio-8080-exec-1] c.y.c.c.a.ExceptionAdvice [ExceptionAdvice.java:33] org.apache.coyote.http11.Http11Processor.service(Http11Processor.java:389)
2024-06-30 21:21:49,576 ERROR [http-nio-8080-exec-1] c.y.c.c.a.ExceptionAdvice [ExceptionAdvice.java:33] org.apache.coyote.AbstractProcessorLight.process(AbstractProcessorLight.java:63)
2024-06-30 21:21:49,576 ERROR [http-nio-8080-exec-1] c.y.c.c.a.ExceptionAdvice [ExceptionAdvice.java:33] org.apache.coyote.AbstractProtocol$ConnectionHandler.process(AbstractProtocol.java:896)
2024-06-30 21:21:49,576 ERROR [http-nio-8080-exec-1] c.y.c.c.a.ExceptionAdvice [ExceptionAdvice.java:33] org.apache.tomcat.util.net.NioEndpoint$SocketProcessor.doRun(NioEndpoint.java:1741)
2024-06-30 21:21:49,576 ERROR [http-nio-8080-exec-1] c.y.c.c.a.ExceptionAdvice [ExceptionAdvice.java:33] org.apache.tomcat.util.net.SocketProcessorBase.run(SocketProcessorBase.java:52)
2024-06-30 21:21:49,576 ERROR [http-nio-8080-exec-1] c.y.c.c.a.ExceptionAdvice [ExceptionAdvice.java:33] org.apache.tomcat.util.threads.ThreadPoolExecutor.runWorker(ThreadPoolExecutor.java:1190)
2024-06-30 21:21:49,576 ERROR [http-nio-8080-exec-1] c.y.c.c.a.ExceptionAdvice [ExceptionAdvice.java:33] org.apache.tomcat.util.threads.ThreadPoolExecutor$Worker.run(ThreadPoolExecutor.java:659)
2024-06-30 21:21:49,576 ERROR [http-nio-8080-exec-1] c.y.c.c.a.ExceptionAdvice [ExceptionAdvice.java:33] org.apache.tomcat.util.threads.TaskThread$WrappingRunnable.run(TaskThread.java:63)
2024-06-30 21:21:49,576 ERROR [http-nio-8080-exec-1] c.y.c.c.a.ExceptionAdvice [ExceptionAdvice.java:33] java.base/java.lang.Thread.run(Thread.java:1583)
2024-06-30 21:21:50,565 ERROR [http-nio-8080-exec-3] c.y.c.c.a.ExceptionAdvice [ExceptionAdvice.java:30] 服务器发送异常：
2024-06-30 21:21:50,565 ERROR [http-nio-8080-exec-3] c.y.c.c.a.ExceptionAdvice [ExceptionAdvice.java:33] com.yuanmh.community.controller.HomeController.index(HomeController.java:46)
2024-06-30 21:21:50,565 ERROR [http-nio-8080-exec-3] c.y.c.c.a.ExceptionAdvice [ExceptionAdvice.java:33] java.base/jdk.internal.reflect.DirectMethodHandleAccessor.invoke(DirectMethodHandleAccessor.java:103)
2024-06-30 21:21:50,565 ERROR [http-nio-8080-exec-3] c.y.c.c.a.ExceptionAdvice [ExceptionAdvice.java:33] java.base/java.lang.reflect.Method.invoke(Method.java:580)
2024-06-30 21:21:50,565 ERROR [http-nio-8080-exec-3] c.y.c.c.a.ExceptionAdvice [ExceptionAdvice.java:33] org.springframework.web.method.support.InvocableHandlerMethod.doInvoke(InvocableHandlerMethod.java:255)
2024-06-30 21:21:50,565 ERROR [http-nio-8080-exec-3] c.y.c.c.a.ExceptionAdvice [ExceptionAdvice.java:33] org.springframework.web.method.support.InvocableHandlerMethod.invokeForRequest(InvocableHandlerMethod.java:188)
2024-06-30 21:21:50,565 ERROR [http-nio-8080-exec-3] c.y.c.c.a.ExceptionAdvice [ExceptionAdvice.java:33] org.springframework.web.servlet.mvc.method.annotation.ServletInvocableHandlerMethod.invokeAndHandle(ServletInvocableHandlerMethod.java:118)
2024-06-30 21:21:50,565 ERROR [http-nio-8080-exec-3] c.y.c.c.a.ExceptionAdvice [ExceptionAdvice.java:33] org.springframework.web.servlet.mvc.method.annotation.RequestMappingHandlerAdapter.invokeHandlerMethod(RequestMappingHandlerAdapter.java:926)
2024-06-30 21:21:50,566 ERROR [http-nio-8080-exec-3] c.y.c.c.a.ExceptionAdvice [ExceptionAdvice.java:33] org.springframework.web.servlet.mvc.method.annotation.RequestMappingHandlerAdapter.handleInternal(RequestMappingHandlerAdapter.java:831)
2024-06-30 21:21:50,566 ERROR [http-nio-8080-exec-3] c.y.c.c.a.ExceptionAdvice [ExceptionAdvice.java:33] org.springframework.web.servlet.mvc.method.AbstractHandlerMethodAdapter.handle(AbstractHandlerMethodAdapter.java:87)
2024-06-30 21:21:50,566 ERROR [http-nio-8080-exec-3] c.y.c.c.a.ExceptionAdvice [ExceptionAdvice.java:33] org.springframework.web.servlet.DispatcherServlet.doDispatch(DispatcherServlet.java:1089)
2024-06-30 21:21:50,566 ERROR [http-nio-8080-exec-3] c.y.c.c.a.ExceptionAdvice [ExceptionAdvice.java:33] org.springframework.web.servlet.DispatcherServlet.doService(DispatcherServlet.java:979)
2024-06-30 21:21:50,566 ERROR [http-nio-8080-exec-3] c.y.c.c.a.ExceptionAdvice [ExceptionAdvice.java:33] org.springframework.web.servlet.FrameworkServlet.processRequest(FrameworkServlet.java:1014)
2024-06-30 21:21:50,566 ERROR [http-nio-8080-exec-3] c.y.c.c.a.ExceptionAdvice [ExceptionAdvice.java:33] org.springframework.web.servlet.FrameworkServlet.doGet(FrameworkServlet.java:903)
2024-06-30 21:21:50,566 ERROR [http-nio-8080-exec-3] c.y.c.c.a.ExceptionAdvice [ExceptionAdvice.java:33] jakarta.servlet.http.HttpServlet.service(HttpServlet.java:564)
2024-06-30 21:21:50,566 ERROR [http-nio-8080-exec-3] c.y.c.c.a.ExceptionAdvice [ExceptionAdvice.java:33] org.springframework.web.servlet.FrameworkServlet.service(FrameworkServlet.java:885)
2024-06-30 21:21:50,566 ERROR [http-nio-8080-exec-3] c.y.c.c.a.ExceptionAdvice [ExceptionAdvice.java:33] jakarta.servlet.http.HttpServlet.service(HttpServlet.java:658)
2024-06-30 21:21:50,567 ERROR [http-nio-8080-exec-3] c.y.c.c.a.ExceptionAdvice [ExceptionAdvice.java:33] org.apache.catalina.core.ApplicationFilterChain.internalDoFilter(ApplicationFilterChain.java:195)
2024-06-30 21:21:50,567 ERROR [http-nio-8080-exec-3] c.y.c.c.a.ExceptionAdvice [ExceptionAdvice.java:33] org.apache.catalina.core.ApplicationFilterChain.doFilter(ApplicationFilterChain.java:140)
2024-06-30 21:21:50,567 ERROR [http-nio-8080-exec-3] c.y.c.c.a.ExceptionAdvice [ExceptionAdvice.java:33] org.apache.tomcat.websocket.server.WsFilter.doFilter(WsFilter.java:51)
2024-06-30 21:21:50,567 ERROR [http-nio-8080-exec-3] c.y.c.c.a.ExceptionAdvice [ExceptionAdvice.java:33] org.apache.catalina.core.ApplicationFilterChain.internalDoFilter(ApplicationFilterChain.java:164)
2024-06-30 21:21:50,567 ERROR [http-nio-8080-exec-3] c.y.c.c.a.ExceptionAdvice [ExceptionAdvice.java:33] org.apache.catalina.core.ApplicationFilterChain.doFilter(ApplicationFilterChain.java:140)
2024-06-30 21:21:50,567 ERROR [http-nio-8080-exec-3] c.y.c.c.a.ExceptionAdvice [ExceptionAdvice.java:33] org.springframework.web.filter.RequestContextFilter.doFilterInternal(RequestContextFilter.java:100)
2024-06-30 21:21:50,567 ERROR [http-nio-8080-exec-3] c.y.c.c.a.ExceptionAdvice [ExceptionAdvice.java:33] org.springframework.web.filter.OncePerRequestFilter.doFilter(OncePerRequestFilter.java:116)
2024-06-30 21:21:50,567 ERROR [http-nio-8080-exec-3] c.y.c.c.a.ExceptionAdvice [ExceptionAdvice.java:33] org.apache.catalina.core.ApplicationFilterChain.internalDoFilter(ApplicationFilterChain.java:164)
2024-06-30 21:21:50,567 ERROR [http-nio-8080-exec-3] c.y.c.c.a.ExceptionAdvice [ExceptionAdvice.java:33] org.apache.catalina.core.ApplicationFilterChain.doFilter(ApplicationFilterChain.java:140)
2024-06-30 21:21:50,567 ERROR [http-nio-8080-exec-3] c.y.c.c.a.ExceptionAdvice [ExceptionAdvice.java:33] org.springframework.web.filter.FormContentFilter.doFilterInternal(FormContentFilter.java:93)
2024-06-30 21:21:50,567 ERROR [http-nio-8080-exec-3] c.y.c.c.a.ExceptionAdvice [ExceptionAdvice.java:33] org.springframework.web.filter.OncePerRequestFilter.doFilter(OncePerRequestFilter.java:116)
2024-06-30 21:21:50,568 ERROR [http-nio-8080-exec-3] c.y.c.c.a.ExceptionAdvice [ExceptionAdvice.java:33] org.apache.catalina.core.ApplicationFilterChain.internalDoFilter(ApplicationFilterChain.java:164)
2024-06-30 21:21:50,568 ERROR [http-nio-8080-exec-3] c.y.c.c.a.ExceptionAdvice [ExceptionAdvice.java:33] org.apache.catalina.core.ApplicationFilterChain.doFilter(ApplicationFilterChain.java:140)
2024-06-30 21:21:50,568 ERROR [http-nio-8080-exec-3] c.y.c.c.a.ExceptionAdvice [ExceptionAdvice.java:33] org.springframework.web.filter.CharacterEncodingFilter.doFilterInternal(CharacterEncodingFilter.java:201)
2024-06-30 21:21:50,568 ERROR [http-nio-8080-exec-3] c.y.c.c.a.ExceptionAdvice [ExceptionAdvice.java:33] org.springframework.web.filter.OncePerRequestFilter.doFilter(OncePerRequestFilter.java:116)
2024-06-30 21:21:50,568 ERROR [http-nio-8080-exec-3] c.y.c.c.a.ExceptionAdvice [ExceptionAdvice.java:33] org.apache.catalina.core.ApplicationFilterChain.internalDoFilter(ApplicationFilterChain.java:164)
2024-06-30 21:21:50,568 ERROR [http-nio-8080-exec-3] c.y.c.c.a.ExceptionAdvice [ExceptionAdvice.java:33] org.apache.catalina.core.ApplicationFilterChain.doFilter(ApplicationFilterChain.java:140)
2024-06-30 21:21:50,568 ERROR [http-nio-8080-exec-3] c.y.c.c.a.ExceptionAdvice [ExceptionAdvice.java:33] org.apache.catalina.core.StandardWrapperValve.invoke(StandardWrapperValve.java:167)
2024-06-30 21:21:50,568 ERROR [http-nio-8080-exec-3] c.y.c.c.a.ExceptionAdvice [ExceptionAdvice.java:33] org.apache.catalina.core.StandardContextValve.invoke(StandardContextValve.java:90)
2024-06-30 21:21:50,568 ERROR [http-nio-8080-exec-3] c.y.c.c.a.ExceptionAdvice [ExceptionAdvice.java:33] org.apache.catalina.authenticator.AuthenticatorBase.invoke(AuthenticatorBase.java:482)
2024-06-30 21:21:50,568 ERROR [http-nio-8080-exec-3] c.y.c.c.a.ExceptionAdvice [ExceptionAdvice.java:33] org.apache.catalina.core.StandardHostValve.invoke(StandardHostValve.java:115)
2024-06-30 21:21:50,568 ERROR [http-nio-8080-exec-3] c.y.c.c.a.ExceptionAdvice [ExceptionAdvice.java:33] org.apache.catalina.valves.ErrorReportValve.invoke(ErrorReportValve.java:93)
2024-06-30 21:21:50,568 ERROR [http-nio-8080-exec-3] c.y.c.c.a.ExceptionAdvice [ExceptionAdvice.java:33] org.apache.catalina.core.StandardEngineValve.invoke(StandardEngineValve.java:74)
2024-06-30 21:21:50,569 ERROR [http-nio-8080-exec-3] c.y.c.c.a.ExceptionAdvice [ExceptionAdvice.java:33] org.apache.catalina.connector.CoyoteAdapter.service(CoyoteAdapter.java:344)
2024-06-30 21:21:50,569 ERROR [http-nio-8080-exec-3] c.y.c.c.a.ExceptionAdvice [ExceptionAdvice.java:33] org.apache.coyote.http11.Http11Processor.service(Http11Processor.java:389)
2024-06-30 21:21:50,569 ERROR [http-nio-8080-exec-3] c.y.c.c.a.ExceptionAdvice [ExceptionAdvice.java:33] org.apache.coyote.AbstractProcessorLight.process(AbstractProcessorLight.java:63)
2024-06-30 21:21:50,569 ERROR [http-nio-8080-exec-3] c.y.c.c.a.ExceptionAdvice [ExceptionAdvice.java:33] org.apache.coyote.AbstractProtocol$ConnectionHandler.process(AbstractProtocol.java:896)
2024-06-30 21:21:50,569 ERROR [http-nio-8080-exec-3] c.y.c.c.a.ExceptionAdvice [ExceptionAdvice.java:33] org.apache.tomcat.util.net.NioEndpoint$SocketProcessor.doRun(NioEndpoint.java:1741)
2024-06-30 21:21:50,569 ERROR [http-nio-8080-exec-3] c.y.c.c.a.ExceptionAdvice [ExceptionAdvice.java:33] org.apache.tomcat.util.net.SocketProcessorBase.run(SocketProcessorBase.java:52)
2024-06-30 21:21:50,569 ERROR [http-nio-8080-exec-3] c.y.c.c.a.ExceptionAdvice [ExceptionAdvice.java:33] org.apache.tomcat.util.threads.ThreadPoolExecutor.runWorker(ThreadPoolExecutor.java:1190)
2024-06-30 21:21:50,569 ERROR [http-nio-8080-exec-3] c.y.c.c.a.ExceptionAdvice [ExceptionAdvice.java:33] org.apache.tomcat.util.threads.ThreadPoolExecutor$Worker.run(ThreadPoolExecutor.java:659)
2024-06-30 21:21:50,569 ERROR [http-nio-8080-exec-3] c.y.c.c.a.ExceptionAdvice [ExceptionAdvice.java:33] org.apache.tomcat.util.threads.TaskThread$WrappingRunnable.run(TaskThread.java:63)
2024-06-30 21:21:50,570 ERROR [http-nio-8080-exec-3] c.y.c.c.a.ExceptionAdvice [ExceptionAdvice.java:33] java.base/java.lang.Thread.run(Thread.java:1583)
2024-06-30 21:23:05,717 ERROR [restartedMain] o.a.c.c.AprLifecycleListener [DirectJDKLog.java:173] An incompatible version [1.2.31] of the Apache Tomcat Native library is installed, while Tomcat requires version [1.2.34]
2024-06-30 21:23:43,958 ERROR [http-nio-8080-exec-1] c.y.c.c.a.ExceptionAdvice [ExceptionAdvice.java:30] 服务器发送异常：
2024-06-30 21:23:43,959 ERROR [http-nio-8080-exec-1] c.y.c.c.a.ExceptionAdvice [ExceptionAdvice.java:33] org.springframework.web.method.annotation.AbstractNamedValueMethodArgumentResolver.convertIfNecessary(AbstractNamedValueMethodArgumentResolver.java:302)
2024-06-30 21:23:43,959 ERROR [http-nio-8080-exec-1] c.y.c.c.a.ExceptionAdvice [ExceptionAdvice.java:33] org.springframework.web.method.annotation.AbstractNamedValueMethodArgumentResolver.resolveArgument(AbstractNamedValueMethodArgumentResolver.java:137)
2024-06-30 21:23:43,959 ERROR [http-nio-8080-exec-1] c.y.c.c.a.ExceptionAdvice [ExceptionAdvice.java:33] org.springframework.web.method.support.HandlerMethodArgumentResolverComposite.resolveArgument(HandlerMethodArgumentResolverComposite.java:122)
2024-06-30 21:23:43,959 ERROR [http-nio-8080-exec-1] c.y.c.c.a.ExceptionAdvice [ExceptionAdvice.java:33] org.springframework.web.method.support.InvocableHandlerMethod.getMethodArgumentValues(InvocableHandlerMethod.java:224)
2024-06-30 21:23:43,959 ERROR [http-nio-8080-exec-1] c.y.c.c.a.ExceptionAdvice [ExceptionAdvice.java:33] org.springframework.web.method.support.InvocableHandlerMethod.invokeForRequest(InvocableHandlerMethod.java:178)
2024-06-30 21:23:43,959 ERROR [http-nio-8080-exec-1] c.y.c.c.a.ExceptionAdvice [ExceptionAdvice.java:33] org.springframework.web.servlet.mvc.method.annotation.ServletInvocableHandlerMethod.invokeAndHandle(ServletInvocableHandlerMethod.java:118)
2024-06-30 21:23:43,959 ERROR [http-nio-8080-exec-1] c.y.c.c.a.ExceptionAdvice [ExceptionAdvice.java:33] org.springframework.web.servlet.mvc.method.annotation.RequestMappingHandlerAdapter.invokeHandlerMethod(RequestMappingHandlerAdapter.java:926)
2024-06-30 21:23:43,959 ERROR [http-nio-8080-exec-1] c.y.c.c.a.ExceptionAdvice [ExceptionAdvice.java:33] org.springframework.web.servlet.mvc.method.annotation.RequestMappingHandlerAdapter.handleInternal(RequestMappingHandlerAdapter.java:831)
2024-06-30 21:23:43,959 ERROR [http-nio-8080-exec-1] c.y.c.c.a.ExceptionAdvice [ExceptionAdvice.java:33] org.springframework.web.servlet.mvc.method.AbstractHandlerMethodAdapter.handle(AbstractHandlerMethodAdapter.java:87)
2024-06-30 21:23:43,959 ERROR [http-nio-8080-exec-1] c.y.c.c.a.ExceptionAdvice [ExceptionAdvice.java:33] org.springframework.web.servlet.DispatcherServlet.doDispatch(DispatcherServlet.java:1089)
2024-06-30 21:23:43,959 ERROR [http-nio-8080-exec-1] c.y.c.c.a.ExceptionAdvice [ExceptionAdvice.java:33] org.springframework.web.servlet.DispatcherServlet.doService(DispatcherServlet.java:979)
2024-06-30 21:23:43,960 ERROR [http-nio-8080-exec-1] c.y.c.c.a.ExceptionAdvice [ExceptionAdvice.java:33] org.springframework.web.servlet.FrameworkServlet.processRequest(FrameworkServlet.java:1014)
2024-06-30 21:23:43,960 ERROR [http-nio-8080-exec-1] c.y.c.c.a.ExceptionAdvice [ExceptionAdvice.java:33] org.springframework.web.servlet.FrameworkServlet.doGet(FrameworkServlet.java:903)
2024-06-30 21:23:43,960 ERROR [http-nio-8080-exec-1] c.y.c.c.a.ExceptionAdvice [ExceptionAdvice.java:33] jakarta.servlet.http.HttpServlet.service(HttpServlet.java:564)
2024-06-30 21:23:43,960 ERROR [http-nio-8080-exec-1] c.y.c.c.a.ExceptionAdvice [ExceptionAdvice.java:33] org.springframework.web.servlet.FrameworkServlet.service(FrameworkServlet.java:885)
2024-06-30 21:23:43,960 ERROR [http-nio-8080-exec-1] c.y.c.c.a.ExceptionAdvice [ExceptionAdvice.java:33] jakarta.servlet.http.HttpServlet.service(HttpServlet.java:658)
2024-06-30 21:23:43,960 ERROR [http-nio-8080-exec-1] c.y.c.c.a.ExceptionAdvice [ExceptionAdvice.java:33] org.apache.catalina.core.ApplicationFilterChain.internalDoFilter(ApplicationFilterChain.java:195)
2024-06-30 21:23:43,960 ERROR [http-nio-8080-exec-1] c.y.c.c.a.ExceptionAdvice [ExceptionAdvice.java:33] org.apache.catalina.core.ApplicationFilterChain.doFilter(ApplicationFilterChain.java:140)
2024-06-30 21:23:43,960 ERROR [http-nio-8080-exec-1] c.y.c.c.a.ExceptionAdvice [ExceptionAdvice.java:33] org.apache.tomcat.websocket.server.WsFilter.doFilter(WsFilter.java:51)
2024-06-30 21:23:43,960 ERROR [http-nio-8080-exec-1] c.y.c.c.a.ExceptionAdvice [ExceptionAdvice.java:33] org.apache.catalina.core.ApplicationFilterChain.internalDoFilter(ApplicationFilterChain.java:164)
2024-06-30 21:23:43,960 ERROR [http-nio-8080-exec-1] c.y.c.c.a.ExceptionAdvice [ExceptionAdvice.java:33] org.apache.catalina.core.ApplicationFilterChain.doFilter(ApplicationFilterChain.java:140)
2024-06-30 21:23:43,961 ERROR [http-nio-8080-exec-1] c.y.c.c.a.ExceptionAdvice [ExceptionAdvice.java:33] org.springframework.web.filter.RequestContextFilter.doFilterInternal(RequestContextFilter.java:100)
2024-06-30 21:23:43,961 ERROR [http-nio-8080-exec-1] c.y.c.c.a.ExceptionAdvice [ExceptionAdvice.java:33] org.springframework.web.filter.OncePerRequestFilter.doFilter(OncePerRequestFilter.java:116)
2024-06-30 21:23:43,961 ERROR [http-nio-8080-exec-1] c.y.c.c.a.ExceptionAdvice [ExceptionAdvice.java:33] org.apache.catalina.core.ApplicationFilterChain.internalDoFilter(ApplicationFilterChain.java:164)
2024-06-30 21:23:43,961 ERROR [http-nio-8080-exec-1] c.y.c.c.a.ExceptionAdvice [ExceptionAdvice.java:33] org.apache.catalina.core.ApplicationFilterChain.doFilter(ApplicationFilterChain.java:140)
2024-06-30 21:23:43,961 ERROR [http-nio-8080-exec-1] c.y.c.c.a.ExceptionAdvice [ExceptionAdvice.java:33] org.springframework.web.filter.FormContentFilter.doFilterInternal(FormContentFilter.java:93)
2024-06-30 21:23:43,961 ERROR [http-nio-8080-exec-1] c.y.c.c.a.ExceptionAdvice [ExceptionAdvice.java:33] org.springframework.web.filter.OncePerRequestFilter.doFilter(OncePerRequestFilter.java:116)
2024-06-30 21:23:43,961 ERROR [http-nio-8080-exec-1] c.y.c.c.a.ExceptionAdvice [ExceptionAdvice.java:33] org.apache.catalina.core.ApplicationFilterChain.internalDoFilter(ApplicationFilterChain.java:164)
2024-06-30 21:23:43,961 ERROR [http-nio-8080-exec-1] c.y.c.c.a.ExceptionAdvice [ExceptionAdvice.java:33] org.apache.catalina.core.ApplicationFilterChain.doFilter(ApplicationFilterChain.java:140)
2024-06-30 21:23:43,961 ERROR [http-nio-8080-exec-1] c.y.c.c.a.ExceptionAdvice [ExceptionAdvice.java:33] org.springframework.web.filter.CharacterEncodingFilter.doFilterInternal(CharacterEncodingFilter.java:201)
2024-06-30 21:23:43,962 ERROR [http-nio-8080-exec-1] c.y.c.c.a.ExceptionAdvice [ExceptionAdvice.java:33] org.springframework.web.filter.OncePerRequestFilter.doFilter(OncePerRequestFilter.java:116)
2024-06-30 21:23:43,962 ERROR [http-nio-8080-exec-1] c.y.c.c.a.ExceptionAdvice [ExceptionAdvice.java:33] org.apache.catalina.core.ApplicationFilterChain.internalDoFilter(ApplicationFilterChain.java:164)
2024-06-30 21:23:43,962 ERROR [http-nio-8080-exec-1] c.y.c.c.a.ExceptionAdvice [ExceptionAdvice.java:33] org.apache.catalina.core.ApplicationFilterChain.doFilter(ApplicationFilterChain.java:140)
2024-06-30 21:23:43,962 ERROR [http-nio-8080-exec-1] c.y.c.c.a.ExceptionAdvice [ExceptionAdvice.java:33] org.apache.catalina.core.StandardWrapperValve.invoke(StandardWrapperValve.java:167)
2024-06-30 21:23:43,962 ERROR [http-nio-8080-exec-1] c.y.c.c.a.ExceptionAdvice [ExceptionAdvice.java:33] org.apache.catalina.core.StandardContextValve.invoke(StandardContextValve.java:90)
2024-06-30 21:23:43,962 ERROR [http-nio-8080-exec-1] c.y.c.c.a.ExceptionAdvice [ExceptionAdvice.java:33] org.apache.catalina.authenticator.AuthenticatorBase.invoke(AuthenticatorBase.java:482)
2024-06-30 21:23:43,962 ERROR [http-nio-8080-exec-1] c.y.c.c.a.ExceptionAdvice [ExceptionAdvice.java:33] org.apache.catalina.core.StandardHostValve.invoke(StandardHostValve.java:115)
2024-06-30 21:23:43,962 ERROR [http-nio-8080-exec-1] c.y.c.c.a.ExceptionAdvice [ExceptionAdvice.java:33] org.apache.catalina.valves.ErrorReportValve.invoke(ErrorReportValve.java:93)
2024-06-30 21:23:43,963 ERROR [http-nio-8080-exec-1] c.y.c.c.a.ExceptionAdvice [ExceptionAdvice.java:33] org.apache.catalina.core.StandardEngineValve.invoke(StandardEngineValve.java:74)
2024-06-30 21:23:43,963 ERROR [http-nio-8080-exec-1] c.y.c.c.a.ExceptionAdvice [ExceptionAdvice.java:33] org.apache.catalina.connector.CoyoteAdapter.service(CoyoteAdapter.java:344)
2024-06-30 21:23:43,963 ERROR [http-nio-8080-exec-1] c.y.c.c.a.ExceptionAdvice [ExceptionAdvice.java:33] org.apache.coyote.http11.Http11Processor.service(Http11Processor.java:389)
2024-06-30 21:23:43,963 ERROR [http-nio-8080-exec-1] c.y.c.c.a.ExceptionAdvice [ExceptionAdvice.java:33] org.apache.coyote.AbstractProcessorLight.process(AbstractProcessorLight.java:63)
2024-06-30 21:23:43,963 ERROR [http-nio-8080-exec-1] c.y.c.c.a.ExceptionAdvice [ExceptionAdvice.java:33] org.apache.coyote.AbstractProtocol$ConnectionHandler.process(AbstractProtocol.java:896)
2024-06-30 21:23:43,963 ERROR [http-nio-8080-exec-1] c.y.c.c.a.ExceptionAdvice [ExceptionAdvice.java:33] org.apache.tomcat.util.net.NioEndpoint$SocketProcessor.doRun(NioEndpoint.java:1741)
2024-06-30 21:23:43,963 ERROR [http-nio-8080-exec-1] c.y.c.c.a.ExceptionAdvice [ExceptionAdvice.java:33] org.apache.tomcat.util.net.SocketProcessorBase.run(SocketProcessorBase.java:52)
2024-06-30 21:23:43,963 ERROR [http-nio-8080-exec-1] c.y.c.c.a.ExceptionAdvice [ExceptionAdvice.java:33] org.apache.tomcat.util.threads.ThreadPoolExecutor.runWorker(ThreadPoolExecutor.java:1190)
2024-06-30 21:23:43,963 ERROR [http-nio-8080-exec-1] c.y.c.c.a.ExceptionAdvice [ExceptionAdvice.java:33] org.apache.tomcat.util.threads.ThreadPoolExecutor$Worker.run(ThreadPoolExecutor.java:659)
2024-06-30 21:23:43,963 ERROR [http-nio-8080-exec-1] c.y.c.c.a.ExceptionAdvice [ExceptionAdvice.java:33] org.apache.tomcat.util.threads.TaskThread$WrappingRunnable.run(TaskThread.java:63)
2024-06-30 21:23:43,963 ERROR [http-nio-8080-exec-1] c.y.c.c.a.ExceptionAdvice [ExceptionAdvice.java:33] java.base/java.lang.Thread.run(Thread.java:1583)
2024-06-30 21:23:59,006 ERROR [http-nio-8080-exec-3] c.y.c.c.a.ExceptionAdvice [ExceptionAdvice.java:30] 服务器发送异常：
2024-06-30 21:23:59,006 ERROR [http-nio-8080-exec-3] c.y.c.c.a.ExceptionAdvice [ExceptionAdvice.java:33] org.springframework.web.method.annotation.AbstractNamedValueMethodArgumentResolver.convertIfNecessary(AbstractNamedValueMethodArgumentResolver.java:302)
2024-06-30 21:23:59,006 ERROR [http-nio-8080-exec-3] c.y.c.c.a.ExceptionAdvice [ExceptionAdvice.java:33] org.springframework.web.method.annotation.AbstractNamedValueMethodArgumentResolver.resolveArgument(AbstractNamedValueMethodArgumentResolver.java:137)
2024-06-30 21:23:59,006 ERROR [http-nio-8080-exec-3] c.y.c.c.a.ExceptionAdvice [ExceptionAdvice.java:33] org.springframework.web.method.support.HandlerMethodArgumentResolverComposite.resolveArgument(HandlerMethodArgumentResolverComposite.java:122)
2024-06-30 21:23:59,007 ERROR [http-nio-8080-exec-3] c.y.c.c.a.ExceptionAdvice [ExceptionAdvice.java:33] org.springframework.web.method.support.InvocableHandlerMethod.getMethodArgumentValues(InvocableHandlerMethod.java:224)
2024-06-30 21:23:59,007 ERROR [http-nio-8080-exec-3] c.y.c.c.a.ExceptionAdvice [ExceptionAdvice.java:33] org.springframework.web.method.support.InvocableHandlerMethod.invokeForRequest(InvocableHandlerMethod.java:178)
2024-06-30 21:23:59,007 ERROR [http-nio-8080-exec-3] c.y.c.c.a.ExceptionAdvice [ExceptionAdvice.java:33] org.springframework.web.servlet.mvc.method.annotation.ServletInvocableHandlerMethod.invokeAndHandle(ServletInvocableHandlerMethod.java:118)
2024-06-30 21:23:59,007 ERROR [http-nio-8080-exec-3] c.y.c.c.a.ExceptionAdvice [ExceptionAdvice.java:33] org.springframework.web.servlet.mvc.method.annotation.RequestMappingHandlerAdapter.invokeHandlerMethod(RequestMappingHandlerAdapter.java:926)
2024-06-30 21:23:59,007 ERROR [http-nio-8080-exec-3] c.y.c.c.a.ExceptionAdvice [ExceptionAdvice.java:33] org.springframework.web.servlet.mvc.method.annotation.RequestMappingHandlerAdapter.handleInternal(RequestMappingHandlerAdapter.java:831)
2024-06-30 21:23:59,007 ERROR [http-nio-8080-exec-3] c.y.c.c.a.ExceptionAdvice [ExceptionAdvice.java:33] org.springframework.web.servlet.mvc.method.AbstractHandlerMethodAdapter.handle(AbstractHandlerMethodAdapter.java:87)
2024-06-30 21:23:59,007 ERROR [http-nio-8080-exec-3] c.y.c.c.a.ExceptionAdvice [ExceptionAdvice.java:33] org.springframework.web.servlet.DispatcherServlet.doDispatch(DispatcherServlet.java:1089)
2024-06-30 21:23:59,007 ERROR [http-nio-8080-exec-3] c.y.c.c.a.ExceptionAdvice [ExceptionAdvice.java:33] org.springframework.web.servlet.DispatcherServlet.doService(DispatcherServlet.java:979)
2024-06-30 21:23:59,007 ERROR [http-nio-8080-exec-3] c.y.c.c.a.ExceptionAdvice [ExceptionAdvice.java:33] org.springframework.web.servlet.FrameworkServlet.processRequest(FrameworkServlet.java:1014)
2024-06-30 21:23:59,007 ERROR [http-nio-8080-exec-3] c.y.c.c.a.ExceptionAdvice [ExceptionAdvice.java:33] org.springframework.web.servlet.FrameworkServlet.doGet(FrameworkServlet.java:903)
2024-06-30 21:23:59,007 ERROR [http-nio-8080-exec-3] c.y.c.c.a.ExceptionAdvice [ExceptionAdvice.java:33] jakarta.servlet.http.HttpServlet.service(HttpServlet.java:564)
2024-06-30 21:23:59,007 ERROR [http-nio-8080-exec-3] c.y.c.c.a.ExceptionAdvice [ExceptionAdvice.java:33] org.springframework.web.servlet.FrameworkServlet.service(FrameworkServlet.java:885)
2024-06-30 21:23:59,007 ERROR [http-nio-8080-exec-3] c.y.c.c.a.ExceptionAdvice [ExceptionAdvice.java:33] jakarta.servlet.http.HttpServlet.service(HttpServlet.java:658)
2024-06-30 21:23:59,007 ERROR [http-nio-8080-exec-3] c.y.c.c.a.ExceptionAdvice [ExceptionAdvice.java:33] org.apache.catalina.core.ApplicationFilterChain.internalDoFilter(ApplicationFilterChain.java:195)
2024-06-30 21:23:59,008 ERROR [http-nio-8080-exec-3] c.y.c.c.a.ExceptionAdvice [ExceptionAdvice.java:33] org.apache.catalina.core.ApplicationFilterChain.doFilter(ApplicationFilterChain.java:140)
2024-06-30 21:23:59,008 ERROR [http-nio-8080-exec-3] c.y.c.c.a.ExceptionAdvice [ExceptionAdvice.java:33] org.apache.tomcat.websocket.server.WsFilter.doFilter(WsFilter.java:51)
2024-06-30 21:23:59,008 ERROR [http-nio-8080-exec-3] c.y.c.c.a.ExceptionAdvice [ExceptionAdvice.java:33] org.apache.catalina.core.ApplicationFilterChain.internalDoFilter(ApplicationFilterChain.java:164)
2024-06-30 21:23:59,008 ERROR [http-nio-8080-exec-3] c.y.c.c.a.ExceptionAdvice [ExceptionAdvice.java:33] org.apache.catalina.core.ApplicationFilterChain.doFilter(ApplicationFilterChain.java:140)
2024-06-30 21:23:59,008 ERROR [http-nio-8080-exec-3] c.y.c.c.a.ExceptionAdvice [ExceptionAdvice.java:33] org.springframework.web.filter.RequestContextFilter.doFilterInternal(RequestContextFilter.java:100)
2024-06-30 21:23:59,008 ERROR [http-nio-8080-exec-3] c.y.c.c.a.ExceptionAdvice [ExceptionAdvice.java:33] org.springframework.web.filter.OncePerRequestFilter.doFilter(OncePerRequestFilter.java:116)
2024-06-30 21:23:59,008 ERROR [http-nio-8080-exec-3] c.y.c.c.a.ExceptionAdvice [ExceptionAdvice.java:33] org.apache.catalina.core.ApplicationFilterChain.internalDoFilter(ApplicationFilterChain.java:164)
2024-06-30 21:23:59,008 ERROR [http-nio-8080-exec-3] c.y.c.c.a.ExceptionAdvice [ExceptionAdvice.java:33] org.apache.catalina.core.ApplicationFilterChain.doFilter(ApplicationFilterChain.java:140)
2024-06-30 21:23:59,008 ERROR [http-nio-8080-exec-3] c.y.c.c.a.ExceptionAdvice [ExceptionAdvice.java:33] org.springframework.web.filter.FormContentFilter.doFilterInternal(FormContentFilter.java:93)
2024-06-30 21:23:59,008 ERROR [http-nio-8080-exec-3] c.y.c.c.a.ExceptionAdvice [ExceptionAdvice.java:33] org.springframework.web.filter.OncePerRequestFilter.doFilter(OncePerRequestFilter.java:116)
2024-06-30 21:23:59,008 ERROR [http-nio-8080-exec-3] c.y.c.c.a.ExceptionAdvice [ExceptionAdvice.java:33] org.apache.catalina.core.ApplicationFilterChain.internalDoFilter(ApplicationFilterChain.java:164)
2024-06-30 21:23:59,009 ERROR [http-nio-8080-exec-3] c.y.c.c.a.ExceptionAdvice [ExceptionAdvice.java:33] org.apache.catalina.core.ApplicationFilterChain.doFilter(ApplicationFilterChain.java:140)
2024-06-30 21:23:59,009 ERROR [http-nio-8080-exec-3] c.y.c.c.a.ExceptionAdvice [ExceptionAdvice.java:33] org.springframework.web.filter.CharacterEncodingFilter.doFilterInternal(CharacterEncodingFilter.java:201)
2024-06-30 21:23:59,009 ERROR [http-nio-8080-exec-3] c.y.c.c.a.ExceptionAdvice [ExceptionAdvice.java:33] org.springframework.web.filter.OncePerRequestFilter.doFilter(OncePerRequestFilter.java:116)
2024-06-30 21:23:59,009 ERROR [http-nio-8080-exec-3] c.y.c.c.a.ExceptionAdvice [ExceptionAdvice.java:33] org.apache.catalina.core.ApplicationFilterChain.internalDoFilter(ApplicationFilterChain.java:164)
2024-06-30 21:23:59,010 ERROR [http-nio-8080-exec-3] c.y.c.c.a.ExceptionAdvice [ExceptionAdvice.java:33] org.apache.catalina.core.ApplicationFilterChain.doFilter(ApplicationFilterChain.java:140)
2024-06-30 21:23:59,010 ERROR [http-nio-8080-exec-3] c.y.c.c.a.ExceptionAdvice [ExceptionAdvice.java:33] org.apache.catalina.core.StandardWrapperValve.invoke(StandardWrapperValve.java:167)
2024-06-30 21:23:59,010 ERROR [http-nio-8080-exec-3] c.y.c.c.a.ExceptionAdvice [ExceptionAdvice.java:33] org.apache.catalina.core.StandardContextValve.invoke(StandardContextValve.java:90)
2024-06-30 21:23:59,010 ERROR [http-nio-8080-exec-3] c.y.c.c.a.ExceptionAdvice [ExceptionAdvice.java:33] org.apache.catalina.authenticator.AuthenticatorBase.invoke(AuthenticatorBase.java:482)
2024-06-30 21:23:59,010 ERROR [http-nio-8080-exec-3] c.y.c.c.a.ExceptionAdvice [ExceptionAdvice.java:33] org.apache.catalina.core.StandardHostValve.invoke(StandardHostValve.java:115)
2024-06-30 21:23:59,010 ERROR [http-nio-8080-exec-3] c.y.c.c.a.ExceptionAdvice [ExceptionAdvice.java:33] org.apache.catalina.valves.ErrorReportValve.invoke(ErrorReportValve.java:93)
2024-06-30 21:23:59,010 ERROR [http-nio-8080-exec-3] c.y.c.c.a.ExceptionAdvice [ExceptionAdvice.java:33] org.apache.catalina.core.StandardEngineValve.invoke(StandardEngineValve.java:74)
2024-06-30 21:23:59,010 ERROR [http-nio-8080-exec-3] c.y.c.c.a.ExceptionAdvice [ExceptionAdvice.java:33] org.apache.catalina.connector.CoyoteAdapter.service(CoyoteAdapter.java:344)
2024-06-30 21:23:59,010 ERROR [http-nio-8080-exec-3] c.y.c.c.a.ExceptionAdvice [ExceptionAdvice.java:33] org.apache.coyote.http11.Http11Processor.service(Http11Processor.java:389)
2024-06-30 21:23:59,010 ERROR [http-nio-8080-exec-3] c.y.c.c.a.ExceptionAdvice [ExceptionAdvice.java:33] org.apache.coyote.AbstractProcessorLight.process(AbstractProcessorLight.java:63)
2024-06-30 21:23:59,010 ERROR [http-nio-8080-exec-3] c.y.c.c.a.ExceptionAdvice [ExceptionAdvice.java:33] org.apache.coyote.AbstractProtocol$ConnectionHandler.process(AbstractProtocol.java:896)
2024-06-30 21:23:59,010 ERROR [http-nio-8080-exec-3] c.y.c.c.a.ExceptionAdvice [ExceptionAdvice.java:33] org.apache.tomcat.util.net.NioEndpoint$SocketProcessor.doRun(NioEndpoint.java:1741)
2024-06-30 21:23:59,010 ERROR [http-nio-8080-exec-3] c.y.c.c.a.ExceptionAdvice [ExceptionAdvice.java:33] org.apache.tomcat.util.net.SocketProcessorBase.run(SocketProcessorBase.java:52)
2024-06-30 21:23:59,010 ERROR [http-nio-8080-exec-3] c.y.c.c.a.ExceptionAdvice [ExceptionAdvice.java:33] org.apache.tomcat.util.threads.ThreadPoolExecutor.runWorker(ThreadPoolExecutor.java:1190)
2024-06-30 21:23:59,010 ERROR [http-nio-8080-exec-3] c.y.c.c.a.ExceptionAdvice [ExceptionAdvice.java:33] org.apache.tomcat.util.threads.ThreadPoolExecutor$Worker.run(ThreadPoolExecutor.java:659)
2024-06-30 21:23:59,010 ERROR [http-nio-8080-exec-3] c.y.c.c.a.ExceptionAdvice [ExceptionAdvice.java:33] org.apache.tomcat.util.threads.TaskThread$WrappingRunnable.run(TaskThread.java:63)
2024-06-30 21:23:59,011 ERROR [http-nio-8080-exec-3] c.y.c.c.a.ExceptionAdvice [ExceptionAdvice.java:33] java.base/java.lang.Thread.run(Thread.java:1583)
