2024-06-28 16:07:24,180 ERROR [restartedMain] o.a.c.c.AprLifecycleListener [DirectJDKLog.java:173] An incompatible version [1.2.31] of the Apache Tomcat Native library is installed, while Tomcat requires version [1.2.34]
2024-06-28 16:07:50,249 ERROR [http-nio-8080-exec-1] c.y.c.c.a.ExceptionAdvice [ExceptionAdvice.java:30] 服务器发送异常：
2024-06-28 16:07:50,251 ERROR [http-nio-8080-exec-1] c.y.c.c.a.ExceptionAdvice [ExceptionAdvice.java:33] com.yuanmh.community.controller.HomeController.index(HomeController.java:46)
2024-06-28 16:07:50,251 ERROR [http-nio-8080-exec-1] c.y.c.c.a.ExceptionAdvice [ExceptionAdvice.java:33] java.base/jdk.internal.reflect.DirectMethodHandleAccessor.invoke(DirectMethodHandleAccessor.java:103)
2024-06-28 16:07:50,251 ERROR [http-nio-8080-exec-1] c.y.c.c.a.ExceptionAdvice [ExceptionAdvice.java:33] java.base/java.lang.reflect.Method.invoke(Method.java:580)
2024-06-28 16:07:50,251 ERROR [http-nio-8080-exec-1] c.y.c.c.a.ExceptionAdvice [ExceptionAdvice.java:33] org.springframework.web.method.support.InvocableHandlerMethod.doInvoke(InvocableHandlerMethod.java:255)
2024-06-28 16:07:50,251 ERROR [http-nio-8080-exec-1] c.y.c.c.a.ExceptionAdvice [ExceptionAdvice.java:33] org.springframework.web.method.support.InvocableHandlerMethod.invokeForRequest(InvocableHandlerMethod.java:188)
2024-06-28 16:07:50,251 ERROR [http-nio-8080-exec-1] c.y.c.c.a.ExceptionAdvice [ExceptionAdvice.java:33] org.springframework.web.servlet.mvc.method.annotation.ServletInvocableHandlerMethod.invokeAndHandle(ServletInvocableHandlerMethod.java:118)
2024-06-28 16:07:50,252 ERROR [http-nio-8080-exec-1] c.y.c.c.a.ExceptionAdvice [ExceptionAdvice.java:33] org.springframework.web.servlet.mvc.method.annotation.RequestMappingHandlerAdapter.invokeHandlerMethod(RequestMappingHandlerAdapter.java:926)
2024-06-28 16:07:50,252 ERROR [http-nio-8080-exec-1] c.y.c.c.a.ExceptionAdvice [ExceptionAdvice.java:33] org.springframework.web.servlet.mvc.method.annotation.RequestMappingHandlerAdapter.handleInternal(RequestMappingHandlerAdapter.java:831)
2024-06-28 16:07:50,252 ERROR [http-nio-8080-exec-1] c.y.c.c.a.ExceptionAdvice [ExceptionAdvice.java:33] org.springframework.web.servlet.mvc.method.AbstractHandlerMethodAdapter.handle(AbstractHandlerMethodAdapter.java:87)
2024-06-28 16:07:50,252 ERROR [http-nio-8080-exec-1] c.y.c.c.a.ExceptionAdvice [ExceptionAdvice.java:33] org.springframework.web.servlet.DispatcherServlet.doDispatch(DispatcherServlet.java:1089)
2024-06-28 16:07:50,252 ERROR [http-nio-8080-exec-1] c.y.c.c.a.ExceptionAdvice [ExceptionAdvice.java:33] org.springframework.web.servlet.DispatcherServlet.doService(DispatcherServlet.java:979)
2024-06-28 16:07:50,252 ERROR [http-nio-8080-exec-1] c.y.c.c.a.ExceptionAdvice [ExceptionAdvice.java:33] org.springframework.web.servlet.FrameworkServlet.processRequest(FrameworkServlet.java:1014)
2024-06-28 16:07:50,252 ERROR [http-nio-8080-exec-1] c.y.c.c.a.ExceptionAdvice [ExceptionAdvice.java:33] org.springframework.web.servlet.FrameworkServlet.doGet(FrameworkServlet.java:903)
2024-06-28 16:07:50,252 ERROR [http-nio-8080-exec-1] c.y.c.c.a.ExceptionAdvice [ExceptionAdvice.java:33] jakarta.servlet.http.HttpServlet.service(HttpServlet.java:564)
2024-06-28 16:07:50,253 ERROR [http-nio-8080-exec-1] c.y.c.c.a.ExceptionAdvice [ExceptionAdvice.java:33] org.springframework.web.servlet.FrameworkServlet.service(FrameworkServlet.java:885)
2024-06-28 16:07:50,253 ERROR [http-nio-8080-exec-1] c.y.c.c.a.ExceptionAdvice [ExceptionAdvice.java:33] jakarta.servlet.http.HttpServlet.service(HttpServlet.java:658)
2024-06-28 16:07:50,253 ERROR [http-nio-8080-exec-1] c.y.c.c.a.ExceptionAdvice [ExceptionAdvice.java:33] org.apache.catalina.core.ApplicationFilterChain.internalDoFilter(ApplicationFilterChain.java:195)
2024-06-28 16:07:50,253 ERROR [http-nio-8080-exec-1] c.y.c.c.a.ExceptionAdvice [ExceptionAdvice.java:33] org.apache.catalina.core.ApplicationFilterChain.doFilter(ApplicationFilterChain.java:140)
2024-06-28 16:07:50,253 ERROR [http-nio-8080-exec-1] c.y.c.c.a.ExceptionAdvice [ExceptionAdvice.java:33] org.apache.tomcat.websocket.server.WsFilter.doFilter(WsFilter.java:51)
2024-06-28 16:07:50,253 ERROR [http-nio-8080-exec-1] c.y.c.c.a.ExceptionAdvice [ExceptionAdvice.java:33] org.apache.catalina.core.ApplicationFilterChain.internalDoFilter(ApplicationFilterChain.java:164)
2024-06-28 16:07:50,253 ERROR [http-nio-8080-exec-1] c.y.c.c.a.ExceptionAdvice [ExceptionAdvice.java:33] org.apache.catalina.core.ApplicationFilterChain.doFilter(ApplicationFilterChain.java:140)
2024-06-28 16:07:50,253 ERROR [http-nio-8080-exec-1] c.y.c.c.a.ExceptionAdvice [ExceptionAdvice.java:33] org.springframework.web.filter.RequestContextFilter.doFilterInternal(RequestContextFilter.java:100)
2024-06-28 16:07:50,253 ERROR [http-nio-8080-exec-1] c.y.c.c.a.ExceptionAdvice [ExceptionAdvice.java:33] org.springframework.web.filter.OncePerRequestFilter.doFilter(OncePerRequestFilter.java:116)
2024-06-28 16:07:50,254 ERROR [http-nio-8080-exec-1] c.y.c.c.a.ExceptionAdvice [ExceptionAdvice.java:33] org.apache.catalina.core.ApplicationFilterChain.internalDoFilter(ApplicationFilterChain.java:164)
2024-06-28 16:07:50,254 ERROR [http-nio-8080-exec-1] c.y.c.c.a.ExceptionAdvice [ExceptionAdvice.java:33] org.apache.catalina.core.ApplicationFilterChain.doFilter(ApplicationFilterChain.java:140)
2024-06-28 16:07:50,254 ERROR [http-nio-8080-exec-1] c.y.c.c.a.ExceptionAdvice [ExceptionAdvice.java:33] org.springframework.web.filter.FormContentFilter.doFilterInternal(FormContentFilter.java:93)
2024-06-28 16:07:50,254 ERROR [http-nio-8080-exec-1] c.y.c.c.a.ExceptionAdvice [ExceptionAdvice.java:33] org.springframework.web.filter.OncePerRequestFilter.doFilter(OncePerRequestFilter.java:116)
2024-06-28 16:07:50,254 ERROR [http-nio-8080-exec-1] c.y.c.c.a.ExceptionAdvice [ExceptionAdvice.java:33] org.apache.catalina.core.ApplicationFilterChain.internalDoFilter(ApplicationFilterChain.java:164)
2024-06-28 16:07:50,254 ERROR [http-nio-8080-exec-1] c.y.c.c.a.ExceptionAdvice [ExceptionAdvice.java:33] org.apache.catalina.core.ApplicationFilterChain.doFilter(ApplicationFilterChain.java:140)
2024-06-28 16:07:50,254 ERROR [http-nio-8080-exec-1] c.y.c.c.a.ExceptionAdvice [ExceptionAdvice.java:33] org.springframework.web.filter.CharacterEncodingFilter.doFilterInternal(CharacterEncodingFilter.java:201)
2024-06-28 16:07:50,254 ERROR [http-nio-8080-exec-1] c.y.c.c.a.ExceptionAdvice [ExceptionAdvice.java:33] org.springframework.web.filter.OncePerRequestFilter.doFilter(OncePerRequestFilter.java:116)
2024-06-28 16:07:50,255 ERROR [http-nio-8080-exec-1] c.y.c.c.a.ExceptionAdvice [ExceptionAdvice.java:33] org.apache.catalina.core.ApplicationFilterChain.internalDoFilter(ApplicationFilterChain.java:164)
2024-06-28 16:07:50,255 ERROR [http-nio-8080-exec-1] c.y.c.c.a.ExceptionAdvice [ExceptionAdvice.java:33] org.apache.catalina.core.ApplicationFilterChain.doFilter(ApplicationFilterChain.java:140)
2024-06-28 16:07:50,255 ERROR [http-nio-8080-exec-1] c.y.c.c.a.ExceptionAdvice [ExceptionAdvice.java:33] org.apache.catalina.core.StandardWrapperValve.invoke(StandardWrapperValve.java:167)
2024-06-28 16:07:50,255 ERROR [http-nio-8080-exec-1] c.y.c.c.a.ExceptionAdvice [ExceptionAdvice.java:33] org.apache.catalina.core.StandardContextValve.invoke(StandardContextValve.java:90)
2024-06-28 16:07:50,255 ERROR [http-nio-8080-exec-1] c.y.c.c.a.ExceptionAdvice [ExceptionAdvice.java:33] org.apache.catalina.authenticator.AuthenticatorBase.invoke(AuthenticatorBase.java:482)
2024-06-28 16:07:50,255 ERROR [http-nio-8080-exec-1] c.y.c.c.a.ExceptionAdvice [ExceptionAdvice.java:33] org.apache.catalina.core.StandardHostValve.invoke(StandardHostValve.java:115)
2024-06-28 16:07:50,255 ERROR [http-nio-8080-exec-1] c.y.c.c.a.ExceptionAdvice [ExceptionAdvice.java:33] org.apache.catalina.valves.ErrorReportValve.invoke(ErrorReportValve.java:93)
2024-06-28 16:07:50,255 ERROR [http-nio-8080-exec-1] c.y.c.c.a.ExceptionAdvice [ExceptionAdvice.java:33] org.apache.catalina.core.StandardEngineValve.invoke(StandardEngineValve.java:74)
2024-06-28 16:07:50,256 ERROR [http-nio-8080-exec-1] c.y.c.c.a.ExceptionAdvice [ExceptionAdvice.java:33] org.apache.catalina.connector.CoyoteAdapter.service(CoyoteAdapter.java:344)
2024-06-28 16:07:50,256 ERROR [http-nio-8080-exec-1] c.y.c.c.a.ExceptionAdvice [ExceptionAdvice.java:33] org.apache.coyote.http11.Http11Processor.service(Http11Processor.java:389)
2024-06-28 16:07:50,256 ERROR [http-nio-8080-exec-1] c.y.c.c.a.ExceptionAdvice [ExceptionAdvice.java:33] org.apache.coyote.AbstractProcessorLight.process(AbstractProcessorLight.java:63)
2024-06-28 16:07:50,256 ERROR [http-nio-8080-exec-1] c.y.c.c.a.ExceptionAdvice [ExceptionAdvice.java:33] org.apache.coyote.AbstractProtocol$ConnectionHandler.process(AbstractProtocol.java:896)
2024-06-28 16:07:50,256 ERROR [http-nio-8080-exec-1] c.y.c.c.a.ExceptionAdvice [ExceptionAdvice.java:33] org.apache.tomcat.util.net.NioEndpoint$SocketProcessor.doRun(NioEndpoint.java:1741)
2024-06-28 16:07:50,256 ERROR [http-nio-8080-exec-1] c.y.c.c.a.ExceptionAdvice [ExceptionAdvice.java:33] org.apache.tomcat.util.net.SocketProcessorBase.run(SocketProcessorBase.java:52)
2024-06-28 16:07:50,257 ERROR [http-nio-8080-exec-1] c.y.c.c.a.ExceptionAdvice [ExceptionAdvice.java:33] org.apache.tomcat.util.threads.ThreadPoolExecutor.runWorker(ThreadPoolExecutor.java:1190)
2024-06-28 16:07:50,257 ERROR [http-nio-8080-exec-1] c.y.c.c.a.ExceptionAdvice [ExceptionAdvice.java:33] org.apache.tomcat.util.threads.ThreadPoolExecutor$Worker.run(ThreadPoolExecutor.java:659)
2024-06-28 16:07:50,257 ERROR [http-nio-8080-exec-1] c.y.c.c.a.ExceptionAdvice [ExceptionAdvice.java:33] org.apache.tomcat.util.threads.TaskThread$WrappingRunnable.run(TaskThread.java:63)
2024-06-28 16:07:50,257 ERROR [http-nio-8080-exec-1] c.y.c.c.a.ExceptionAdvice [ExceptionAdvice.java:33] java.base/java.lang.Thread.run(Thread.java:1583)
2024-06-28 16:07:51,126 ERROR [http-nio-8080-exec-4] c.y.c.c.a.ExceptionAdvice [ExceptionAdvice.java:30] 服务器发送异常：
2024-06-28 16:07:51,126 ERROR [http-nio-8080-exec-4] c.y.c.c.a.ExceptionAdvice [ExceptionAdvice.java:33] com.yuanmh.community.controller.HomeController.index(HomeController.java:46)
2024-06-28 16:07:51,127 ERROR [http-nio-8080-exec-4] c.y.c.c.a.ExceptionAdvice [ExceptionAdvice.java:33] java.base/jdk.internal.reflect.DirectMethodHandleAccessor.invoke(DirectMethodHandleAccessor.java:103)
2024-06-28 16:07:51,127 ERROR [http-nio-8080-exec-4] c.y.c.c.a.ExceptionAdvice [ExceptionAdvice.java:33] java.base/java.lang.reflect.Method.invoke(Method.java:580)
2024-06-28 16:07:51,127 ERROR [http-nio-8080-exec-4] c.y.c.c.a.ExceptionAdvice [ExceptionAdvice.java:33] org.springframework.web.method.support.InvocableHandlerMethod.doInvoke(InvocableHandlerMethod.java:255)
2024-06-28 16:07:51,127 ERROR [http-nio-8080-exec-4] c.y.c.c.a.ExceptionAdvice [ExceptionAdvice.java:33] org.springframework.web.method.support.InvocableHandlerMethod.invokeForRequest(InvocableHandlerMethod.java:188)
2024-06-28 16:07:51,127 ERROR [http-nio-8080-exec-4] c.y.c.c.a.ExceptionAdvice [ExceptionAdvice.java:33] org.springframework.web.servlet.mvc.method.annotation.ServletInvocableHandlerMethod.invokeAndHandle(ServletInvocableHandlerMethod.java:118)
2024-06-28 16:07:51,127 ERROR [http-nio-8080-exec-4] c.y.c.c.a.ExceptionAdvice [ExceptionAdvice.java:33] org.springframework.web.servlet.mvc.method.annotation.RequestMappingHandlerAdapter.invokeHandlerMethod(RequestMappingHandlerAdapter.java:926)
2024-06-28 16:07:51,128 ERROR [http-nio-8080-exec-4] c.y.c.c.a.ExceptionAdvice [ExceptionAdvice.java:33] org.springframework.web.servlet.mvc.method.annotation.RequestMappingHandlerAdapter.handleInternal(RequestMappingHandlerAdapter.java:831)
2024-06-28 16:07:51,128 ERROR [http-nio-8080-exec-4] c.y.c.c.a.ExceptionAdvice [ExceptionAdvice.java:33] org.springframework.web.servlet.mvc.method.AbstractHandlerMethodAdapter.handle(AbstractHandlerMethodAdapter.java:87)
2024-06-28 16:07:51,128 ERROR [http-nio-8080-exec-4] c.y.c.c.a.ExceptionAdvice [ExceptionAdvice.java:33] org.springframework.web.servlet.DispatcherServlet.doDispatch(DispatcherServlet.java:1089)
2024-06-28 16:07:51,128 ERROR [http-nio-8080-exec-4] c.y.c.c.a.ExceptionAdvice [ExceptionAdvice.java:33] org.springframework.web.servlet.DispatcherServlet.doService(DispatcherServlet.java:979)
2024-06-28 16:07:51,128 ERROR [http-nio-8080-exec-4] c.y.c.c.a.ExceptionAdvice [ExceptionAdvice.java:33] org.springframework.web.servlet.FrameworkServlet.processRequest(FrameworkServlet.java:1014)
2024-06-28 16:07:51,128 ERROR [http-nio-8080-exec-4] c.y.c.c.a.ExceptionAdvice [ExceptionAdvice.java:33] org.springframework.web.servlet.FrameworkServlet.doGet(FrameworkServlet.java:903)
2024-06-28 16:07:51,128 ERROR [http-nio-8080-exec-4] c.y.c.c.a.ExceptionAdvice [ExceptionAdvice.java:33] jakarta.servlet.http.HttpServlet.service(HttpServlet.java:564)
2024-06-28 16:07:51,128 ERROR [http-nio-8080-exec-4] c.y.c.c.a.ExceptionAdvice [ExceptionAdvice.java:33] org.springframework.web.servlet.FrameworkServlet.service(FrameworkServlet.java:885)
2024-06-28 16:07:51,129 ERROR [http-nio-8080-exec-4] c.y.c.c.a.ExceptionAdvice [ExceptionAdvice.java:33] jakarta.servlet.http.HttpServlet.service(HttpServlet.java:658)
2024-06-28 16:07:51,129 ERROR [http-nio-8080-exec-4] c.y.c.c.a.ExceptionAdvice [ExceptionAdvice.java:33] org.apache.catalina.core.ApplicationFilterChain.internalDoFilter(ApplicationFilterChain.java:195)
2024-06-28 16:07:51,129 ERROR [http-nio-8080-exec-4] c.y.c.c.a.ExceptionAdvice [ExceptionAdvice.java:33] org.apache.catalina.core.ApplicationFilterChain.doFilter(ApplicationFilterChain.java:140)
2024-06-28 16:07:51,129 ERROR [http-nio-8080-exec-4] c.y.c.c.a.ExceptionAdvice [ExceptionAdvice.java:33] org.apache.tomcat.websocket.server.WsFilter.doFilter(WsFilter.java:51)
2024-06-28 16:07:51,129 ERROR [http-nio-8080-exec-4] c.y.c.c.a.ExceptionAdvice [ExceptionAdvice.java:33] org.apache.catalina.core.ApplicationFilterChain.internalDoFilter(ApplicationFilterChain.java:164)
2024-06-28 16:07:51,129 ERROR [http-nio-8080-exec-4] c.y.c.c.a.ExceptionAdvice [ExceptionAdvice.java:33] org.apache.catalina.core.ApplicationFilterChain.doFilter(ApplicationFilterChain.java:140)
2024-06-28 16:07:51,129 ERROR [http-nio-8080-exec-4] c.y.c.c.a.ExceptionAdvice [ExceptionAdvice.java:33] org.springframework.web.filter.RequestContextFilter.doFilterInternal(RequestContextFilter.java:100)
2024-06-28 16:07:51,129 ERROR [http-nio-8080-exec-4] c.y.c.c.a.ExceptionAdvice [ExceptionAdvice.java:33] org.springframework.web.filter.OncePerRequestFilter.doFilter(OncePerRequestFilter.java:116)
2024-06-28 16:07:51,129 ERROR [http-nio-8080-exec-4] c.y.c.c.a.ExceptionAdvice [ExceptionAdvice.java:33] org.apache.catalina.core.ApplicationFilterChain.internalDoFilter(ApplicationFilterChain.java:164)
2024-06-28 16:07:51,130 ERROR [http-nio-8080-exec-4] c.y.c.c.a.ExceptionAdvice [ExceptionAdvice.java:33] org.apache.catalina.core.ApplicationFilterChain.doFilter(ApplicationFilterChain.java:140)
2024-06-28 16:07:51,130 ERROR [http-nio-8080-exec-4] c.y.c.c.a.ExceptionAdvice [ExceptionAdvice.java:33] org.springframework.web.filter.FormContentFilter.doFilterInternal(FormContentFilter.java:93)
2024-06-28 16:07:51,130 ERROR [http-nio-8080-exec-4] c.y.c.c.a.ExceptionAdvice [ExceptionAdvice.java:33] org.springframework.web.filter.OncePerRequestFilter.doFilter(OncePerRequestFilter.java:116)
2024-06-28 16:07:51,130 ERROR [http-nio-8080-exec-4] c.y.c.c.a.ExceptionAdvice [ExceptionAdvice.java:33] org.apache.catalina.core.ApplicationFilterChain.internalDoFilter(ApplicationFilterChain.java:164)
2024-06-28 16:07:51,130 ERROR [http-nio-8080-exec-4] c.y.c.c.a.ExceptionAdvice [ExceptionAdvice.java:33] org.apache.catalina.core.ApplicationFilterChain.doFilter(ApplicationFilterChain.java:140)
2024-06-28 16:07:51,130 ERROR [http-nio-8080-exec-4] c.y.c.c.a.ExceptionAdvice [ExceptionAdvice.java:33] org.springframework.web.filter.CharacterEncodingFilter.doFilterInternal(CharacterEncodingFilter.java:201)
2024-06-28 16:07:51,130 ERROR [http-nio-8080-exec-4] c.y.c.c.a.ExceptionAdvice [ExceptionAdvice.java:33] org.springframework.web.filter.OncePerRequestFilter.doFilter(OncePerRequestFilter.java:116)
2024-06-28 16:07:51,130 ERROR [http-nio-8080-exec-4] c.y.c.c.a.ExceptionAdvice [ExceptionAdvice.java:33] org.apache.catalina.core.ApplicationFilterChain.internalDoFilter(ApplicationFilterChain.java:164)
2024-06-28 16:07:51,130 ERROR [http-nio-8080-exec-4] c.y.c.c.a.ExceptionAdvice [ExceptionAdvice.java:33] org.apache.catalina.core.ApplicationFilterChain.doFilter(ApplicationFilterChain.java:140)
2024-06-28 16:07:51,130 ERROR [http-nio-8080-exec-4] c.y.c.c.a.ExceptionAdvice [ExceptionAdvice.java:33] org.apache.catalina.core.StandardWrapperValve.invoke(StandardWrapperValve.java:167)
2024-06-28 16:07:51,131 ERROR [http-nio-8080-exec-4] c.y.c.c.a.ExceptionAdvice [ExceptionAdvice.java:33] org.apache.catalina.core.StandardContextValve.invoke(StandardContextValve.java:90)
2024-06-28 16:07:51,131 ERROR [http-nio-8080-exec-4] c.y.c.c.a.ExceptionAdvice [ExceptionAdvice.java:33] org.apache.catalina.authenticator.AuthenticatorBase.invoke(AuthenticatorBase.java:482)
2024-06-28 16:07:51,131 ERROR [http-nio-8080-exec-4] c.y.c.c.a.ExceptionAdvice [ExceptionAdvice.java:33] org.apache.catalina.core.StandardHostValve.invoke(StandardHostValve.java:115)
2024-06-28 16:07:51,131 ERROR [http-nio-8080-exec-4] c.y.c.c.a.ExceptionAdvice [ExceptionAdvice.java:33] org.apache.catalina.valves.ErrorReportValve.invoke(ErrorReportValve.java:93)
2024-06-28 16:07:51,131 ERROR [http-nio-8080-exec-4] c.y.c.c.a.ExceptionAdvice [ExceptionAdvice.java:33] org.apache.catalina.core.StandardEngineValve.invoke(StandardEngineValve.java:74)
2024-06-28 16:07:51,131 ERROR [http-nio-8080-exec-4] c.y.c.c.a.ExceptionAdvice [ExceptionAdvice.java:33] org.apache.catalina.connector.CoyoteAdapter.service(CoyoteAdapter.java:344)
2024-06-28 16:07:51,131 ERROR [http-nio-8080-exec-4] c.y.c.c.a.ExceptionAdvice [ExceptionAdvice.java:33] org.apache.coyote.http11.Http11Processor.service(Http11Processor.java:389)
2024-06-28 16:07:51,131 ERROR [http-nio-8080-exec-4] c.y.c.c.a.ExceptionAdvice [ExceptionAdvice.java:33] org.apache.coyote.AbstractProcessorLight.process(AbstractProcessorLight.java:63)
2024-06-28 16:07:51,131 ERROR [http-nio-8080-exec-4] c.y.c.c.a.ExceptionAdvice [ExceptionAdvice.java:33] org.apache.coyote.AbstractProtocol$ConnectionHandler.process(AbstractProtocol.java:896)
2024-06-28 16:07:51,131 ERROR [http-nio-8080-exec-4] c.y.c.c.a.ExceptionAdvice [ExceptionAdvice.java:33] org.apache.tomcat.util.net.NioEndpoint$SocketProcessor.doRun(NioEndpoint.java:1741)
2024-06-28 16:07:51,131 ERROR [http-nio-8080-exec-4] c.y.c.c.a.ExceptionAdvice [ExceptionAdvice.java:33] org.apache.tomcat.util.net.SocketProcessorBase.run(SocketProcessorBase.java:52)
2024-06-28 16:07:51,131 ERROR [http-nio-8080-exec-4] c.y.c.c.a.ExceptionAdvice [ExceptionAdvice.java:33] org.apache.tomcat.util.threads.ThreadPoolExecutor.runWorker(ThreadPoolExecutor.java:1190)
2024-06-28 16:07:51,131 ERROR [http-nio-8080-exec-4] c.y.c.c.a.ExceptionAdvice [ExceptionAdvice.java:33] org.apache.tomcat.util.threads.ThreadPoolExecutor$Worker.run(ThreadPoolExecutor.java:659)
2024-06-28 16:07:51,132 ERROR [http-nio-8080-exec-4] c.y.c.c.a.ExceptionAdvice [ExceptionAdvice.java:33] org.apache.tomcat.util.threads.TaskThread$WrappingRunnable.run(TaskThread.java:63)
2024-06-28 16:07:51,132 ERROR [http-nio-8080-exec-4] c.y.c.c.a.ExceptionAdvice [ExceptionAdvice.java:33] java.base/java.lang.Thread.run(Thread.java:1583)
2024-06-28 16:09:04,430 ERROR [http-nio-8080-exec-4] c.y.c.c.a.ExceptionAdvice [ExceptionAdvice.java:30] 服务器发送异常：
2024-06-28 16:09:04,430 ERROR [http-nio-8080-exec-4] c.y.c.c.a.ExceptionAdvice [ExceptionAdvice.java:33] org.springframework.web.method.annotation.AbstractNamedValueMethodArgumentResolver.convertIfNecessary(AbstractNamedValueMethodArgumentResolver.java:302)
2024-06-28 16:09:04,430 ERROR [http-nio-8080-exec-4] c.y.c.c.a.ExceptionAdvice [ExceptionAdvice.java:33] org.springframework.web.method.annotation.AbstractNamedValueMethodArgumentResolver.resolveArgument(AbstractNamedValueMethodArgumentResolver.java:137)
2024-06-28 16:09:04,430 ERROR [http-nio-8080-exec-4] c.y.c.c.a.ExceptionAdvice [ExceptionAdvice.java:33] org.springframework.web.method.support.HandlerMethodArgumentResolverComposite.resolveArgument(HandlerMethodArgumentResolverComposite.java:122)
2024-06-28 16:09:04,430 ERROR [http-nio-8080-exec-4] c.y.c.c.a.ExceptionAdvice [ExceptionAdvice.java:33] org.springframework.web.method.support.InvocableHandlerMethod.getMethodArgumentValues(InvocableHandlerMethod.java:224)
2024-06-28 16:09:04,430 ERROR [http-nio-8080-exec-4] c.y.c.c.a.ExceptionAdvice [ExceptionAdvice.java:33] org.springframework.web.method.support.InvocableHandlerMethod.invokeForRequest(InvocableHandlerMethod.java:178)
2024-06-28 16:09:04,430 ERROR [http-nio-8080-exec-4] c.y.c.c.a.ExceptionAdvice [ExceptionAdvice.java:33] org.springframework.web.servlet.mvc.method.annotation.ServletInvocableHandlerMethod.invokeAndHandle(ServletInvocableHandlerMethod.java:118)
2024-06-28 16:09:04,430 ERROR [http-nio-8080-exec-4] c.y.c.c.a.ExceptionAdvice [ExceptionAdvice.java:33] org.springframework.web.servlet.mvc.method.annotation.RequestMappingHandlerAdapter.invokeHandlerMethod(RequestMappingHandlerAdapter.java:926)
2024-06-28 16:09:04,430 ERROR [http-nio-8080-exec-4] c.y.c.c.a.ExceptionAdvice [ExceptionAdvice.java:33] org.springframework.web.servlet.mvc.method.annotation.RequestMappingHandlerAdapter.handleInternal(RequestMappingHandlerAdapter.java:831)
2024-06-28 16:09:04,431 ERROR [http-nio-8080-exec-4] c.y.c.c.a.ExceptionAdvice [ExceptionAdvice.java:33] org.springframework.web.servlet.mvc.method.AbstractHandlerMethodAdapter.handle(AbstractHandlerMethodAdapter.java:87)
2024-06-28 16:09:04,431 ERROR [http-nio-8080-exec-4] c.y.c.c.a.ExceptionAdvice [ExceptionAdvice.java:33] org.springframework.web.servlet.DispatcherServlet.doDispatch(DispatcherServlet.java:1089)
2024-06-28 16:09:04,431 ERROR [http-nio-8080-exec-4] c.y.c.c.a.ExceptionAdvice [ExceptionAdvice.java:33] org.springframework.web.servlet.DispatcherServlet.doService(DispatcherServlet.java:979)
2024-06-28 16:09:04,431 ERROR [http-nio-8080-exec-4] c.y.c.c.a.ExceptionAdvice [ExceptionAdvice.java:33] org.springframework.web.servlet.FrameworkServlet.processRequest(FrameworkServlet.java:1014)
2024-06-28 16:09:04,431 ERROR [http-nio-8080-exec-4] c.y.c.c.a.ExceptionAdvice [ExceptionAdvice.java:33] org.springframework.web.servlet.FrameworkServlet.doGet(FrameworkServlet.java:903)
2024-06-28 16:09:04,431 ERROR [http-nio-8080-exec-4] c.y.c.c.a.ExceptionAdvice [ExceptionAdvice.java:33] jakarta.servlet.http.HttpServlet.service(HttpServlet.java:564)
2024-06-28 16:09:04,431 ERROR [http-nio-8080-exec-4] c.y.c.c.a.ExceptionAdvice [ExceptionAdvice.java:33] org.springframework.web.servlet.FrameworkServlet.service(FrameworkServlet.java:885)
2024-06-28 16:09:04,431 ERROR [http-nio-8080-exec-4] c.y.c.c.a.ExceptionAdvice [ExceptionAdvice.java:33] jakarta.servlet.http.HttpServlet.service(HttpServlet.java:658)
2024-06-28 16:09:04,431 ERROR [http-nio-8080-exec-4] c.y.c.c.a.ExceptionAdvice [ExceptionAdvice.java:33] org.apache.catalina.core.ApplicationFilterChain.internalDoFilter(ApplicationFilterChain.java:195)
2024-06-28 16:09:04,431 ERROR [http-nio-8080-exec-4] c.y.c.c.a.ExceptionAdvice [ExceptionAdvice.java:33] org.apache.catalina.core.ApplicationFilterChain.doFilter(ApplicationFilterChain.java:140)
2024-06-28 16:09:04,431 ERROR [http-nio-8080-exec-4] c.y.c.c.a.ExceptionAdvice [ExceptionAdvice.java:33] org.apache.tomcat.websocket.server.WsFilter.doFilter(WsFilter.java:51)
2024-06-28 16:09:04,431 ERROR [http-nio-8080-exec-4] c.y.c.c.a.ExceptionAdvice [ExceptionAdvice.java:33] org.apache.catalina.core.ApplicationFilterChain.internalDoFilter(ApplicationFilterChain.java:164)
2024-06-28 16:09:04,431 ERROR [http-nio-8080-exec-4] c.y.c.c.a.ExceptionAdvice [ExceptionAdvice.java:33] org.apache.catalina.core.ApplicationFilterChain.doFilter(ApplicationFilterChain.java:140)
2024-06-28 16:09:04,431 ERROR [http-nio-8080-exec-4] c.y.c.c.a.ExceptionAdvice [ExceptionAdvice.java:33] org.springframework.web.filter.RequestContextFilter.doFilterInternal(RequestContextFilter.java:100)
2024-06-28 16:09:04,431 ERROR [http-nio-8080-exec-4] c.y.c.c.a.ExceptionAdvice [ExceptionAdvice.java:33] org.springframework.web.filter.OncePerRequestFilter.doFilter(OncePerRequestFilter.java:116)
2024-06-28 16:09:04,432 ERROR [http-nio-8080-exec-4] c.y.c.c.a.ExceptionAdvice [ExceptionAdvice.java:33] org.apache.catalina.core.ApplicationFilterChain.internalDoFilter(ApplicationFilterChain.java:164)
2024-06-28 16:09:04,432 ERROR [http-nio-8080-exec-4] c.y.c.c.a.ExceptionAdvice [ExceptionAdvice.java:33] org.apache.catalina.core.ApplicationFilterChain.doFilter(ApplicationFilterChain.java:140)
2024-06-28 16:09:04,432 ERROR [http-nio-8080-exec-4] c.y.c.c.a.ExceptionAdvice [ExceptionAdvice.java:33] org.springframework.web.filter.FormContentFilter.doFilterInternal(FormContentFilter.java:93)
2024-06-28 16:09:04,432 ERROR [http-nio-8080-exec-4] c.y.c.c.a.ExceptionAdvice [ExceptionAdvice.java:33] org.springframework.web.filter.OncePerRequestFilter.doFilter(OncePerRequestFilter.java:116)
2024-06-28 16:09:04,432 ERROR [http-nio-8080-exec-4] c.y.c.c.a.ExceptionAdvice [ExceptionAdvice.java:33] org.apache.catalina.core.ApplicationFilterChain.internalDoFilter(ApplicationFilterChain.java:164)
2024-06-28 16:09:04,432 ERROR [http-nio-8080-exec-4] c.y.c.c.a.ExceptionAdvice [ExceptionAdvice.java:33] org.apache.catalina.core.ApplicationFilterChain.doFilter(ApplicationFilterChain.java:140)
2024-06-28 16:09:04,432 ERROR [http-nio-8080-exec-4] c.y.c.c.a.ExceptionAdvice [ExceptionAdvice.java:33] org.springframework.web.filter.CharacterEncodingFilter.doFilterInternal(CharacterEncodingFilter.java:201)
2024-06-28 16:09:04,432 ERROR [http-nio-8080-exec-4] c.y.c.c.a.ExceptionAdvice [ExceptionAdvice.java:33] org.springframework.web.filter.OncePerRequestFilter.doFilter(OncePerRequestFilter.java:116)
2024-06-28 16:09:04,432 ERROR [http-nio-8080-exec-4] c.y.c.c.a.ExceptionAdvice [ExceptionAdvice.java:33] org.apache.catalina.core.ApplicationFilterChain.internalDoFilter(ApplicationFilterChain.java:164)
2024-06-28 16:09:04,432 ERROR [http-nio-8080-exec-4] c.y.c.c.a.ExceptionAdvice [ExceptionAdvice.java:33] org.apache.catalina.core.ApplicationFilterChain.doFilter(ApplicationFilterChain.java:140)
2024-06-28 16:09:04,432 ERROR [http-nio-8080-exec-4] c.y.c.c.a.ExceptionAdvice [ExceptionAdvice.java:33] org.apache.catalina.core.StandardWrapperValve.invoke(StandardWrapperValve.java:167)
2024-06-28 16:09:04,432 ERROR [http-nio-8080-exec-4] c.y.c.c.a.ExceptionAdvice [ExceptionAdvice.java:33] org.apache.catalina.core.StandardContextValve.invoke(StandardContextValve.java:90)
2024-06-28 16:09:04,432 ERROR [http-nio-8080-exec-4] c.y.c.c.a.ExceptionAdvice [ExceptionAdvice.java:33] org.apache.catalina.authenticator.AuthenticatorBase.invoke(AuthenticatorBase.java:482)
2024-06-28 16:09:04,432 ERROR [http-nio-8080-exec-4] c.y.c.c.a.ExceptionAdvice [ExceptionAdvice.java:33] org.apache.catalina.core.StandardHostValve.invoke(StandardHostValve.java:115)
2024-06-28 16:09:04,432 ERROR [http-nio-8080-exec-4] c.y.c.c.a.ExceptionAdvice [ExceptionAdvice.java:33] org.apache.catalina.valves.ErrorReportValve.invoke(ErrorReportValve.java:93)
2024-06-28 16:09:04,432 ERROR [http-nio-8080-exec-4] c.y.c.c.a.ExceptionAdvice [ExceptionAdvice.java:33] org.apache.catalina.core.StandardEngineValve.invoke(StandardEngineValve.java:74)
2024-06-28 16:09:04,432 ERROR [http-nio-8080-exec-4] c.y.c.c.a.ExceptionAdvice [ExceptionAdvice.java:33] org.apache.catalina.connector.CoyoteAdapter.service(CoyoteAdapter.java:344)
2024-06-28 16:09:04,433 ERROR [http-nio-8080-exec-4] c.y.c.c.a.ExceptionAdvice [ExceptionAdvice.java:33] org.apache.coyote.http11.Http11Processor.service(Http11Processor.java:389)
2024-06-28 16:09:04,433 ERROR [http-nio-8080-exec-4] c.y.c.c.a.ExceptionAdvice [ExceptionAdvice.java:33] org.apache.coyote.AbstractProcessorLight.process(AbstractProcessorLight.java:63)
2024-06-28 16:09:04,433 ERROR [http-nio-8080-exec-4] c.y.c.c.a.ExceptionAdvice [ExceptionAdvice.java:33] org.apache.coyote.AbstractProtocol$ConnectionHandler.process(AbstractProtocol.java:896)
2024-06-28 16:09:04,433 ERROR [http-nio-8080-exec-4] c.y.c.c.a.ExceptionAdvice [ExceptionAdvice.java:33] org.apache.tomcat.util.net.NioEndpoint$SocketProcessor.doRun(NioEndpoint.java:1741)
2024-06-28 16:09:04,433 ERROR [http-nio-8080-exec-4] c.y.c.c.a.ExceptionAdvice [ExceptionAdvice.java:33] org.apache.tomcat.util.net.SocketProcessorBase.run(SocketProcessorBase.java:52)
2024-06-28 16:09:04,433 ERROR [http-nio-8080-exec-4] c.y.c.c.a.ExceptionAdvice [ExceptionAdvice.java:33] org.apache.tomcat.util.threads.ThreadPoolExecutor.runWorker(ThreadPoolExecutor.java:1190)
2024-06-28 16:09:04,433 ERROR [http-nio-8080-exec-4] c.y.c.c.a.ExceptionAdvice [ExceptionAdvice.java:33] org.apache.tomcat.util.threads.ThreadPoolExecutor$Worker.run(ThreadPoolExecutor.java:659)
2024-06-28 16:09:04,433 ERROR [http-nio-8080-exec-4] c.y.c.c.a.ExceptionAdvice [ExceptionAdvice.java:33] org.apache.tomcat.util.threads.TaskThread$WrappingRunnable.run(TaskThread.java:63)
2024-06-28 16:09:04,433 ERROR [http-nio-8080-exec-4] c.y.c.c.a.ExceptionAdvice [ExceptionAdvice.java:33] java.base/java.lang.Thread.run(Thread.java:1583)
2024-06-28 16:37:09,083 ERROR [restartedMain] o.a.c.c.AprLifecycleListener [DirectJDKLog.java:173] An incompatible version [1.2.31] of the Apache Tomcat Native library is installed, while Tomcat requires version [1.2.34]
2024-06-28 16:39:01,652 ERROR [http-nio-8080-exec-8] c.y.c.c.a.ExceptionAdvice [ExceptionAdvice.java:30] 服务器发送异常：
2024-06-28 16:39:01,652 ERROR [http-nio-8080-exec-8] c.y.c.c.a.ExceptionAdvice [ExceptionAdvice.java:33] com.yuanmh.community.controller.HomeController.index(HomeController.java:46)
2024-06-28 16:39:01,652 ERROR [http-nio-8080-exec-8] c.y.c.c.a.ExceptionAdvice [ExceptionAdvice.java:33] java.base/jdk.internal.reflect.DirectMethodHandleAccessor.invoke(DirectMethodHandleAccessor.java:103)
2024-06-28 16:39:01,652 ERROR [http-nio-8080-exec-8] c.y.c.c.a.ExceptionAdvice [ExceptionAdvice.java:33] java.base/java.lang.reflect.Method.invoke(Method.java:580)
2024-06-28 16:39:01,652 ERROR [http-nio-8080-exec-8] c.y.c.c.a.ExceptionAdvice [ExceptionAdvice.java:33] org.springframework.web.method.support.InvocableHandlerMethod.doInvoke(InvocableHandlerMethod.java:255)
2024-06-28 16:39:01,652 ERROR [http-nio-8080-exec-8] c.y.c.c.a.ExceptionAdvice [ExceptionAdvice.java:33] org.springframework.web.method.support.InvocableHandlerMethod.invokeForRequest(InvocableHandlerMethod.java:188)
2024-06-28 16:39:01,653 ERROR [http-nio-8080-exec-8] c.y.c.c.a.ExceptionAdvice [ExceptionAdvice.java:33] org.springframework.web.servlet.mvc.method.annotation.ServletInvocableHandlerMethod.invokeAndHandle(ServletInvocableHandlerMethod.java:118)
2024-06-28 16:39:01,653 ERROR [http-nio-8080-exec-8] c.y.c.c.a.ExceptionAdvice [ExceptionAdvice.java:33] org.springframework.web.servlet.mvc.method.annotation.RequestMappingHandlerAdapter.invokeHandlerMethod(RequestMappingHandlerAdapter.java:926)
2024-06-28 16:39:01,653 ERROR [http-nio-8080-exec-8] c.y.c.c.a.ExceptionAdvice [ExceptionAdvice.java:33] org.springframework.web.servlet.mvc.method.annotation.RequestMappingHandlerAdapter.handleInternal(RequestMappingHandlerAdapter.java:831)
2024-06-28 16:39:01,653 ERROR [http-nio-8080-exec-8] c.y.c.c.a.ExceptionAdvice [ExceptionAdvice.java:33] org.springframework.web.servlet.mvc.method.AbstractHandlerMethodAdapter.handle(AbstractHandlerMethodAdapter.java:87)
2024-06-28 16:39:01,653 ERROR [http-nio-8080-exec-8] c.y.c.c.a.ExceptionAdvice [ExceptionAdvice.java:33] org.springframework.web.servlet.DispatcherServlet.doDispatch(DispatcherServlet.java:1089)
2024-06-28 16:39:01,653 ERROR [http-nio-8080-exec-8] c.y.c.c.a.ExceptionAdvice [ExceptionAdvice.java:33] org.springframework.web.servlet.DispatcherServlet.doService(DispatcherServlet.java:979)
2024-06-28 16:39:01,653 ERROR [http-nio-8080-exec-8] c.y.c.c.a.ExceptionAdvice [ExceptionAdvice.java:33] org.springframework.web.servlet.FrameworkServlet.processRequest(FrameworkServlet.java:1014)
2024-06-28 16:39:01,653 ERROR [http-nio-8080-exec-8] c.y.c.c.a.ExceptionAdvice [ExceptionAdvice.java:33] org.springframework.web.servlet.FrameworkServlet.doGet(FrameworkServlet.java:903)
2024-06-28 16:39:01,653 ERROR [http-nio-8080-exec-8] c.y.c.c.a.ExceptionAdvice [ExceptionAdvice.java:33] jakarta.servlet.http.HttpServlet.service(HttpServlet.java:564)
2024-06-28 16:39:01,653 ERROR [http-nio-8080-exec-8] c.y.c.c.a.ExceptionAdvice [ExceptionAdvice.java:33] org.springframework.web.servlet.FrameworkServlet.service(FrameworkServlet.java:885)
2024-06-28 16:39:01,653 ERROR [http-nio-8080-exec-8] c.y.c.c.a.ExceptionAdvice [ExceptionAdvice.java:33] jakarta.servlet.http.HttpServlet.service(HttpServlet.java:658)
2024-06-28 16:39:01,653 ERROR [http-nio-8080-exec-8] c.y.c.c.a.ExceptionAdvice [ExceptionAdvice.java:33] org.apache.catalina.core.ApplicationFilterChain.internalDoFilter(ApplicationFilterChain.java:195)
2024-06-28 16:39:01,653 ERROR [http-nio-8080-exec-8] c.y.c.c.a.ExceptionAdvice [ExceptionAdvice.java:33] org.apache.catalina.core.ApplicationFilterChain.doFilter(ApplicationFilterChain.java:140)
2024-06-28 16:39:01,653 ERROR [http-nio-8080-exec-8] c.y.c.c.a.ExceptionAdvice [ExceptionAdvice.java:33] org.apache.tomcat.websocket.server.WsFilter.doFilter(WsFilter.java:51)
2024-06-28 16:39:01,653 ERROR [http-nio-8080-exec-8] c.y.c.c.a.ExceptionAdvice [ExceptionAdvice.java:33] org.apache.catalina.core.ApplicationFilterChain.internalDoFilter(ApplicationFilterChain.java:164)
2024-06-28 16:39:01,653 ERROR [http-nio-8080-exec-8] c.y.c.c.a.ExceptionAdvice [ExceptionAdvice.java:33] org.apache.catalina.core.ApplicationFilterChain.doFilter(ApplicationFilterChain.java:140)
2024-06-28 16:39:01,653 ERROR [http-nio-8080-exec-8] c.y.c.c.a.ExceptionAdvice [ExceptionAdvice.java:33] org.springframework.web.filter.RequestContextFilter.doFilterInternal(RequestContextFilter.java:100)
2024-06-28 16:39:01,653 ERROR [http-nio-8080-exec-8] c.y.c.c.a.ExceptionAdvice [ExceptionAdvice.java:33] org.springframework.web.filter.OncePerRequestFilter.doFilter(OncePerRequestFilter.java:116)
2024-06-28 16:39:01,653 ERROR [http-nio-8080-exec-8] c.y.c.c.a.ExceptionAdvice [ExceptionAdvice.java:33] org.apache.catalina.core.ApplicationFilterChain.internalDoFilter(ApplicationFilterChain.java:164)
2024-06-28 16:39:01,653 ERROR [http-nio-8080-exec-8] c.y.c.c.a.ExceptionAdvice [ExceptionAdvice.java:33] org.apache.catalina.core.ApplicationFilterChain.doFilter(ApplicationFilterChain.java:140)
2024-06-28 16:39:01,653 ERROR [http-nio-8080-exec-8] c.y.c.c.a.ExceptionAdvice [ExceptionAdvice.java:33] org.springframework.web.filter.FormContentFilter.doFilterInternal(FormContentFilter.java:93)
2024-06-28 16:39:01,653 ERROR [http-nio-8080-exec-8] c.y.c.c.a.ExceptionAdvice [ExceptionAdvice.java:33] org.springframework.web.filter.OncePerRequestFilter.doFilter(OncePerRequestFilter.java:116)
2024-06-28 16:39:01,653 ERROR [http-nio-8080-exec-8] c.y.c.c.a.ExceptionAdvice [ExceptionAdvice.java:33] org.apache.catalina.core.ApplicationFilterChain.internalDoFilter(ApplicationFilterChain.java:164)
2024-06-28 16:39:01,653 ERROR [http-nio-8080-exec-8] c.y.c.c.a.ExceptionAdvice [ExceptionAdvice.java:33] org.apache.catalina.core.ApplicationFilterChain.doFilter(ApplicationFilterChain.java:140)
2024-06-28 16:39:01,653 ERROR [http-nio-8080-exec-8] c.y.c.c.a.ExceptionAdvice [ExceptionAdvice.java:33] org.springframework.web.filter.CharacterEncodingFilter.doFilterInternal(CharacterEncodingFilter.java:201)
2024-06-28 16:39:01,653 ERROR [http-nio-8080-exec-8] c.y.c.c.a.ExceptionAdvice [ExceptionAdvice.java:33] org.springframework.web.filter.OncePerRequestFilter.doFilter(OncePerRequestFilter.java:116)
2024-06-28 16:39:01,653 ERROR [http-nio-8080-exec-8] c.y.c.c.a.ExceptionAdvice [ExceptionAdvice.java:33] org.apache.catalina.core.ApplicationFilterChain.internalDoFilter(ApplicationFilterChain.java:164)
2024-06-28 16:39:01,653 ERROR [http-nio-8080-exec-8] c.y.c.c.a.ExceptionAdvice [ExceptionAdvice.java:33] org.apache.catalina.core.ApplicationFilterChain.doFilter(ApplicationFilterChain.java:140)
2024-06-28 16:39:01,655 ERROR [http-nio-8080-exec-8] c.y.c.c.a.ExceptionAdvice [ExceptionAdvice.java:33] org.apache.catalina.core.StandardWrapperValve.invoke(StandardWrapperValve.java:167)
2024-06-28 16:39:01,655 ERROR [http-nio-8080-exec-8] c.y.c.c.a.ExceptionAdvice [ExceptionAdvice.java:33] org.apache.catalina.core.StandardContextValve.invoke(StandardContextValve.java:90)
2024-06-28 16:39:01,655 ERROR [http-nio-8080-exec-8] c.y.c.c.a.ExceptionAdvice [ExceptionAdvice.java:33] org.apache.catalina.authenticator.AuthenticatorBase.invoke(AuthenticatorBase.java:482)
2024-06-28 16:39:01,655 ERROR [http-nio-8080-exec-8] c.y.c.c.a.ExceptionAdvice [ExceptionAdvice.java:33] org.apache.catalina.core.StandardHostValve.invoke(StandardHostValve.java:115)
2024-06-28 16:39:01,655 ERROR [http-nio-8080-exec-8] c.y.c.c.a.ExceptionAdvice [ExceptionAdvice.java:33] org.apache.catalina.valves.ErrorReportValve.invoke(ErrorReportValve.java:93)
2024-06-28 16:39:01,655 ERROR [http-nio-8080-exec-8] c.y.c.c.a.ExceptionAdvice [ExceptionAdvice.java:33] org.apache.catalina.core.StandardEngineValve.invoke(StandardEngineValve.java:74)
2024-06-28 16:39:01,655 ERROR [http-nio-8080-exec-8] c.y.c.c.a.ExceptionAdvice [ExceptionAdvice.java:33] org.apache.catalina.connector.CoyoteAdapter.service(CoyoteAdapter.java:344)
2024-06-28 16:39:01,655 ERROR [http-nio-8080-exec-8] c.y.c.c.a.ExceptionAdvice [ExceptionAdvice.java:33] org.apache.coyote.http11.Http11Processor.service(Http11Processor.java:389)
2024-06-28 16:39:01,655 ERROR [http-nio-8080-exec-8] c.y.c.c.a.ExceptionAdvice [ExceptionAdvice.java:33] org.apache.coyote.AbstractProcessorLight.process(AbstractProcessorLight.java:63)
2024-06-28 16:39:01,655 ERROR [http-nio-8080-exec-8] c.y.c.c.a.ExceptionAdvice [ExceptionAdvice.java:33] org.apache.coyote.AbstractProtocol$ConnectionHandler.process(AbstractProtocol.java:896)
2024-06-28 16:39:01,655 ERROR [http-nio-8080-exec-8] c.y.c.c.a.ExceptionAdvice [ExceptionAdvice.java:33] org.apache.tomcat.util.net.NioEndpoint$SocketProcessor.doRun(NioEndpoint.java:1741)
2024-06-28 16:39:01,656 ERROR [http-nio-8080-exec-8] c.y.c.c.a.ExceptionAdvice [ExceptionAdvice.java:33] org.apache.tomcat.util.net.SocketProcessorBase.run(SocketProcessorBase.java:52)
2024-06-28 16:39:01,656 ERROR [http-nio-8080-exec-8] c.y.c.c.a.ExceptionAdvice [ExceptionAdvice.java:33] org.apache.tomcat.util.threads.ThreadPoolExecutor.runWorker(ThreadPoolExecutor.java:1190)
2024-06-28 16:39:01,656 ERROR [http-nio-8080-exec-8] c.y.c.c.a.ExceptionAdvice [ExceptionAdvice.java:33] org.apache.tomcat.util.threads.ThreadPoolExecutor$Worker.run(ThreadPoolExecutor.java:659)
2024-06-28 16:39:01,656 ERROR [http-nio-8080-exec-8] c.y.c.c.a.ExceptionAdvice [ExceptionAdvice.java:33] org.apache.tomcat.util.threads.TaskThread$WrappingRunnable.run(TaskThread.java:63)
2024-06-28 16:39:01,656 ERROR [http-nio-8080-exec-8] c.y.c.c.a.ExceptionAdvice [ExceptionAdvice.java:33] java.base/java.lang.Thread.run(Thread.java:1583)
2024-06-28 16:40:49,040 ERROR [http-nio-8080-exec-8] c.y.c.c.a.ExceptionAdvice [ExceptionAdvice.java:30] 服务器发送异常：
2024-06-28 16:40:49,041 ERROR [http-nio-8080-exec-8] c.y.c.c.a.ExceptionAdvice [ExceptionAdvice.java:33] org.springframework.web.method.annotation.AbstractNamedValueMethodArgumentResolver.convertIfNecessary(AbstractNamedValueMethodArgumentResolver.java:302)
2024-06-28 16:40:49,041 ERROR [http-nio-8080-exec-8] c.y.c.c.a.ExceptionAdvice [ExceptionAdvice.java:33] org.springframework.web.method.annotation.AbstractNamedValueMethodArgumentResolver.resolveArgument(AbstractNamedValueMethodArgumentResolver.java:137)
2024-06-28 16:40:49,041 ERROR [http-nio-8080-exec-8] c.y.c.c.a.ExceptionAdvice [ExceptionAdvice.java:33] org.springframework.web.method.support.HandlerMethodArgumentResolverComposite.resolveArgument(HandlerMethodArgumentResolverComposite.java:122)
2024-06-28 16:40:49,041 ERROR [http-nio-8080-exec-8] c.y.c.c.a.ExceptionAdvice [ExceptionAdvice.java:33] org.springframework.web.method.support.InvocableHandlerMethod.getMethodArgumentValues(InvocableHandlerMethod.java:224)
2024-06-28 16:40:49,041 ERROR [http-nio-8080-exec-8] c.y.c.c.a.ExceptionAdvice [ExceptionAdvice.java:33] org.springframework.web.method.support.InvocableHandlerMethod.invokeForRequest(InvocableHandlerMethod.java:178)
2024-06-28 16:40:49,041 ERROR [http-nio-8080-exec-8] c.y.c.c.a.ExceptionAdvice [ExceptionAdvice.java:33] org.springframework.web.servlet.mvc.method.annotation.ServletInvocableHandlerMethod.invokeAndHandle(ServletInvocableHandlerMethod.java:118)
2024-06-28 16:40:49,041 ERROR [http-nio-8080-exec-8] c.y.c.c.a.ExceptionAdvice [ExceptionAdvice.java:33] org.springframework.web.servlet.mvc.method.annotation.RequestMappingHandlerAdapter.invokeHandlerMethod(RequestMappingHandlerAdapter.java:926)
2024-06-28 16:40:49,041 ERROR [http-nio-8080-exec-8] c.y.c.c.a.ExceptionAdvice [ExceptionAdvice.java:33] org.springframework.web.servlet.mvc.method.annotation.RequestMappingHandlerAdapter.handleInternal(RequestMappingHandlerAdapter.java:831)
2024-06-28 16:40:49,041 ERROR [http-nio-8080-exec-8] c.y.c.c.a.ExceptionAdvice [ExceptionAdvice.java:33] org.springframework.web.servlet.mvc.method.AbstractHandlerMethodAdapter.handle(AbstractHandlerMethodAdapter.java:87)
2024-06-28 16:40:49,042 ERROR [http-nio-8080-exec-8] c.y.c.c.a.ExceptionAdvice [ExceptionAdvice.java:33] org.springframework.web.servlet.DispatcherServlet.doDispatch(DispatcherServlet.java:1089)
2024-06-28 16:40:49,042 ERROR [http-nio-8080-exec-8] c.y.c.c.a.ExceptionAdvice [ExceptionAdvice.java:33] org.springframework.web.servlet.DispatcherServlet.doService(DispatcherServlet.java:979)
2024-06-28 16:40:49,042 ERROR [http-nio-8080-exec-8] c.y.c.c.a.ExceptionAdvice [ExceptionAdvice.java:33] org.springframework.web.servlet.FrameworkServlet.processRequest(FrameworkServlet.java:1014)
2024-06-28 16:40:49,042 ERROR [http-nio-8080-exec-8] c.y.c.c.a.ExceptionAdvice [ExceptionAdvice.java:33] org.springframework.web.servlet.FrameworkServlet.doGet(FrameworkServlet.java:903)
2024-06-28 16:40:49,042 ERROR [http-nio-8080-exec-8] c.y.c.c.a.ExceptionAdvice [ExceptionAdvice.java:33] jakarta.servlet.http.HttpServlet.service(HttpServlet.java:564)
2024-06-28 16:40:49,042 ERROR [http-nio-8080-exec-8] c.y.c.c.a.ExceptionAdvice [ExceptionAdvice.java:33] org.springframework.web.servlet.FrameworkServlet.service(FrameworkServlet.java:885)
2024-06-28 16:40:49,042 ERROR [http-nio-8080-exec-8] c.y.c.c.a.ExceptionAdvice [ExceptionAdvice.java:33] jakarta.servlet.http.HttpServlet.service(HttpServlet.java:658)
2024-06-28 16:40:49,042 ERROR [http-nio-8080-exec-8] c.y.c.c.a.ExceptionAdvice [ExceptionAdvice.java:33] org.apache.catalina.core.ApplicationFilterChain.internalDoFilter(ApplicationFilterChain.java:195)
2024-06-28 16:40:49,042 ERROR [http-nio-8080-exec-8] c.y.c.c.a.ExceptionAdvice [ExceptionAdvice.java:33] org.apache.catalina.core.ApplicationFilterChain.doFilter(ApplicationFilterChain.java:140)
2024-06-28 16:40:49,042 ERROR [http-nio-8080-exec-8] c.y.c.c.a.ExceptionAdvice [ExceptionAdvice.java:33] org.apache.tomcat.websocket.server.WsFilter.doFilter(WsFilter.java:51)
2024-06-28 16:40:49,042 ERROR [http-nio-8080-exec-8] c.y.c.c.a.ExceptionAdvice [ExceptionAdvice.java:33] org.apache.catalina.core.ApplicationFilterChain.internalDoFilter(ApplicationFilterChain.java:164)
2024-06-28 16:40:49,042 ERROR [http-nio-8080-exec-8] c.y.c.c.a.ExceptionAdvice [ExceptionAdvice.java:33] org.apache.catalina.core.ApplicationFilterChain.doFilter(ApplicationFilterChain.java:140)
2024-06-28 16:40:49,042 ERROR [http-nio-8080-exec-8] c.y.c.c.a.ExceptionAdvice [ExceptionAdvice.java:33] org.springframework.web.filter.RequestContextFilter.doFilterInternal(RequestContextFilter.java:100)
2024-06-28 16:40:49,043 ERROR [http-nio-8080-exec-8] c.y.c.c.a.ExceptionAdvice [ExceptionAdvice.java:33] org.springframework.web.filter.OncePerRequestFilter.doFilter(OncePerRequestFilter.java:116)
2024-06-28 16:40:49,043 ERROR [http-nio-8080-exec-8] c.y.c.c.a.ExceptionAdvice [ExceptionAdvice.java:33] org.apache.catalina.core.ApplicationFilterChain.internalDoFilter(ApplicationFilterChain.java:164)
2024-06-28 16:40:49,043 ERROR [http-nio-8080-exec-8] c.y.c.c.a.ExceptionAdvice [ExceptionAdvice.java:33] org.apache.catalina.core.ApplicationFilterChain.doFilter(ApplicationFilterChain.java:140)
2024-06-28 16:40:49,043 ERROR [http-nio-8080-exec-8] c.y.c.c.a.ExceptionAdvice [ExceptionAdvice.java:33] org.springframework.web.filter.FormContentFilter.doFilterInternal(FormContentFilter.java:93)
2024-06-28 16:40:49,043 ERROR [http-nio-8080-exec-8] c.y.c.c.a.ExceptionAdvice [ExceptionAdvice.java:33] org.springframework.web.filter.OncePerRequestFilter.doFilter(OncePerRequestFilter.java:116)
2024-06-28 16:40:49,043 ERROR [http-nio-8080-exec-8] c.y.c.c.a.ExceptionAdvice [ExceptionAdvice.java:33] org.apache.catalina.core.ApplicationFilterChain.internalDoFilter(ApplicationFilterChain.java:164)
2024-06-28 16:40:49,043 ERROR [http-nio-8080-exec-8] c.y.c.c.a.ExceptionAdvice [ExceptionAdvice.java:33] org.apache.catalina.core.ApplicationFilterChain.doFilter(ApplicationFilterChain.java:140)
2024-06-28 16:40:49,043 ERROR [http-nio-8080-exec-8] c.y.c.c.a.ExceptionAdvice [ExceptionAdvice.java:33] org.springframework.web.filter.CharacterEncodingFilter.doFilterInternal(CharacterEncodingFilter.java:201)
2024-06-28 16:40:49,043 ERROR [http-nio-8080-exec-8] c.y.c.c.a.ExceptionAdvice [ExceptionAdvice.java:33] org.springframework.web.filter.OncePerRequestFilter.doFilter(OncePerRequestFilter.java:116)
2024-06-28 16:40:49,043 ERROR [http-nio-8080-exec-8] c.y.c.c.a.ExceptionAdvice [ExceptionAdvice.java:33] org.apache.catalina.core.ApplicationFilterChain.internalDoFilter(ApplicationFilterChain.java:164)
2024-06-28 16:40:49,043 ERROR [http-nio-8080-exec-8] c.y.c.c.a.ExceptionAdvice [ExceptionAdvice.java:33] org.apache.catalina.core.ApplicationFilterChain.doFilter(ApplicationFilterChain.java:140)
2024-06-28 16:40:49,043 ERROR [http-nio-8080-exec-8] c.y.c.c.a.ExceptionAdvice [ExceptionAdvice.java:33] org.apache.catalina.core.StandardWrapperValve.invoke(StandardWrapperValve.java:167)
2024-06-28 16:40:49,043 ERROR [http-nio-8080-exec-8] c.y.c.c.a.ExceptionAdvice [ExceptionAdvice.java:33] org.apache.catalina.core.StandardContextValve.invoke(StandardContextValve.java:90)
2024-06-28 16:40:49,043 ERROR [http-nio-8080-exec-8] c.y.c.c.a.ExceptionAdvice [ExceptionAdvice.java:33] org.apache.catalina.authenticator.AuthenticatorBase.invoke(AuthenticatorBase.java:482)
2024-06-28 16:40:49,043 ERROR [http-nio-8080-exec-8] c.y.c.c.a.ExceptionAdvice [ExceptionAdvice.java:33] org.apache.catalina.core.StandardHostValve.invoke(StandardHostValve.java:115)
2024-06-28 16:40:49,043 ERROR [http-nio-8080-exec-8] c.y.c.c.a.ExceptionAdvice [ExceptionAdvice.java:33] org.apache.catalina.valves.ErrorReportValve.invoke(ErrorReportValve.java:93)
2024-06-28 16:40:49,044 ERROR [http-nio-8080-exec-8] c.y.c.c.a.ExceptionAdvice [ExceptionAdvice.java:33] org.apache.catalina.core.StandardEngineValve.invoke(StandardEngineValve.java:74)
2024-06-28 16:40:49,044 ERROR [http-nio-8080-exec-8] c.y.c.c.a.ExceptionAdvice [ExceptionAdvice.java:33] org.apache.catalina.connector.CoyoteAdapter.service(CoyoteAdapter.java:344)
2024-06-28 16:40:49,044 ERROR [http-nio-8080-exec-8] c.y.c.c.a.ExceptionAdvice [ExceptionAdvice.java:33] org.apache.coyote.http11.Http11Processor.service(Http11Processor.java:389)
2024-06-28 16:40:49,044 ERROR [http-nio-8080-exec-8] c.y.c.c.a.ExceptionAdvice [ExceptionAdvice.java:33] org.apache.coyote.AbstractProcessorLight.process(AbstractProcessorLight.java:63)
2024-06-28 16:40:49,044 ERROR [http-nio-8080-exec-8] c.y.c.c.a.ExceptionAdvice [ExceptionAdvice.java:33] org.apache.coyote.AbstractProtocol$ConnectionHandler.process(AbstractProtocol.java:896)
2024-06-28 16:40:49,044 ERROR [http-nio-8080-exec-8] c.y.c.c.a.ExceptionAdvice [ExceptionAdvice.java:33] org.apache.tomcat.util.net.NioEndpoint$SocketProcessor.doRun(NioEndpoint.java:1741)
2024-06-28 16:40:49,044 ERROR [http-nio-8080-exec-8] c.y.c.c.a.ExceptionAdvice [ExceptionAdvice.java:33] org.apache.tomcat.util.net.SocketProcessorBase.run(SocketProcessorBase.java:52)
2024-06-28 16:40:49,044 ERROR [http-nio-8080-exec-8] c.y.c.c.a.ExceptionAdvice [ExceptionAdvice.java:33] org.apache.tomcat.util.threads.ThreadPoolExecutor.runWorker(ThreadPoolExecutor.java:1190)
2024-06-28 16:40:49,044 ERROR [http-nio-8080-exec-8] c.y.c.c.a.ExceptionAdvice [ExceptionAdvice.java:33] org.apache.tomcat.util.threads.ThreadPoolExecutor$Worker.run(ThreadPoolExecutor.java:659)
2024-06-28 16:40:49,044 ERROR [http-nio-8080-exec-8] c.y.c.c.a.ExceptionAdvice [ExceptionAdvice.java:33] org.apache.tomcat.util.threads.TaskThread$WrappingRunnable.run(TaskThread.java:63)
2024-06-28 16:40:49,044 ERROR [http-nio-8080-exec-8] c.y.c.c.a.ExceptionAdvice [ExceptionAdvice.java:33] java.base/java.lang.Thread.run(Thread.java:1583)
2024-06-28 16:41:48,432 ERROR [http-nio-8080-exec-5] c.y.c.c.a.ExceptionAdvice [ExceptionAdvice.java:30] 服务器发送异常：
2024-06-28 16:41:48,432 ERROR [http-nio-8080-exec-5] c.y.c.c.a.ExceptionAdvice [ExceptionAdvice.java:33] org.springframework.web.method.annotation.AbstractNamedValueMethodArgumentResolver.convertIfNecessary(AbstractNamedValueMethodArgumentResolver.java:302)
2024-06-28 16:41:48,433 ERROR [http-nio-8080-exec-5] c.y.c.c.a.ExceptionAdvice [ExceptionAdvice.java:33] org.springframework.web.method.annotation.AbstractNamedValueMethodArgumentResolver.resolveArgument(AbstractNamedValueMethodArgumentResolver.java:137)
2024-06-28 16:41:48,433 ERROR [http-nio-8080-exec-5] c.y.c.c.a.ExceptionAdvice [ExceptionAdvice.java:33] org.springframework.web.method.support.HandlerMethodArgumentResolverComposite.resolveArgument(HandlerMethodArgumentResolverComposite.java:122)
2024-06-28 16:41:48,433 ERROR [http-nio-8080-exec-5] c.y.c.c.a.ExceptionAdvice [ExceptionAdvice.java:33] org.springframework.web.method.support.InvocableHandlerMethod.getMethodArgumentValues(InvocableHandlerMethod.java:224)
2024-06-28 16:41:48,433 ERROR [http-nio-8080-exec-5] c.y.c.c.a.ExceptionAdvice [ExceptionAdvice.java:33] org.springframework.web.method.support.InvocableHandlerMethod.invokeForRequest(InvocableHandlerMethod.java:178)
2024-06-28 16:41:48,433 ERROR [http-nio-8080-exec-5] c.y.c.c.a.ExceptionAdvice [ExceptionAdvice.java:33] org.springframework.web.servlet.mvc.method.annotation.ServletInvocableHandlerMethod.invokeAndHandle(ServletInvocableHandlerMethod.java:118)
2024-06-28 16:41:48,433 ERROR [http-nio-8080-exec-5] c.y.c.c.a.ExceptionAdvice [ExceptionAdvice.java:33] org.springframework.web.servlet.mvc.method.annotation.RequestMappingHandlerAdapter.invokeHandlerMethod(RequestMappingHandlerAdapter.java:926)
2024-06-28 16:41:48,433 ERROR [http-nio-8080-exec-5] c.y.c.c.a.ExceptionAdvice [ExceptionAdvice.java:33] org.springframework.web.servlet.mvc.method.annotation.RequestMappingHandlerAdapter.handleInternal(RequestMappingHandlerAdapter.java:831)
2024-06-28 16:41:48,433 ERROR [http-nio-8080-exec-5] c.y.c.c.a.ExceptionAdvice [ExceptionAdvice.java:33] org.springframework.web.servlet.mvc.method.AbstractHandlerMethodAdapter.handle(AbstractHandlerMethodAdapter.java:87)
2024-06-28 16:41:48,433 ERROR [http-nio-8080-exec-5] c.y.c.c.a.ExceptionAdvice [ExceptionAdvice.java:33] org.springframework.web.servlet.DispatcherServlet.doDispatch(DispatcherServlet.java:1089)
2024-06-28 16:41:48,433 ERROR [http-nio-8080-exec-5] c.y.c.c.a.ExceptionAdvice [ExceptionAdvice.java:33] org.springframework.web.servlet.DispatcherServlet.doService(DispatcherServlet.java:979)
2024-06-28 16:41:48,433 ERROR [http-nio-8080-exec-5] c.y.c.c.a.ExceptionAdvice [ExceptionAdvice.java:33] org.springframework.web.servlet.FrameworkServlet.processRequest(FrameworkServlet.java:1014)
2024-06-28 16:41:48,434 ERROR [http-nio-8080-exec-5] c.y.c.c.a.ExceptionAdvice [ExceptionAdvice.java:33] org.springframework.web.servlet.FrameworkServlet.doGet(FrameworkServlet.java:903)
2024-06-28 16:41:48,434 ERROR [http-nio-8080-exec-5] c.y.c.c.a.ExceptionAdvice [ExceptionAdvice.java:33] jakarta.servlet.http.HttpServlet.service(HttpServlet.java:564)
2024-06-28 16:41:48,434 ERROR [http-nio-8080-exec-5] c.y.c.c.a.ExceptionAdvice [ExceptionAdvice.java:33] org.springframework.web.servlet.FrameworkServlet.service(FrameworkServlet.java:885)
2024-06-28 16:41:48,434 ERROR [http-nio-8080-exec-5] c.y.c.c.a.ExceptionAdvice [ExceptionAdvice.java:33] jakarta.servlet.http.HttpServlet.service(HttpServlet.java:658)
2024-06-28 16:41:48,434 ERROR [http-nio-8080-exec-5] c.y.c.c.a.ExceptionAdvice [ExceptionAdvice.java:33] org.apache.catalina.core.ApplicationFilterChain.internalDoFilter(ApplicationFilterChain.java:195)
2024-06-28 16:41:48,434 ERROR [http-nio-8080-exec-5] c.y.c.c.a.ExceptionAdvice [ExceptionAdvice.java:33] org.apache.catalina.core.ApplicationFilterChain.doFilter(ApplicationFilterChain.java:140)
2024-06-28 16:41:48,434 ERROR [http-nio-8080-exec-5] c.y.c.c.a.ExceptionAdvice [ExceptionAdvice.java:33] org.apache.tomcat.websocket.server.WsFilter.doFilter(WsFilter.java:51)
2024-06-28 16:41:48,434 ERROR [http-nio-8080-exec-5] c.y.c.c.a.ExceptionAdvice [ExceptionAdvice.java:33] org.apache.catalina.core.ApplicationFilterChain.internalDoFilter(ApplicationFilterChain.java:164)
2024-06-28 16:41:48,434 ERROR [http-nio-8080-exec-5] c.y.c.c.a.ExceptionAdvice [ExceptionAdvice.java:33] org.apache.catalina.core.ApplicationFilterChain.doFilter(ApplicationFilterChain.java:140)
2024-06-28 16:41:48,434 ERROR [http-nio-8080-exec-5] c.y.c.c.a.ExceptionAdvice [ExceptionAdvice.java:33] org.springframework.web.filter.RequestContextFilter.doFilterInternal(RequestContextFilter.java:100)
2024-06-28 16:41:48,435 ERROR [http-nio-8080-exec-5] c.y.c.c.a.ExceptionAdvice [ExceptionAdvice.java:33] org.springframework.web.filter.OncePerRequestFilter.doFilter(OncePerRequestFilter.java:116)
2024-06-28 16:41:48,435 ERROR [http-nio-8080-exec-5] c.y.c.c.a.ExceptionAdvice [ExceptionAdvice.java:33] org.apache.catalina.core.ApplicationFilterChain.internalDoFilter(ApplicationFilterChain.java:164)
2024-06-28 16:41:48,435 ERROR [http-nio-8080-exec-5] c.y.c.c.a.ExceptionAdvice [ExceptionAdvice.java:33] org.apache.catalina.core.ApplicationFilterChain.doFilter(ApplicationFilterChain.java:140)
2024-06-28 16:41:48,435 ERROR [http-nio-8080-exec-5] c.y.c.c.a.ExceptionAdvice [ExceptionAdvice.java:33] org.springframework.web.filter.FormContentFilter.doFilterInternal(FormContentFilter.java:93)
2024-06-28 16:41:48,435 ERROR [http-nio-8080-exec-5] c.y.c.c.a.ExceptionAdvice [ExceptionAdvice.java:33] org.springframework.web.filter.OncePerRequestFilter.doFilter(OncePerRequestFilter.java:116)
2024-06-28 16:41:48,435 ERROR [http-nio-8080-exec-5] c.y.c.c.a.ExceptionAdvice [ExceptionAdvice.java:33] org.apache.catalina.core.ApplicationFilterChain.internalDoFilter(ApplicationFilterChain.java:164)
2024-06-28 16:41:48,435 ERROR [http-nio-8080-exec-5] c.y.c.c.a.ExceptionAdvice [ExceptionAdvice.java:33] org.apache.catalina.core.ApplicationFilterChain.doFilter(ApplicationFilterChain.java:140)
2024-06-28 16:41:48,435 ERROR [http-nio-8080-exec-5] c.y.c.c.a.ExceptionAdvice [ExceptionAdvice.java:33] org.springframework.web.filter.CharacterEncodingFilter.doFilterInternal(CharacterEncodingFilter.java:201)
2024-06-28 16:41:48,435 ERROR [http-nio-8080-exec-5] c.y.c.c.a.ExceptionAdvice [ExceptionAdvice.java:33] org.springframework.web.filter.OncePerRequestFilter.doFilter(OncePerRequestFilter.java:116)
2024-06-28 16:41:48,435 ERROR [http-nio-8080-exec-5] c.y.c.c.a.ExceptionAdvice [ExceptionAdvice.java:33] org.apache.catalina.core.ApplicationFilterChain.internalDoFilter(ApplicationFilterChain.java:164)
2024-06-28 16:41:48,435 ERROR [http-nio-8080-exec-5] c.y.c.c.a.ExceptionAdvice [ExceptionAdvice.java:33] org.apache.catalina.core.ApplicationFilterChain.doFilter(ApplicationFilterChain.java:140)
2024-06-28 16:41:48,435 ERROR [http-nio-8080-exec-5] c.y.c.c.a.ExceptionAdvice [ExceptionAdvice.java:33] org.apache.catalina.core.StandardWrapperValve.invoke(StandardWrapperValve.java:167)
2024-06-28 16:41:48,436 ERROR [http-nio-8080-exec-5] c.y.c.c.a.ExceptionAdvice [ExceptionAdvice.java:33] org.apache.catalina.core.StandardContextValve.invoke(StandardContextValve.java:90)
2024-06-28 16:41:48,436 ERROR [http-nio-8080-exec-5] c.y.c.c.a.ExceptionAdvice [ExceptionAdvice.java:33] org.apache.catalina.authenticator.AuthenticatorBase.invoke(AuthenticatorBase.java:482)
2024-06-28 16:41:48,436 ERROR [http-nio-8080-exec-5] c.y.c.c.a.ExceptionAdvice [ExceptionAdvice.java:33] org.apache.catalina.core.StandardHostValve.invoke(StandardHostValve.java:115)
2024-06-28 16:41:48,436 ERROR [http-nio-8080-exec-5] c.y.c.c.a.ExceptionAdvice [ExceptionAdvice.java:33] org.apache.catalina.valves.ErrorReportValve.invoke(ErrorReportValve.java:93)
2024-06-28 16:41:48,436 ERROR [http-nio-8080-exec-5] c.y.c.c.a.ExceptionAdvice [ExceptionAdvice.java:33] org.apache.catalina.core.StandardEngineValve.invoke(StandardEngineValve.java:74)
2024-06-28 16:41:48,436 ERROR [http-nio-8080-exec-5] c.y.c.c.a.ExceptionAdvice [ExceptionAdvice.java:33] org.apache.catalina.connector.CoyoteAdapter.service(CoyoteAdapter.java:344)
2024-06-28 16:41:48,436 ERROR [http-nio-8080-exec-5] c.y.c.c.a.ExceptionAdvice [ExceptionAdvice.java:33] org.apache.coyote.http11.Http11Processor.service(Http11Processor.java:389)
2024-06-28 16:41:48,436 ERROR [http-nio-8080-exec-5] c.y.c.c.a.ExceptionAdvice [ExceptionAdvice.java:33] org.apache.coyote.AbstractProcessorLight.process(AbstractProcessorLight.java:63)
2024-06-28 16:41:48,436 ERROR [http-nio-8080-exec-5] c.y.c.c.a.ExceptionAdvice [ExceptionAdvice.java:33] org.apache.coyote.AbstractProtocol$ConnectionHandler.process(AbstractProtocol.java:896)
2024-06-28 16:41:48,436 ERROR [http-nio-8080-exec-5] c.y.c.c.a.ExceptionAdvice [ExceptionAdvice.java:33] org.apache.tomcat.util.net.NioEndpoint$SocketProcessor.doRun(NioEndpoint.java:1741)
2024-06-28 16:41:48,436 ERROR [http-nio-8080-exec-5] c.y.c.c.a.ExceptionAdvice [ExceptionAdvice.java:33] org.apache.tomcat.util.net.SocketProcessorBase.run(SocketProcessorBase.java:52)
2024-06-28 16:41:48,436 ERROR [http-nio-8080-exec-5] c.y.c.c.a.ExceptionAdvice [ExceptionAdvice.java:33] org.apache.tomcat.util.threads.ThreadPoolExecutor.runWorker(ThreadPoolExecutor.java:1190)
2024-06-28 16:41:48,436 ERROR [http-nio-8080-exec-5] c.y.c.c.a.ExceptionAdvice [ExceptionAdvice.java:33] org.apache.tomcat.util.threads.ThreadPoolExecutor$Worker.run(ThreadPoolExecutor.java:659)
2024-06-28 16:41:48,436 ERROR [http-nio-8080-exec-5] c.y.c.c.a.ExceptionAdvice [ExceptionAdvice.java:33] org.apache.tomcat.util.threads.TaskThread$WrappingRunnable.run(TaskThread.java:63)
2024-06-28 16:41:48,436 ERROR [http-nio-8080-exec-5] c.y.c.c.a.ExceptionAdvice [ExceptionAdvice.java:33] java.base/java.lang.Thread.run(Thread.java:1583)
