2024-06-29 22:08:55,350 INFO [main] c.y.c.KafkaTests [StartupInfoLogger.java:50] Starting KafkaTests using Java 21.0.3 with PID 16564 (started by 袁明海 in F:\IDEAProject\Yuanmh0919\nowcoder\community)
2024-06-29 22:08:55,357 INFO [main] c.y.c.KafkaTests [SpringApplication.java:654] No active profile set, falling back to 1 default profile: "default"
2024-06-29 22:08:56,384 INFO [main] o.s.d.r.c.RepositoryConfigurationDelegate [RepositoryConfigurationDelegate.java:295] Multiple Spring Data modules found, entering strict repository configuration mode
2024-06-29 22:08:56,394 INFO [main] o.s.d.r.c.RepositoryConfigurationDelegate [RepositoryConfigurationDelegate.java:143] Bootstrapping Spring Data Redis repositories in DEFAULT mode.
2024-06-29 22:08:56,425 INFO [main] o.s.d.r.c.RepositoryConfigurationDelegate [RepositoryConfigurationDelegate.java:211] Finished Spring Data repository scanning in 11 ms. Found 0 Redis repository interfaces.
2024-06-29 22:08:57,219 INFO [main] o.s.b.f.a.AutowiredAnnotationBeanPostProcessor [AutowiredAnnotationBeanPostProcessor.java:577] Autowired annotation is not supported on static fields: private static final org.slf4j.Logger com.yuanmh.community.controller.interceptor.TestInterceptor.logger
2024-06-29 22:08:58,678 INFO [main] o.s.b.a.w.s.WelcomePageHandlerMapping [WelcomePageHandlerMapping.java:59] Adding welcome page template: index
2024-06-29 22:08:59,518 INFO [main] o.a.k.c.c.ConsumerConfig [AbstractConfig.java:370] ConsumerConfig values: 
	allow.auto.create.topics = true
	auto.commit.interval.ms = 3000
	auto.include.jmx.reporter = true
	auto.offset.reset = latest
	bootstrap.servers = [localhost:9092]
	check.crcs = true
	client.dns.lookup = use_all_dns_ips
	client.id = consumer-community-consumer-group-1
	client.rack = 
	connections.max.idle.ms = 540000
	default.api.timeout.ms = 60000
	enable.auto.commit = true
	enable.metrics.push = true
	exclude.internal.topics = true
	fetch.max.bytes = 52428800
	fetch.max.wait.ms = 500
	fetch.min.bytes = 1
	group.id = community-consumer-group
	group.instance.id = null
	group.protocol = classic
	group.remote.assignor = null
	heartbeat.interval.ms = 3000
	interceptor.classes = []
	internal.leave.group.on.close = true
	internal.throw.on.fetch.stable.offset.unsupported = false
	isolation.level = read_uncommitted
	key.deserializer = class org.apache.kafka.common.serialization.StringDeserializer
	max.partition.fetch.bytes = 1048576
	max.poll.interval.ms = 300000
	max.poll.records = 500
	metadata.max.age.ms = 300000
	metric.reporters = []
	metrics.num.samples = 2
	metrics.recording.level = INFO
	metrics.sample.window.ms = 30000
	partition.assignment.strategy = [class org.apache.kafka.clients.consumer.RangeAssignor, class org.apache.kafka.clients.consumer.CooperativeStickyAssignor]
	receive.buffer.bytes = 65536
	reconnect.backoff.max.ms = 1000
	reconnect.backoff.ms = 50
	request.timeout.ms = 30000
	retry.backoff.max.ms = 1000
	retry.backoff.ms = 100
	sasl.client.callback.handler.class = null
	sasl.jaas.config = null
	sasl.kerberos.kinit.cmd = /usr/bin/kinit
	sasl.kerberos.min.time.before.relogin = 60000
	sasl.kerberos.service.name = null
	sasl.kerberos.ticket.renew.jitter = 0.05
	sasl.kerberos.ticket.renew.window.factor = 0.8
	sasl.login.callback.handler.class = null
	sasl.login.class = null
	sasl.login.connect.timeout.ms = null
	sasl.login.read.timeout.ms = null
	sasl.login.refresh.buffer.seconds = 300
	sasl.login.refresh.min.period.seconds = 60
	sasl.login.refresh.window.factor = 0.8
	sasl.login.refresh.window.jitter = 0.05
	sasl.login.retry.backoff.max.ms = 10000
	sasl.login.retry.backoff.ms = 100
	sasl.mechanism = GSSAPI
	sasl.oauthbearer.clock.skew.seconds = 30
	sasl.oauthbearer.expected.audience = null
	sasl.oauthbearer.expected.issuer = null
	sasl.oauthbearer.jwks.endpoint.refresh.ms = 3600000
	sasl.oauthbearer.jwks.endpoint.retry.backoff.max.ms = 10000
	sasl.oauthbearer.jwks.endpoint.retry.backoff.ms = 100
	sasl.oauthbearer.jwks.endpoint.url = null
	sasl.oauthbearer.scope.claim.name = scope
	sasl.oauthbearer.sub.claim.name = sub
	sasl.oauthbearer.token.endpoint.url = null
	security.protocol = PLAINTEXT
	security.providers = null
	send.buffer.bytes = 131072
	session.timeout.ms = 45000
	socket.connection.setup.timeout.max.ms = 30000
	socket.connection.setup.timeout.ms = 10000
	ssl.cipher.suites = null
	ssl.enabled.protocols = [TLSv1.2, TLSv1.3]
	ssl.endpoint.identification.algorithm = https
	ssl.engine.factory.class = null
	ssl.key.password = null
	ssl.keymanager.algorithm = SunX509
	ssl.keystore.certificate.chain = null
	ssl.keystore.key = null
	ssl.keystore.location = null
	ssl.keystore.password = null
	ssl.keystore.type = JKS
	ssl.protocol = TLSv1.3
	ssl.provider = null
	ssl.secure.random.implementation = null
	ssl.trustmanager.algorithm = PKIX
	ssl.truststore.certificates = null
	ssl.truststore.location = null
	ssl.truststore.password = null
	ssl.truststore.type = JKS
	value.deserializer = class org.apache.kafka.common.serialization.StringDeserializer

2024-06-29 22:08:59,579 INFO [main] o.a.k.c.t.i.KafkaMetricsCollector [KafkaMetricsCollector.java:297] initializing Kafka metrics collector
2024-06-29 22:08:59,849 INFO [main] o.a.k.c.u.AppInfoParser [AppInfoParser.java:124] Kafka version: 3.7.0
2024-06-29 22:08:59,851 INFO [main] o.a.k.c.u.AppInfoParser [AppInfoParser.java:125] Kafka commitId: 2ae524ed625438c5
2024-06-29 22:08:59,851 INFO [main] o.a.k.c.u.AppInfoParser [AppInfoParser.java:126] Kafka startTimeMs: 1719670139846
2024-06-29 22:08:59,856 INFO [main] o.a.k.c.c.i.LegacyKafkaConsumer [LegacyKafkaConsumer.java:475] [Consumer clientId=consumer-community-consumer-group-1, groupId=community-consumer-group] Subscribed to topic(s): test
2024-06-29 22:08:59,877 INFO [main] c.y.c.KafkaTests [StartupInfoLogger.java:56] Started KafkaTests in 4.959 seconds (process running for 6.3)
2024-06-29 22:09:00,473 INFO [org.springframework.kafka.KafkaListenerEndpointContainer#0-0-C-1] o.a.k.c.Metadata [Metadata.java:349] [Consumer clientId=consumer-community-consumer-group-1, groupId=community-consumer-group] Cluster ID: yNNn9RxzRBC7rMd5gpKAgQ
2024-06-29 22:09:00,474 INFO [org.springframework.kafka.KafkaListenerEndpointContainer#0-0-C-1] o.a.k.c.c.i.ConsumerCoordinator [AbstractCoordinator.java:936] [Consumer clientId=consumer-community-consumer-group-1, groupId=community-consumer-group] Discovered group coordinator LAPTOP-BI5DQG8F:9092 (id: 2147483647 rack: null)
2024-06-29 22:09:00,482 INFO [org.springframework.kafka.KafkaListenerEndpointContainer#0-0-C-1] o.a.k.c.c.i.ConsumerCoordinator [AbstractCoordinator.java:604] [Consumer clientId=consumer-community-consumer-group-1, groupId=community-consumer-group] (Re-)joining group
2024-06-29 22:09:00,515 INFO [org.springframework.kafka.KafkaListenerEndpointContainer#0-0-C-1] o.a.k.c.c.i.ConsumerCoordinator [AbstractCoordinator.java:1102] [Consumer clientId=consumer-community-consumer-group-1, groupId=community-consumer-group] Request joining group due to: need to re-join with the given member-id: consumer-community-consumer-group-1-b1472712-8142-4f60-bcd4-d51b5fac56f9
2024-06-29 22:09:00,516 INFO [org.springframework.kafka.KafkaListenerEndpointContainer#0-0-C-1] o.a.k.c.c.i.ConsumerCoordinator [AbstractCoordinator.java:604] [Consumer clientId=consumer-community-consumer-group-1, groupId=community-consumer-group] (Re-)joining group
2024-06-29 22:09:00,548 INFO [org.springframework.kafka.KafkaListenerEndpointContainer#0-0-C-1] o.a.k.c.c.i.ConsumerCoordinator [AbstractCoordinator.java:665] [Consumer clientId=consumer-community-consumer-group-1, groupId=community-consumer-group] Successfully joined group with generation Generation{generationId=1, memberId='consumer-community-consumer-group-1-b1472712-8142-4f60-bcd4-d51b5fac56f9', protocol='range'}
2024-06-29 22:09:00,558 INFO [org.springframework.kafka.KafkaListenerEndpointContainer#0-0-C-1] o.a.k.c.c.i.ConsumerCoordinator [ConsumerCoordinator.java:659] [Consumer clientId=consumer-community-consumer-group-1, groupId=community-consumer-group] Finished assignment for group at generation 1: {consumer-community-consumer-group-1-b1472712-8142-4f60-bcd4-d51b5fac56f9=Assignment(partitions=[test-0])}
2024-06-29 22:09:00,615 INFO [org.springframework.kafka.KafkaListenerEndpointContainer#0-0-C-1] o.a.k.c.c.i.ConsumerCoordinator [AbstractCoordinator.java:842] [Consumer clientId=consumer-community-consumer-group-1, groupId=community-consumer-group] Successfully synced group in generation Generation{generationId=1, memberId='consumer-community-consumer-group-1-b1472712-8142-4f60-bcd4-d51b5fac56f9', protocol='range'}
2024-06-29 22:09:00,616 INFO [org.springframework.kafka.KafkaListenerEndpointContainer#0-0-C-1] o.a.k.c.c.i.ConsumerCoordinator [ConsumerCoordinator.java:319] [Consumer clientId=consumer-community-consumer-group-1, groupId=community-consumer-group] Notifying assignor about the new Assignment(partitions=[test-0])
2024-06-29 22:09:00,620 INFO [org.springframework.kafka.KafkaListenerEndpointContainer#0-0-C-1] o.a.k.c.c.i.ConsumerRebalanceListenerInvoker [ConsumerRebalanceListenerInvoker.java:56] [Consumer clientId=consumer-community-consumer-group-1, groupId=community-consumer-group] Adding newly assigned partitions: test-0
2024-06-29 22:09:00,642 INFO [org.springframework.kafka.KafkaListenerEndpointContainer#0-0-C-1] o.a.k.c.c.i.ConsumerCoordinator [ConsumerCoordinator.java:1502] [Consumer clientId=consumer-community-consumer-group-1, groupId=community-consumer-group] Found no committed offset for partition test-0
2024-06-29 22:09:00,665 INFO [org.springframework.kafka.KafkaListenerEndpointContainer#0-0-C-1] o.a.k.c.c.i.SubscriptionState [SubscriptionState.java:396] [Consumer clientId=consumer-community-consumer-group-1, groupId=community-consumer-group] Resetting offset for partition test-0 to position FetchPosition{offset=20, offsetEpoch=Optional.empty, currentLeader=LeaderAndEpoch{leader=Optional[LAPTOP-BI5DQG8F:9092 (id: 0 rack: null)], epoch=0}}.
2024-06-29 22:09:00,667 INFO [org.springframework.kafka.KafkaListenerEndpointContainer#0-0-C-1] o.s.k.l.KafkaMessageListenerContainer [LogAccessor.java:292] community-consumer-group: partitions assigned: [test-0]
2024-06-29 22:09:00,975 INFO [main] o.a.k.c.p.ProducerConfig [AbstractConfig.java:370] ProducerConfig values: 
	acks = -1
	auto.include.jmx.reporter = true
	batch.size = 16384
	bootstrap.servers = [localhost:9092]
	buffer.memory = 33554432
	client.dns.lookup = use_all_dns_ips
	client.id = producer-1
	compression.type = none
	connections.max.idle.ms = 540000
	delivery.timeout.ms = 120000
	enable.idempotence = true
	enable.metrics.push = true
	interceptor.classes = []
	key.serializer = class org.apache.kafka.common.serialization.StringSerializer
	linger.ms = 0
	max.block.ms = 60000
	max.in.flight.requests.per.connection = 5
	max.request.size = 1048576
	metadata.max.age.ms = 300000
	metadata.max.idle.ms = 300000
	metric.reporters = []
	metrics.num.samples = 2
	metrics.recording.level = INFO
	metrics.sample.window.ms = 30000
	partitioner.adaptive.partitioning.enable = true
	partitioner.availability.timeout.ms = 0
	partitioner.class = null
	partitioner.ignore.keys = false
	receive.buffer.bytes = 32768
	reconnect.backoff.max.ms = 1000
	reconnect.backoff.ms = 50
	request.timeout.ms = 30000
	retries = 2147483647
	retry.backoff.max.ms = 1000
	retry.backoff.ms = 100
	sasl.client.callback.handler.class = null
	sasl.jaas.config = null
	sasl.kerberos.kinit.cmd = /usr/bin/kinit
	sasl.kerberos.min.time.before.relogin = 60000
	sasl.kerberos.service.name = null
	sasl.kerberos.ticket.renew.jitter = 0.05
	sasl.kerberos.ticket.renew.window.factor = 0.8
	sasl.login.callback.handler.class = null
	sasl.login.class = null
	sasl.login.connect.timeout.ms = null
	sasl.login.read.timeout.ms = null
	sasl.login.refresh.buffer.seconds = 300
	sasl.login.refresh.min.period.seconds = 60
	sasl.login.refresh.window.factor = 0.8
	sasl.login.refresh.window.jitter = 0.05
	sasl.login.retry.backoff.max.ms = 10000
	sasl.login.retry.backoff.ms = 100
	sasl.mechanism = GSSAPI
	sasl.oauthbearer.clock.skew.seconds = 30
	sasl.oauthbearer.expected.audience = null
	sasl.oauthbearer.expected.issuer = null
	sasl.oauthbearer.jwks.endpoint.refresh.ms = 3600000
	sasl.oauthbearer.jwks.endpoint.retry.backoff.max.ms = 10000
	sasl.oauthbearer.jwks.endpoint.retry.backoff.ms = 100
	sasl.oauthbearer.jwks.endpoint.url = null
	sasl.oauthbearer.scope.claim.name = scope
	sasl.oauthbearer.sub.claim.name = sub
	sasl.oauthbearer.token.endpoint.url = null
	security.protocol = PLAINTEXT
	security.providers = null
	send.buffer.bytes = 131072
	socket.connection.setup.timeout.max.ms = 30000
	socket.connection.setup.timeout.ms = 10000
	ssl.cipher.suites = null
	ssl.enabled.protocols = [TLSv1.2, TLSv1.3]
	ssl.endpoint.identification.algorithm = https
	ssl.engine.factory.class = null
	ssl.key.password = null
	ssl.keymanager.algorithm = SunX509
	ssl.keystore.certificate.chain = null
	ssl.keystore.key = null
	ssl.keystore.location = null
	ssl.keystore.password = null
	ssl.keystore.type = JKS
	ssl.protocol = TLSv1.3
	ssl.provider = null
	ssl.secure.random.implementation = null
	ssl.trustmanager.algorithm = PKIX
	ssl.truststore.certificates = null
	ssl.truststore.location = null
	ssl.truststore.password = null
	ssl.truststore.type = JKS
	transaction.timeout.ms = 60000
	transactional.id = null
	value.serializer = class org.apache.kafka.common.serialization.StringSerializer

2024-06-29 22:09:00,978 INFO [main] o.a.k.c.t.i.KafkaMetricsCollector [KafkaMetricsCollector.java:297] initializing Kafka metrics collector
2024-06-29 22:09:00,989 INFO [main] o.a.k.c.p.KafkaProducer [KafkaProducer.java:597] [Producer clientId=producer-1] Instantiated an idempotent producer.
2024-06-29 22:09:01,009 INFO [main] o.a.k.c.u.AppInfoParser [AppInfoParser.java:124] Kafka version: 3.7.0
2024-06-29 22:09:01,010 INFO [main] o.a.k.c.u.AppInfoParser [AppInfoParser.java:125] Kafka commitId: 2ae524ed625438c5
2024-06-29 22:09:01,010 INFO [main] o.a.k.c.u.AppInfoParser [AppInfoParser.java:126] Kafka startTimeMs: 1719670141009
2024-06-29 22:09:01,018 INFO [kafka-producer-network-thread | producer-1] o.a.k.c.Metadata [Metadata.java:349] [Producer clientId=producer-1] Cluster ID: yNNn9RxzRBC7rMd5gpKAgQ
2024-06-29 22:09:01,142 INFO [kafka-producer-network-thread | producer-1] o.a.k.c.p.i.TransactionManager [TransactionManager.java:502] [Producer clientId=producer-1] ProducerId set to 1000 with epoch 0
2024-06-29 22:09:06,075 INFO [org.springframework.kafka.KafkaListenerEndpointContainer#0-0-C-1] o.a.k.c.c.i.ConsumerRebalanceListenerInvoker [ConsumerRebalanceListenerInvoker.java:78] [Consumer clientId=consumer-community-consumer-group-1, groupId=community-consumer-group] Revoke previously assigned partitions test-0
2024-06-29 22:09:06,075 INFO [org.springframework.kafka.KafkaListenerEndpointContainer#0-0-C-1] o.s.k.l.KafkaMessageListenerContainer [LogAccessor.java:292] community-consumer-group: partitions revoked: [test-0]
2024-06-29 22:09:06,076 INFO [org.springframework.kafka.KafkaListenerEndpointContainer#0-0-C-1] o.a.k.c.c.i.ConsumerCoordinator [AbstractCoordinator.java:1163] [Consumer clientId=consumer-community-consumer-group-1, groupId=community-consumer-group] Member consumer-community-consumer-group-1-b1472712-8142-4f60-bcd4-d51b5fac56f9 sending LeaveGroup request to coordinator LAPTOP-BI5DQG8F:9092 (id: 2147483647 rack: null) due to the consumer unsubscribed from all topics
2024-06-29 22:09:06,077 INFO [org.springframework.kafka.KafkaListenerEndpointContainer#0-0-C-1] o.a.k.c.c.i.ConsumerCoordinator [AbstractCoordinator.java:1055] [Consumer clientId=consumer-community-consumer-group-1, groupId=community-consumer-group] Resetting generation and member id due to: consumer pro-actively leaving the group
2024-06-29 22:09:06,077 INFO [org.springframework.kafka.KafkaListenerEndpointContainer#0-0-C-1] o.a.k.c.c.i.ConsumerCoordinator [AbstractCoordinator.java:1102] [Consumer clientId=consumer-community-consumer-group-1, groupId=community-consumer-group] Request joining group due to: consumer pro-actively leaving the group
2024-06-29 22:09:06,077 INFO [org.springframework.kafka.KafkaListenerEndpointContainer#0-0-C-1] o.a.k.c.c.i.LegacyKafkaConsumer [LegacyKafkaConsumer.java:546] [Consumer clientId=consumer-community-consumer-group-1, groupId=community-consumer-group] Unsubscribed all topics or patterns and assigned partitions
2024-06-29 22:09:06,079 INFO [org.springframework.kafka.KafkaListenerEndpointContainer#0-0-C-1] o.a.k.c.c.i.ConsumerCoordinator [AbstractCoordinator.java:1055] [Consumer clientId=consumer-community-consumer-group-1, groupId=community-consumer-group] Resetting generation and member id due to: consumer pro-actively leaving the group
2024-06-29 22:09:06,079 INFO [org.springframework.kafka.KafkaListenerEndpointContainer#0-0-C-1] o.a.k.c.c.i.ConsumerCoordinator [AbstractCoordinator.java:1102] [Consumer clientId=consumer-community-consumer-group-1, groupId=community-consumer-group] Request joining group due to: consumer pro-actively leaving the group
2024-06-29 22:09:06,290 INFO [org.springframework.kafka.KafkaListenerEndpointContainer#0-0-C-1] o.a.k.c.m.Metrics [Metrics.java:694] Metrics scheduler closed
2024-06-29 22:09:06,290 INFO [org.springframework.kafka.KafkaListenerEndpointContainer#0-0-C-1] o.a.k.c.m.Metrics [Metrics.java:698] Closing reporter org.apache.kafka.common.metrics.JmxReporter
2024-06-29 22:09:06,290 INFO [org.springframework.kafka.KafkaListenerEndpointContainer#0-0-C-1] o.a.k.c.m.Metrics [Metrics.java:698] Closing reporter org.apache.kafka.common.telemetry.internals.ClientTelemetryReporter
2024-06-29 22:09:06,290 INFO [org.springframework.kafka.KafkaListenerEndpointContainer#0-0-C-1] o.a.k.c.m.Metrics [Metrics.java:704] Metrics reporters closed
2024-06-29 22:09:06,298 INFO [org.springframework.kafka.KafkaListenerEndpointContainer#0-0-C-1] o.a.k.c.u.AppInfoParser [AppInfoParser.java:88] App info kafka.consumer for consumer-community-consumer-group-1 unregistered
2024-06-29 22:09:06,299 INFO [org.springframework.kafka.KafkaListenerEndpointContainer#0-0-C-1] o.s.k.l.KafkaMessageListenerContainer [LogAccessor.java:292] community-consumer-group: Consumer stopped
2024-06-29 22:09:06,309 INFO [SpringApplicationShutdownHook] o.a.k.c.p.KafkaProducer [KafkaProducer.java:1346] [Producer clientId=producer-1] Closing the Kafka producer with timeoutMillis = 30000 ms.
2024-06-29 22:09:06,315 INFO [SpringApplicationShutdownHook] o.a.k.c.m.Metrics [Metrics.java:694] Metrics scheduler closed
2024-06-29 22:09:06,315 INFO [SpringApplicationShutdownHook] o.a.k.c.m.Metrics [Metrics.java:698] Closing reporter org.apache.kafka.common.metrics.JmxReporter
2024-06-29 22:09:06,316 INFO [SpringApplicationShutdownHook] o.a.k.c.m.Metrics [Metrics.java:698] Closing reporter org.apache.kafka.common.telemetry.internals.ClientTelemetryReporter
2024-06-29 22:09:06,316 INFO [SpringApplicationShutdownHook] o.a.k.c.m.Metrics [Metrics.java:704] Metrics reporters closed
2024-06-29 22:09:06,316 INFO [SpringApplicationShutdownHook] o.a.k.c.u.AppInfoParser [AppInfoParser.java:88] App info kafka.producer for producer-1 unregistered
2024-06-29 22:10:39,102 INFO [main] c.y.c.KafkaTests [StartupInfoLogger.java:50] Starting KafkaTests using Java 21.0.3 with PID 10316 (started by 袁明海 in F:\IDEAProject\Yuanmh0919\nowcoder\community)
2024-06-29 22:10:39,104 INFO [main] c.y.c.KafkaTests [SpringApplication.java:654] No active profile set, falling back to 1 default profile: "default"
2024-06-29 22:10:39,844 INFO [main] o.s.d.r.c.RepositoryConfigurationDelegate [RepositoryConfigurationDelegate.java:295] Multiple Spring Data modules found, entering strict repository configuration mode
2024-06-29 22:10:39,848 INFO [main] o.s.d.r.c.RepositoryConfigurationDelegate [RepositoryConfigurationDelegate.java:143] Bootstrapping Spring Data Redis repositories in DEFAULT mode.
2024-06-29 22:10:39,873 INFO [main] o.s.d.r.c.RepositoryConfigurationDelegate [RepositoryConfigurationDelegate.java:211] Finished Spring Data repository scanning in 10 ms. Found 0 Redis repository interfaces.
2024-06-29 22:10:40,577 INFO [main] o.s.b.f.a.AutowiredAnnotationBeanPostProcessor [AutowiredAnnotationBeanPostProcessor.java:577] Autowired annotation is not supported on static fields: private static final org.slf4j.Logger com.yuanmh.community.controller.interceptor.TestInterceptor.logger
2024-06-29 22:10:41,608 INFO [main] o.s.b.a.w.s.WelcomePageHandlerMapping [WelcomePageHandlerMapping.java:59] Adding welcome page template: index
2024-06-29 22:10:42,373 INFO [main] o.a.k.c.c.ConsumerConfig [AbstractConfig.java:370] ConsumerConfig values: 
	allow.auto.create.topics = true
	auto.commit.interval.ms = 3000
	auto.include.jmx.reporter = true
	auto.offset.reset = latest
	bootstrap.servers = [localhost:9092]
	check.crcs = true
	client.dns.lookup = use_all_dns_ips
	client.id = consumer-community-consumer-group-1
	client.rack = 
	connections.max.idle.ms = 540000
	default.api.timeout.ms = 60000
	enable.auto.commit = true
	enable.metrics.push = true
	exclude.internal.topics = true
	fetch.max.bytes = 52428800
	fetch.max.wait.ms = 500
	fetch.min.bytes = 1
	group.id = community-consumer-group
	group.instance.id = null
	group.protocol = classic
	group.remote.assignor = null
	heartbeat.interval.ms = 3000
	interceptor.classes = []
	internal.leave.group.on.close = true
	internal.throw.on.fetch.stable.offset.unsupported = false
	isolation.level = read_uncommitted
	key.deserializer = class org.apache.kafka.common.serialization.StringDeserializer
	max.partition.fetch.bytes = 1048576
	max.poll.interval.ms = 300000
	max.poll.records = 500
	metadata.max.age.ms = 300000
	metric.reporters = []
	metrics.num.samples = 2
	metrics.recording.level = INFO
	metrics.sample.window.ms = 30000
	partition.assignment.strategy = [class org.apache.kafka.clients.consumer.RangeAssignor, class org.apache.kafka.clients.consumer.CooperativeStickyAssignor]
	receive.buffer.bytes = 65536
	reconnect.backoff.max.ms = 1000
	reconnect.backoff.ms = 50
	request.timeout.ms = 30000
	retry.backoff.max.ms = 1000
	retry.backoff.ms = 100
	sasl.client.callback.handler.class = null
	sasl.jaas.config = null
	sasl.kerberos.kinit.cmd = /usr/bin/kinit
	sasl.kerberos.min.time.before.relogin = 60000
	sasl.kerberos.service.name = null
	sasl.kerberos.ticket.renew.jitter = 0.05
	sasl.kerberos.ticket.renew.window.factor = 0.8
	sasl.login.callback.handler.class = null
	sasl.login.class = null
	sasl.login.connect.timeout.ms = null
	sasl.login.read.timeout.ms = null
	sasl.login.refresh.buffer.seconds = 300
	sasl.login.refresh.min.period.seconds = 60
	sasl.login.refresh.window.factor = 0.8
	sasl.login.refresh.window.jitter = 0.05
	sasl.login.retry.backoff.max.ms = 10000
	sasl.login.retry.backoff.ms = 100
	sasl.mechanism = GSSAPI
	sasl.oauthbearer.clock.skew.seconds = 30
	sasl.oauthbearer.expected.audience = null
	sasl.oauthbearer.expected.issuer = null
	sasl.oauthbearer.jwks.endpoint.refresh.ms = 3600000
	sasl.oauthbearer.jwks.endpoint.retry.backoff.max.ms = 10000
	sasl.oauthbearer.jwks.endpoint.retry.backoff.ms = 100
	sasl.oauthbearer.jwks.endpoint.url = null
	sasl.oauthbearer.scope.claim.name = scope
	sasl.oauthbearer.sub.claim.name = sub
	sasl.oauthbearer.token.endpoint.url = null
	security.protocol = PLAINTEXT
	security.providers = null
	send.buffer.bytes = 131072
	session.timeout.ms = 45000
	socket.connection.setup.timeout.max.ms = 30000
	socket.connection.setup.timeout.ms = 10000
	ssl.cipher.suites = null
	ssl.enabled.protocols = [TLSv1.2, TLSv1.3]
	ssl.endpoint.identification.algorithm = https
	ssl.engine.factory.class = null
	ssl.key.password = null
	ssl.keymanager.algorithm = SunX509
	ssl.keystore.certificate.chain = null
	ssl.keystore.key = null
	ssl.keystore.location = null
	ssl.keystore.password = null
	ssl.keystore.type = JKS
	ssl.protocol = TLSv1.3
	ssl.provider = null
	ssl.secure.random.implementation = null
	ssl.trustmanager.algorithm = PKIX
	ssl.truststore.certificates = null
	ssl.truststore.location = null
	ssl.truststore.password = null
	ssl.truststore.type = JKS
	value.deserializer = class org.apache.kafka.common.serialization.StringDeserializer

2024-06-29 22:10:42,425 INFO [main] o.a.k.c.t.i.KafkaMetricsCollector [KafkaMetricsCollector.java:297] initializing Kafka metrics collector
2024-06-29 22:10:42,635 INFO [main] o.a.k.c.u.AppInfoParser [AppInfoParser.java:124] Kafka version: 3.7.0
2024-06-29 22:10:42,637 INFO [main] o.a.k.c.u.AppInfoParser [AppInfoParser.java:125] Kafka commitId: 2ae524ed625438c5
2024-06-29 22:10:42,638 INFO [main] o.a.k.c.u.AppInfoParser [AppInfoParser.java:126] Kafka startTimeMs: 1719670242633
2024-06-29 22:10:42,644 INFO [main] o.a.k.c.c.i.LegacyKafkaConsumer [LegacyKafkaConsumer.java:475] [Consumer clientId=consumer-community-consumer-group-1, groupId=community-consumer-group] Subscribed to topic(s): test
2024-06-29 22:10:42,670 INFO [main] c.y.c.KafkaTests [StartupInfoLogger.java:56] Started KafkaTests in 3.954 seconds (process running for 4.966)
2024-06-29 22:10:43,028 INFO [org.springframework.kafka.KafkaListenerEndpointContainer#0-0-C-1] o.a.k.c.NetworkClient [NetworkClient.java:997] [Consumer clientId=consumer-community-consumer-group-1, groupId=community-consumer-group] Node -1 disconnected.
2024-06-29 22:10:43,165 INFO [org.springframework.kafka.KafkaListenerEndpointContainer#0-0-C-1] o.a.k.c.NetworkClient [NetworkClient.java:997] [Consumer clientId=consumer-community-consumer-group-1, groupId=community-consumer-group] Node -1 disconnected.
2024-06-29 22:10:43,282 INFO [org.springframework.kafka.KafkaListenerEndpointContainer#0-0-C-1] o.a.k.c.NetworkClient [NetworkClient.java:997] [Consumer clientId=consumer-community-consumer-group-1, groupId=community-consumer-group] Node -1 disconnected.
2024-06-29 22:10:43,535 INFO [org.springframework.kafka.KafkaListenerEndpointContainer#0-0-C-1] o.a.k.c.NetworkClient [NetworkClient.java:997] [Consumer clientId=consumer-community-consumer-group-1, groupId=community-consumer-group] Node -1 disconnected.
2024-06-29 22:10:43,572 INFO [main] o.a.k.c.p.ProducerConfig [AbstractConfig.java:370] ProducerConfig values: 
	acks = -1
	auto.include.jmx.reporter = true
	batch.size = 16384
	bootstrap.servers = [localhost:9092]
	buffer.memory = 33554432
	client.dns.lookup = use_all_dns_ips
	client.id = producer-1
	compression.type = none
	connections.max.idle.ms = 540000
	delivery.timeout.ms = 120000
	enable.idempotence = true
	enable.metrics.push = true
	interceptor.classes = []
	key.serializer = class org.apache.kafka.common.serialization.StringSerializer
	linger.ms = 0
	max.block.ms = 60000
	max.in.flight.requests.per.connection = 5
	max.request.size = 1048576
	metadata.max.age.ms = 300000
	metadata.max.idle.ms = 300000
	metric.reporters = []
	metrics.num.samples = 2
	metrics.recording.level = INFO
	metrics.sample.window.ms = 30000
	partitioner.adaptive.partitioning.enable = true
	partitioner.availability.timeout.ms = 0
	partitioner.class = null
	partitioner.ignore.keys = false
	receive.buffer.bytes = 32768
	reconnect.backoff.max.ms = 1000
	reconnect.backoff.ms = 50
	request.timeout.ms = 30000
	retries = 2147483647
	retry.backoff.max.ms = 1000
	retry.backoff.ms = 100
	sasl.client.callback.handler.class = null
	sasl.jaas.config = null
	sasl.kerberos.kinit.cmd = /usr/bin/kinit
	sasl.kerberos.min.time.before.relogin = 60000
	sasl.kerberos.service.name = null
	sasl.kerberos.ticket.renew.jitter = 0.05
	sasl.kerberos.ticket.renew.window.factor = 0.8
	sasl.login.callback.handler.class = null
	sasl.login.class = null
	sasl.login.connect.timeout.ms = null
	sasl.login.read.timeout.ms = null
	sasl.login.refresh.buffer.seconds = 300
	sasl.login.refresh.min.period.seconds = 60
	sasl.login.refresh.window.factor = 0.8
	sasl.login.refresh.window.jitter = 0.05
	sasl.login.retry.backoff.max.ms = 10000
	sasl.login.retry.backoff.ms = 100
	sasl.mechanism = GSSAPI
	sasl.oauthbearer.clock.skew.seconds = 30
	sasl.oauthbearer.expected.audience = null
	sasl.oauthbearer.expected.issuer = null
	sasl.oauthbearer.jwks.endpoint.refresh.ms = 3600000
	sasl.oauthbearer.jwks.endpoint.retry.backoff.max.ms = 10000
	sasl.oauthbearer.jwks.endpoint.retry.backoff.ms = 100
	sasl.oauthbearer.jwks.endpoint.url = null
	sasl.oauthbearer.scope.claim.name = scope
	sasl.oauthbearer.sub.claim.name = sub
	sasl.oauthbearer.token.endpoint.url = null
	security.protocol = PLAINTEXT
	security.providers = null
	send.buffer.bytes = 131072
	socket.connection.setup.timeout.max.ms = 30000
	socket.connection.setup.timeout.ms = 10000
	ssl.cipher.suites = null
	ssl.enabled.protocols = [TLSv1.2, TLSv1.3]
	ssl.endpoint.identification.algorithm = https
	ssl.engine.factory.class = null
	ssl.key.password = null
	ssl.keymanager.algorithm = SunX509
	ssl.keystore.certificate.chain = null
	ssl.keystore.key = null
	ssl.keystore.location = null
	ssl.keystore.password = null
	ssl.keystore.type = JKS
	ssl.protocol = TLSv1.3
	ssl.provider = null
	ssl.secure.random.implementation = null
	ssl.trustmanager.algorithm = PKIX
	ssl.truststore.certificates = null
	ssl.truststore.location = null
	ssl.truststore.password = null
	ssl.truststore.type = JKS
	transaction.timeout.ms = 60000
	transactional.id = null
	value.serializer = class org.apache.kafka.common.serialization.StringSerializer

2024-06-29 22:10:43,574 INFO [main] o.a.k.c.t.i.KafkaMetricsCollector [KafkaMetricsCollector.java:297] initializing Kafka metrics collector
2024-06-29 22:10:43,585 INFO [main] o.a.k.c.p.KafkaProducer [KafkaProducer.java:597] [Producer clientId=producer-1] Instantiated an idempotent producer.
2024-06-29 22:10:43,608 INFO [main] o.a.k.c.u.AppInfoParser [AppInfoParser.java:124] Kafka version: 3.7.0
2024-06-29 22:10:43,608 INFO [main] o.a.k.c.u.AppInfoParser [AppInfoParser.java:125] Kafka commitId: 2ae524ed625438c5
2024-06-29 22:10:43,608 INFO [main] o.a.k.c.u.AppInfoParser [AppInfoParser.java:126] Kafka startTimeMs: 1719670243608
2024-06-29 22:10:43,613 INFO [kafka-producer-network-thread | producer-1] o.a.k.c.NetworkClient [NetworkClient.java:997] [Producer clientId=producer-1] Node -1 disconnected.
2024-06-29 22:10:43,724 INFO [kafka-producer-network-thread | producer-1] o.a.k.c.NetworkClient [NetworkClient.java:997] [Producer clientId=producer-1] Node -1 disconnected.
2024-06-29 22:10:43,834 INFO [kafka-producer-network-thread | producer-1] o.a.k.c.NetworkClient [NetworkClient.java:997] [Producer clientId=producer-1] Node -1 disconnected.
2024-06-29 22:10:43,928 INFO [org.springframework.kafka.KafkaListenerEndpointContainer#0-0-C-1] o.a.k.c.NetworkClient [NetworkClient.java:997] [Consumer clientId=consumer-community-consumer-group-1, groupId=community-consumer-group] Node -1 disconnected.
2024-06-29 22:10:44,072 INFO [kafka-producer-network-thread | producer-1] o.a.k.c.NetworkClient [NetworkClient.java:997] [Producer clientId=producer-1] Node -1 disconnected.
2024-06-29 22:10:44,465 INFO [kafka-producer-network-thread | producer-1] o.a.k.c.NetworkClient [NetworkClient.java:997] [Producer clientId=producer-1] Node -1 disconnected.
2024-06-29 22:10:44,845 INFO [org.springframework.kafka.KafkaListenerEndpointContainer#0-0-C-1] o.a.k.c.NetworkClient [NetworkClient.java:997] [Consumer clientId=consumer-community-consumer-group-1, groupId=community-consumer-group] Node -1 disconnected.
2024-06-29 22:10:45,344 INFO [kafka-producer-network-thread | producer-1] o.a.k.c.NetworkClient [NetworkClient.java:997] [Producer clientId=producer-1] Node -1 disconnected.
2024-06-29 22:10:45,897 INFO [org.springframework.kafka.KafkaListenerEndpointContainer#0-0-C-1] o.a.k.c.NetworkClient [NetworkClient.java:997] [Consumer clientId=consumer-community-consumer-group-1, groupId=community-consumer-group] Node -1 disconnected.
2024-06-29 22:10:46,243 INFO [kafka-producer-network-thread | producer-1] o.a.k.c.NetworkClient [NetworkClient.java:997] [Producer clientId=producer-1] Node -1 disconnected.
2024-06-29 22:10:46,903 INFO [org.springframework.kafka.KafkaListenerEndpointContainer#0-0-C-1] o.a.k.c.NetworkClient [NetworkClient.java:997] [Consumer clientId=consumer-community-consumer-group-1, groupId=community-consumer-group] Node -1 disconnected.
2024-06-29 22:10:47,282 INFO [kafka-producer-network-thread | producer-1] o.a.k.c.NetworkClient [NetworkClient.java:997] [Producer clientId=producer-1] Node -1 disconnected.
2024-06-29 22:10:47,906 INFO [org.springframework.kafka.KafkaListenerEndpointContainer#0-0-C-1] o.a.k.c.NetworkClient [NetworkClient.java:997] [Consumer clientId=consumer-community-consumer-group-1, groupId=community-consumer-group] Node -1 disconnected.
2024-06-29 22:10:48,285 INFO [kafka-producer-network-thread | producer-1] o.a.k.c.NetworkClient [NetworkClient.java:997] [Producer clientId=producer-1] Node -1 disconnected.
2024-06-29 22:10:48,830 INFO [org.springframework.kafka.KafkaListenerEndpointContainer#0-0-C-1] o.a.k.c.NetworkClient [NetworkClient.java:997] [Consumer clientId=consumer-community-consumer-group-1, groupId=community-consumer-group] Node -1 disconnected.
2024-06-29 22:10:49,298 INFO [kafka-producer-network-thread | producer-1] o.a.k.c.NetworkClient [NetworkClient.java:997] [Producer clientId=producer-1] Node -1 disconnected.
2024-06-29 22:10:49,844 INFO [org.springframework.kafka.KafkaListenerEndpointContainer#0-0-C-1] o.a.k.c.NetworkClient [NetworkClient.java:997] [Consumer clientId=consumer-community-consumer-group-1, groupId=community-consumer-group] Node -1 disconnected.
2024-06-29 22:10:50,301 INFO [kafka-producer-network-thread | producer-1] o.a.k.c.NetworkClient [NetworkClient.java:997] [Producer clientId=producer-1] Node -1 disconnected.
2024-06-29 22:10:50,852 INFO [org.springframework.kafka.KafkaListenerEndpointContainer#0-0-C-1] o.a.k.c.NetworkClient [NetworkClient.java:997] [Consumer clientId=consumer-community-consumer-group-1, groupId=community-consumer-group] Node -1 disconnected.
2024-06-29 22:10:51,308 INFO [kafka-producer-network-thread | producer-1] o.a.k.c.NetworkClient [NetworkClient.java:997] [Producer clientId=producer-1] Node -1 disconnected.
2024-06-29 22:10:51,859 INFO [org.springframework.kafka.KafkaListenerEndpointContainer#0-0-C-1] o.a.k.c.NetworkClient [NetworkClient.java:997] [Consumer clientId=consumer-community-consumer-group-1, groupId=community-consumer-group] Node -1 disconnected.
2024-06-29 22:10:52,334 INFO [kafka-producer-network-thread | producer-1] o.a.k.c.NetworkClient [NetworkClient.java:997] [Producer clientId=producer-1] Node -1 disconnected.
2024-06-29 22:10:52,868 INFO [org.springframework.kafka.KafkaListenerEndpointContainer#0-0-C-1] o.a.k.c.NetworkClient [NetworkClient.java:997] [Consumer clientId=consumer-community-consumer-group-1, groupId=community-consumer-group] Node -1 disconnected.
2024-06-29 22:10:53,337 INFO [kafka-producer-network-thread | producer-1] o.a.k.c.NetworkClient [NetworkClient.java:997] [Producer clientId=producer-1] Node -1 disconnected.
2024-06-29 22:10:53,809 INFO [org.springframework.kafka.KafkaListenerEndpointContainer#0-0-C-1] o.a.k.c.NetworkClient [NetworkClient.java:997] [Consumer clientId=consumer-community-consumer-group-1, groupId=community-consumer-group] Node -1 disconnected.
2024-06-29 22:10:54,342 INFO [kafka-producer-network-thread | producer-1] o.a.k.c.NetworkClient [NetworkClient.java:997] [Producer clientId=producer-1] Node -1 disconnected.
2024-06-29 22:10:54,812 INFO [org.springframework.kafka.KafkaListenerEndpointContainer#0-0-C-1] o.a.k.c.NetworkClient [NetworkClient.java:997] [Consumer clientId=consumer-community-consumer-group-1, groupId=community-consumer-group] Node -1 disconnected.
2024-06-29 22:10:55,283 INFO [kafka-producer-network-thread | producer-1] o.a.k.c.NetworkClient [NetworkClient.java:997] [Producer clientId=producer-1] Node -1 disconnected.
2024-06-29 22:10:55,817 INFO [org.springframework.kafka.KafkaListenerEndpointContainer#0-0-C-1] o.a.k.c.NetworkClient [NetworkClient.java:997] [Consumer clientId=consumer-community-consumer-group-1, groupId=community-consumer-group] Node -1 disconnected.
2024-06-29 22:10:56,337 INFO [kafka-producer-network-thread | producer-1] o.a.k.c.NetworkClient [NetworkClient.java:997] [Producer clientId=producer-1] Node -1 disconnected.
2024-06-29 22:10:56,747 INFO [org.springframework.kafka.KafkaListenerEndpointContainer#0-0-C-1] o.a.k.c.NetworkClient [NetworkClient.java:997] [Consumer clientId=consumer-community-consumer-group-1, groupId=community-consumer-group] Node -1 disconnected.
2024-06-29 22:10:57,343 INFO [kafka-producer-network-thread | producer-1] o.a.k.c.NetworkClient [NetworkClient.java:997] [Producer clientId=producer-1] Node -1 disconnected.
2024-06-29 22:10:57,550 INFO [org.springframework.kafka.KafkaListenerEndpointContainer#0-0-C-1] o.a.k.c.NetworkClient [NetworkClient.java:997] [Consumer clientId=consumer-community-consumer-group-1, groupId=community-consumer-group] Node -1 disconnected.
2024-06-29 22:10:58,355 INFO [kafka-producer-network-thread | producer-1] o.a.k.c.NetworkClient [NetworkClient.java:997] [Producer clientId=producer-1] Node -1 disconnected.
2024-06-29 22:10:58,592 INFO [org.springframework.kafka.KafkaListenerEndpointContainer#0-0-C-1] o.a.k.c.NetworkClient [NetworkClient.java:997] [Consumer clientId=consumer-community-consumer-group-1, groupId=community-consumer-group] Node -1 disconnected.
2024-06-29 22:10:59,333 INFO [kafka-producer-network-thread | producer-1] o.a.k.c.NetworkClient [NetworkClient.java:997] [Producer clientId=producer-1] Node -1 disconnected.
2024-06-29 22:10:59,634 INFO [org.springframework.kafka.KafkaListenerEndpointContainer#0-0-C-1] o.a.k.c.NetworkClient [NetworkClient.java:997] [Consumer clientId=consumer-community-consumer-group-1, groupId=community-consumer-group] Node -1 disconnected.
2024-06-29 22:11:00,309 INFO [kafka-producer-network-thread | producer-1] o.a.k.c.NetworkClient [NetworkClient.java:997] [Producer clientId=producer-1] Node -1 disconnected.
2024-06-29 22:11:00,496 INFO [org.springframework.kafka.KafkaListenerEndpointContainer#0-0-C-1] o.a.k.c.NetworkClient [NetworkClient.java:997] [Consumer clientId=consumer-community-consumer-group-1, groupId=community-consumer-group] Node -1 disconnected.
2024-06-29 22:11:01,312 INFO [kafka-producer-network-thread | producer-1] o.a.k.c.NetworkClient [NetworkClient.java:997] [Producer clientId=producer-1] Node -1 disconnected.
2024-06-29 22:11:01,406 INFO [org.springframework.kafka.KafkaListenerEndpointContainer#0-0-C-1] o.a.k.c.NetworkClient [NetworkClient.java:997] [Consumer clientId=consumer-community-consumer-group-1, groupId=community-consumer-group] Node -1 disconnected.
2024-06-29 22:11:02,319 INFO [kafka-producer-network-thread | producer-1] o.a.k.c.NetworkClient [NetworkClient.java:997] [Producer clientId=producer-1] Node -1 disconnected.
2024-06-29 22:11:02,447 INFO [org.springframework.kafka.KafkaListenerEndpointContainer#0-0-C-1] o.a.k.c.NetworkClient [NetworkClient.java:997] [Consumer clientId=consumer-community-consumer-group-1, groupId=community-consumer-group] Node -1 disconnected.
2024-06-29 22:11:03,357 INFO [kafka-producer-network-thread | producer-1] o.a.k.c.NetworkClient [NetworkClient.java:997] [Producer clientId=producer-1] Node -1 disconnected.
2024-06-29 22:11:03,448 INFO [org.springframework.kafka.KafkaListenerEndpointContainer#0-0-C-1] o.a.k.c.NetworkClient [NetworkClient.java:997] [Consumer clientId=consumer-community-consumer-group-1, groupId=community-consumer-group] Node -1 disconnected.
2024-06-29 22:11:04,396 INFO [kafka-producer-network-thread | producer-1] o.a.k.c.NetworkClient [NetworkClient.java:997] [Producer clientId=producer-1] Node -1 disconnected.
2024-06-29 22:11:04,459 INFO [org.springframework.kafka.KafkaListenerEndpointContainer#0-0-C-1] o.a.k.c.NetworkClient [NetworkClient.java:997] [Consumer clientId=consumer-community-consumer-group-1, groupId=community-consumer-group] Node -1 disconnected.
2024-06-29 22:11:05,249 INFO [kafka-producer-network-thread | producer-1] o.a.k.c.NetworkClient [NetworkClient.java:997] [Producer clientId=producer-1] Node -1 disconnected.
2024-06-29 22:11:05,472 INFO [org.springframework.kafka.KafkaListenerEndpointContainer#0-0-C-1] o.a.k.c.NetworkClient [NetworkClient.java:997] [Consumer clientId=consumer-community-consumer-group-1, groupId=community-consumer-group] Node -1 disconnected.
2024-06-29 22:11:06,121 INFO [kafka-producer-network-thread | producer-1] o.a.k.c.NetworkClient [NetworkClient.java:997] [Producer clientId=producer-1] Node -1 disconnected.
2024-06-29 22:11:06,485 INFO [org.springframework.kafka.KafkaListenerEndpointContainer#0-0-C-1] o.a.k.c.NetworkClient [NetworkClient.java:997] [Consumer clientId=consumer-community-consumer-group-1, groupId=community-consumer-group] Node -1 disconnected.
2024-06-29 22:11:07,132 INFO [kafka-producer-network-thread | producer-1] o.a.k.c.NetworkClient [NetworkClient.java:997] [Producer clientId=producer-1] Node -1 disconnected.
2024-06-29 22:11:07,338 INFO [org.springframework.kafka.KafkaListenerEndpointContainer#0-0-C-1] o.a.k.c.NetworkClient [NetworkClient.java:997] [Consumer clientId=consumer-community-consumer-group-1, groupId=community-consumer-group] Node -1 disconnected.
2024-06-29 22:11:08,137 INFO [kafka-producer-network-thread | producer-1] o.a.k.c.NetworkClient [NetworkClient.java:997] [Producer clientId=producer-1] Node -1 disconnected.
2024-06-29 22:11:08,344 INFO [org.springframework.kafka.KafkaListenerEndpointContainer#0-0-C-1] o.a.k.c.NetworkClient [NetworkClient.java:997] [Consumer clientId=consumer-community-consumer-group-1, groupId=community-consumer-group] Node -1 disconnected.
2024-06-29 22:11:09,190 INFO [kafka-producer-network-thread | producer-1] o.a.k.c.NetworkClient [NetworkClient.java:997] [Producer clientId=producer-1] Node -1 disconnected.
2024-06-29 22:11:09,344 INFO [org.springframework.kafka.KafkaListenerEndpointContainer#0-0-C-1] o.a.k.c.NetworkClient [NetworkClient.java:997] [Consumer clientId=consumer-community-consumer-group-1, groupId=community-consumer-group] Node -1 disconnected.
2024-06-29 22:11:10,197 INFO [kafka-producer-network-thread | producer-1] o.a.k.c.NetworkClient [NetworkClient.java:997] [Producer clientId=producer-1] Node -1 disconnected.
2024-06-29 22:11:10,197 INFO [org.springframework.kafka.KafkaListenerEndpointContainer#0-0-C-1] o.a.k.c.NetworkClient [NetworkClient.java:997] [Consumer clientId=consumer-community-consumer-group-1, groupId=community-consumer-group] Node -1 disconnected.
2024-06-29 22:11:11,065 INFO [kafka-producer-network-thread | producer-1] o.a.k.c.NetworkClient [NetworkClient.java:997] [Producer clientId=producer-1] Node -1 disconnected.
2024-06-29 22:11:11,206 INFO [org.springframework.kafka.KafkaListenerEndpointContainer#0-0-C-1] o.a.k.c.NetworkClient [NetworkClient.java:997] [Consumer clientId=consumer-community-consumer-group-1, groupId=community-consumer-group] Node -1 disconnected.
2024-06-29 22:11:12,083 INFO [kafka-producer-network-thread | producer-1] o.a.k.c.NetworkClient [NetworkClient.java:997] [Producer clientId=producer-1] Node -1 disconnected.
2024-06-29 22:11:12,145 INFO [org.springframework.kafka.KafkaListenerEndpointContainer#0-0-C-1] o.a.k.c.NetworkClient [NetworkClient.java:997] [Consumer clientId=consumer-community-consumer-group-1, groupId=community-consumer-group] Node -1 disconnected.
2024-06-29 22:11:13,088 INFO [kafka-producer-network-thread | producer-1] o.a.k.c.NetworkClient [NetworkClient.java:997] [Producer clientId=producer-1] Node -1 disconnected.
2024-06-29 22:11:13,181 INFO [org.springframework.kafka.KafkaListenerEndpointContainer#0-0-C-1] o.a.k.c.NetworkClient [NetworkClient.java:997] [Consumer clientId=consumer-community-consumer-group-1, groupId=community-consumer-group] Node -1 disconnected.
2024-06-29 22:11:14,055 INFO [kafka-producer-network-thread | producer-1] o.a.k.c.NetworkClient [NetworkClient.java:997] [Producer clientId=producer-1] Node -1 disconnected.
2024-06-29 22:11:14,055 INFO [org.springframework.kafka.KafkaListenerEndpointContainer#0-0-C-1] o.a.k.c.NetworkClient [NetworkClient.java:997] [Consumer clientId=consumer-community-consumer-group-1, groupId=community-consumer-group] Node -1 disconnected.
2024-06-29 22:11:14,993 INFO [kafka-producer-network-thread | producer-1] o.a.k.c.NetworkClient [NetworkClient.java:997] [Producer clientId=producer-1] Node -1 disconnected.
2024-06-29 22:11:15,116 INFO [org.springframework.kafka.KafkaListenerEndpointContainer#0-0-C-1] o.a.k.c.NetworkClient [NetworkClient.java:997] [Consumer clientId=consumer-community-consumer-group-1, groupId=community-consumer-group] Node -1 disconnected.
2024-06-29 22:11:15,997 INFO [kafka-producer-network-thread | producer-1] o.a.k.c.NetworkClient [NetworkClient.java:997] [Producer clientId=producer-1] Node -1 disconnected.
2024-06-29 22:11:16,106 INFO [org.springframework.kafka.KafkaListenerEndpointContainer#0-0-C-1] o.a.k.c.NetworkClient [NetworkClient.java:997] [Consumer clientId=consumer-community-consumer-group-1, groupId=community-consumer-group] Node -1 disconnected.
2024-06-29 22:11:16,970 INFO [kafka-producer-network-thread | producer-1] o.a.k.c.NetworkClient [NetworkClient.java:997] [Producer clientId=producer-1] Node -1 disconnected.
2024-06-29 22:11:16,970 INFO [org.springframework.kafka.KafkaListenerEndpointContainer#0-0-C-1] o.a.k.c.NetworkClient [NetworkClient.java:997] [Consumer clientId=consumer-community-consumer-group-1, groupId=community-consumer-group] Node -1 disconnected.
2024-06-29 22:11:17,806 INFO [kafka-producer-network-thread | producer-1] o.a.k.c.NetworkClient [NetworkClient.java:997] [Producer clientId=producer-1] Node -1 disconnected.
2024-06-29 22:11:17,808 INFO [org.springframework.kafka.KafkaListenerEndpointContainer#0-0-C-1] o.a.k.c.NetworkClient [NetworkClient.java:997] [Consumer clientId=consumer-community-consumer-group-1, groupId=community-consumer-group] Node -1 disconnected.
2024-06-29 22:11:18,698 INFO [kafka-producer-network-thread | producer-1] o.a.k.c.NetworkClient [NetworkClient.java:997] [Producer clientId=producer-1] Node -1 disconnected.
2024-06-29 22:11:18,792 INFO [org.springframework.kafka.KafkaListenerEndpointContainer#0-0-C-1] o.a.k.c.NetworkClient [NetworkClient.java:997] [Consumer clientId=consumer-community-consumer-group-1, groupId=community-consumer-group] Node -1 disconnected.
2024-06-29 22:11:19,591 INFO [kafka-producer-network-thread | producer-1] o.a.k.c.NetworkClient [NetworkClient.java:997] [Producer clientId=producer-1] Node -1 disconnected.
2024-06-29 22:11:19,795 INFO [org.springframework.kafka.KafkaListenerEndpointContainer#0-0-C-1] o.a.k.c.NetworkClient [NetworkClient.java:997] [Consumer clientId=consumer-community-consumer-group-1, groupId=community-consumer-group] Node -1 disconnected.
2024-06-29 22:11:20,536 INFO [kafka-producer-network-thread | producer-1] o.a.k.c.NetworkClient [NetworkClient.java:997] [Producer clientId=producer-1] Node -1 disconnected.
2024-06-29 22:11:20,709 INFO [org.springframework.kafka.KafkaListenerEndpointContainer#0-0-C-1] o.a.k.c.NetworkClient [NetworkClient.java:997] [Consumer clientId=consumer-community-consumer-group-1, groupId=community-consumer-group] Node -1 disconnected.
2024-06-29 22:11:21,572 INFO [kafka-producer-network-thread | producer-1] o.a.k.c.NetworkClient [NetworkClient.java:997] [Producer clientId=producer-1] Node -1 disconnected.
2024-06-29 22:11:21,746 INFO [org.springframework.kafka.KafkaListenerEndpointContainer#0-0-C-1] o.a.k.c.NetworkClient [NetworkClient.java:997] [Consumer clientId=consumer-community-consumer-group-1, groupId=community-consumer-group] Node -1 disconnected.
2024-06-29 22:11:22,578 INFO [kafka-producer-network-thread | producer-1] o.a.k.c.NetworkClient [NetworkClient.java:997] [Producer clientId=producer-1] Node -1 disconnected.
2024-06-29 22:11:22,578 INFO [org.springframework.kafka.KafkaListenerEndpointContainer#0-0-C-1] o.a.k.c.NetworkClient [NetworkClient.java:997] [Consumer clientId=consumer-community-consumer-group-1, groupId=community-consumer-group] Node -1 disconnected.
2024-06-29 22:11:23,520 INFO [org.springframework.kafka.KafkaListenerEndpointContainer#0-0-C-1] o.a.k.c.NetworkClient [NetworkClient.java:997] [Consumer clientId=consumer-community-consumer-group-1, groupId=community-consumer-group] Node -1 disconnected.
2024-06-29 22:11:23,583 INFO [kafka-producer-network-thread | producer-1] o.a.k.c.NetworkClient [NetworkClient.java:997] [Producer clientId=producer-1] Node -1 disconnected.
2024-06-29 22:11:24,568 INFO [org.springframework.kafka.KafkaListenerEndpointContainer#0-0-C-1] o.a.k.c.NetworkClient [NetworkClient.java:997] [Consumer clientId=consumer-community-consumer-group-1, groupId=community-consumer-group] Node -1 disconnected.
2024-06-29 22:11:24,598 INFO [kafka-producer-network-thread | producer-1] o.a.k.c.NetworkClient [NetworkClient.java:997] [Producer clientId=producer-1] Node -1 disconnected.
2024-06-29 22:11:25,572 INFO [org.springframework.kafka.KafkaListenerEndpointContainer#0-0-C-1] o.a.k.c.NetworkClient [NetworkClient.java:997] [Consumer clientId=consumer-community-consumer-group-1, groupId=community-consumer-group] Node -1 disconnected.
2024-06-29 22:11:25,604 INFO [kafka-producer-network-thread | producer-1] o.a.k.c.NetworkClient [NetworkClient.java:997] [Producer clientId=producer-1] Node -1 disconnected.
2024-06-29 22:11:26,470 INFO [kafka-producer-network-thread | producer-1] o.a.k.c.NetworkClient [NetworkClient.java:997] [Producer clientId=producer-1] Node -1 disconnected.
2024-06-29 22:11:26,470 INFO [org.springframework.kafka.KafkaListenerEndpointContainer#0-0-C-1] o.a.k.c.NetworkClient [NetworkClient.java:997] [Consumer clientId=consumer-community-consumer-group-1, groupId=community-consumer-group] Node -1 disconnected.
2024-06-29 22:11:27,366 INFO [kafka-producer-network-thread | producer-1] o.a.k.c.NetworkClient [NetworkClient.java:997] [Producer clientId=producer-1] Node -1 disconnected.
2024-06-29 22:11:27,445 INFO [org.springframework.kafka.KafkaListenerEndpointContainer#0-0-C-1] o.a.k.c.NetworkClient [NetworkClient.java:997] [Consumer clientId=consumer-community-consumer-group-1, groupId=community-consumer-group] Node -1 disconnected.
2024-06-29 22:11:28,368 INFO [kafka-producer-network-thread | producer-1] o.a.k.c.NetworkClient [NetworkClient.java:997] [Producer clientId=producer-1] Node -1 disconnected.
2024-06-29 22:11:28,431 INFO [org.springframework.kafka.KafkaListenerEndpointContainer#0-0-C-1] o.a.k.c.NetworkClient [NetworkClient.java:997] [Consumer clientId=consumer-community-consumer-group-1, groupId=community-consumer-group] Node -1 disconnected.
2024-06-29 22:11:29,213 INFO [kafka-producer-network-thread | producer-1] o.a.k.c.NetworkClient [NetworkClient.java:997] [Producer clientId=producer-1] Node -1 disconnected.
2024-06-29 22:11:29,451 INFO [org.springframework.kafka.KafkaListenerEndpointContainer#0-0-C-1] o.a.k.c.NetworkClient [NetworkClient.java:997] [Consumer clientId=consumer-community-consumer-group-1, groupId=community-consumer-group] Node -1 disconnected.
2024-06-29 22:11:30,108 INFO [kafka-producer-network-thread | producer-1] o.a.k.c.NetworkClient [NetworkClient.java:997] [Producer clientId=producer-1] Node -1 disconnected.
2024-06-29 22:11:30,446 INFO [org.springframework.kafka.KafkaListenerEndpointContainer#0-0-C-1] o.a.k.c.NetworkClient [NetworkClient.java:997] [Consumer clientId=consumer-community-consumer-group-1, groupId=community-consumer-group] Node -1 disconnected.
2024-06-29 22:11:31,122 INFO [kafka-producer-network-thread | producer-1] o.a.k.c.NetworkClient [NetworkClient.java:997] [Producer clientId=producer-1] Node -1 disconnected.
2024-06-29 22:11:31,484 INFO [org.springframework.kafka.KafkaListenerEndpointContainer#0-0-C-1] o.a.k.c.NetworkClient [NetworkClient.java:997] [Consumer clientId=consumer-community-consumer-group-1, groupId=community-consumer-group] Node -1 disconnected.
2024-06-29 22:11:32,164 INFO [kafka-producer-network-thread | producer-1] o.a.k.c.NetworkClient [NetworkClient.java:997] [Producer clientId=producer-1] Node -1 disconnected.
2024-06-29 22:11:32,494 INFO [org.springframework.kafka.KafkaListenerEndpointContainer#0-0-C-1] o.a.k.c.NetworkClient [NetworkClient.java:997] [Consumer clientId=consumer-community-consumer-group-1, groupId=community-consumer-group] Node -1 disconnected.
2024-06-29 22:11:33,219 INFO [kafka-producer-network-thread | producer-1] o.a.k.c.NetworkClient [NetworkClient.java:997] [Producer clientId=producer-1] Node -1 disconnected.
2024-06-29 22:11:33,422 INFO [org.springframework.kafka.KafkaListenerEndpointContainer#0-0-C-1] o.a.k.c.NetworkClient [NetworkClient.java:997] [Consumer clientId=consumer-community-consumer-group-1, groupId=community-consumer-group] Node -1 disconnected.
2024-06-29 22:11:34,139 INFO [kafka-producer-network-thread | producer-1] o.a.k.c.NetworkClient [NetworkClient.java:997] [Producer clientId=producer-1] Node -1 disconnected.
2024-06-29 22:11:34,394 INFO [org.springframework.kafka.KafkaListenerEndpointContainer#0-0-C-1] o.a.k.c.NetworkClient [NetworkClient.java:997] [Consumer clientId=consumer-community-consumer-group-1, groupId=community-consumer-group] Node -1 disconnected.
2024-06-29 22:11:35,169 INFO [kafka-producer-network-thread | producer-1] o.a.k.c.NetworkClient [NetworkClient.java:997] [Producer clientId=producer-1] Node -1 disconnected.
2024-06-29 22:11:35,454 INFO [org.springframework.kafka.KafkaListenerEndpointContainer#0-0-C-1] o.a.k.c.NetworkClient [NetworkClient.java:997] [Consumer clientId=consumer-community-consumer-group-1, groupId=community-consumer-group] Node -1 disconnected.
2024-06-29 22:11:36,090 INFO [org.springframework.kafka.KafkaListenerEndpointContainer#0-0-C-1] o.a.k.c.c.i.ConsumerCoordinator [AbstractCoordinator.java:1055] [Consumer clientId=consumer-community-consumer-group-1, groupId=community-consumer-group] Resetting generation and member id due to: consumer pro-actively leaving the group
2024-06-29 22:11:36,090 INFO [org.springframework.kafka.KafkaListenerEndpointContainer#0-0-C-1] o.a.k.c.c.i.ConsumerCoordinator [AbstractCoordinator.java:1102] [Consumer clientId=consumer-community-consumer-group-1, groupId=community-consumer-group] Request joining group due to: consumer pro-actively leaving the group
2024-06-29 22:11:36,090 INFO [org.springframework.kafka.KafkaListenerEndpointContainer#0-0-C-1] o.a.k.c.c.i.LegacyKafkaConsumer [LegacyKafkaConsumer.java:546] [Consumer clientId=consumer-community-consumer-group-1, groupId=community-consumer-group] Unsubscribed all topics or patterns and assigned partitions
2024-06-29 22:11:36,091 INFO [org.springframework.kafka.KafkaListenerEndpointContainer#0-0-C-1] o.a.k.c.c.i.ConsumerCoordinator [AbstractCoordinator.java:1055] [Consumer clientId=consumer-community-consumer-group-1, groupId=community-consumer-group] Resetting generation and member id due to: consumer pro-actively leaving the group
2024-06-29 22:11:36,092 INFO [org.springframework.kafka.KafkaListenerEndpointContainer#0-0-C-1] o.a.k.c.c.i.ConsumerCoordinator [AbstractCoordinator.java:1102] [Consumer clientId=consumer-community-consumer-group-1, groupId=community-consumer-group] Request joining group due to: consumer pro-actively leaving the group
2024-06-29 22:11:36,094 INFO [org.springframework.kafka.KafkaListenerEndpointContainer#0-0-C-1] o.a.k.c.m.Metrics [Metrics.java:694] Metrics scheduler closed
2024-06-29 22:11:36,095 INFO [org.springframework.kafka.KafkaListenerEndpointContainer#0-0-C-1] o.a.k.c.m.Metrics [Metrics.java:698] Closing reporter org.apache.kafka.common.metrics.JmxReporter
2024-06-29 22:11:36,095 INFO [org.springframework.kafka.KafkaListenerEndpointContainer#0-0-C-1] o.a.k.c.m.Metrics [Metrics.java:698] Closing reporter org.apache.kafka.common.telemetry.internals.ClientTelemetryReporter
2024-06-29 22:11:36,095 INFO [org.springframework.kafka.KafkaListenerEndpointContainer#0-0-C-1] o.a.k.c.m.Metrics [Metrics.java:704] Metrics reporters closed
2024-06-29 22:11:36,105 INFO [org.springframework.kafka.KafkaListenerEndpointContainer#0-0-C-1] o.a.k.c.u.AppInfoParser [AppInfoParser.java:88] App info kafka.consumer for consumer-community-consumer-group-1 unregistered
2024-06-29 22:11:36,105 INFO [org.springframework.kafka.KafkaListenerEndpointContainer#0-0-C-1] o.s.k.l.KafkaMessageListenerContainer [LogAccessor.java:292] community-consumer-group: Consumer stopped
2024-06-29 22:11:36,112 INFO [SpringApplicationShutdownHook] o.a.k.c.p.KafkaProducer [KafkaProducer.java:1346] [Producer clientId=producer-1] Closing the Kafka producer with timeoutMillis = 30000 ms.
2024-06-29 22:11:36,115 INFO [SpringApplicationShutdownHook] o.a.k.c.m.Metrics [Metrics.java:694] Metrics scheduler closed
2024-06-29 22:11:36,116 INFO [SpringApplicationShutdownHook] o.a.k.c.m.Metrics [Metrics.java:698] Closing reporter org.apache.kafka.common.metrics.JmxReporter
2024-06-29 22:11:36,116 INFO [SpringApplicationShutdownHook] o.a.k.c.m.Metrics [Metrics.java:698] Closing reporter org.apache.kafka.common.telemetry.internals.ClientTelemetryReporter
2024-06-29 22:11:36,116 INFO [SpringApplicationShutdownHook] o.a.k.c.m.Metrics [Metrics.java:704] Metrics reporters closed
2024-06-29 22:11:36,117 INFO [SpringApplicationShutdownHook] o.a.k.c.u.AppInfoParser [AppInfoParser.java:88] App info kafka.producer for producer-1 unregistered
2024-06-29 22:13:50,529 INFO [main] c.y.c.KafkaTests [StartupInfoLogger.java:50] Starting KafkaTests using Java 21.0.3 with PID 13972 (started by 袁明海 in F:\IDEAProject\Yuanmh0919\nowcoder\community)
2024-06-29 22:13:50,532 INFO [main] c.y.c.KafkaTests [SpringApplication.java:654] No active profile set, falling back to 1 default profile: "default"
2024-06-29 22:13:51,292 INFO [main] o.s.d.r.c.RepositoryConfigurationDelegate [RepositoryConfigurationDelegate.java:295] Multiple Spring Data modules found, entering strict repository configuration mode
2024-06-29 22:13:51,296 INFO [main] o.s.d.r.c.RepositoryConfigurationDelegate [RepositoryConfigurationDelegate.java:143] Bootstrapping Spring Data Redis repositories in DEFAULT mode.
2024-06-29 22:13:51,325 INFO [main] o.s.d.r.c.RepositoryConfigurationDelegate [RepositoryConfigurationDelegate.java:211] Finished Spring Data repository scanning in 11 ms. Found 0 Redis repository interfaces.
2024-06-29 22:13:52,058 INFO [main] o.s.b.f.a.AutowiredAnnotationBeanPostProcessor [AutowiredAnnotationBeanPostProcessor.java:577] Autowired annotation is not supported on static fields: private static final org.slf4j.Logger com.yuanmh.community.controller.interceptor.TestInterceptor.logger
2024-06-29 22:13:53,085 INFO [main] o.s.b.a.w.s.WelcomePageHandlerMapping [WelcomePageHandlerMapping.java:59] Adding welcome page template: index
2024-06-29 22:13:53,881 INFO [main] o.a.k.c.c.ConsumerConfig [AbstractConfig.java:370] ConsumerConfig values: 
	allow.auto.create.topics = true
	auto.commit.interval.ms = 3000
	auto.include.jmx.reporter = true
	auto.offset.reset = latest
	bootstrap.servers = [localhost:9092]
	check.crcs = true
	client.dns.lookup = use_all_dns_ips
	client.id = consumer-community-consumer-group-1
	client.rack = 
	connections.max.idle.ms = 540000
	default.api.timeout.ms = 60000
	enable.auto.commit = true
	enable.metrics.push = true
	exclude.internal.topics = true
	fetch.max.bytes = 52428800
	fetch.max.wait.ms = 500
	fetch.min.bytes = 1
	group.id = community-consumer-group
	group.instance.id = null
	group.protocol = classic
	group.remote.assignor = null
	heartbeat.interval.ms = 3000
	interceptor.classes = []
	internal.leave.group.on.close = true
	internal.throw.on.fetch.stable.offset.unsupported = false
	isolation.level = read_uncommitted
	key.deserializer = class org.apache.kafka.common.serialization.StringDeserializer
	max.partition.fetch.bytes = 1048576
	max.poll.interval.ms = 300000
	max.poll.records = 500
	metadata.max.age.ms = 300000
	metric.reporters = []
	metrics.num.samples = 2
	metrics.recording.level = INFO
	metrics.sample.window.ms = 30000
	partition.assignment.strategy = [class org.apache.kafka.clients.consumer.RangeAssignor, class org.apache.kafka.clients.consumer.CooperativeStickyAssignor]
	receive.buffer.bytes = 65536
	reconnect.backoff.max.ms = 1000
	reconnect.backoff.ms = 50
	request.timeout.ms = 30000
	retry.backoff.max.ms = 1000
	retry.backoff.ms = 100
	sasl.client.callback.handler.class = null
	sasl.jaas.config = null
	sasl.kerberos.kinit.cmd = /usr/bin/kinit
	sasl.kerberos.min.time.before.relogin = 60000
	sasl.kerberos.service.name = null
	sasl.kerberos.ticket.renew.jitter = 0.05
	sasl.kerberos.ticket.renew.window.factor = 0.8
	sasl.login.callback.handler.class = null
	sasl.login.class = null
	sasl.login.connect.timeout.ms = null
	sasl.login.read.timeout.ms = null
	sasl.login.refresh.buffer.seconds = 300
	sasl.login.refresh.min.period.seconds = 60
	sasl.login.refresh.window.factor = 0.8
	sasl.login.refresh.window.jitter = 0.05
	sasl.login.retry.backoff.max.ms = 10000
	sasl.login.retry.backoff.ms = 100
	sasl.mechanism = GSSAPI
	sasl.oauthbearer.clock.skew.seconds = 30
	sasl.oauthbearer.expected.audience = null
	sasl.oauthbearer.expected.issuer = null
	sasl.oauthbearer.jwks.endpoint.refresh.ms = 3600000
	sasl.oauthbearer.jwks.endpoint.retry.backoff.max.ms = 10000
	sasl.oauthbearer.jwks.endpoint.retry.backoff.ms = 100
	sasl.oauthbearer.jwks.endpoint.url = null
	sasl.oauthbearer.scope.claim.name = scope
	sasl.oauthbearer.sub.claim.name = sub
	sasl.oauthbearer.token.endpoint.url = null
	security.protocol = PLAINTEXT
	security.providers = null
	send.buffer.bytes = 131072
	session.timeout.ms = 45000
	socket.connection.setup.timeout.max.ms = 30000
	socket.connection.setup.timeout.ms = 10000
	ssl.cipher.suites = null
	ssl.enabled.protocols = [TLSv1.2, TLSv1.3]
	ssl.endpoint.identification.algorithm = https
	ssl.engine.factory.class = null
	ssl.key.password = null
	ssl.keymanager.algorithm = SunX509
	ssl.keystore.certificate.chain = null
	ssl.keystore.key = null
	ssl.keystore.location = null
	ssl.keystore.password = null
	ssl.keystore.type = JKS
	ssl.protocol = TLSv1.3
	ssl.provider = null
	ssl.secure.random.implementation = null
	ssl.trustmanager.algorithm = PKIX
	ssl.truststore.certificates = null
	ssl.truststore.location = null
	ssl.truststore.password = null
	ssl.truststore.type = JKS
	value.deserializer = class org.apache.kafka.common.serialization.StringDeserializer

2024-06-29 22:13:53,936 INFO [main] o.a.k.c.t.i.KafkaMetricsCollector [KafkaMetricsCollector.java:297] initializing Kafka metrics collector
2024-06-29 22:13:54,136 INFO [main] o.a.k.c.u.AppInfoParser [AppInfoParser.java:124] Kafka version: 3.7.0
2024-06-29 22:13:54,138 INFO [main] o.a.k.c.u.AppInfoParser [AppInfoParser.java:125] Kafka commitId: 2ae524ed625438c5
2024-06-29 22:13:54,139 INFO [main] o.a.k.c.u.AppInfoParser [AppInfoParser.java:126] Kafka startTimeMs: 1719670434134
2024-06-29 22:13:54,144 INFO [main] o.a.k.c.c.i.LegacyKafkaConsumer [LegacyKafkaConsumer.java:475] [Consumer clientId=consumer-community-consumer-group-1, groupId=community-consumer-group] Subscribed to topic(s): test
2024-06-29 22:13:54,166 INFO [main] c.y.c.KafkaTests [StartupInfoLogger.java:56] Started KafkaTests in 4.03 seconds (process running for 5.05)
2024-06-29 22:13:54,681 INFO [org.springframework.kafka.KafkaListenerEndpointContainer#0-0-C-1] o.a.k.c.Metadata [Metadata.java:349] [Consumer clientId=consumer-community-consumer-group-1, groupId=community-consumer-group] Cluster ID: yNNn9RxzRBC7rMd5gpKAgQ
2024-06-29 22:13:54,683 INFO [org.springframework.kafka.KafkaListenerEndpointContainer#0-0-C-1] o.a.k.c.c.i.ConsumerCoordinator [AbstractCoordinator.java:936] [Consumer clientId=consumer-community-consumer-group-1, groupId=community-consumer-group] Discovered group coordinator LAPTOP-BI5DQG8F:9092 (id: 2147483647 rack: null)
2024-06-29 22:13:54,691 INFO [org.springframework.kafka.KafkaListenerEndpointContainer#0-0-C-1] o.a.k.c.c.i.ConsumerCoordinator [AbstractCoordinator.java:604] [Consumer clientId=consumer-community-consumer-group-1, groupId=community-consumer-group] (Re-)joining group
2024-06-29 22:13:54,721 INFO [org.springframework.kafka.KafkaListenerEndpointContainer#0-0-C-1] o.a.k.c.c.i.ConsumerCoordinator [AbstractCoordinator.java:1102] [Consumer clientId=consumer-community-consumer-group-1, groupId=community-consumer-group] Request joining group due to: need to re-join with the given member-id: consumer-community-consumer-group-1-8499b725-7cc9-4674-869b-3b32f151529d
2024-06-29 22:13:54,722 INFO [org.springframework.kafka.KafkaListenerEndpointContainer#0-0-C-1] o.a.k.c.c.i.ConsumerCoordinator [AbstractCoordinator.java:604] [Consumer clientId=consumer-community-consumer-group-1, groupId=community-consumer-group] (Re-)joining group
2024-06-29 22:13:54,740 INFO [org.springframework.kafka.KafkaListenerEndpointContainer#0-0-C-1] o.a.k.c.c.i.ConsumerCoordinator [AbstractCoordinator.java:665] [Consumer clientId=consumer-community-consumer-group-1, groupId=community-consumer-group] Successfully joined group with generation Generation{generationId=3, memberId='consumer-community-consumer-group-1-8499b725-7cc9-4674-869b-3b32f151529d', protocol='range'}
2024-06-29 22:13:54,748 INFO [org.springframework.kafka.KafkaListenerEndpointContainer#0-0-C-1] o.a.k.c.c.i.ConsumerCoordinator [ConsumerCoordinator.java:659] [Consumer clientId=consumer-community-consumer-group-1, groupId=community-consumer-group] Finished assignment for group at generation 3: {consumer-community-consumer-group-1-8499b725-7cc9-4674-869b-3b32f151529d=Assignment(partitions=[test-0])}
2024-06-29 22:13:54,798 INFO [org.springframework.kafka.KafkaListenerEndpointContainer#0-0-C-1] o.a.k.c.c.i.ConsumerCoordinator [AbstractCoordinator.java:842] [Consumer clientId=consumer-community-consumer-group-1, groupId=community-consumer-group] Successfully synced group in generation Generation{generationId=3, memberId='consumer-community-consumer-group-1-8499b725-7cc9-4674-869b-3b32f151529d', protocol='range'}
2024-06-29 22:13:54,799 INFO [org.springframework.kafka.KafkaListenerEndpointContainer#0-0-C-1] o.a.k.c.c.i.ConsumerCoordinator [ConsumerCoordinator.java:319] [Consumer clientId=consumer-community-consumer-group-1, groupId=community-consumer-group] Notifying assignor about the new Assignment(partitions=[test-0])
2024-06-29 22:13:54,802 INFO [org.springframework.kafka.KafkaListenerEndpointContainer#0-0-C-1] o.a.k.c.c.i.ConsumerRebalanceListenerInvoker [ConsumerRebalanceListenerInvoker.java:56] [Consumer clientId=consumer-community-consumer-group-1, groupId=community-consumer-group] Adding newly assigned partitions: test-0
2024-06-29 22:13:54,821 INFO [org.springframework.kafka.KafkaListenerEndpointContainer#0-0-C-1] o.a.k.c.c.i.ConsumerUtils [ConsumerUtils.java:199] Setting offset for partition test-0 to the committed offset FetchPosition{offset=22, offsetEpoch=Optional[0], currentLeader=LeaderAndEpoch{leader=Optional[LAPTOP-BI5DQG8F:9092 (id: 0 rack: null)], epoch=0}}
2024-06-29 22:13:54,844 INFO [org.springframework.kafka.KafkaListenerEndpointContainer#0-0-C-1] o.s.k.l.KafkaMessageListenerContainer [LogAccessor.java:292] community-consumer-group: partitions assigned: [test-0]
2024-06-29 22:13:55,160 INFO [main] o.a.k.c.p.ProducerConfig [AbstractConfig.java:370] ProducerConfig values: 
	acks = -1
	auto.include.jmx.reporter = true
	batch.size = 16384
	bootstrap.servers = [localhost:9092]
	buffer.memory = 33554432
	client.dns.lookup = use_all_dns_ips
	client.id = producer-1
	compression.type = none
	connections.max.idle.ms = 540000
	delivery.timeout.ms = 120000
	enable.idempotence = true
	enable.metrics.push = true
	interceptor.classes = []
	key.serializer = class org.apache.kafka.common.serialization.StringSerializer
	linger.ms = 0
	max.block.ms = 60000
	max.in.flight.requests.per.connection = 5
	max.request.size = 1048576
	metadata.max.age.ms = 300000
	metadata.max.idle.ms = 300000
	metric.reporters = []
	metrics.num.samples = 2
	metrics.recording.level = INFO
	metrics.sample.window.ms = 30000
	partitioner.adaptive.partitioning.enable = true
	partitioner.availability.timeout.ms = 0
	partitioner.class = null
	partitioner.ignore.keys = false
	receive.buffer.bytes = 32768
	reconnect.backoff.max.ms = 1000
	reconnect.backoff.ms = 50
	request.timeout.ms = 30000
	retries = 2147483647
	retry.backoff.max.ms = 1000
	retry.backoff.ms = 100
	sasl.client.callback.handler.class = null
	sasl.jaas.config = null
	sasl.kerberos.kinit.cmd = /usr/bin/kinit
	sasl.kerberos.min.time.before.relogin = 60000
	sasl.kerberos.service.name = null
	sasl.kerberos.ticket.renew.jitter = 0.05
	sasl.kerberos.ticket.renew.window.factor = 0.8
	sasl.login.callback.handler.class = null
	sasl.login.class = null
	sasl.login.connect.timeout.ms = null
	sasl.login.read.timeout.ms = null
	sasl.login.refresh.buffer.seconds = 300
	sasl.login.refresh.min.period.seconds = 60
	sasl.login.refresh.window.factor = 0.8
	sasl.login.refresh.window.jitter = 0.05
	sasl.login.retry.backoff.max.ms = 10000
	sasl.login.retry.backoff.ms = 100
	sasl.mechanism = GSSAPI
	sasl.oauthbearer.clock.skew.seconds = 30
	sasl.oauthbearer.expected.audience = null
	sasl.oauthbearer.expected.issuer = null
	sasl.oauthbearer.jwks.endpoint.refresh.ms = 3600000
	sasl.oauthbearer.jwks.endpoint.retry.backoff.max.ms = 10000
	sasl.oauthbearer.jwks.endpoint.retry.backoff.ms = 100
	sasl.oauthbearer.jwks.endpoint.url = null
	sasl.oauthbearer.scope.claim.name = scope
	sasl.oauthbearer.sub.claim.name = sub
	sasl.oauthbearer.token.endpoint.url = null
	security.protocol = PLAINTEXT
	security.providers = null
	send.buffer.bytes = 131072
	socket.connection.setup.timeout.max.ms = 30000
	socket.connection.setup.timeout.ms = 10000
	ssl.cipher.suites = null
	ssl.enabled.protocols = [TLSv1.2, TLSv1.3]
	ssl.endpoint.identification.algorithm = https
	ssl.engine.factory.class = null
	ssl.key.password = null
	ssl.keymanager.algorithm = SunX509
	ssl.keystore.certificate.chain = null
	ssl.keystore.key = null
	ssl.keystore.location = null
	ssl.keystore.password = null
	ssl.keystore.type = JKS
	ssl.protocol = TLSv1.3
	ssl.provider = null
	ssl.secure.random.implementation = null
	ssl.trustmanager.algorithm = PKIX
	ssl.truststore.certificates = null
	ssl.truststore.location = null
	ssl.truststore.password = null
	ssl.truststore.type = JKS
	transaction.timeout.ms = 60000
	transactional.id = null
	value.serializer = class org.apache.kafka.common.serialization.StringSerializer

2024-06-29 22:13:55,161 INFO [main] o.a.k.c.t.i.KafkaMetricsCollector [KafkaMetricsCollector.java:297] initializing Kafka metrics collector
2024-06-29 22:13:55,170 INFO [main] o.a.k.c.p.KafkaProducer [KafkaProducer.java:597] [Producer clientId=producer-1] Instantiated an idempotent producer.
2024-06-29 22:13:55,190 INFO [main] o.a.k.c.u.AppInfoParser [AppInfoParser.java:124] Kafka version: 3.7.0
2024-06-29 22:13:55,190 INFO [main] o.a.k.c.u.AppInfoParser [AppInfoParser.java:125] Kafka commitId: 2ae524ed625438c5
2024-06-29 22:13:55,191 INFO [main] o.a.k.c.u.AppInfoParser [AppInfoParser.java:126] Kafka startTimeMs: 1719670435190
2024-06-29 22:13:55,198 INFO [kafka-producer-network-thread | producer-1] o.a.k.c.Metadata [Metadata.java:349] [Producer clientId=producer-1] Cluster ID: yNNn9RxzRBC7rMd5gpKAgQ
2024-06-29 22:13:55,319 INFO [kafka-producer-network-thread | producer-1] o.a.k.c.p.i.TransactionManager [TransactionManager.java:502] [Producer clientId=producer-1] ProducerId set to 2000 with epoch 0
2024-06-29 22:14:00,257 INFO [org.springframework.kafka.KafkaListenerEndpointContainer#0-0-C-1] o.a.k.c.c.i.ConsumerRebalanceListenerInvoker [ConsumerRebalanceListenerInvoker.java:78] [Consumer clientId=consumer-community-consumer-group-1, groupId=community-consumer-group] Revoke previously assigned partitions test-0
2024-06-29 22:14:00,258 INFO [org.springframework.kafka.KafkaListenerEndpointContainer#0-0-C-1] o.s.k.l.KafkaMessageListenerContainer [LogAccessor.java:292] community-consumer-group: partitions revoked: [test-0]
2024-06-29 22:14:00,258 INFO [org.springframework.kafka.KafkaListenerEndpointContainer#0-0-C-1] o.a.k.c.c.i.ConsumerCoordinator [AbstractCoordinator.java:1163] [Consumer clientId=consumer-community-consumer-group-1, groupId=community-consumer-group] Member consumer-community-consumer-group-1-8499b725-7cc9-4674-869b-3b32f151529d sending LeaveGroup request to coordinator LAPTOP-BI5DQG8F:9092 (id: 2147483647 rack: null) due to the consumer unsubscribed from all topics
2024-06-29 22:14:00,259 INFO [org.springframework.kafka.KafkaListenerEndpointContainer#0-0-C-1] o.a.k.c.c.i.ConsumerCoordinator [AbstractCoordinator.java:1055] [Consumer clientId=consumer-community-consumer-group-1, groupId=community-consumer-group] Resetting generation and member id due to: consumer pro-actively leaving the group
2024-06-29 22:14:00,259 INFO [org.springframework.kafka.KafkaListenerEndpointContainer#0-0-C-1] o.a.k.c.c.i.ConsumerCoordinator [AbstractCoordinator.java:1102] [Consumer clientId=consumer-community-consumer-group-1, groupId=community-consumer-group] Request joining group due to: consumer pro-actively leaving the group
2024-06-29 22:14:00,259 INFO [org.springframework.kafka.KafkaListenerEndpointContainer#0-0-C-1] o.a.k.c.c.i.LegacyKafkaConsumer [LegacyKafkaConsumer.java:546] [Consumer clientId=consumer-community-consumer-group-1, groupId=community-consumer-group] Unsubscribed all topics or patterns and assigned partitions
2024-06-29 22:14:00,260 INFO [org.springframework.kafka.KafkaListenerEndpointContainer#0-0-C-1] o.a.k.c.c.i.ConsumerCoordinator [AbstractCoordinator.java:1055] [Consumer clientId=consumer-community-consumer-group-1, groupId=community-consumer-group] Resetting generation and member id due to: consumer pro-actively leaving the group
2024-06-29 22:14:00,260 INFO [org.springframework.kafka.KafkaListenerEndpointContainer#0-0-C-1] o.a.k.c.c.i.ConsumerCoordinator [AbstractCoordinator.java:1102] [Consumer clientId=consumer-community-consumer-group-1, groupId=community-consumer-group] Request joining group due to: consumer pro-actively leaving the group
2024-06-29 22:14:00,468 INFO [org.springframework.kafka.KafkaListenerEndpointContainer#0-0-C-1] o.a.k.c.m.Metrics [Metrics.java:694] Metrics scheduler closed
2024-06-29 22:14:00,469 INFO [org.springframework.kafka.KafkaListenerEndpointContainer#0-0-C-1] o.a.k.c.m.Metrics [Metrics.java:698] Closing reporter org.apache.kafka.common.metrics.JmxReporter
2024-06-29 22:14:00,469 INFO [org.springframework.kafka.KafkaListenerEndpointContainer#0-0-C-1] o.a.k.c.m.Metrics [Metrics.java:698] Closing reporter org.apache.kafka.common.telemetry.internals.ClientTelemetryReporter
2024-06-29 22:14:00,469 INFO [org.springframework.kafka.KafkaListenerEndpointContainer#0-0-C-1] o.a.k.c.m.Metrics [Metrics.java:704] Metrics reporters closed
2024-06-29 22:14:00,475 INFO [org.springframework.kafka.KafkaListenerEndpointContainer#0-0-C-1] o.a.k.c.u.AppInfoParser [AppInfoParser.java:88] App info kafka.consumer for consumer-community-consumer-group-1 unregistered
2024-06-29 22:14:00,475 INFO [org.springframework.kafka.KafkaListenerEndpointContainer#0-0-C-1] o.s.k.l.KafkaMessageListenerContainer [LogAccessor.java:292] community-consumer-group: Consumer stopped
2024-06-29 22:14:00,482 INFO [SpringApplicationShutdownHook] o.a.k.c.p.KafkaProducer [KafkaProducer.java:1346] [Producer clientId=producer-1] Closing the Kafka producer with timeoutMillis = 30000 ms.
2024-06-29 22:14:00,486 INFO [SpringApplicationShutdownHook] o.a.k.c.m.Metrics [Metrics.java:694] Metrics scheduler closed
2024-06-29 22:14:00,486 INFO [SpringApplicationShutdownHook] o.a.k.c.m.Metrics [Metrics.java:698] Closing reporter org.apache.kafka.common.metrics.JmxReporter
2024-06-29 22:14:00,486 INFO [SpringApplicationShutdownHook] o.a.k.c.m.Metrics [Metrics.java:698] Closing reporter org.apache.kafka.common.telemetry.internals.ClientTelemetryReporter
2024-06-29 22:14:00,486 INFO [SpringApplicationShutdownHook] o.a.k.c.m.Metrics [Metrics.java:704] Metrics reporters closed
2024-06-29 22:14:00,487 INFO [SpringApplicationShutdownHook] o.a.k.c.u.AppInfoParser [AppInfoParser.java:88] App info kafka.producer for producer-1 unregistered
