2024-06-30 09:09:36,700 INFO [main] c.y.c.KafkaTests [StartupInfoLogger.java:50] Starting KafkaTests using Java 21.0.3 with PID 17968 (started by 袁明海 in F:\IDEAProject\Yuanmh0919\nowcoder\community)
2024-06-30 09:09:36,711 INFO [main] c.y.c.KafkaTests [SpringApplication.java:654] No active profile set, falling back to 1 default profile: "default"
2024-06-30 09:09:37,861 INFO [main] o.s.d.r.c.RepositoryConfigurationDelegate [RepositoryConfigurationDelegate.java:295] Multiple Spring Data modules found, entering strict repository configuration mode
2024-06-30 09:09:37,866 INFO [main] o.s.d.r.c.RepositoryConfigurationDelegate [RepositoryConfigurationDelegate.java:143] Bootstrapping Spring Data Redis repositories in DEFAULT mode.
2024-06-30 09:09:37,894 INFO [main] o.s.d.r.c.RepositoryConfigurationDelegate [RepositoryConfigurationDelegate.java:211] Finished Spring Data repository scanning in 10 ms. Found 0 Redis repository interfaces.
2024-06-30 09:09:38,823 INFO [main] o.s.b.f.a.AutowiredAnnotationBeanPostProcessor [AutowiredAnnotationBeanPostProcessor.java:577] Autowired annotation is not supported on static fields: private static final org.slf4j.Logger com.yuanmh.community.controller.interceptor.TestInterceptor.logger
2024-06-30 09:09:40,019 INFO [main] o.s.b.a.w.s.WelcomePageHandlerMapping [WelcomePageHandlerMapping.java:59] Adding welcome page template: index
2024-06-30 09:09:40,875 INFO [main] o.a.k.c.c.ConsumerConfig [AbstractConfig.java:370] ConsumerConfig values: 
	allow.auto.create.topics = true
	auto.commit.interval.ms = 3000
	auto.include.jmx.reporter = true
	auto.offset.reset = latest
	bootstrap.servers = [localhost:9092]
	check.crcs = true
	client.dns.lookup = use_all_dns_ips
	client.id = consumer-community-consumer-group-1
	client.rack = 
	connections.max.idle.ms = 540000
	default.api.timeout.ms = 60000
	enable.auto.commit = true
	enable.metrics.push = true
	exclude.internal.topics = true
	fetch.max.bytes = 52428800
	fetch.max.wait.ms = 500
	fetch.min.bytes = 1
	group.id = community-consumer-group
	group.instance.id = null
	group.protocol = classic
	group.remote.assignor = null
	heartbeat.interval.ms = 3000
	interceptor.classes = []
	internal.leave.group.on.close = true
	internal.throw.on.fetch.stable.offset.unsupported = false
	isolation.level = read_uncommitted
	key.deserializer = class org.apache.kafka.common.serialization.StringDeserializer
	max.partition.fetch.bytes = 1048576
	max.poll.interval.ms = 300000
	max.poll.records = 500
	metadata.max.age.ms = 300000
	metric.reporters = []
	metrics.num.samples = 2
	metrics.recording.level = INFO
	metrics.sample.window.ms = 30000
	partition.assignment.strategy = [class org.apache.kafka.clients.consumer.RangeAssignor, class org.apache.kafka.clients.consumer.CooperativeStickyAssignor]
	receive.buffer.bytes = 65536
	reconnect.backoff.max.ms = 1000
	reconnect.backoff.ms = 50
	request.timeout.ms = 30000
	retry.backoff.max.ms = 1000
	retry.backoff.ms = 100
	sasl.client.callback.handler.class = null
	sasl.jaas.config = null
	sasl.kerberos.kinit.cmd = /usr/bin/kinit
	sasl.kerberos.min.time.before.relogin = 60000
	sasl.kerberos.service.name = null
	sasl.kerberos.ticket.renew.jitter = 0.05
	sasl.kerberos.ticket.renew.window.factor = 0.8
	sasl.login.callback.handler.class = null
	sasl.login.class = null
	sasl.login.connect.timeout.ms = null
	sasl.login.read.timeout.ms = null
	sasl.login.refresh.buffer.seconds = 300
	sasl.login.refresh.min.period.seconds = 60
	sasl.login.refresh.window.factor = 0.8
	sasl.login.refresh.window.jitter = 0.05
	sasl.login.retry.backoff.max.ms = 10000
	sasl.login.retry.backoff.ms = 100
	sasl.mechanism = GSSAPI
	sasl.oauthbearer.clock.skew.seconds = 30
	sasl.oauthbearer.expected.audience = null
	sasl.oauthbearer.expected.issuer = null
	sasl.oauthbearer.jwks.endpoint.refresh.ms = 3600000
	sasl.oauthbearer.jwks.endpoint.retry.backoff.max.ms = 10000
	sasl.oauthbearer.jwks.endpoint.retry.backoff.ms = 100
	sasl.oauthbearer.jwks.endpoint.url = null
	sasl.oauthbearer.scope.claim.name = scope
	sasl.oauthbearer.sub.claim.name = sub
	sasl.oauthbearer.token.endpoint.url = null
	security.protocol = PLAINTEXT
	security.providers = null
	send.buffer.bytes = 131072
	session.timeout.ms = 45000
	socket.connection.setup.timeout.max.ms = 30000
	socket.connection.setup.timeout.ms = 10000
	ssl.cipher.suites = null
	ssl.enabled.protocols = [TLSv1.2, TLSv1.3]
	ssl.endpoint.identification.algorithm = https
	ssl.engine.factory.class = null
	ssl.key.password = null
	ssl.keymanager.algorithm = SunX509
	ssl.keystore.certificate.chain = null
	ssl.keystore.key = null
	ssl.keystore.location = null
	ssl.keystore.password = null
	ssl.keystore.type = JKS
	ssl.protocol = TLSv1.3
	ssl.provider = null
	ssl.secure.random.implementation = null
	ssl.trustmanager.algorithm = PKIX
	ssl.truststore.certificates = null
	ssl.truststore.location = null
	ssl.truststore.password = null
	ssl.truststore.type = JKS
	value.deserializer = class org.apache.kafka.common.serialization.StringDeserializer

2024-06-30 09:09:40,945 INFO [main] o.a.k.c.t.i.KafkaMetricsCollector [KafkaMetricsCollector.java:297] initializing Kafka metrics collector
2024-06-30 09:09:41,217 INFO [main] o.a.k.c.u.AppInfoParser [AppInfoParser.java:124] Kafka version: 3.7.0
2024-06-30 09:09:41,219 INFO [main] o.a.k.c.u.AppInfoParser [AppInfoParser.java:125] Kafka commitId: 2ae524ed625438c5
2024-06-30 09:09:41,220 INFO [main] o.a.k.c.u.AppInfoParser [AppInfoParser.java:126] Kafka startTimeMs: 1719709781215
2024-06-30 09:09:41,227 INFO [main] o.a.k.c.c.i.LegacyKafkaConsumer [LegacyKafkaConsumer.java:475] [Consumer clientId=consumer-community-consumer-group-1, groupId=community-consumer-group] Subscribed to topic(s): test
2024-06-30 09:09:41,248 INFO [main] c.y.c.KafkaTests [StartupInfoLogger.java:56] Started KafkaTests in 5.101 seconds (process running for 6.582)
2024-06-30 09:09:41,821 INFO [org.springframework.kafka.KafkaListenerEndpointContainer#0-0-C-1] o.a.k.c.Metadata [Metadata.java:349] [Consumer clientId=consumer-community-consumer-group-1, groupId=community-consumer-group] Cluster ID: yNNn9RxzRBC7rMd5gpKAgQ
2024-06-30 09:09:41,822 INFO [org.springframework.kafka.KafkaListenerEndpointContainer#0-0-C-1] o.a.k.c.c.i.ConsumerCoordinator [AbstractCoordinator.java:936] [Consumer clientId=consumer-community-consumer-group-1, groupId=community-consumer-group] Discovered group coordinator LAPTOP-BI5DQG8F:9092 (id: 2147483647 rack: null)
2024-06-30 09:09:41,831 INFO [org.springframework.kafka.KafkaListenerEndpointContainer#0-0-C-1] o.a.k.c.c.i.ConsumerCoordinator [AbstractCoordinator.java:604] [Consumer clientId=consumer-community-consumer-group-1, groupId=community-consumer-group] (Re-)joining group
2024-06-30 09:09:41,860 INFO [org.springframework.kafka.KafkaListenerEndpointContainer#0-0-C-1] o.a.k.c.c.i.ConsumerCoordinator [AbstractCoordinator.java:1102] [Consumer clientId=consumer-community-consumer-group-1, groupId=community-consumer-group] Request joining group due to: need to re-join with the given member-id: consumer-community-consumer-group-1-87b28b1e-1fc5-4284-a88f-61997ef0fd05
2024-06-30 09:09:41,860 INFO [org.springframework.kafka.KafkaListenerEndpointContainer#0-0-C-1] o.a.k.c.c.i.ConsumerCoordinator [AbstractCoordinator.java:604] [Consumer clientId=consumer-community-consumer-group-1, groupId=community-consumer-group] (Re-)joining group
2024-06-30 09:09:41,876 INFO [org.springframework.kafka.KafkaListenerEndpointContainer#0-0-C-1] o.a.k.c.c.i.ConsumerCoordinator [AbstractCoordinator.java:665] [Consumer clientId=consumer-community-consumer-group-1, groupId=community-consumer-group] Successfully joined group with generation Generation{generationId=5, memberId='consumer-community-consumer-group-1-87b28b1e-1fc5-4284-a88f-61997ef0fd05', protocol='range'}
2024-06-30 09:09:41,884 INFO [org.springframework.kafka.KafkaListenerEndpointContainer#0-0-C-1] o.a.k.c.c.i.ConsumerCoordinator [ConsumerCoordinator.java:659] [Consumer clientId=consumer-community-consumer-group-1, groupId=community-consumer-group] Finished assignment for group at generation 5: {consumer-community-consumer-group-1-87b28b1e-1fc5-4284-a88f-61997ef0fd05=Assignment(partitions=[test-0])}
2024-06-30 09:09:41,942 INFO [org.springframework.kafka.KafkaListenerEndpointContainer#0-0-C-1] o.a.k.c.c.i.ConsumerCoordinator [AbstractCoordinator.java:842] [Consumer clientId=consumer-community-consumer-group-1, groupId=community-consumer-group] Successfully synced group in generation Generation{generationId=5, memberId='consumer-community-consumer-group-1-87b28b1e-1fc5-4284-a88f-61997ef0fd05', protocol='range'}
2024-06-30 09:09:41,943 INFO [org.springframework.kafka.KafkaListenerEndpointContainer#0-0-C-1] o.a.k.c.c.i.ConsumerCoordinator [ConsumerCoordinator.java:319] [Consumer clientId=consumer-community-consumer-group-1, groupId=community-consumer-group] Notifying assignor about the new Assignment(partitions=[test-0])
2024-06-30 09:09:41,947 INFO [org.springframework.kafka.KafkaListenerEndpointContainer#0-0-C-1] o.a.k.c.c.i.ConsumerRebalanceListenerInvoker [ConsumerRebalanceListenerInvoker.java:56] [Consumer clientId=consumer-community-consumer-group-1, groupId=community-consumer-group] Adding newly assigned partitions: test-0
2024-06-30 09:09:41,967 INFO [org.springframework.kafka.KafkaListenerEndpointContainer#0-0-C-1] o.a.k.c.c.i.ConsumerUtils [ConsumerUtils.java:199] Setting offset for partition test-0 to the committed offset FetchPosition{offset=24, offsetEpoch=Optional[0], currentLeader=LeaderAndEpoch{leader=Optional[LAPTOP-BI5DQG8F:9092 (id: 0 rack: null)], epoch=0}}
2024-06-30 09:09:41,990 INFO [org.springframework.kafka.KafkaListenerEndpointContainer#0-0-C-1] o.s.k.l.KafkaMessageListenerContainer [LogAccessor.java:292] community-consumer-group: partitions assigned: [test-0]
2024-06-30 09:09:42,332 INFO [main] o.a.k.c.p.ProducerConfig [AbstractConfig.java:370] ProducerConfig values: 
	acks = -1
	auto.include.jmx.reporter = true
	batch.size = 16384
	bootstrap.servers = [localhost:9092]
	buffer.memory = 33554432
	client.dns.lookup = use_all_dns_ips
	client.id = producer-1
	compression.type = none
	connections.max.idle.ms = 540000
	delivery.timeout.ms = 120000
	enable.idempotence = true
	enable.metrics.push = true
	interceptor.classes = []
	key.serializer = class org.apache.kafka.common.serialization.StringSerializer
	linger.ms = 0
	max.block.ms = 60000
	max.in.flight.requests.per.connection = 5
	max.request.size = 1048576
	metadata.max.age.ms = 300000
	metadata.max.idle.ms = 300000
	metric.reporters = []
	metrics.num.samples = 2
	metrics.recording.level = INFO
	metrics.sample.window.ms = 30000
	partitioner.adaptive.partitioning.enable = true
	partitioner.availability.timeout.ms = 0
	partitioner.class = null
	partitioner.ignore.keys = false
	receive.buffer.bytes = 32768
	reconnect.backoff.max.ms = 1000
	reconnect.backoff.ms = 50
	request.timeout.ms = 30000
	retries = 2147483647
	retry.backoff.max.ms = 1000
	retry.backoff.ms = 100
	sasl.client.callback.handler.class = null
	sasl.jaas.config = null
	sasl.kerberos.kinit.cmd = /usr/bin/kinit
	sasl.kerberos.min.time.before.relogin = 60000
	sasl.kerberos.service.name = null
	sasl.kerberos.ticket.renew.jitter = 0.05
	sasl.kerberos.ticket.renew.window.factor = 0.8
	sasl.login.callback.handler.class = null
	sasl.login.class = null
	sasl.login.connect.timeout.ms = null
	sasl.login.read.timeout.ms = null
	sasl.login.refresh.buffer.seconds = 300
	sasl.login.refresh.min.period.seconds = 60
	sasl.login.refresh.window.factor = 0.8
	sasl.login.refresh.window.jitter = 0.05
	sasl.login.retry.backoff.max.ms = 10000
	sasl.login.retry.backoff.ms = 100
	sasl.mechanism = GSSAPI
	sasl.oauthbearer.clock.skew.seconds = 30
	sasl.oauthbearer.expected.audience = null
	sasl.oauthbearer.expected.issuer = null
	sasl.oauthbearer.jwks.endpoint.refresh.ms = 3600000
	sasl.oauthbearer.jwks.endpoint.retry.backoff.max.ms = 10000
	sasl.oauthbearer.jwks.endpoint.retry.backoff.ms = 100
	sasl.oauthbearer.jwks.endpoint.url = null
	sasl.oauthbearer.scope.claim.name = scope
	sasl.oauthbearer.sub.claim.name = sub
	sasl.oauthbearer.token.endpoint.url = null
	security.protocol = PLAINTEXT
	security.providers = null
	send.buffer.bytes = 131072
	socket.connection.setup.timeout.max.ms = 30000
	socket.connection.setup.timeout.ms = 10000
	ssl.cipher.suites = null
	ssl.enabled.protocols = [TLSv1.2, TLSv1.3]
	ssl.endpoint.identification.algorithm = https
	ssl.engine.factory.class = null
	ssl.key.password = null
	ssl.keymanager.algorithm = SunX509
	ssl.keystore.certificate.chain = null
	ssl.keystore.key = null
	ssl.keystore.location = null
	ssl.keystore.password = null
	ssl.keystore.type = JKS
	ssl.protocol = TLSv1.3
	ssl.provider = null
	ssl.secure.random.implementation = null
	ssl.trustmanager.algorithm = PKIX
	ssl.truststore.certificates = null
	ssl.truststore.location = null
	ssl.truststore.password = null
	ssl.truststore.type = JKS
	transaction.timeout.ms = 60000
	transactional.id = null
	value.serializer = class org.apache.kafka.common.serialization.StringSerializer

2024-06-30 09:09:42,334 INFO [main] o.a.k.c.t.i.KafkaMetricsCollector [KafkaMetricsCollector.java:297] initializing Kafka metrics collector
2024-06-30 09:09:42,345 INFO [main] o.a.k.c.p.KafkaProducer [KafkaProducer.java:597] [Producer clientId=producer-1] Instantiated an idempotent producer.
2024-06-30 09:09:42,365 INFO [main] o.a.k.c.u.AppInfoParser [AppInfoParser.java:124] Kafka version: 3.7.0
2024-06-30 09:09:42,366 INFO [main] o.a.k.c.u.AppInfoParser [AppInfoParser.java:125] Kafka commitId: 2ae524ed625438c5
2024-06-30 09:09:42,366 INFO [main] o.a.k.c.u.AppInfoParser [AppInfoParser.java:126] Kafka startTimeMs: 1719709782365
2024-06-30 09:09:42,375 INFO [kafka-producer-network-thread | producer-1] o.a.k.c.Metadata [Metadata.java:349] [Producer clientId=producer-1] Cluster ID: yNNn9RxzRBC7rMd5gpKAgQ
2024-06-30 09:09:42,489 INFO [kafka-producer-network-thread | producer-1] o.a.k.c.p.i.TransactionManager [TransactionManager.java:502] [Producer clientId=producer-1] ProducerId set to 3000 with epoch 0
2024-06-30 09:09:47,441 INFO [org.springframework.kafka.KafkaListenerEndpointContainer#0-0-C-1] o.a.k.c.c.i.ConsumerRebalanceListenerInvoker [ConsumerRebalanceListenerInvoker.java:78] [Consumer clientId=consumer-community-consumer-group-1, groupId=community-consumer-group] Revoke previously assigned partitions test-0
2024-06-30 09:09:47,442 INFO [org.springframework.kafka.KafkaListenerEndpointContainer#0-0-C-1] o.s.k.l.KafkaMessageListenerContainer [LogAccessor.java:292] community-consumer-group: partitions revoked: [test-0]
2024-06-30 09:09:47,443 INFO [org.springframework.kafka.KafkaListenerEndpointContainer#0-0-C-1] o.a.k.c.c.i.ConsumerCoordinator [AbstractCoordinator.java:1163] [Consumer clientId=consumer-community-consumer-group-1, groupId=community-consumer-group] Member consumer-community-consumer-group-1-87b28b1e-1fc5-4284-a88f-61997ef0fd05 sending LeaveGroup request to coordinator LAPTOP-BI5DQG8F:9092 (id: 2147483647 rack: null) due to the consumer unsubscribed from all topics
2024-06-30 09:09:47,444 INFO [org.springframework.kafka.KafkaListenerEndpointContainer#0-0-C-1] o.a.k.c.c.i.ConsumerCoordinator [AbstractCoordinator.java:1055] [Consumer clientId=consumer-community-consumer-group-1, groupId=community-consumer-group] Resetting generation and member id due to: consumer pro-actively leaving the group
2024-06-30 09:09:47,444 INFO [org.springframework.kafka.KafkaListenerEndpointContainer#0-0-C-1] o.a.k.c.c.i.ConsumerCoordinator [AbstractCoordinator.java:1102] [Consumer clientId=consumer-community-consumer-group-1, groupId=community-consumer-group] Request joining group due to: consumer pro-actively leaving the group
2024-06-30 09:09:47,444 INFO [org.springframework.kafka.KafkaListenerEndpointContainer#0-0-C-1] o.a.k.c.c.i.LegacyKafkaConsumer [LegacyKafkaConsumer.java:546] [Consumer clientId=consumer-community-consumer-group-1, groupId=community-consumer-group] Unsubscribed all topics or patterns and assigned partitions
2024-06-30 09:09:47,446 INFO [org.springframework.kafka.KafkaListenerEndpointContainer#0-0-C-1] o.a.k.c.c.i.ConsumerCoordinator [AbstractCoordinator.java:1055] [Consumer clientId=consumer-community-consumer-group-1, groupId=community-consumer-group] Resetting generation and member id due to: consumer pro-actively leaving the group
2024-06-30 09:09:47,446 INFO [org.springframework.kafka.KafkaListenerEndpointContainer#0-0-C-1] o.a.k.c.c.i.ConsumerCoordinator [AbstractCoordinator.java:1102] [Consumer clientId=consumer-community-consumer-group-1, groupId=community-consumer-group] Request joining group due to: consumer pro-actively leaving the group
2024-06-30 09:09:47,648 INFO [org.springframework.kafka.KafkaListenerEndpointContainer#0-0-C-1] o.a.k.c.m.Metrics [Metrics.java:694] Metrics scheduler closed
2024-06-30 09:09:47,648 INFO [org.springframework.kafka.KafkaListenerEndpointContainer#0-0-C-1] o.a.k.c.m.Metrics [Metrics.java:698] Closing reporter org.apache.kafka.common.metrics.JmxReporter
2024-06-30 09:09:47,648 INFO [org.springframework.kafka.KafkaListenerEndpointContainer#0-0-C-1] o.a.k.c.m.Metrics [Metrics.java:698] Closing reporter org.apache.kafka.common.telemetry.internals.ClientTelemetryReporter
2024-06-30 09:09:47,648 INFO [org.springframework.kafka.KafkaListenerEndpointContainer#0-0-C-1] o.a.k.c.m.Metrics [Metrics.java:704] Metrics reporters closed
2024-06-30 09:09:47,654 INFO [org.springframework.kafka.KafkaListenerEndpointContainer#0-0-C-1] o.a.k.c.u.AppInfoParser [AppInfoParser.java:88] App info kafka.consumer for consumer-community-consumer-group-1 unregistered
2024-06-30 09:09:47,654 INFO [org.springframework.kafka.KafkaListenerEndpointContainer#0-0-C-1] o.s.k.l.KafkaMessageListenerContainer [LogAccessor.java:292] community-consumer-group: Consumer stopped
2024-06-30 09:09:47,662 INFO [SpringApplicationShutdownHook] o.a.k.c.p.KafkaProducer [KafkaProducer.java:1346] [Producer clientId=producer-1] Closing the Kafka producer with timeoutMillis = 30000 ms.
2024-06-30 09:09:47,666 INFO [SpringApplicationShutdownHook] o.a.k.c.m.Metrics [Metrics.java:694] Metrics scheduler closed
2024-06-30 09:09:47,667 INFO [SpringApplicationShutdownHook] o.a.k.c.m.Metrics [Metrics.java:698] Closing reporter org.apache.kafka.common.metrics.JmxReporter
2024-06-30 09:09:47,667 INFO [SpringApplicationShutdownHook] o.a.k.c.m.Metrics [Metrics.java:698] Closing reporter org.apache.kafka.common.telemetry.internals.ClientTelemetryReporter
2024-06-30 09:09:47,667 INFO [SpringApplicationShutdownHook] o.a.k.c.m.Metrics [Metrics.java:704] Metrics reporters closed
2024-06-30 09:09:47,667 INFO [SpringApplicationShutdownHook] o.a.k.c.u.AppInfoParser [AppInfoParser.java:88] App info kafka.producer for producer-1 unregistered
2024-06-30 09:11:24,459 INFO [main] c.y.c.KafkaTests [StartupInfoLogger.java:50] Starting KafkaTests using Java 21.0.3 with PID 2152 (started by 袁明海 in F:\IDEAProject\Yuanmh0919\nowcoder\community)
2024-06-30 09:11:24,461 INFO [main] c.y.c.KafkaTests [SpringApplication.java:654] No active profile set, falling back to 1 default profile: "default"
2024-06-30 09:11:25,209 INFO [main] o.s.d.r.c.RepositoryConfigurationDelegate [RepositoryConfigurationDelegate.java:295] Multiple Spring Data modules found, entering strict repository configuration mode
2024-06-30 09:11:25,212 INFO [main] o.s.d.r.c.RepositoryConfigurationDelegate [RepositoryConfigurationDelegate.java:143] Bootstrapping Spring Data Redis repositories in DEFAULT mode.
2024-06-30 09:11:25,237 INFO [main] o.s.d.r.c.RepositoryConfigurationDelegate [RepositoryConfigurationDelegate.java:211] Finished Spring Data repository scanning in 11 ms. Found 0 Redis repository interfaces.
2024-06-30 09:11:25,994 INFO [main] o.s.b.f.a.AutowiredAnnotationBeanPostProcessor [AutowiredAnnotationBeanPostProcessor.java:577] Autowired annotation is not supported on static fields: private static final org.slf4j.Logger com.yuanmh.community.controller.interceptor.TestInterceptor.logger
2024-06-30 09:11:27,178 INFO [main] o.s.b.a.w.s.WelcomePageHandlerMapping [WelcomePageHandlerMapping.java:59] Adding welcome page template: index
2024-06-30 09:11:28,212 INFO [main] o.a.k.c.c.ConsumerConfig [AbstractConfig.java:370] ConsumerConfig values: 
	allow.auto.create.topics = true
	auto.commit.interval.ms = 3000
	auto.include.jmx.reporter = true
	auto.offset.reset = latest
	bootstrap.servers = [localhost:9092]
	check.crcs = true
	client.dns.lookup = use_all_dns_ips
	client.id = consumer-community-consumer-group-1
	client.rack = 
	connections.max.idle.ms = 540000
	default.api.timeout.ms = 60000
	enable.auto.commit = true
	enable.metrics.push = true
	exclude.internal.topics = true
	fetch.max.bytes = 52428800
	fetch.max.wait.ms = 500
	fetch.min.bytes = 1
	group.id = community-consumer-group
	group.instance.id = null
	group.protocol = classic
	group.remote.assignor = null
	heartbeat.interval.ms = 3000
	interceptor.classes = []
	internal.leave.group.on.close = true
	internal.throw.on.fetch.stable.offset.unsupported = false
	isolation.level = read_uncommitted
	key.deserializer = class org.apache.kafka.common.serialization.StringDeserializer
	max.partition.fetch.bytes = 1048576
	max.poll.interval.ms = 300000
	max.poll.records = 500
	metadata.max.age.ms = 300000
	metric.reporters = []
	metrics.num.samples = 2
	metrics.recording.level = INFO
	metrics.sample.window.ms = 30000
	partition.assignment.strategy = [class org.apache.kafka.clients.consumer.RangeAssignor, class org.apache.kafka.clients.consumer.CooperativeStickyAssignor]
	receive.buffer.bytes = 65536
	reconnect.backoff.max.ms = 1000
	reconnect.backoff.ms = 50
	request.timeout.ms = 30000
	retry.backoff.max.ms = 1000
	retry.backoff.ms = 100
	sasl.client.callback.handler.class = null
	sasl.jaas.config = null
	sasl.kerberos.kinit.cmd = /usr/bin/kinit
	sasl.kerberos.min.time.before.relogin = 60000
	sasl.kerberos.service.name = null
	sasl.kerberos.ticket.renew.jitter = 0.05
	sasl.kerberos.ticket.renew.window.factor = 0.8
	sasl.login.callback.handler.class = null
	sasl.login.class = null
	sasl.login.connect.timeout.ms = null
	sasl.login.read.timeout.ms = null
	sasl.login.refresh.buffer.seconds = 300
	sasl.login.refresh.min.period.seconds = 60
	sasl.login.refresh.window.factor = 0.8
	sasl.login.refresh.window.jitter = 0.05
	sasl.login.retry.backoff.max.ms = 10000
	sasl.login.retry.backoff.ms = 100
	sasl.mechanism = GSSAPI
	sasl.oauthbearer.clock.skew.seconds = 30
	sasl.oauthbearer.expected.audience = null
	sasl.oauthbearer.expected.issuer = null
	sasl.oauthbearer.jwks.endpoint.refresh.ms = 3600000
	sasl.oauthbearer.jwks.endpoint.retry.backoff.max.ms = 10000
	sasl.oauthbearer.jwks.endpoint.retry.backoff.ms = 100
	sasl.oauthbearer.jwks.endpoint.url = null
	sasl.oauthbearer.scope.claim.name = scope
	sasl.oauthbearer.sub.claim.name = sub
	sasl.oauthbearer.token.endpoint.url = null
	security.protocol = PLAINTEXT
	security.providers = null
	send.buffer.bytes = 131072
	session.timeout.ms = 45000
	socket.connection.setup.timeout.max.ms = 30000
	socket.connection.setup.timeout.ms = 10000
	ssl.cipher.suites = null
	ssl.enabled.protocols = [TLSv1.2, TLSv1.3]
	ssl.endpoint.identification.algorithm = https
	ssl.engine.factory.class = null
	ssl.key.password = null
	ssl.keymanager.algorithm = SunX509
	ssl.keystore.certificate.chain = null
	ssl.keystore.key = null
	ssl.keystore.location = null
	ssl.keystore.password = null
	ssl.keystore.type = JKS
	ssl.protocol = TLSv1.3
	ssl.provider = null
	ssl.secure.random.implementation = null
	ssl.trustmanager.algorithm = PKIX
	ssl.truststore.certificates = null
	ssl.truststore.location = null
	ssl.truststore.password = null
	ssl.truststore.type = JKS
	value.deserializer = class org.apache.kafka.common.serialization.StringDeserializer

2024-06-30 09:11:28,286 INFO [main] o.a.k.c.t.i.KafkaMetricsCollector [KafkaMetricsCollector.java:297] initializing Kafka metrics collector
2024-06-30 09:11:28,537 INFO [main] o.a.k.c.u.AppInfoParser [AppInfoParser.java:124] Kafka version: 3.7.0
2024-06-30 09:11:28,539 INFO [main] o.a.k.c.u.AppInfoParser [AppInfoParser.java:125] Kafka commitId: 2ae524ed625438c5
2024-06-30 09:11:28,539 INFO [main] o.a.k.c.u.AppInfoParser [AppInfoParser.java:126] Kafka startTimeMs: 1719709888535
2024-06-30 09:11:28,545 INFO [main] o.a.k.c.c.i.LegacyKafkaConsumer [LegacyKafkaConsumer.java:475] [Consumer clientId=consumer-community-consumer-group-1, groupId=community-consumer-group] Subscribed to topic(s): test
2024-06-30 09:11:28,574 INFO [main] c.y.c.KafkaTests [StartupInfoLogger.java:56] Started KafkaTests in 4.546 seconds (process running for 5.776)
2024-06-30 09:11:28,957 INFO [org.springframework.kafka.KafkaListenerEndpointContainer#0-0-C-1] o.a.k.c.NetworkClient [NetworkClient.java:997] [Consumer clientId=consumer-community-consumer-group-1, groupId=community-consumer-group] Node -1 disconnected.
2024-06-30 09:11:29,069 INFO [org.springframework.kafka.KafkaListenerEndpointContainer#0-0-C-1] o.a.k.c.NetworkClient [NetworkClient.java:997] [Consumer clientId=consumer-community-consumer-group-1, groupId=community-consumer-group] Node -1 disconnected.
2024-06-30 09:11:29,201 INFO [org.springframework.kafka.KafkaListenerEndpointContainer#0-0-C-1] o.a.k.c.NetworkClient [NetworkClient.java:997] [Consumer clientId=consumer-community-consumer-group-1, groupId=community-consumer-group] Node -1 disconnected.
2024-06-30 09:11:29,434 INFO [org.springframework.kafka.KafkaListenerEndpointContainer#0-0-C-1] o.a.k.c.NetworkClient [NetworkClient.java:997] [Consumer clientId=consumer-community-consumer-group-1, groupId=community-consumer-group] Node -1 disconnected.
2024-06-30 09:11:29,617 INFO [main] o.a.k.c.p.ProducerConfig [AbstractConfig.java:370] ProducerConfig values: 
	acks = -1
	auto.include.jmx.reporter = true
	batch.size = 16384
	bootstrap.servers = [localhost:9092]
	buffer.memory = 33554432
	client.dns.lookup = use_all_dns_ips
	client.id = producer-1
	compression.type = none
	connections.max.idle.ms = 540000
	delivery.timeout.ms = 120000
	enable.idempotence = true
	enable.metrics.push = true
	interceptor.classes = []
	key.serializer = class org.apache.kafka.common.serialization.StringSerializer
	linger.ms = 0
	max.block.ms = 60000
	max.in.flight.requests.per.connection = 5
	max.request.size = 1048576
	metadata.max.age.ms = 300000
	metadata.max.idle.ms = 300000
	metric.reporters = []
	metrics.num.samples = 2
	metrics.recording.level = INFO
	metrics.sample.window.ms = 30000
	partitioner.adaptive.partitioning.enable = true
	partitioner.availability.timeout.ms = 0
	partitioner.class = null
	partitioner.ignore.keys = false
	receive.buffer.bytes = 32768
	reconnect.backoff.max.ms = 1000
	reconnect.backoff.ms = 50
	request.timeout.ms = 30000
	retries = 2147483647
	retry.backoff.max.ms = 1000
	retry.backoff.ms = 100
	sasl.client.callback.handler.class = null
	sasl.jaas.config = null
	sasl.kerberos.kinit.cmd = /usr/bin/kinit
	sasl.kerberos.min.time.before.relogin = 60000
	sasl.kerberos.service.name = null
	sasl.kerberos.ticket.renew.jitter = 0.05
	sasl.kerberos.ticket.renew.window.factor = 0.8
	sasl.login.callback.handler.class = null
	sasl.login.class = null
	sasl.login.connect.timeout.ms = null
	sasl.login.read.timeout.ms = null
	sasl.login.refresh.buffer.seconds = 300
	sasl.login.refresh.min.period.seconds = 60
	sasl.login.refresh.window.factor = 0.8
	sasl.login.refresh.window.jitter = 0.05
	sasl.login.retry.backoff.max.ms = 10000
	sasl.login.retry.backoff.ms = 100
	sasl.mechanism = GSSAPI
	sasl.oauthbearer.clock.skew.seconds = 30
	sasl.oauthbearer.expected.audience = null
	sasl.oauthbearer.expected.issuer = null
	sasl.oauthbearer.jwks.endpoint.refresh.ms = 3600000
	sasl.oauthbearer.jwks.endpoint.retry.backoff.max.ms = 10000
	sasl.oauthbearer.jwks.endpoint.retry.backoff.ms = 100
	sasl.oauthbearer.jwks.endpoint.url = null
	sasl.oauthbearer.scope.claim.name = scope
	sasl.oauthbearer.sub.claim.name = sub
	sasl.oauthbearer.token.endpoint.url = null
	security.protocol = PLAINTEXT
	security.providers = null
	send.buffer.bytes = 131072
	socket.connection.setup.timeout.max.ms = 30000
	socket.connection.setup.timeout.ms = 10000
	ssl.cipher.suites = null
	ssl.enabled.protocols = [TLSv1.2, TLSv1.3]
	ssl.endpoint.identification.algorithm = https
	ssl.engine.factory.class = null
	ssl.key.password = null
	ssl.keymanager.algorithm = SunX509
	ssl.keystore.certificate.chain = null
	ssl.keystore.key = null
	ssl.keystore.location = null
	ssl.keystore.password = null
	ssl.keystore.type = JKS
	ssl.protocol = TLSv1.3
	ssl.provider = null
	ssl.secure.random.implementation = null
	ssl.trustmanager.algorithm = PKIX
	ssl.truststore.certificates = null
	ssl.truststore.location = null
	ssl.truststore.password = null
	ssl.truststore.type = JKS
	transaction.timeout.ms = 60000
	transactional.id = null
	value.serializer = class org.apache.kafka.common.serialization.StringSerializer

2024-06-30 09:11:29,619 INFO [main] o.a.k.c.t.i.KafkaMetricsCollector [KafkaMetricsCollector.java:297] initializing Kafka metrics collector
2024-06-30 09:11:29,630 INFO [main] o.a.k.c.p.KafkaProducer [KafkaProducer.java:597] [Producer clientId=producer-1] Instantiated an idempotent producer.
2024-06-30 09:11:29,656 INFO [main] o.a.k.c.u.AppInfoParser [AppInfoParser.java:124] Kafka version: 3.7.0
2024-06-30 09:11:29,656 INFO [main] o.a.k.c.u.AppInfoParser [AppInfoParser.java:125] Kafka commitId: 2ae524ed625438c5
2024-06-30 09:11:29,656 INFO [main] o.a.k.c.u.AppInfoParser [AppInfoParser.java:126] Kafka startTimeMs: 1719709889656
2024-06-30 09:11:29,667 INFO [kafka-producer-network-thread | producer-1] o.a.k.c.NetworkClient [NetworkClient.java:997] [Producer clientId=producer-1] Node -1 disconnected.
2024-06-30 09:11:29,777 INFO [kafka-producer-network-thread | producer-1] o.a.k.c.NetworkClient [NetworkClient.java:997] [Producer clientId=producer-1] Node -1 disconnected.
2024-06-30 09:11:29,824 INFO [org.springframework.kafka.KafkaListenerEndpointContainer#0-0-C-1] o.a.k.c.NetworkClient [NetworkClient.java:997] [Consumer clientId=consumer-community-consumer-group-1, groupId=community-consumer-group] Node -1 disconnected.
2024-06-30 09:11:29,949 INFO [kafka-producer-network-thread | producer-1] o.a.k.c.NetworkClient [NetworkClient.java:997] [Producer clientId=producer-1] Node -1 disconnected.
2024-06-30 09:11:30,123 INFO [kafka-producer-network-thread | producer-1] o.a.k.c.NetworkClient [NetworkClient.java:997] [Producer clientId=producer-1] Node -1 disconnected.
2024-06-30 09:11:30,516 INFO [org.springframework.kafka.KafkaListenerEndpointContainer#0-0-C-1] o.a.k.c.NetworkClient [NetworkClient.java:997] [Consumer clientId=consumer-community-consumer-group-1, groupId=community-consumer-group] Node -1 disconnected.
2024-06-30 09:11:30,532 INFO [kafka-producer-network-thread | producer-1] o.a.k.c.NetworkClient [NetworkClient.java:997] [Producer clientId=producer-1] Node -1 disconnected.
2024-06-30 09:11:31,254 INFO [kafka-producer-network-thread | producer-1] o.a.k.c.NetworkClient [NetworkClient.java:997] [Producer clientId=producer-1] Node -1 disconnected.
2024-06-30 09:11:31,570 INFO [org.springframework.kafka.KafkaListenerEndpointContainer#0-0-C-1] o.a.k.c.NetworkClient [NetworkClient.java:997] [Consumer clientId=consumer-community-consumer-group-1, groupId=community-consumer-group] Node -1 disconnected.
2024-06-30 09:11:32,153 INFO [kafka-producer-network-thread | producer-1] o.a.k.c.NetworkClient [NetworkClient.java:997] [Producer clientId=producer-1] Node -1 disconnected.
2024-06-30 09:11:32,615 INFO [org.springframework.kafka.KafkaListenerEndpointContainer#0-0-C-1] o.a.k.c.NetworkClient [NetworkClient.java:997] [Consumer clientId=consumer-community-consumer-group-1, groupId=community-consumer-group] Node -1 disconnected.
2024-06-30 09:11:32,967 INFO [kafka-producer-network-thread | producer-1] o.a.k.c.NetworkClient [NetworkClient.java:997] [Producer clientId=producer-1] Node -1 disconnected.
2024-06-30 09:11:33,569 INFO [org.springframework.kafka.KafkaListenerEndpointContainer#0-0-C-1] o.a.k.c.NetworkClient [NetworkClient.java:997] [Consumer clientId=consumer-community-consumer-group-1, groupId=community-consumer-group] Node -1 disconnected.
2024-06-30 09:11:33,867 INFO [kafka-producer-network-thread | producer-1] o.a.k.c.NetworkClient [NetworkClient.java:997] [Producer clientId=producer-1] Node -1 disconnected.
2024-06-30 09:11:34,493 INFO [org.springframework.kafka.KafkaListenerEndpointContainer#0-0-C-1] o.a.k.c.NetworkClient [NetworkClient.java:997] [Consumer clientId=consumer-community-consumer-group-1, groupId=community-consumer-group] Node -1 disconnected.
2024-06-30 09:11:34,919 INFO [kafka-producer-network-thread | producer-1] o.a.k.c.NetworkClient [NetworkClient.java:997] [Producer clientId=producer-1] Node -1 disconnected.
2024-06-30 09:11:35,550 INFO [org.springframework.kafka.KafkaListenerEndpointContainer#0-0-C-1] o.a.k.c.NetworkClient [NetworkClient.java:997] [Consumer clientId=consumer-community-consumer-group-1, groupId=community-consumer-group] Node -1 disconnected.
2024-06-30 09:11:35,931 INFO [kafka-producer-network-thread | producer-1] o.a.k.c.NetworkClient [NetworkClient.java:997] [Producer clientId=producer-1] Node -1 disconnected.
2024-06-30 09:11:36,597 INFO [org.springframework.kafka.KafkaListenerEndpointContainer#0-0-C-1] o.a.k.c.NetworkClient [NetworkClient.java:997] [Consumer clientId=consumer-community-consumer-group-1, groupId=community-consumer-group] Node -1 disconnected.
2024-06-30 09:11:36,834 INFO [kafka-producer-network-thread | producer-1] o.a.k.c.NetworkClient [NetworkClient.java:997] [Producer clientId=producer-1] Node -1 disconnected.
2024-06-30 09:11:37,600 INFO [org.springframework.kafka.KafkaListenerEndpointContainer#0-0-C-1] o.a.k.c.NetworkClient [NetworkClient.java:997] [Consumer clientId=consumer-community-consumer-group-1, groupId=community-consumer-group] Node -1 disconnected.
2024-06-30 09:11:37,804 INFO [kafka-producer-network-thread | producer-1] o.a.k.c.NetworkClient [NetworkClient.java:997] [Producer clientId=producer-1] Node -1 disconnected.
2024-06-30 09:11:38,705 INFO [org.springframework.kafka.KafkaListenerEndpointContainer#0-0-C-1] o.a.k.c.NetworkClient [NetworkClient.java:997] [Consumer clientId=consumer-community-consumer-group-1, groupId=community-consumer-group] Node -1 disconnected.
2024-06-30 09:11:38,790 INFO [kafka-producer-network-thread | producer-1] o.a.k.c.NetworkClient [NetworkClient.java:997] [Producer clientId=producer-1] Node -1 disconnected.
2024-06-30 09:11:39,719 INFO [org.springframework.kafka.KafkaListenerEndpointContainer#0-0-C-1] o.a.k.c.NetworkClient [NetworkClient.java:997] [Consumer clientId=consumer-community-consumer-group-1, groupId=community-consumer-group] Node -1 disconnected.
2024-06-30 09:11:39,798 INFO [kafka-producer-network-thread | producer-1] o.a.k.c.NetworkClient [NetworkClient.java:997] [Producer clientId=producer-1] Node -1 disconnected.
2024-06-30 09:11:40,711 INFO [org.springframework.kafka.KafkaListenerEndpointContainer#0-0-C-1] o.a.k.c.NetworkClient [NetworkClient.java:997] [Consumer clientId=consumer-community-consumer-group-1, groupId=community-consumer-group] Node -1 disconnected.
2024-06-30 09:11:40,805 INFO [kafka-producer-network-thread | producer-1] o.a.k.c.NetworkClient [NetworkClient.java:997] [Producer clientId=producer-1] Node -1 disconnected.
2024-06-30 09:11:41,586 INFO [org.springframework.kafka.KafkaListenerEndpointContainer#0-0-C-1] o.a.k.c.NetworkClient [NetworkClient.java:997] [Consumer clientId=consumer-community-consumer-group-1, groupId=community-consumer-group] Node -1 disconnected.
2024-06-30 09:11:41,820 INFO [kafka-producer-network-thread | producer-1] o.a.k.c.NetworkClient [NetworkClient.java:997] [Producer clientId=producer-1] Node -1 disconnected.
2024-06-30 09:11:42,554 INFO [org.springframework.kafka.KafkaListenerEndpointContainer#0-0-C-1] o.a.k.c.NetworkClient [NetworkClient.java:997] [Consumer clientId=consumer-community-consumer-group-1, groupId=community-consumer-group] Node -1 disconnected.
2024-06-30 09:11:42,665 INFO [kafka-producer-network-thread | producer-1] o.a.k.c.NetworkClient [NetworkClient.java:997] [Producer clientId=producer-1] Node -1 disconnected.
2024-06-30 09:11:43,566 INFO [org.springframework.kafka.KafkaListenerEndpointContainer#0-0-C-1] o.a.k.c.NetworkClient [NetworkClient.java:997] [Consumer clientId=consumer-community-consumer-group-1, groupId=community-consumer-group] Node -1 disconnected.
2024-06-30 09:11:43,597 INFO [kafka-producer-network-thread | producer-1] o.a.k.c.NetworkClient [NetworkClient.java:997] [Producer clientId=producer-1] Node -1 disconnected.
2024-06-30 09:11:44,562 INFO [kafka-producer-network-thread | producer-1] o.a.k.c.NetworkClient [NetworkClient.java:997] [Producer clientId=producer-1] Node -1 disconnected.
2024-06-30 09:11:44,573 INFO [org.springframework.kafka.KafkaListenerEndpointContainer#0-0-C-1] o.a.k.c.NetworkClient [NetworkClient.java:997] [Consumer clientId=consumer-community-consumer-group-1, groupId=community-consumer-group] Node -1 disconnected.
2024-06-30 09:11:45,481 INFO [kafka-producer-network-thread | producer-1] o.a.k.c.NetworkClient [NetworkClient.java:997] [Producer clientId=producer-1] Node -1 disconnected.
2024-06-30 09:11:45,481 INFO [org.springframework.kafka.KafkaListenerEndpointContainer#0-0-C-1] o.a.k.c.NetworkClient [NetworkClient.java:997] [Consumer clientId=consumer-community-consumer-group-1, groupId=community-consumer-group] Node -1 disconnected.
2024-06-30 09:11:46,335 INFO [org.springframework.kafka.KafkaListenerEndpointContainer#0-0-C-1] o.a.k.c.c.i.ConsumerCoordinator [AbstractCoordinator.java:1055] [Consumer clientId=consumer-community-consumer-group-1, groupId=community-consumer-group] Resetting generation and member id due to: consumer pro-actively leaving the group
2024-06-30 09:11:46,336 INFO [org.springframework.kafka.KafkaListenerEndpointContainer#0-0-C-1] o.a.k.c.c.i.ConsumerCoordinator [AbstractCoordinator.java:1102] [Consumer clientId=consumer-community-consumer-group-1, groupId=community-consumer-group] Request joining group due to: consumer pro-actively leaving the group
2024-06-30 09:11:46,336 INFO [org.springframework.kafka.KafkaListenerEndpointContainer#0-0-C-1] o.a.k.c.c.i.LegacyKafkaConsumer [LegacyKafkaConsumer.java:546] [Consumer clientId=consumer-community-consumer-group-1, groupId=community-consumer-group] Unsubscribed all topics or patterns and assigned partitions
2024-06-30 09:11:46,337 INFO [org.springframework.kafka.KafkaListenerEndpointContainer#0-0-C-1] o.a.k.c.c.i.ConsumerCoordinator [AbstractCoordinator.java:1055] [Consumer clientId=consumer-community-consumer-group-1, groupId=community-consumer-group] Resetting generation and member id due to: consumer pro-actively leaving the group
2024-06-30 09:11:46,337 INFO [org.springframework.kafka.KafkaListenerEndpointContainer#0-0-C-1] o.a.k.c.c.i.ConsumerCoordinator [AbstractCoordinator.java:1102] [Consumer clientId=consumer-community-consumer-group-1, groupId=community-consumer-group] Request joining group due to: consumer pro-actively leaving the group
2024-06-30 09:11:46,340 INFO [org.springframework.kafka.KafkaListenerEndpointContainer#0-0-C-1] o.a.k.c.m.Metrics [Metrics.java:694] Metrics scheduler closed
2024-06-30 09:11:46,340 INFO [org.springframework.kafka.KafkaListenerEndpointContainer#0-0-C-1] o.a.k.c.m.Metrics [Metrics.java:698] Closing reporter org.apache.kafka.common.metrics.JmxReporter
2024-06-30 09:11:46,340 INFO [org.springframework.kafka.KafkaListenerEndpointContainer#0-0-C-1] o.a.k.c.m.Metrics [Metrics.java:698] Closing reporter org.apache.kafka.common.telemetry.internals.ClientTelemetryReporter
2024-06-30 09:11:46,340 INFO [org.springframework.kafka.KafkaListenerEndpointContainer#0-0-C-1] o.a.k.c.m.Metrics [Metrics.java:704] Metrics reporters closed
2024-06-30 09:11:46,345 INFO [org.springframework.kafka.KafkaListenerEndpointContainer#0-0-C-1] o.a.k.c.u.AppInfoParser [AppInfoParser.java:88] App info kafka.consumer for consumer-community-consumer-group-1 unregistered
2024-06-30 09:11:46,345 INFO [org.springframework.kafka.KafkaListenerEndpointContainer#0-0-C-1] o.s.k.l.KafkaMessageListenerContainer [LogAccessor.java:292] community-consumer-group: Consumer stopped
2024-06-30 09:11:46,353 INFO [SpringApplicationShutdownHook] o.a.k.c.p.KafkaProducer [KafkaProducer.java:1346] [Producer clientId=producer-1] Closing the Kafka producer with timeoutMillis = 30000 ms.
2024-06-30 09:11:46,356 INFO [SpringApplicationShutdownHook] o.a.k.c.m.Metrics [Metrics.java:694] Metrics scheduler closed
2024-06-30 09:11:46,356 INFO [SpringApplicationShutdownHook] o.a.k.c.m.Metrics [Metrics.java:698] Closing reporter org.apache.kafka.common.metrics.JmxReporter
2024-06-30 09:11:46,357 INFO [SpringApplicationShutdownHook] o.a.k.c.m.Metrics [Metrics.java:698] Closing reporter org.apache.kafka.common.telemetry.internals.ClientTelemetryReporter
2024-06-30 09:11:46,357 INFO [SpringApplicationShutdownHook] o.a.k.c.m.Metrics [Metrics.java:704] Metrics reporters closed
2024-06-30 09:11:46,358 INFO [SpringApplicationShutdownHook] o.a.k.c.u.AppInfoParser [AppInfoParser.java:88] App info kafka.producer for producer-1 unregistered
2024-06-30 09:35:52,231 INFO [main] c.y.c.KafkaTests [StartupInfoLogger.java:50] Starting KafkaTests using Java 21.0.3 with PID 11680 (started by 袁明海 in F:\IDEAProject\Yuanmh0919\nowcoder\community)
2024-06-30 09:35:52,233 INFO [main] c.y.c.KafkaTests [SpringApplication.java:654] No active profile set, falling back to 1 default profile: "default"
2024-06-30 09:35:52,973 INFO [main] o.s.d.r.c.RepositoryConfigurationDelegate [RepositoryConfigurationDelegate.java:295] Multiple Spring Data modules found, entering strict repository configuration mode
2024-06-30 09:35:52,976 INFO [main] o.s.d.r.c.RepositoryConfigurationDelegate [RepositoryConfigurationDelegate.java:143] Bootstrapping Spring Data Redis repositories in DEFAULT mode.
2024-06-30 09:35:53,006 INFO [main] o.s.d.r.c.RepositoryConfigurationDelegate [RepositoryConfigurationDelegate.java:211] Finished Spring Data repository scanning in 11 ms. Found 0 Redis repository interfaces.
2024-06-30 09:35:53,716 INFO [main] o.s.b.f.a.AutowiredAnnotationBeanPostProcessor [AutowiredAnnotationBeanPostProcessor.java:577] Autowired annotation is not supported on static fields: private static final org.slf4j.Logger com.yuanmh.community.controller.interceptor.TestInterceptor.logger
2024-06-30 09:35:54,730 INFO [main] o.s.b.a.w.s.WelcomePageHandlerMapping [WelcomePageHandlerMapping.java:59] Adding welcome page template: index
2024-06-30 09:35:55,513 INFO [main] o.a.k.c.c.ConsumerConfig [AbstractConfig.java:370] ConsumerConfig values: 
	allow.auto.create.topics = true
	auto.commit.interval.ms = 3000
	auto.include.jmx.reporter = true
	auto.offset.reset = latest
	bootstrap.servers = [localhost:9092]
	check.crcs = true
	client.dns.lookup = use_all_dns_ips
	client.id = consumer-community-consumer-group-1
	client.rack = 
	connections.max.idle.ms = 540000
	default.api.timeout.ms = 60000
	enable.auto.commit = true
	enable.metrics.push = true
	exclude.internal.topics = true
	fetch.max.bytes = 52428800
	fetch.max.wait.ms = 500
	fetch.min.bytes = 1
	group.id = community-consumer-group
	group.instance.id = null
	group.protocol = classic
	group.remote.assignor = null
	heartbeat.interval.ms = 3000
	interceptor.classes = []
	internal.leave.group.on.close = true
	internal.throw.on.fetch.stable.offset.unsupported = false
	isolation.level = read_uncommitted
	key.deserializer = class org.apache.kafka.common.serialization.StringDeserializer
	max.partition.fetch.bytes = 1048576
	max.poll.interval.ms = 300000
	max.poll.records = 500
	metadata.max.age.ms = 300000
	metric.reporters = []
	metrics.num.samples = 2
	metrics.recording.level = INFO
	metrics.sample.window.ms = 30000
	partition.assignment.strategy = [class org.apache.kafka.clients.consumer.RangeAssignor, class org.apache.kafka.clients.consumer.CooperativeStickyAssignor]
	receive.buffer.bytes = 65536
	reconnect.backoff.max.ms = 1000
	reconnect.backoff.ms = 50
	request.timeout.ms = 30000
	retry.backoff.max.ms = 1000
	retry.backoff.ms = 100
	sasl.client.callback.handler.class = null
	sasl.jaas.config = null
	sasl.kerberos.kinit.cmd = /usr/bin/kinit
	sasl.kerberos.min.time.before.relogin = 60000
	sasl.kerberos.service.name = null
	sasl.kerberos.ticket.renew.jitter = 0.05
	sasl.kerberos.ticket.renew.window.factor = 0.8
	sasl.login.callback.handler.class = null
	sasl.login.class = null
	sasl.login.connect.timeout.ms = null
	sasl.login.read.timeout.ms = null
	sasl.login.refresh.buffer.seconds = 300
	sasl.login.refresh.min.period.seconds = 60
	sasl.login.refresh.window.factor = 0.8
	sasl.login.refresh.window.jitter = 0.05
	sasl.login.retry.backoff.max.ms = 10000
	sasl.login.retry.backoff.ms = 100
	sasl.mechanism = GSSAPI
	sasl.oauthbearer.clock.skew.seconds = 30
	sasl.oauthbearer.expected.audience = null
	sasl.oauthbearer.expected.issuer = null
	sasl.oauthbearer.jwks.endpoint.refresh.ms = 3600000
	sasl.oauthbearer.jwks.endpoint.retry.backoff.max.ms = 10000
	sasl.oauthbearer.jwks.endpoint.retry.backoff.ms = 100
	sasl.oauthbearer.jwks.endpoint.url = null
	sasl.oauthbearer.scope.claim.name = scope
	sasl.oauthbearer.sub.claim.name = sub
	sasl.oauthbearer.token.endpoint.url = null
	security.protocol = PLAINTEXT
	security.providers = null
	send.buffer.bytes = 131072
	session.timeout.ms = 45000
	socket.connection.setup.timeout.max.ms = 30000
	socket.connection.setup.timeout.ms = 10000
	ssl.cipher.suites = null
	ssl.enabled.protocols = [TLSv1.2, TLSv1.3]
	ssl.endpoint.identification.algorithm = https
	ssl.engine.factory.class = null
	ssl.key.password = null
	ssl.keymanager.algorithm = SunX509
	ssl.keystore.certificate.chain = null
	ssl.keystore.key = null
	ssl.keystore.location = null
	ssl.keystore.password = null
	ssl.keystore.type = JKS
	ssl.protocol = TLSv1.3
	ssl.provider = null
	ssl.secure.random.implementation = null
	ssl.trustmanager.algorithm = PKIX
	ssl.truststore.certificates = null
	ssl.truststore.location = null
	ssl.truststore.password = null
	ssl.truststore.type = JKS
	value.deserializer = class org.apache.kafka.common.serialization.StringDeserializer

2024-06-30 09:35:55,564 INFO [main] o.a.k.c.t.i.KafkaMetricsCollector [KafkaMetricsCollector.java:297] initializing Kafka metrics collector
2024-06-30 09:35:55,763 INFO [main] o.a.k.c.u.AppInfoParser [AppInfoParser.java:124] Kafka version: 3.7.0
2024-06-30 09:35:55,765 INFO [main] o.a.k.c.u.AppInfoParser [AppInfoParser.java:125] Kafka commitId: 2ae524ed625438c5
2024-06-30 09:35:55,765 INFO [main] o.a.k.c.u.AppInfoParser [AppInfoParser.java:126] Kafka startTimeMs: 1719711355760
2024-06-30 09:35:55,782 INFO [main] o.a.k.c.c.i.LegacyKafkaConsumer [LegacyKafkaConsumer.java:475] [Consumer clientId=consumer-community-consumer-group-1, groupId=community-consumer-group] Subscribed to topic(s): test
2024-06-30 09:35:55,811 INFO [main] c.y.c.KafkaTests [StartupInfoLogger.java:56] Started KafkaTests in 3.967 seconds (process running for 5.043)
2024-06-30 09:35:56,294 INFO [org.springframework.kafka.KafkaListenerEndpointContainer#0-0-C-1] o.a.k.c.Metadata [Metadata.java:349] [Consumer clientId=consumer-community-consumer-group-1, groupId=community-consumer-group] Cluster ID: 7MIcq5FwQXmR65Qdj0ZAKA
2024-06-30 09:35:56,295 INFO [org.springframework.kafka.KafkaListenerEndpointContainer#0-0-C-1] o.a.k.c.c.i.ConsumerCoordinator [AbstractCoordinator.java:936] [Consumer clientId=consumer-community-consumer-group-1, groupId=community-consumer-group] Discovered group coordinator LAPTOP-BI5DQG8F:9092 (id: 2147483647 rack: null)
2024-06-30 09:35:56,303 INFO [org.springframework.kafka.KafkaListenerEndpointContainer#0-0-C-1] o.a.k.c.c.i.ConsumerCoordinator [AbstractCoordinator.java:604] [Consumer clientId=consumer-community-consumer-group-1, groupId=community-consumer-group] (Re-)joining group
2024-06-30 09:35:56,347 INFO [org.springframework.kafka.KafkaListenerEndpointContainer#0-0-C-1] o.a.k.c.c.i.ConsumerCoordinator [AbstractCoordinator.java:1102] [Consumer clientId=consumer-community-consumer-group-1, groupId=community-consumer-group] Request joining group due to: need to re-join with the given member-id: consumer-community-consumer-group-1-16bf8643-38b7-4394-ae42-e47744230b96
2024-06-30 09:35:56,348 INFO [org.springframework.kafka.KafkaListenerEndpointContainer#0-0-C-1] o.a.k.c.c.i.ConsumerCoordinator [AbstractCoordinator.java:604] [Consumer clientId=consumer-community-consumer-group-1, groupId=community-consumer-group] (Re-)joining group
2024-06-30 09:35:56,399 INFO [org.springframework.kafka.KafkaListenerEndpointContainer#0-0-C-1] o.a.k.c.c.i.ConsumerCoordinator [AbstractCoordinator.java:665] [Consumer clientId=consumer-community-consumer-group-1, groupId=community-consumer-group] Successfully joined group with generation Generation{generationId=1, memberId='consumer-community-consumer-group-1-16bf8643-38b7-4394-ae42-e47744230b96', protocol='range'}
2024-06-30 09:35:56,412 INFO [org.springframework.kafka.KafkaListenerEndpointContainer#0-0-C-1] o.a.k.c.c.i.ConsumerCoordinator [ConsumerCoordinator.java:659] [Consumer clientId=consumer-community-consumer-group-1, groupId=community-consumer-group] Finished assignment for group at generation 1: {consumer-community-consumer-group-1-16bf8643-38b7-4394-ae42-e47744230b96=Assignment(partitions=[test-0])}
2024-06-30 09:35:56,479 INFO [org.springframework.kafka.KafkaListenerEndpointContainer#0-0-C-1] o.a.k.c.c.i.ConsumerCoordinator [AbstractCoordinator.java:842] [Consumer clientId=consumer-community-consumer-group-1, groupId=community-consumer-group] Successfully synced group in generation Generation{generationId=1, memberId='consumer-community-consumer-group-1-16bf8643-38b7-4394-ae42-e47744230b96', protocol='range'}
2024-06-30 09:35:56,480 INFO [org.springframework.kafka.KafkaListenerEndpointContainer#0-0-C-1] o.a.k.c.c.i.ConsumerCoordinator [ConsumerCoordinator.java:319] [Consumer clientId=consumer-community-consumer-group-1, groupId=community-consumer-group] Notifying assignor about the new Assignment(partitions=[test-0])
2024-06-30 09:35:56,483 INFO [org.springframework.kafka.KafkaListenerEndpointContainer#0-0-C-1] o.a.k.c.c.i.ConsumerRebalanceListenerInvoker [ConsumerRebalanceListenerInvoker.java:56] [Consumer clientId=consumer-community-consumer-group-1, groupId=community-consumer-group] Adding newly assigned partitions: test-0
2024-06-30 09:35:56,497 INFO [org.springframework.kafka.KafkaListenerEndpointContainer#0-0-C-1] o.a.k.c.c.i.ConsumerCoordinator [ConsumerCoordinator.java:1502] [Consumer clientId=consumer-community-consumer-group-1, groupId=community-consumer-group] Found no committed offset for partition test-0
2024-06-30 09:35:56,511 INFO [org.springframework.kafka.KafkaListenerEndpointContainer#0-0-C-1] o.a.k.c.c.i.SubscriptionState [SubscriptionState.java:396] [Consumer clientId=consumer-community-consumer-group-1, groupId=community-consumer-group] Resetting offset for partition test-0 to position FetchPosition{offset=0, offsetEpoch=Optional.empty, currentLeader=LeaderAndEpoch{leader=Optional[LAPTOP-BI5DQG8F:9092 (id: 0 rack: null)], epoch=0}}.
2024-06-30 09:35:56,513 INFO [org.springframework.kafka.KafkaListenerEndpointContainer#0-0-C-1] o.s.k.l.KafkaMessageListenerContainer [LogAccessor.java:292] community-consumer-group: partitions assigned: [test-0]
2024-06-30 09:35:56,785 INFO [main] o.a.k.c.p.ProducerConfig [AbstractConfig.java:370] ProducerConfig values: 
	acks = -1
	auto.include.jmx.reporter = true
	batch.size = 16384
	bootstrap.servers = [localhost:9092]
	buffer.memory = 33554432
	client.dns.lookup = use_all_dns_ips
	client.id = producer-1
	compression.type = none
	connections.max.idle.ms = 540000
	delivery.timeout.ms = 120000
	enable.idempotence = true
	enable.metrics.push = true
	interceptor.classes = []
	key.serializer = class org.apache.kafka.common.serialization.StringSerializer
	linger.ms = 0
	max.block.ms = 60000
	max.in.flight.requests.per.connection = 5
	max.request.size = 1048576
	metadata.max.age.ms = 300000
	metadata.max.idle.ms = 300000
	metric.reporters = []
	metrics.num.samples = 2
	metrics.recording.level = INFO
	metrics.sample.window.ms = 30000
	partitioner.adaptive.partitioning.enable = true
	partitioner.availability.timeout.ms = 0
	partitioner.class = null
	partitioner.ignore.keys = false
	receive.buffer.bytes = 32768
	reconnect.backoff.max.ms = 1000
	reconnect.backoff.ms = 50
	request.timeout.ms = 30000
	retries = 2147483647
	retry.backoff.max.ms = 1000
	retry.backoff.ms = 100
	sasl.client.callback.handler.class = null
	sasl.jaas.config = null
	sasl.kerberos.kinit.cmd = /usr/bin/kinit
	sasl.kerberos.min.time.before.relogin = 60000
	sasl.kerberos.service.name = null
	sasl.kerberos.ticket.renew.jitter = 0.05
	sasl.kerberos.ticket.renew.window.factor = 0.8
	sasl.login.callback.handler.class = null
	sasl.login.class = null
	sasl.login.connect.timeout.ms = null
	sasl.login.read.timeout.ms = null
	sasl.login.refresh.buffer.seconds = 300
	sasl.login.refresh.min.period.seconds = 60
	sasl.login.refresh.window.factor = 0.8
	sasl.login.refresh.window.jitter = 0.05
	sasl.login.retry.backoff.max.ms = 10000
	sasl.login.retry.backoff.ms = 100
	sasl.mechanism = GSSAPI
	sasl.oauthbearer.clock.skew.seconds = 30
	sasl.oauthbearer.expected.audience = null
	sasl.oauthbearer.expected.issuer = null
	sasl.oauthbearer.jwks.endpoint.refresh.ms = 3600000
	sasl.oauthbearer.jwks.endpoint.retry.backoff.max.ms = 10000
	sasl.oauthbearer.jwks.endpoint.retry.backoff.ms = 100
	sasl.oauthbearer.jwks.endpoint.url = null
	sasl.oauthbearer.scope.claim.name = scope
	sasl.oauthbearer.sub.claim.name = sub
	sasl.oauthbearer.token.endpoint.url = null
	security.protocol = PLAINTEXT
	security.providers = null
	send.buffer.bytes = 131072
	socket.connection.setup.timeout.max.ms = 30000
	socket.connection.setup.timeout.ms = 10000
	ssl.cipher.suites = null
	ssl.enabled.protocols = [TLSv1.2, TLSv1.3]
	ssl.endpoint.identification.algorithm = https
	ssl.engine.factory.class = null
	ssl.key.password = null
	ssl.keymanager.algorithm = SunX509
	ssl.keystore.certificate.chain = null
	ssl.keystore.key = null
	ssl.keystore.location = null
	ssl.keystore.password = null
	ssl.keystore.type = JKS
	ssl.protocol = TLSv1.3
	ssl.provider = null
	ssl.secure.random.implementation = null
	ssl.trustmanager.algorithm = PKIX
	ssl.truststore.certificates = null
	ssl.truststore.location = null
	ssl.truststore.password = null
	ssl.truststore.type = JKS
	transaction.timeout.ms = 60000
	transactional.id = null
	value.serializer = class org.apache.kafka.common.serialization.StringSerializer

2024-06-30 09:35:56,786 INFO [main] o.a.k.c.t.i.KafkaMetricsCollector [KafkaMetricsCollector.java:297] initializing Kafka metrics collector
2024-06-30 09:35:56,795 INFO [main] o.a.k.c.p.KafkaProducer [KafkaProducer.java:597] [Producer clientId=producer-1] Instantiated an idempotent producer.
2024-06-30 09:35:56,813 INFO [main] o.a.k.c.u.AppInfoParser [AppInfoParser.java:124] Kafka version: 3.7.0
2024-06-30 09:35:56,813 INFO [main] o.a.k.c.u.AppInfoParser [AppInfoParser.java:125] Kafka commitId: 2ae524ed625438c5
2024-06-30 09:35:56,813 INFO [main] o.a.k.c.u.AppInfoParser [AppInfoParser.java:126] Kafka startTimeMs: 1719711356813
2024-06-30 09:35:56,820 INFO [kafka-producer-network-thread | producer-1] o.a.k.c.Metadata [Metadata.java:349] [Producer clientId=producer-1] Cluster ID: 7MIcq5FwQXmR65Qdj0ZAKA
2024-06-30 09:35:56,942 INFO [kafka-producer-network-thread | producer-1] o.a.k.c.p.i.TransactionManager [TransactionManager.java:502] [Producer clientId=producer-1] ProducerId set to 0 with epoch 0
2024-06-30 09:36:01,873 INFO [org.springframework.kafka.KafkaListenerEndpointContainer#0-0-C-1] o.a.k.c.c.i.ConsumerRebalanceListenerInvoker [ConsumerRebalanceListenerInvoker.java:78] [Consumer clientId=consumer-community-consumer-group-1, groupId=community-consumer-group] Revoke previously assigned partitions test-0
2024-06-30 09:36:01,874 INFO [org.springframework.kafka.KafkaListenerEndpointContainer#0-0-C-1] o.s.k.l.KafkaMessageListenerContainer [LogAccessor.java:292] community-consumer-group: partitions revoked: [test-0]
2024-06-30 09:36:01,874 INFO [org.springframework.kafka.KafkaListenerEndpointContainer#0-0-C-1] o.a.k.c.c.i.ConsumerCoordinator [AbstractCoordinator.java:1163] [Consumer clientId=consumer-community-consumer-group-1, groupId=community-consumer-group] Member consumer-community-consumer-group-1-16bf8643-38b7-4394-ae42-e47744230b96 sending LeaveGroup request to coordinator LAPTOP-BI5DQG8F:9092 (id: 2147483647 rack: null) due to the consumer unsubscribed from all topics
2024-06-30 09:36:01,875 INFO [org.springframework.kafka.KafkaListenerEndpointContainer#0-0-C-1] o.a.k.c.c.i.ConsumerCoordinator [AbstractCoordinator.java:1055] [Consumer clientId=consumer-community-consumer-group-1, groupId=community-consumer-group] Resetting generation and member id due to: consumer pro-actively leaving the group
2024-06-30 09:36:01,875 INFO [org.springframework.kafka.KafkaListenerEndpointContainer#0-0-C-1] o.a.k.c.c.i.ConsumerCoordinator [AbstractCoordinator.java:1102] [Consumer clientId=consumer-community-consumer-group-1, groupId=community-consumer-group] Request joining group due to: consumer pro-actively leaving the group
2024-06-30 09:36:01,875 INFO [org.springframework.kafka.KafkaListenerEndpointContainer#0-0-C-1] o.a.k.c.c.i.LegacyKafkaConsumer [LegacyKafkaConsumer.java:546] [Consumer clientId=consumer-community-consumer-group-1, groupId=community-consumer-group] Unsubscribed all topics or patterns and assigned partitions
2024-06-30 09:36:01,876 INFO [org.springframework.kafka.KafkaListenerEndpointContainer#0-0-C-1] o.a.k.c.c.i.ConsumerCoordinator [AbstractCoordinator.java:1055] [Consumer clientId=consumer-community-consumer-group-1, groupId=community-consumer-group] Resetting generation and member id due to: consumer pro-actively leaving the group
2024-06-30 09:36:01,876 INFO [org.springframework.kafka.KafkaListenerEndpointContainer#0-0-C-1] o.a.k.c.c.i.ConsumerCoordinator [AbstractCoordinator.java:1102] [Consumer clientId=consumer-community-consumer-group-1, groupId=community-consumer-group] Request joining group due to: consumer pro-actively leaving the group
2024-06-30 09:36:02,086 INFO [org.springframework.kafka.KafkaListenerEndpointContainer#0-0-C-1] o.a.k.c.m.Metrics [Metrics.java:694] Metrics scheduler closed
2024-06-30 09:36:02,087 INFO [org.springframework.kafka.KafkaListenerEndpointContainer#0-0-C-1] o.a.k.c.m.Metrics [Metrics.java:698] Closing reporter org.apache.kafka.common.metrics.JmxReporter
2024-06-30 09:36:02,087 INFO [org.springframework.kafka.KafkaListenerEndpointContainer#0-0-C-1] o.a.k.c.m.Metrics [Metrics.java:698] Closing reporter org.apache.kafka.common.telemetry.internals.ClientTelemetryReporter
2024-06-30 09:36:02,087 INFO [org.springframework.kafka.KafkaListenerEndpointContainer#0-0-C-1] o.a.k.c.m.Metrics [Metrics.java:704] Metrics reporters closed
2024-06-30 09:36:02,106 INFO [org.springframework.kafka.KafkaListenerEndpointContainer#0-0-C-1] o.a.k.c.u.AppInfoParser [AppInfoParser.java:88] App info kafka.consumer for consumer-community-consumer-group-1 unregistered
2024-06-30 09:36:02,108 INFO [org.springframework.kafka.KafkaListenerEndpointContainer#0-0-C-1] o.s.k.l.KafkaMessageListenerContainer [LogAccessor.java:292] community-consumer-group: Consumer stopped
2024-06-30 09:36:02,119 INFO [SpringApplicationShutdownHook] o.a.k.c.p.KafkaProducer [KafkaProducer.java:1346] [Producer clientId=producer-1] Closing the Kafka producer with timeoutMillis = 30000 ms.
2024-06-30 09:36:02,125 INFO [SpringApplicationShutdownHook] o.a.k.c.m.Metrics [Metrics.java:694] Metrics scheduler closed
2024-06-30 09:36:02,125 INFO [SpringApplicationShutdownHook] o.a.k.c.m.Metrics [Metrics.java:698] Closing reporter org.apache.kafka.common.metrics.JmxReporter
2024-06-30 09:36:02,126 INFO [SpringApplicationShutdownHook] o.a.k.c.m.Metrics [Metrics.java:698] Closing reporter org.apache.kafka.common.telemetry.internals.ClientTelemetryReporter
2024-06-30 09:36:02,126 INFO [SpringApplicationShutdownHook] o.a.k.c.m.Metrics [Metrics.java:704] Metrics reporters closed
2024-06-30 09:36:02,127 INFO [SpringApplicationShutdownHook] o.a.k.c.u.AppInfoParser [AppInfoParser.java:88] App info kafka.producer for producer-1 unregistered
2024-06-30 21:21:32,929 INFO [restartedMain] c.y.c.CommunityApplication [StartupInfoLogger.java:50] Starting CommunityApplication using Java 21.0.3 with PID 20192 (F:\IDEAProject\Yuanmh0919\nowcoder\community\target\classes started by 袁明海 in F:\IDEAProject\Yuanmh0919\nowcoder)
2024-06-30 21:21:32,929 INFO [restartedMain] c.y.c.CommunityApplication [SpringApplication.java:654] No active profile set, falling back to 1 default profile: "default"
2024-06-30 21:21:32,978 INFO [restartedMain] o.s.b.d.r.ChangeableUrls [DeferredLog.java:252] The Class-Path manifest attribute in F:\JavaDev\Maven\repository\org\apache\kafka\kafka-clients\3.7.0\kafka-clients-3.7.0.jar referenced one or more files that do not exist: file:/F:/JavaDev/Maven/repository/org/apache/kafka/kafka-clients/3.7.0/zstd-jni-1.5.5-6.jar,file:/F:/JavaDev/Maven/repository/org/apache/kafka/kafka-clients/3.7.0/lz4-java-1.8.0.jar,file:/F:/JavaDev/Maven/repository/org/apache/kafka/kafka-clients/3.7.0/snappy-java-1.1.10.5.jar,file:/F:/JavaDev/Maven/repository/org/apache/kafka/kafka-clients/3.7.0/slf4j-api-1.7.36.jar
2024-06-30 21:21:32,979 INFO [restartedMain] o.s.b.d.e.DevToolsPropertyDefaultsPostProcessor [DeferredLog.java:252] Devtools property defaults active! Set 'spring.devtools.add-properties' to 'false' to disable
2024-06-30 21:21:32,979 INFO [restartedMain] o.s.b.d.e.DevToolsPropertyDefaultsPostProcessor [DeferredLog.java:252] For additional web related logging consider setting the 'logging.level.web' property to 'DEBUG'
2024-06-30 21:21:34,276 INFO [restartedMain] o.s.d.r.c.RepositoryConfigurationDelegate [RepositoryConfigurationDelegate.java:295] Multiple Spring Data modules found, entering strict repository configuration mode
2024-06-30 21:21:34,278 INFO [restartedMain] o.s.d.r.c.RepositoryConfigurationDelegate [RepositoryConfigurationDelegate.java:143] Bootstrapping Spring Data Redis repositories in DEFAULT mode.
2024-06-30 21:21:34,303 INFO [restartedMain] o.s.d.r.c.RepositoryConfigurationDelegate [RepositoryConfigurationDelegate.java:211] Finished Spring Data repository scanning in 9 ms. Found 0 Redis repository interfaces.
2024-06-30 21:21:35,170 INFO [restartedMain] o.s.b.w.e.t.TomcatWebServer [TomcatWebServer.java:111] Tomcat initialized with port 8080 (http)
2024-06-30 21:21:35,179 INFO [restartedMain] o.a.c.h.Http11NioProtocol [DirectJDKLog.java:173] Initializing ProtocolHandler ["http-nio-8080"]
2024-06-30 21:21:35,181 INFO [restartedMain] o.a.c.c.StandardService [DirectJDKLog.java:173] Starting service [Tomcat]
2024-06-30 21:21:35,181 INFO [restartedMain] o.a.c.c.StandardEngine [DirectJDKLog.java:173] Starting Servlet engine: [Apache Tomcat/10.1.24]
2024-06-30 21:21:35,220 INFO [restartedMain] o.a.c.c.C.[.[.[/community] [DirectJDKLog.java:173] Initializing Spring embedded WebApplicationContext
2024-06-30 21:21:35,220 INFO [restartedMain] o.s.b.w.s.c.ServletWebServerApplicationContext [ServletWebServerApplicationContext.java:296] Root WebApplicationContext: initialization completed in 2240 ms
2024-06-30 21:21:35,288 INFO [restartedMain] o.s.b.f.a.AutowiredAnnotationBeanPostProcessor [AutowiredAnnotationBeanPostProcessor.java:577] Autowired annotation is not supported on static fields: private static final org.slf4j.Logger com.yuanmh.community.controller.interceptor.TestInterceptor.logger
2024-06-30 21:21:36,055 INFO [restartedMain] o.s.b.a.w.s.WelcomePageHandlerMapping [WelcomePageHandlerMapping.java:59] Adding welcome page template: index
2024-06-30 21:21:36,677 INFO [restartedMain] o.s.b.d.a.OptionalLiveReloadServer [OptionalLiveReloadServer.java:59] LiveReload server is running on port 35729
2024-06-30 21:21:36,696 INFO [restartedMain] o.a.c.h.Http11NioProtocol [DirectJDKLog.java:173] Starting ProtocolHandler ["http-nio-8080"]
2024-06-30 21:21:36,707 INFO [restartedMain] o.s.b.w.e.t.TomcatWebServer [TomcatWebServer.java:243] Tomcat started on port 8080 (http) with context path '/community'
2024-06-30 21:21:36,714 INFO [restartedMain] c.y.c.CommunityApplication [StartupInfoLogger.java:56] Started CommunityApplication in 4.268 seconds (process running for 5.165)
2024-06-30 21:21:49,152 INFO [http-nio-8080-exec-1] o.a.c.c.C.[.[.[/community] [DirectJDKLog.java:173] Initializing Spring DispatcherServlet 'dispatcherServlet'
2024-06-30 21:21:49,152 INFO [http-nio-8080-exec-1] o.s.w.s.DispatcherServlet [FrameworkServlet.java:532] Initializing Servlet 'dispatcherServlet'
2024-06-30 21:21:49,153 INFO [http-nio-8080-exec-1] o.s.w.s.DispatcherServlet [FrameworkServlet.java:554] Completed initialization in 1 ms
2024-06-30 21:21:49,182 INFO [http-nio-8080-exec-1] c.y.c.a.ServiceLogAspect [ServiceLogAspect.java:44] 用户[0:0:0:0:0:0:0:1]在[2024-06-30 21:21:49]访问了[com.yuanmh.community.service.impl.UserServiceImpl.findLoginTicket]方法
2024-06-30 21:21:49,585 INFO [http-nio-8080-exec-2] c.y.c.a.ServiceLogAspect [ServiceLogAspect.java:44] 用户[0:0:0:0:0:0:0:1]在[2024-06-30 21:21:49]访问了[com.yuanmh.community.service.impl.UserServiceImpl.findLoginTicket]方法
2024-06-30 21:21:50,563 INFO [http-nio-8080-exec-3] c.y.c.a.ServiceLogAspect [ServiceLogAspect.java:44] 用户[0:0:0:0:0:0:0:1]在[2024-06-30 21:21:50]访问了[com.yuanmh.community.service.impl.UserServiceImpl.findLoginTicket]方法
2024-06-30 21:21:50,574 INFO [http-nio-8080-exec-4] c.y.c.a.ServiceLogAspect [ServiceLogAspect.java:44] 用户[0:0:0:0:0:0:0:1]在[2024-06-30 21:21:50]访问了[com.yuanmh.community.service.impl.UserServiceImpl.findLoginTicket]方法
2024-06-30 21:22:07,882 INFO [http-nio-8080-exec-8] c.y.c.a.ServiceLogAspect [ServiceLogAspect.java:44] 用户[0:0:0:0:0:0:0:1]在[2024-06-30 21:22:07]访问了[com.yuanmh.community.service.impl.UserServiceImpl.findLoginTicket]方法
2024-06-30 21:22:07,937 INFO [http-nio-8080-exec-1] c.y.c.a.ServiceLogAspect [ServiceLogAspect.java:44] 用户[0:0:0:0:0:0:0:1]在[2024-06-30 21:22:07]访问了[com.yuanmh.community.service.impl.UserServiceImpl.findLoginTicket]方法
2024-06-30 21:23:04,612 INFO [restartedMain] c.y.c.CommunityApplication [StartupInfoLogger.java:50] Starting CommunityApplication using Java 21.0.3 with PID 21680 (F:\IDEAProject\Yuanmh0919\nowcoder\community\target\classes started by 袁明海 in F:\IDEAProject\Yuanmh0919\nowcoder)
2024-06-30 21:23:04,614 INFO [restartedMain] c.y.c.CommunityApplication [SpringApplication.java:654] No active profile set, falling back to 1 default profile: "default"
2024-06-30 21:23:04,656 INFO [restartedMain] o.s.b.d.r.ChangeableUrls [DeferredLog.java:252] The Class-Path manifest attribute in F:\JavaDev\Maven\repository\org\apache\kafka\kafka-clients\3.7.0\kafka-clients-3.7.0.jar referenced one or more files that do not exist: file:/F:/JavaDev/Maven/repository/org/apache/kafka/kafka-clients/3.7.0/zstd-jni-1.5.5-6.jar,file:/F:/JavaDev/Maven/repository/org/apache/kafka/kafka-clients/3.7.0/lz4-java-1.8.0.jar,file:/F:/JavaDev/Maven/repository/org/apache/kafka/kafka-clients/3.7.0/snappy-java-1.1.10.5.jar,file:/F:/JavaDev/Maven/repository/org/apache/kafka/kafka-clients/3.7.0/slf4j-api-1.7.36.jar
2024-06-30 21:23:04,656 INFO [restartedMain] o.s.b.d.e.DevToolsPropertyDefaultsPostProcessor [DeferredLog.java:252] Devtools property defaults active! Set 'spring.devtools.add-properties' to 'false' to disable
2024-06-30 21:23:04,656 INFO [restartedMain] o.s.b.d.e.DevToolsPropertyDefaultsPostProcessor [DeferredLog.java:252] For additional web related logging consider setting the 'logging.level.web' property to 'DEBUG'
2024-06-30 21:23:05,242 INFO [restartedMain] o.s.d.r.c.RepositoryConfigurationDelegate [RepositoryConfigurationDelegate.java:295] Multiple Spring Data modules found, entering strict repository configuration mode
2024-06-30 21:23:05,244 INFO [restartedMain] o.s.d.r.c.RepositoryConfigurationDelegate [RepositoryConfigurationDelegate.java:143] Bootstrapping Spring Data Redis repositories in DEFAULT mode.
2024-06-30 21:23:05,263 INFO [restartedMain] o.s.d.r.c.RepositoryConfigurationDelegate [RepositoryConfigurationDelegate.java:211] Finished Spring Data repository scanning in 8 ms. Found 0 Redis repository interfaces.
2024-06-30 21:23:05,954 INFO [restartedMain] o.s.b.w.e.t.TomcatWebServer [TomcatWebServer.java:111] Tomcat initialized with port 8080 (http)
2024-06-30 21:23:05,963 INFO [restartedMain] o.a.c.h.Http11NioProtocol [DirectJDKLog.java:173] Initializing ProtocolHandler ["http-nio-8080"]
2024-06-30 21:23:05,965 INFO [restartedMain] o.a.c.c.StandardService [DirectJDKLog.java:173] Starting service [Tomcat]
2024-06-30 21:23:05,965 INFO [restartedMain] o.a.c.c.StandardEngine [DirectJDKLog.java:173] Starting Servlet engine: [Apache Tomcat/10.1.24]
2024-06-30 21:23:06,006 INFO [restartedMain] o.a.c.c.C.[.[.[/community] [DirectJDKLog.java:173] Initializing Spring embedded WebApplicationContext
2024-06-30 21:23:06,006 INFO [restartedMain] o.s.b.w.s.c.ServletWebServerApplicationContext [ServletWebServerApplicationContext.java:296] Root WebApplicationContext: initialization completed in 1349 ms
2024-06-30 21:23:06,063 INFO [restartedMain] o.s.b.f.a.AutowiredAnnotationBeanPostProcessor [AutowiredAnnotationBeanPostProcessor.java:577] Autowired annotation is not supported on static fields: private static final org.slf4j.Logger com.yuanmh.community.controller.interceptor.TestInterceptor.logger
2024-06-30 21:23:06,705 INFO [restartedMain] o.s.b.a.w.s.WelcomePageHandlerMapping [WelcomePageHandlerMapping.java:59] Adding welcome page template: index
2024-06-30 21:23:07,282 INFO [restartedMain] o.s.b.d.a.OptionalLiveReloadServer [OptionalLiveReloadServer.java:59] LiveReload server is running on port 35729
2024-06-30 21:23:07,301 INFO [restartedMain] o.a.c.h.Http11NioProtocol [DirectJDKLog.java:173] Starting ProtocolHandler ["http-nio-8080"]
2024-06-30 21:23:07,311 INFO [restartedMain] o.s.b.w.e.t.TomcatWebServer [TomcatWebServer.java:243] Tomcat started on port 8080 (http) with context path '/community'
2024-06-30 21:23:07,319 INFO [restartedMain] c.y.c.CommunityApplication [StartupInfoLogger.java:56] Started CommunityApplication in 3.108 seconds (process running for 3.766)
2024-06-30 21:23:15,985 INFO [http-nio-8080-exec-1] o.a.c.c.C.[.[.[/community] [DirectJDKLog.java:173] Initializing Spring DispatcherServlet 'dispatcherServlet'
2024-06-30 21:23:15,985 INFO [http-nio-8080-exec-1] o.s.w.s.DispatcherServlet [FrameworkServlet.java:532] Initializing Servlet 'dispatcherServlet'
2024-06-30 21:23:15,987 INFO [http-nio-8080-exec-1] o.s.w.s.DispatcherServlet [FrameworkServlet.java:554] Completed initialization in 1 ms
2024-06-30 21:23:16,016 INFO [http-nio-8080-exec-1] c.y.c.a.ServiceLogAspect [ServiceLogAspect.java:44] 用户[0:0:0:0:0:0:0:1]在[2024-06-30 21:23:16]访问了[com.yuanmh.community.service.impl.UserServiceImpl.findLoginTicket]方法
2024-06-30 21:23:16,405 INFO [http-nio-8080-exec-4] c.y.c.a.ServiceLogAspect [ServiceLogAspect.java:44] 用户[0:0:0:0:0:0:0:1]在[2024-06-30 21:23:16]访问了[com.yuanmh.community.service.impl.UserServiceImpl.findLoginTicket]方法
2024-06-30 21:23:16,699 INFO [http-nio-8080-exec-3] c.y.c.a.ServiceLogAspect [ServiceLogAspect.java:44] 用户[0:0:0:0:0:0:0:1]在[2024-06-30 21:23:16]访问了[com.yuanmh.community.service.impl.UserServiceImpl.findLoginTicket]方法
2024-06-30 21:23:28,657 INFO [http-nio-8080-exec-7] c.y.c.a.ServiceLogAspect [ServiceLogAspect.java:44] 用户[0:0:0:0:0:0:0:1]在[2024-06-30 21:23:28]访问了[com.yuanmh.community.service.impl.UserServiceImpl.findLoginTicket]方法
2024-06-30 21:23:28,673 INFO [http-nio-8080-exec-7] c.y.c.a.ServiceLogAspect [ServiceLogAspect.java:44] 用户[0:0:0:0:0:0:0:1]在[2024-06-30 21:23:28]访问了[com.yuanmh.community.service.impl.UserServiceImpl.login]方法
2024-06-30 21:23:28,690 INFO [http-nio-8080-exec-7] c.z.h.HikariDataSource [HikariDataSource.java:109] HikariPool-1 - Starting...
2024-06-30 21:23:29,050 INFO [http-nio-8080-exec-7] c.z.h.p.HikariPool [HikariPool.java:554] HikariPool-1 - Added connection com.mysql.cj.jdbc.ConnectionImpl@11239ecd
2024-06-30 21:23:29,052 INFO [http-nio-8080-exec-7] c.z.h.HikariDataSource [HikariDataSource.java:122] HikariPool-1 - Start completed.
2024-06-30 21:23:29,162 INFO [http-nio-8080-exec-8] c.y.c.a.ServiceLogAspect [ServiceLogAspect.java:44] 用户[0:0:0:0:0:0:0:1]在[2024-06-30 21:23:29]访问了[com.yuanmh.community.service.impl.UserServiceImpl.findLoginTicket]方法
2024-06-30 21:23:29,163 INFO [http-nio-8080-exec-8] c.y.c.a.ServiceLogAspect [ServiceLogAspect.java:44] 用户[0:0:0:0:0:0:0:1]在[2024-06-30 21:23:29]访问了[com.yuanmh.community.service.impl.UserServiceImpl.findUserById]方法
2024-06-30 21:23:29,208 INFO [http-nio-8080-exec-8] c.y.c.a.ServiceLogAspect [ServiceLogAspect.java:44] 用户[0:0:0:0:0:0:0:1]在[2024-06-30 21:23:29]访问了[com.yuanmh.community.service.LikeService.findEntityLikeCount]方法
2024-06-30 21:23:29,213 INFO [http-nio-8080-exec-8] c.y.c.a.ServiceLogAspect [ServiceLogAspect.java:44] 用户[0:0:0:0:0:0:0:1]在[2024-06-30 21:23:29]访问了[com.yuanmh.community.service.LikeService.findEntityLikeCount]方法
2024-06-30 21:23:29,216 INFO [http-nio-8080-exec-8] c.y.c.a.ServiceLogAspect [ServiceLogAspect.java:44] 用户[0:0:0:0:0:0:0:1]在[2024-06-30 21:23:29]访问了[com.yuanmh.community.service.LikeService.findEntityLikeCount]方法
2024-06-30 21:23:29,219 INFO [http-nio-8080-exec-8] c.y.c.a.ServiceLogAspect [ServiceLogAspect.java:44] 用户[0:0:0:0:0:0:0:1]在[2024-06-30 21:23:29]访问了[com.yuanmh.community.service.LikeService.findEntityLikeCount]方法
2024-06-30 21:23:29,221 INFO [http-nio-8080-exec-8] c.y.c.a.ServiceLogAspect [ServiceLogAspect.java:44] 用户[0:0:0:0:0:0:0:1]在[2024-06-30 21:23:29]访问了[com.yuanmh.community.service.LikeService.findEntityLikeCount]方法
2024-06-30 21:23:33,210 INFO [http-nio-8080-exec-5] c.y.c.a.ServiceLogAspect [ServiceLogAspect.java:44] 用户[0:0:0:0:0:0:0:1]在[2024-06-30 21:23:33]访问了[com.yuanmh.community.service.impl.UserServiceImpl.findLoginTicket]方法
2024-06-30 21:23:33,211 INFO [http-nio-8080-exec-5] c.y.c.a.ServiceLogAspect [ServiceLogAspect.java:44] 用户[0:0:0:0:0:0:0:1]在[2024-06-30 21:23:33]访问了[com.yuanmh.community.service.impl.UserServiceImpl.findUserById]方法
2024-06-30 21:23:33,215 INFO [http-nio-8080-exec-5] c.y.c.a.ServiceLogAspect [ServiceLogAspect.java:44] 用户[0:0:0:0:0:0:0:1]在[2024-06-30 21:23:33]访问了[com.yuanmh.community.service.impl.MessageServiceImpl.findConversationsCount]方法
2024-06-30 21:23:33,229 INFO [http-nio-8080-exec-5] c.y.c.a.ServiceLogAspect [ServiceLogAspect.java:44] 用户[0:0:0:0:0:0:0:1]在[2024-06-30 21:23:33]访问了[com.yuanmh.community.service.impl.MessageServiceImpl.findConversations]方法
2024-06-30 21:23:33,234 INFO [http-nio-8080-exec-5] c.y.c.a.ServiceLogAspect [ServiceLogAspect.java:44] 用户[0:0:0:0:0:0:0:1]在[2024-06-30 21:23:33]访问了[com.yuanmh.community.service.impl.MessageServiceImpl.findLettersUnreadCount]方法
2024-06-30 21:23:33,237 INFO [http-nio-8080-exec-5] c.y.c.a.ServiceLogAspect [ServiceLogAspect.java:44] 用户[0:0:0:0:0:0:0:1]在[2024-06-30 21:23:33]访问了[com.yuanmh.community.service.impl.MessageServiceImpl.findLettersCount]方法
2024-06-30 21:23:33,239 INFO [http-nio-8080-exec-5] c.y.c.a.ServiceLogAspect [ServiceLogAspect.java:44] 用户[0:0:0:0:0:0:0:1]在[2024-06-30 21:23:33]访问了[com.yuanmh.community.service.impl.UserServiceImpl.findUserById]方法
2024-06-30 21:23:33,240 INFO [http-nio-8080-exec-5] c.y.c.a.ServiceLogAspect [ServiceLogAspect.java:44] 用户[0:0:0:0:0:0:0:1]在[2024-06-30 21:23:33]访问了[com.yuanmh.community.service.impl.MessageServiceImpl.findLettersUnreadCount]方法
2024-06-30 21:23:35,310 INFO [http-nio-8080-exec-8] c.y.c.a.ServiceLogAspect [ServiceLogAspect.java:44] 用户[0:0:0:0:0:0:0:1]在[2024-06-30 21:23:35]访问了[com.yuanmh.community.service.impl.UserServiceImpl.findLoginTicket]方法
2024-06-30 21:23:35,311 INFO [http-nio-8080-exec-8] c.y.c.a.ServiceLogAspect [ServiceLogAspect.java:44] 用户[0:0:0:0:0:0:0:1]在[2024-06-30 21:23:35]访问了[com.yuanmh.community.service.impl.UserServiceImpl.findUserById]方法
2024-06-30 21:23:35,315 INFO [http-nio-8080-exec-8] c.y.c.a.ServiceLogAspect [ServiceLogAspect.java:44] 用户[0:0:0:0:0:0:0:1]在[2024-06-30 21:23:35]访问了[com.yuanmh.community.service.impl.MessageServiceImpl.findLettersCount]方法
2024-06-30 21:23:35,317 INFO [http-nio-8080-exec-8] c.y.c.a.ServiceLogAspect [ServiceLogAspect.java:44] 用户[0:0:0:0:0:0:0:1]在[2024-06-30 21:23:35]访问了[com.yuanmh.community.service.impl.MessageServiceImpl.findLetters]方法
2024-06-30 21:23:35,320 INFO [http-nio-8080-exec-8] c.y.c.a.ServiceLogAspect [ServiceLogAspect.java:44] 用户[0:0:0:0:0:0:0:1]在[2024-06-30 21:23:35]访问了[com.yuanmh.community.service.impl.UserServiceImpl.findUserById]方法
2024-06-30 21:23:35,321 INFO [http-nio-8080-exec-8] c.y.c.a.ServiceLogAspect [ServiceLogAspect.java:44] 用户[0:0:0:0:0:0:0:1]在[2024-06-30 21:23:35]访问了[com.yuanmh.community.service.impl.UserServiceImpl.findUserById]方法
2024-06-30 21:23:35,324 INFO [http-nio-8080-exec-8] c.y.c.a.ServiceLogAspect [ServiceLogAspect.java:44] 用户[0:0:0:0:0:0:0:1]在[2024-06-30 21:23:35]访问了[com.yuanmh.community.service.impl.UserServiceImpl.findUserById]方法
2024-06-30 21:23:35,325 INFO [http-nio-8080-exec-8] c.y.c.a.ServiceLogAspect [ServiceLogAspect.java:44] 用户[0:0:0:0:0:0:0:1]在[2024-06-30 21:23:35]访问了[com.yuanmh.community.service.impl.UserServiceImpl.findUserById]方法
2024-06-30 21:23:35,326 INFO [http-nio-8080-exec-8] c.y.c.a.ServiceLogAspect [ServiceLogAspect.java:44] 用户[0:0:0:0:0:0:0:1]在[2024-06-30 21:23:35]访问了[com.yuanmh.community.service.impl.UserServiceImpl.findUserById]方法
2024-06-30 21:23:35,326 INFO [http-nio-8080-exec-8] c.y.c.a.ServiceLogAspect [ServiceLogAspect.java:44] 用户[0:0:0:0:0:0:0:1]在[2024-06-30 21:23:35]访问了[com.yuanmh.community.service.impl.UserServiceImpl.findUserById]方法
2024-06-30 21:23:40,211 INFO [http-nio-8080-exec-1] c.y.c.a.ServiceLogAspect [ServiceLogAspect.java:44] 用户[0:0:0:0:0:0:0:1]在[2024-06-30 21:23:40]访问了[com.yuanmh.community.service.impl.UserServiceImpl.findLoginTicket]方法
2024-06-30 21:23:40,212 INFO [http-nio-8080-exec-1] c.y.c.a.ServiceLogAspect [ServiceLogAspect.java:44] 用户[0:0:0:0:0:0:0:1]在[2024-06-30 21:23:40]访问了[com.yuanmh.community.service.impl.UserServiceImpl.findUserById]方法
2024-06-30 21:23:42,431 INFO [http-nio-8080-exec-5] c.y.c.a.ServiceLogAspect [ServiceLogAspect.java:44] 用户[0:0:0:0:0:0:0:1]在[2024-06-30 21:23:42]访问了[com.yuanmh.community.service.impl.UserServiceImpl.findLoginTicket]方法
2024-06-30 21:23:42,432 INFO [http-nio-8080-exec-5] c.y.c.a.ServiceLogAspect [ServiceLogAspect.java:44] 用户[0:0:0:0:0:0:0:1]在[2024-06-30 21:23:42]访问了[com.yuanmh.community.service.impl.UserServiceImpl.findUserById]方法
2024-06-30 21:23:42,434 INFO [http-nio-8080-exec-5] c.y.c.a.ServiceLogAspect [ServiceLogAspect.java:44] 用户[0:0:0:0:0:0:0:1]在[2024-06-30 21:23:42]访问了[com.yuanmh.community.service.impl.UserServiceImpl.findUserById]方法
2024-06-30 21:23:42,435 INFO [http-nio-8080-exec-5] c.y.c.a.ServiceLogAspect [ServiceLogAspect.java:44] 用户[0:0:0:0:0:0:0:1]在[2024-06-30 21:23:42]访问了[com.yuanmh.community.service.LikeService.findUserLikeCount]方法
2024-06-30 21:23:42,435 INFO [http-nio-8080-exec-5] c.y.c.a.ServiceLogAspect [ServiceLogAspect.java:44] 用户[0:0:0:0:0:0:0:1]在[2024-06-30 21:23:42]访问了[com.yuanmh.community.service.FollowService.findFolloweeCount]方法
2024-06-30 21:23:42,437 INFO [http-nio-8080-exec-5] c.y.c.a.ServiceLogAspect [ServiceLogAspect.java:44] 用户[0:0:0:0:0:0:0:1]在[2024-06-30 21:23:42]访问了[com.yuanmh.community.service.FollowService.findFollowerCount]方法
2024-06-30 21:23:42,438 INFO [http-nio-8080-exec-5] c.y.c.a.ServiceLogAspect [ServiceLogAspect.java:44] 用户[0:0:0:0:0:0:0:1]在[2024-06-30 21:23:42]访问了[com.yuanmh.community.service.FollowService.isFollowed]方法
2024-06-30 21:23:43,952 INFO [http-nio-8080-exec-1] c.y.c.a.ServiceLogAspect [ServiceLogAspect.java:44] 用户[0:0:0:0:0:0:0:1]在[2024-06-30 21:23:43]访问了[com.yuanmh.community.service.impl.UserServiceImpl.findLoginTicket]方法
2024-06-30 21:23:43,954 INFO [http-nio-8080-exec-1] c.y.c.a.ServiceLogAspect [ServiceLogAspect.java:44] 用户[0:0:0:0:0:0:0:1]在[2024-06-30 21:23:43]访问了[com.yuanmh.community.service.impl.UserServiceImpl.findUserById]方法
2024-06-30 21:23:43,968 INFO [http-nio-8080-exec-10] c.y.c.a.ServiceLogAspect [ServiceLogAspect.java:44] 用户[0:0:0:0:0:0:0:1]在[2024-06-30 21:23:43]访问了[com.yuanmh.community.service.impl.UserServiceImpl.findLoginTicket]方法
2024-06-30 21:23:43,969 INFO [http-nio-8080-exec-10] c.y.c.a.ServiceLogAspect [ServiceLogAspect.java:44] 用户[0:0:0:0:0:0:0:1]在[2024-06-30 21:23:43]访问了[com.yuanmh.community.service.impl.UserServiceImpl.findUserById]方法
2024-06-30 21:23:47,705 INFO [http-nio-8080-exec-8] c.y.c.a.ServiceLogAspect [ServiceLogAspect.java:44] 用户[0:0:0:0:0:0:0:1]在[2024-06-30 21:23:47]访问了[com.yuanmh.community.service.impl.UserServiceImpl.findLoginTicket]方法
2024-06-30 21:23:47,707 INFO [http-nio-8080-exec-8] c.y.c.a.ServiceLogAspect [ServiceLogAspect.java:44] 用户[0:0:0:0:0:0:0:1]在[2024-06-30 21:23:47]访问了[com.yuanmh.community.service.impl.UserServiceImpl.findUserById]方法
2024-06-30 21:23:47,709 INFO [http-nio-8080-exec-8] c.y.c.a.ServiceLogAspect [ServiceLogAspect.java:44] 用户[0:0:0:0:0:0:0:1]在[2024-06-30 21:23:47]访问了[com.yuanmh.community.service.impl.UserServiceImpl.findUserById]方法
2024-06-30 21:23:47,710 INFO [http-nio-8080-exec-8] c.y.c.a.ServiceLogAspect [ServiceLogAspect.java:44] 用户[0:0:0:0:0:0:0:1]在[2024-06-30 21:23:47]访问了[com.yuanmh.community.service.FollowService.findFolloweeCount]方法
2024-06-30 21:23:47,711 INFO [http-nio-8080-exec-8] c.y.c.a.ServiceLogAspect [ServiceLogAspect.java:44] 用户[0:0:0:0:0:0:0:1]在[2024-06-30 21:23:47]访问了[com.yuanmh.community.service.FollowService.findFollowees]方法
2024-06-30 21:23:47,715 INFO [http-nio-8080-exec-8] c.y.c.a.ServiceLogAspect [ServiceLogAspect.java:44] 用户[0:0:0:0:0:0:0:1]在[2024-06-30 21:23:47]访问了[com.yuanmh.community.service.impl.UserServiceImpl.findUserById]方法
2024-06-30 21:23:47,716 INFO [http-nio-8080-exec-8] c.y.c.a.ServiceLogAspect [ServiceLogAspect.java:44] 用户[0:0:0:0:0:0:0:1]在[2024-06-30 21:23:47]访问了[com.yuanmh.community.service.FollowService.isFollowed]方法
2024-06-30 21:23:51,616 INFO [http-nio-8080-exec-6] c.y.c.a.ServiceLogAspect [ServiceLogAspect.java:44] 用户[0:0:0:0:0:0:0:1]在[2024-06-30 21:23:51]访问了[com.yuanmh.community.service.impl.UserServiceImpl.findLoginTicket]方法
2024-06-30 21:23:51,617 INFO [http-nio-8080-exec-6] c.y.c.a.ServiceLogAspect [ServiceLogAspect.java:44] 用户[0:0:0:0:0:0:0:1]在[2024-06-30 21:23:51]访问了[com.yuanmh.community.service.impl.UserServiceImpl.findUserById]方法
2024-06-30 21:23:51,619 INFO [http-nio-8080-exec-6] c.y.c.a.ServiceLogAspect [ServiceLogAspect.java:44] 用户[0:0:0:0:0:0:0:1]在[2024-06-30 21:23:51]访问了[com.yuanmh.community.service.impl.UserServiceImpl.findUserById]方法
2024-06-30 21:23:51,620 INFO [http-nio-8080-exec-6] c.y.c.a.ServiceLogAspect [ServiceLogAspect.java:44] 用户[0:0:0:0:0:0:0:1]在[2024-06-30 21:23:51]访问了[com.yuanmh.community.service.FollowService.findFollowerCount]方法
2024-06-30 21:23:51,621 INFO [http-nio-8080-exec-6] c.y.c.a.ServiceLogAspect [ServiceLogAspect.java:44] 用户[0:0:0:0:0:0:0:1]在[2024-06-30 21:23:51]访问了[com.yuanmh.community.service.FollowService.findFollowers]方法
2024-06-30 21:23:51,621 INFO [http-nio-8080-exec-6] c.y.c.a.ServiceLogAspect [ServiceLogAspect.java:44] 用户[0:0:0:0:0:0:0:1]在[2024-06-30 21:23:51]访问了[com.yuanmh.community.service.impl.UserServiceImpl.findUserById]方法
2024-06-30 21:23:51,622 INFO [http-nio-8080-exec-6] c.y.c.a.ServiceLogAspect [ServiceLogAspect.java:44] 用户[0:0:0:0:0:0:0:1]在[2024-06-30 21:23:51]访问了[com.yuanmh.community.service.FollowService.isFollowed]方法
2024-06-30 21:23:56,329 INFO [http-nio-8080-exec-7] c.y.c.a.ServiceLogAspect [ServiceLogAspect.java:44] 用户[0:0:0:0:0:0:0:1]在[2024-06-30 21:23:56]访问了[com.yuanmh.community.service.impl.UserServiceImpl.findLoginTicket]方法
2024-06-30 21:23:56,331 INFO [http-nio-8080-exec-7] c.y.c.a.ServiceLogAspect [ServiceLogAspect.java:44] 用户[0:0:0:0:0:0:0:1]在[2024-06-30 21:23:56]访问了[com.yuanmh.community.service.impl.UserServiceImpl.findUserById]方法
2024-06-30 21:23:56,333 INFO [http-nio-8080-exec-7] c.y.c.a.ServiceLogAspect [ServiceLogAspect.java:44] 用户[0:0:0:0:0:0:0:1]在[2024-06-30 21:23:56]访问了[com.yuanmh.community.service.FollowService.follow]方法
2024-06-30 21:23:56,534 INFO [http-nio-8080-exec-6] c.y.c.a.ServiceLogAspect [ServiceLogAspect.java:44] 用户[0:0:0:0:0:0:0:1]在[2024-06-30 21:23:56]访问了[com.yuanmh.community.service.impl.UserServiceImpl.findLoginTicket]方法
2024-06-30 21:23:56,536 INFO [http-nio-8080-exec-6] c.y.c.a.ServiceLogAspect [ServiceLogAspect.java:44] 用户[0:0:0:0:0:0:0:1]在[2024-06-30 21:23:56]访问了[com.yuanmh.community.service.impl.UserServiceImpl.findUserById]方法
2024-06-30 21:23:56,537 INFO [http-nio-8080-exec-6] c.y.c.a.ServiceLogAspect [ServiceLogAspect.java:44] 用户[0:0:0:0:0:0:0:1]在[2024-06-30 21:23:56]访问了[com.yuanmh.community.service.impl.UserServiceImpl.findUserById]方法
2024-06-30 21:23:56,538 INFO [http-nio-8080-exec-6] c.y.c.a.ServiceLogAspect [ServiceLogAspect.java:44] 用户[0:0:0:0:0:0:0:1]在[2024-06-30 21:23:56]访问了[com.yuanmh.community.service.LikeService.findUserLikeCount]方法
2024-06-30 21:23:56,539 INFO [http-nio-8080-exec-6] c.y.c.a.ServiceLogAspect [ServiceLogAspect.java:44] 用户[0:0:0:0:0:0:0:1]在[2024-06-30 21:23:56]访问了[com.yuanmh.community.service.FollowService.findFolloweeCount]方法
2024-06-30 21:23:56,539 INFO [http-nio-8080-exec-6] c.y.c.a.ServiceLogAspect [ServiceLogAspect.java:44] 用户[0:0:0:0:0:0:0:1]在[2024-06-30 21:23:56]访问了[com.yuanmh.community.service.FollowService.findFollowerCount]方法
2024-06-30 21:23:56,540 INFO [http-nio-8080-exec-6] c.y.c.a.ServiceLogAspect [ServiceLogAspect.java:44] 用户[0:0:0:0:0:0:0:1]在[2024-06-30 21:23:56]访问了[com.yuanmh.community.service.FollowService.isFollowed]方法
2024-06-30 21:23:59,003 INFO [http-nio-8080-exec-3] c.y.c.a.ServiceLogAspect [ServiceLogAspect.java:44] 用户[0:0:0:0:0:0:0:1]在[2024-06-30 21:23:59]访问了[com.yuanmh.community.service.impl.UserServiceImpl.findLoginTicket]方法
2024-06-30 21:23:59,004 INFO [http-nio-8080-exec-3] c.y.c.a.ServiceLogAspect [ServiceLogAspect.java:44] 用户[0:0:0:0:0:0:0:1]在[2024-06-30 21:23:59]访问了[com.yuanmh.community.service.impl.UserServiceImpl.findUserById]方法
2024-06-30 21:23:59,015 INFO [http-nio-8080-exec-2] c.y.c.a.ServiceLogAspect [ServiceLogAspect.java:44] 用户[0:0:0:0:0:0:0:1]在[2024-06-30 21:23:59]访问了[com.yuanmh.community.service.impl.UserServiceImpl.findLoginTicket]方法
2024-06-30 21:23:59,016 INFO [http-nio-8080-exec-2] c.y.c.a.ServiceLogAspect [ServiceLogAspect.java:44] 用户[0:0:0:0:0:0:0:1]在[2024-06-30 21:23:59]访问了[com.yuanmh.community.service.impl.UserServiceImpl.findUserById]方法
2024-06-30 21:24:00,182 INFO [http-nio-8080-exec-8] c.y.c.a.ServiceLogAspect [ServiceLogAspect.java:44] 用户[0:0:0:0:0:0:0:1]在[2024-06-30 21:24:00]访问了[com.yuanmh.community.service.impl.UserServiceImpl.findLoginTicket]方法
2024-06-30 21:24:00,183 INFO [http-nio-8080-exec-8] c.y.c.a.ServiceLogAspect [ServiceLogAspect.java:44] 用户[0:0:0:0:0:0:0:1]在[2024-06-30 21:24:00]访问了[com.yuanmh.community.service.impl.UserServiceImpl.findUserById]方法
2024-06-30 21:24:00,192 INFO [http-nio-8080-exec-8] c.y.c.a.ServiceLogAspect [ServiceLogAspect.java:44] 用户[0:0:0:0:0:0:0:1]在[2024-06-30 21:24:00]访问了[com.yuanmh.community.service.LikeService.findEntityLikeCount]方法
2024-06-30 21:24:00,194 INFO [http-nio-8080-exec-8] c.y.c.a.ServiceLogAspect [ServiceLogAspect.java:44] 用户[0:0:0:0:0:0:0:1]在[2024-06-30 21:24:00]访问了[com.yuanmh.community.service.LikeService.findEntityLikeCount]方法
2024-06-30 21:24:00,196 INFO [http-nio-8080-exec-8] c.y.c.a.ServiceLogAspect [ServiceLogAspect.java:44] 用户[0:0:0:0:0:0:0:1]在[2024-06-30 21:24:00]访问了[com.yuanmh.community.service.LikeService.findEntityLikeCount]方法
2024-06-30 21:24:00,199 INFO [http-nio-8080-exec-8] c.y.c.a.ServiceLogAspect [ServiceLogAspect.java:44] 用户[0:0:0:0:0:0:0:1]在[2024-06-30 21:24:00]访问了[com.yuanmh.community.service.LikeService.findEntityLikeCount]方法
2024-06-30 21:24:00,201 INFO [http-nio-8080-exec-8] c.y.c.a.ServiceLogAspect [ServiceLogAspect.java:44] 用户[0:0:0:0:0:0:0:1]在[2024-06-30 21:24:00]访问了[com.yuanmh.community.service.LikeService.findEntityLikeCount]方法
2024-06-30 21:24:03,655 INFO [SpringApplicationShutdownHook] c.z.h.HikariDataSource [HikariDataSource.java:349] HikariPool-1 - Shutdown initiated...
2024-06-30 21:24:03,661 INFO [SpringApplicationShutdownHook] c.z.h.HikariDataSource [HikariDataSource.java:351] HikariPool-1 - Shutdown completed.
