2024-06-28 16:07:22,665 INFO [restartedMain] c.y.c.CommunityApplication [StartupInfoLogger.java:50] Starting CommunityApplication using Java 21.0.3 with PID 19608 (F:\IDEAProject\Yuanmh0919\nowcoder\community\target\classes started by 袁明海 in F:\IDEAProject\Yuanmh0919\nowcoder)
2024-06-28 16:07:22,674 INFO [restartedMain] c.y.c.CommunityApplication [SpringApplication.java:654] No active profile set, falling back to 1 default profile: "default"
2024-06-28 16:07:22,721 INFO [restartedMain] o.s.b.d.e.DevToolsPropertyDefaultsPostProcessor [DeferredLog.java:252] Devtools property defaults active! Set 'spring.devtools.add-properties' to 'false' to disable
2024-06-28 16:07:22,721 INFO [restartedMain] o.s.b.d.e.DevToolsPropertyDefaultsPostProcessor [DeferredLog.java:252] For additional web related logging consider setting the 'logging.level.web' property to 'DEBUG'
2024-06-28 16:07:23,636 INFO [restartedMain] o.s.d.r.c.RepositoryConfigurationDelegate [RepositoryConfigurationDelegate.java:295] Multiple Spring Data modules found, entering strict repository configuration mode
2024-06-28 16:07:23,639 INFO [restartedMain] o.s.d.r.c.RepositoryConfigurationDelegate [RepositoryConfigurationDelegate.java:143] Bootstrapping Spring Data Redis repositories in DEFAULT mode.
2024-06-28 16:07:23,663 INFO [restartedMain] o.s.d.r.c.RepositoryConfigurationDelegate [RepositoryConfigurationDelegate.java:211] Finished Spring Data repository scanning in 9 ms. Found 0 Redis repository interfaces.
2024-06-28 16:07:24,437 INFO [restartedMain] o.s.b.w.e.t.TomcatWebServer [TomcatWebServer.java:111] Tomcat initialized with port 8080 (http)
2024-06-28 16:07:24,447 INFO [restartedMain] o.a.c.h.Http11NioProtocol [DirectJDKLog.java:173] Initializing ProtocolHandler ["http-nio-8080"]
2024-06-28 16:07:24,449 INFO [restartedMain] o.a.c.c.StandardService [DirectJDKLog.java:173] Starting service [Tomcat]
2024-06-28 16:07:24,449 INFO [restartedMain] o.a.c.c.StandardEngine [DirectJDKLog.java:173] Starting Servlet engine: [Apache Tomcat/10.1.24]
2024-06-28 16:07:24,491 INFO [restartedMain] o.a.c.c.C.[.[.[/community] [DirectJDKLog.java:173] Initializing Spring embedded WebApplicationContext
2024-06-28 16:07:24,491 INFO [restartedMain] o.s.b.w.s.c.ServletWebServerApplicationContext [ServletWebServerApplicationContext.java:296] Root WebApplicationContext: initialization completed in 1769 ms
2024-06-28 16:07:24,547 INFO [restartedMain] o.s.b.f.a.AutowiredAnnotationBeanPostProcessor [AutowiredAnnotationBeanPostProcessor.java:577] Autowired annotation is not supported on static fields: private static final org.slf4j.Logger com.yuanmh.community.controller.interceptor.TestInterceptor.logger
2024-06-28 16:07:25,342 INFO [restartedMain] o.s.b.a.w.s.WelcomePageHandlerMapping [WelcomePageHandlerMapping.java:59] Adding welcome page template: index
2024-06-28 16:07:25,842 INFO [restartedMain] o.s.b.d.a.OptionalLiveReloadServer [OptionalLiveReloadServer.java:59] LiveReload server is running on port 35729
2024-06-28 16:07:25,860 INFO [restartedMain] o.a.c.h.Http11NioProtocol [DirectJDKLog.java:173] Starting ProtocolHandler ["http-nio-8080"]
2024-06-28 16:07:25,871 INFO [restartedMain] o.s.b.w.e.t.TomcatWebServer [TomcatWebServer.java:243] Tomcat started on port 8080 (http) with context path '/community'
2024-06-28 16:07:25,877 INFO [restartedMain] c.y.c.CommunityApplication [StartupInfoLogger.java:56] Started CommunityApplication in 3.704 seconds (process running for 4.502)
2024-06-28 16:07:50,201 INFO [http-nio-8080-exec-1] o.a.c.c.C.[.[.[/community] [DirectJDKLog.java:173] Initializing Spring DispatcherServlet 'dispatcherServlet'
2024-06-28 16:07:50,201 INFO [http-nio-8080-exec-1] o.s.w.s.DispatcherServlet [FrameworkServlet.java:532] Initializing Servlet 'dispatcherServlet'
2024-06-28 16:07:50,203 INFO [http-nio-8080-exec-1] o.s.w.s.DispatcherServlet [FrameworkServlet.java:554] Completed initialization in 2 ms
2024-06-28 16:08:09,065 INFO [http-nio-8080-exec-4] c.y.c.a.ServiceLogAspect [ServiceLogAspect.java:44] 用户[0:0:0:0:0:0:0:1]在[2024-06-28 16:08:09]访问了[com.yuanmh.community.service.impl.UserServiceImpl.login]方法
2024-06-28 16:08:09,080 INFO [http-nio-8080-exec-4] c.z.h.HikariDataSource [HikariDataSource.java:109] HikariPool-1 - Starting...
2024-06-28 16:08:09,432 INFO [http-nio-8080-exec-4] c.z.h.p.HikariPool [HikariPool.java:554] HikariPool-1 - Added connection com.mysql.cj.jdbc.ConnectionImpl@2d6bc58
2024-06-28 16:08:09,434 INFO [http-nio-8080-exec-4] c.z.h.HikariDataSource [HikariDataSource.java:122] HikariPool-1 - Start completed.
2024-06-28 16:08:09,537 INFO [http-nio-8080-exec-5] c.y.c.a.ServiceLogAspect [ServiceLogAspect.java:44] 用户[0:0:0:0:0:0:0:1]在[2024-06-28 16:08:09]访问了[com.yuanmh.community.service.impl.UserServiceImpl.findLoginTicket]方法
2024-06-28 16:08:09,555 INFO [http-nio-8080-exec-5] c.y.c.a.ServiceLogAspect [ServiceLogAspect.java:44] 用户[0:0:0:0:0:0:0:1]在[2024-06-28 16:08:09]访问了[com.yuanmh.community.service.impl.UserServiceImpl.findUserById]方法
2024-06-28 16:08:09,595 INFO [http-nio-8080-exec-5] c.y.c.a.ServiceLogAspect [ServiceLogAspect.java:44] 用户[0:0:0:0:0:0:0:1]在[2024-06-28 16:08:09]访问了[com.yuanmh.community.service.LikeService.findEntityLikeCount]方法
2024-06-28 16:08:09,600 INFO [http-nio-8080-exec-5] c.y.c.a.ServiceLogAspect [ServiceLogAspect.java:44] 用户[0:0:0:0:0:0:0:1]在[2024-06-28 16:08:09]访问了[com.yuanmh.community.service.LikeService.findEntityLikeCount]方法
2024-06-28 16:08:09,603 INFO [http-nio-8080-exec-5] c.y.c.a.ServiceLogAspect [ServiceLogAspect.java:44] 用户[0:0:0:0:0:0:0:1]在[2024-06-28 16:08:09]访问了[com.yuanmh.community.service.LikeService.findEntityLikeCount]方法
2024-06-28 16:08:09,606 INFO [http-nio-8080-exec-5] c.y.c.a.ServiceLogAspect [ServiceLogAspect.java:44] 用户[0:0:0:0:0:0:0:1]在[2024-06-28 16:08:09]访问了[com.yuanmh.community.service.LikeService.findEntityLikeCount]方法
2024-06-28 16:08:09,608 INFO [http-nio-8080-exec-5] c.y.c.a.ServiceLogAspect [ServiceLogAspect.java:44] 用户[0:0:0:0:0:0:0:1]在[2024-06-28 16:08:09]访问了[com.yuanmh.community.service.LikeService.findEntityLikeCount]方法
2024-06-28 16:08:55,132 INFO [http-nio-8080-exec-10] c.y.c.a.ServiceLogAspect [ServiceLogAspect.java:44] 用户[0:0:0:0:0:0:0:1]在[2024-06-28 16:08:55]访问了[com.yuanmh.community.service.impl.UserServiceImpl.findLoginTicket]方法
2024-06-28 16:08:55,133 INFO [http-nio-8080-exec-10] c.y.c.a.ServiceLogAspect [ServiceLogAspect.java:44] 用户[0:0:0:0:0:0:0:1]在[2024-06-28 16:08:55]访问了[com.yuanmh.community.service.impl.UserServiceImpl.findUserById]方法
2024-06-28 16:08:55,137 INFO [http-nio-8080-exec-10] c.y.c.a.ServiceLogAspect [ServiceLogAspect.java:44] 用户[0:0:0:0:0:0:0:1]在[2024-06-28 16:08:55]访问了[com.yuanmh.community.service.impl.MessageServiceImpl.findConversationsCount]方法
2024-06-28 16:08:55,149 INFO [http-nio-8080-exec-10] c.y.c.a.ServiceLogAspect [ServiceLogAspect.java:44] 用户[0:0:0:0:0:0:0:1]在[2024-06-28 16:08:55]访问了[com.yuanmh.community.service.impl.MessageServiceImpl.findConversations]方法
2024-06-28 16:08:55,154 INFO [http-nio-8080-exec-10] c.y.c.a.ServiceLogAspect [ServiceLogAspect.java:44] 用户[0:0:0:0:0:0:0:1]在[2024-06-28 16:08:55]访问了[com.yuanmh.community.service.impl.MessageServiceImpl.findLettersUnreadCount]方法
2024-06-28 16:08:55,157 INFO [http-nio-8080-exec-10] c.y.c.a.ServiceLogAspect [ServiceLogAspect.java:44] 用户[0:0:0:0:0:0:0:1]在[2024-06-28 16:08:55]访问了[com.yuanmh.community.service.impl.MessageServiceImpl.findLettersCount]方法
2024-06-28 16:08:55,159 INFO [http-nio-8080-exec-10] c.y.c.a.ServiceLogAspect [ServiceLogAspect.java:44] 用户[0:0:0:0:0:0:0:1]在[2024-06-28 16:08:55]访问了[com.yuanmh.community.service.impl.UserServiceImpl.findUserById]方法
2024-06-28 16:08:55,161 INFO [http-nio-8080-exec-10] c.y.c.a.ServiceLogAspect [ServiceLogAspect.java:44] 用户[0:0:0:0:0:0:0:1]在[2024-06-28 16:08:55]访问了[com.yuanmh.community.service.impl.MessageServiceImpl.findLettersUnreadCount]方法
2024-06-28 16:08:56,208 INFO [http-nio-8080-exec-5] c.y.c.a.ServiceLogAspect [ServiceLogAspect.java:44] 用户[0:0:0:0:0:0:0:1]在[2024-06-28 16:08:56]访问了[com.yuanmh.community.service.impl.UserServiceImpl.findLoginTicket]方法
2024-06-28 16:08:56,209 INFO [http-nio-8080-exec-5] c.y.c.a.ServiceLogAspect [ServiceLogAspect.java:44] 用户[0:0:0:0:0:0:0:1]在[2024-06-28 16:08:56]访问了[com.yuanmh.community.service.impl.UserServiceImpl.findUserById]方法
2024-06-28 16:08:56,218 INFO [http-nio-8080-exec-5] c.y.c.a.ServiceLogAspect [ServiceLogAspect.java:44] 用户[0:0:0:0:0:0:0:1]在[2024-06-28 16:08:56]访问了[com.yuanmh.community.service.LikeService.findEntityLikeCount]方法
2024-06-28 16:08:56,220 INFO [http-nio-8080-exec-5] c.y.c.a.ServiceLogAspect [ServiceLogAspect.java:44] 用户[0:0:0:0:0:0:0:1]在[2024-06-28 16:08:56]访问了[com.yuanmh.community.service.LikeService.findEntityLikeCount]方法
2024-06-28 16:08:56,222 INFO [http-nio-8080-exec-5] c.y.c.a.ServiceLogAspect [ServiceLogAspect.java:44] 用户[0:0:0:0:0:0:0:1]在[2024-06-28 16:08:56]访问了[com.yuanmh.community.service.LikeService.findEntityLikeCount]方法
2024-06-28 16:08:56,225 INFO [http-nio-8080-exec-5] c.y.c.a.ServiceLogAspect [ServiceLogAspect.java:44] 用户[0:0:0:0:0:0:0:1]在[2024-06-28 16:08:56]访问了[com.yuanmh.community.service.LikeService.findEntityLikeCount]方法
2024-06-28 16:08:56,227 INFO [http-nio-8080-exec-5] c.y.c.a.ServiceLogAspect [ServiceLogAspect.java:44] 用户[0:0:0:0:0:0:0:1]在[2024-06-28 16:08:56]访问了[com.yuanmh.community.service.LikeService.findEntityLikeCount]方法
2024-06-28 16:08:57,339 INFO [http-nio-8080-exec-1] c.y.c.a.ServiceLogAspect [ServiceLogAspect.java:44] 用户[0:0:0:0:0:0:0:1]在[2024-06-28 16:08:57]访问了[com.yuanmh.community.service.impl.UserServiceImpl.findLoginTicket]方法
2024-06-28 16:08:57,340 INFO [http-nio-8080-exec-1] c.y.c.a.ServiceLogAspect [ServiceLogAspect.java:44] 用户[0:0:0:0:0:0:0:1]在[2024-06-28 16:08:57]访问了[com.yuanmh.community.service.impl.UserServiceImpl.findUserById]方法
2024-06-28 16:08:57,345 INFO [http-nio-8080-exec-1] c.y.c.a.ServiceLogAspect [ServiceLogAspect.java:44] 用户[0:0:0:0:0:0:0:1]在[2024-06-28 16:08:57]访问了[com.yuanmh.community.service.impl.DiscussPostsServiceImpl.findDiscussPostById]方法
2024-06-28 16:08:57,348 INFO [http-nio-8080-exec-1] c.y.c.a.ServiceLogAspect [ServiceLogAspect.java:44] 用户[0:0:0:0:0:0:0:1]在[2024-06-28 16:08:57]访问了[com.yuanmh.community.service.impl.UserServiceImpl.findUserById]方法
2024-06-28 16:08:57,350 INFO [http-nio-8080-exec-1] c.y.c.a.ServiceLogAspect [ServiceLogAspect.java:44] 用户[0:0:0:0:0:0:0:1]在[2024-06-28 16:08:57]访问了[com.yuanmh.community.service.LikeService.findEntityLikeCount]方法
2024-06-28 16:08:57,351 INFO [http-nio-8080-exec-1] c.y.c.a.ServiceLogAspect [ServiceLogAspect.java:44] 用户[0:0:0:0:0:0:0:1]在[2024-06-28 16:08:57]访问了[com.yuanmh.community.service.LikeService.findEntityLikeStatus]方法
2024-06-28 16:08:57,353 INFO [http-nio-8080-exec-1] c.y.c.a.ServiceLogAspect [ServiceLogAspect.java:44] 用户[0:0:0:0:0:0:0:1]在[2024-06-28 16:08:57]访问了[com.yuanmh.community.service.impl.CommentServiceImpl.findCommentsByEntity]方法
2024-06-28 16:08:57,364 INFO [http-nio-8080-exec-1] c.y.c.a.ServiceLogAspect [ServiceLogAspect.java:44] 用户[0:0:0:0:0:0:0:1]在[2024-06-28 16:08:57]访问了[com.yuanmh.community.service.impl.UserServiceImpl.findUserById]方法
2024-06-28 16:08:57,366 INFO [http-nio-8080-exec-1] c.y.c.a.ServiceLogAspect [ServiceLogAspect.java:44] 用户[0:0:0:0:0:0:0:1]在[2024-06-28 16:08:57]访问了[com.yuanmh.community.service.impl.CommentServiceImpl.findCommentsByEntity]方法
2024-06-28 16:08:57,369 INFO [http-nio-8080-exec-1] c.y.c.a.ServiceLogAspect [ServiceLogAspect.java:44] 用户[0:0:0:0:0:0:0:1]在[2024-06-28 16:08:57]访问了[com.yuanmh.community.service.LikeService.findEntityLikeCount]方法
2024-06-28 16:08:57,369 INFO [http-nio-8080-exec-1] c.y.c.a.ServiceLogAspect [ServiceLogAspect.java:44] 用户[0:0:0:0:0:0:0:1]在[2024-06-28 16:08:57]访问了[com.yuanmh.community.service.LikeService.findEntityLikeStatus]方法
2024-06-28 16:08:57,370 INFO [http-nio-8080-exec-1] c.y.c.a.ServiceLogAspect [ServiceLogAspect.java:44] 用户[0:0:0:0:0:0:0:1]在[2024-06-28 16:08:57]访问了[com.yuanmh.community.service.impl.UserServiceImpl.findUserById]方法
2024-06-28 16:08:57,372 INFO [http-nio-8080-exec-1] c.y.c.a.ServiceLogAspect [ServiceLogAspect.java:44] 用户[0:0:0:0:0:0:0:1]在[2024-06-28 16:08:57]访问了[com.yuanmh.community.service.LikeService.findEntityLikeCount]方法
2024-06-28 16:08:57,372 INFO [http-nio-8080-exec-1] c.y.c.a.ServiceLogAspect [ServiceLogAspect.java:44] 用户[0:0:0:0:0:0:0:1]在[2024-06-28 16:08:57]访问了[com.yuanmh.community.service.LikeService.findEntityLikeStatus]方法
2024-06-28 16:08:57,373 INFO [http-nio-8080-exec-1] c.y.c.a.ServiceLogAspect [ServiceLogAspect.java:44] 用户[0:0:0:0:0:0:0:1]在[2024-06-28 16:08:57]访问了[com.yuanmh.community.service.impl.CommentServiceImpl.findCommentCount]方法
2024-06-28 16:08:57,375 INFO [http-nio-8080-exec-1] c.y.c.a.ServiceLogAspect [ServiceLogAspect.java:44] 用户[0:0:0:0:0:0:0:1]在[2024-06-28 16:08:57]访问了[com.yuanmh.community.service.impl.UserServiceImpl.findUserById]方法
2024-06-28 16:08:57,377 INFO [http-nio-8080-exec-1] c.y.c.a.ServiceLogAspect [ServiceLogAspect.java:44] 用户[0:0:0:0:0:0:0:1]在[2024-06-28 16:08:57]访问了[com.yuanmh.community.service.impl.CommentServiceImpl.findCommentsByEntity]方法
2024-06-28 16:08:57,379 INFO [http-nio-8080-exec-1] c.y.c.a.ServiceLogAspect [ServiceLogAspect.java:44] 用户[0:0:0:0:0:0:0:1]在[2024-06-28 16:08:57]访问了[com.yuanmh.community.service.LikeService.findEntityLikeCount]方法
2024-06-28 16:08:57,379 INFO [http-nio-8080-exec-1] c.y.c.a.ServiceLogAspect [ServiceLogAspect.java:44] 用户[0:0:0:0:0:0:0:1]在[2024-06-28 16:08:57]访问了[com.yuanmh.community.service.LikeService.findEntityLikeStatus]方法
2024-06-28 16:08:57,380 INFO [http-nio-8080-exec-1] c.y.c.a.ServiceLogAspect [ServiceLogAspect.java:44] 用户[0:0:0:0:0:0:0:1]在[2024-06-28 16:08:57]访问了[com.yuanmh.community.service.impl.CommentServiceImpl.findCommentCount]方法
2024-06-28 16:08:57,382 INFO [http-nio-8080-exec-1] c.y.c.a.ServiceLogAspect [ServiceLogAspect.java:44] 用户[0:0:0:0:0:0:0:1]在[2024-06-28 16:08:57]访问了[com.yuanmh.community.service.impl.UserServiceImpl.findUserById]方法
2024-06-28 16:08:57,383 INFO [http-nio-8080-exec-1] c.y.c.a.ServiceLogAspect [ServiceLogAspect.java:44] 用户[0:0:0:0:0:0:0:1]在[2024-06-28 16:08:57]访问了[com.yuanmh.community.service.impl.CommentServiceImpl.findCommentsByEntity]方法
2024-06-28 16:08:57,385 INFO [http-nio-8080-exec-1] c.y.c.a.ServiceLogAspect [ServiceLogAspect.java:44] 用户[0:0:0:0:0:0:0:1]在[2024-06-28 16:08:57]访问了[com.yuanmh.community.service.LikeService.findEntityLikeCount]方法
2024-06-28 16:08:57,386 INFO [http-nio-8080-exec-1] c.y.c.a.ServiceLogAspect [ServiceLogAspect.java:44] 用户[0:0:0:0:0:0:0:1]在[2024-06-28 16:08:57]访问了[com.yuanmh.community.service.LikeService.findEntityLikeStatus]方法
2024-06-28 16:08:57,386 INFO [http-nio-8080-exec-1] c.y.c.a.ServiceLogAspect [ServiceLogAspect.java:44] 用户[0:0:0:0:0:0:0:1]在[2024-06-28 16:08:57]访问了[com.yuanmh.community.service.impl.CommentServiceImpl.findCommentCount]方法
2024-06-28 16:08:57,388 INFO [http-nio-8080-exec-1] c.y.c.a.ServiceLogAspect [ServiceLogAspect.java:44] 用户[0:0:0:0:0:0:0:1]在[2024-06-28 16:08:57]访问了[com.yuanmh.community.service.impl.UserServiceImpl.findUserById]方法
2024-06-28 16:08:57,390 INFO [http-nio-8080-exec-1] c.y.c.a.ServiceLogAspect [ServiceLogAspect.java:44] 用户[0:0:0:0:0:0:0:1]在[2024-06-28 16:08:57]访问了[com.yuanmh.community.service.impl.CommentServiceImpl.findCommentsByEntity]方法
2024-06-28 16:08:57,392 INFO [http-nio-8080-exec-1] c.y.c.a.ServiceLogAspect [ServiceLogAspect.java:44] 用户[0:0:0:0:0:0:0:1]在[2024-06-28 16:08:57]访问了[com.yuanmh.community.service.LikeService.findEntityLikeCount]方法
2024-06-28 16:08:57,392 INFO [http-nio-8080-exec-1] c.y.c.a.ServiceLogAspect [ServiceLogAspect.java:44] 用户[0:0:0:0:0:0:0:1]在[2024-06-28 16:08:57]访问了[com.yuanmh.community.service.LikeService.findEntityLikeStatus]方法
2024-06-28 16:08:57,393 INFO [http-nio-8080-exec-1] c.y.c.a.ServiceLogAspect [ServiceLogAspect.java:44] 用户[0:0:0:0:0:0:0:1]在[2024-06-28 16:08:57]访问了[com.yuanmh.community.service.impl.UserServiceImpl.findUserById]方法
2024-06-28 16:08:57,394 INFO [http-nio-8080-exec-1] c.y.c.a.ServiceLogAspect [ServiceLogAspect.java:44] 用户[0:0:0:0:0:0:0:1]在[2024-06-28 16:08:57]访问了[com.yuanmh.community.service.LikeService.findEntityLikeCount]方法
2024-06-28 16:08:57,395 INFO [http-nio-8080-exec-1] c.y.c.a.ServiceLogAspect [ServiceLogAspect.java:44] 用户[0:0:0:0:0:0:0:1]在[2024-06-28 16:08:57]访问了[com.yuanmh.community.service.LikeService.findEntityLikeStatus]方法
2024-06-28 16:08:57,396 INFO [http-nio-8080-exec-1] c.y.c.a.ServiceLogAspect [ServiceLogAspect.java:44] 用户[0:0:0:0:0:0:0:1]在[2024-06-28 16:08:57]访问了[com.yuanmh.community.service.impl.UserServiceImpl.findUserById]方法
2024-06-28 16:08:57,398 INFO [http-nio-8080-exec-1] c.y.c.a.ServiceLogAspect [ServiceLogAspect.java:44] 用户[0:0:0:0:0:0:0:1]在[2024-06-28 16:08:57]访问了[com.yuanmh.community.service.LikeService.findEntityLikeCount]方法
2024-06-28 16:08:57,398 INFO [http-nio-8080-exec-1] c.y.c.a.ServiceLogAspect [ServiceLogAspect.java:44] 用户[0:0:0:0:0:0:0:1]在[2024-06-28 16:08:57]访问了[com.yuanmh.community.service.LikeService.findEntityLikeStatus]方法
2024-06-28 16:08:57,399 INFO [http-nio-8080-exec-1] c.y.c.a.ServiceLogAspect [ServiceLogAspect.java:44] 用户[0:0:0:0:0:0:0:1]在[2024-06-28 16:08:57]访问了[com.yuanmh.community.service.impl.UserServiceImpl.findUserById]方法
2024-06-28 16:08:57,401 INFO [http-nio-8080-exec-1] c.y.c.a.ServiceLogAspect [ServiceLogAspect.java:44] 用户[0:0:0:0:0:0:0:1]在[2024-06-28 16:08:57]访问了[com.yuanmh.community.service.impl.UserServiceImpl.findUserById]方法
2024-06-28 16:08:57,402 INFO [http-nio-8080-exec-1] c.y.c.a.ServiceLogAspect [ServiceLogAspect.java:44] 用户[0:0:0:0:0:0:0:1]在[2024-06-28 16:08:57]访问了[com.yuanmh.community.service.LikeService.findEntityLikeCount]方法
2024-06-28 16:08:57,403 INFO [http-nio-8080-exec-1] c.y.c.a.ServiceLogAspect [ServiceLogAspect.java:44] 用户[0:0:0:0:0:0:0:1]在[2024-06-28 16:08:57]访问了[com.yuanmh.community.service.LikeService.findEntityLikeStatus]方法
2024-06-28 16:08:57,404 INFO [http-nio-8080-exec-1] c.y.c.a.ServiceLogAspect [ServiceLogAspect.java:44] 用户[0:0:0:0:0:0:0:1]在[2024-06-28 16:08:57]访问了[com.yuanmh.community.service.impl.CommentServiceImpl.findCommentCount]方法
2024-06-28 16:08:57,405 INFO [http-nio-8080-exec-1] c.y.c.a.ServiceLogAspect [ServiceLogAspect.java:44] 用户[0:0:0:0:0:0:0:1]在[2024-06-28 16:08:57]访问了[com.yuanmh.community.service.impl.UserServiceImpl.findUserById]方法
2024-06-28 16:08:57,407 INFO [http-nio-8080-exec-1] c.y.c.a.ServiceLogAspect [ServiceLogAspect.java:44] 用户[0:0:0:0:0:0:0:1]在[2024-06-28 16:08:57]访问了[com.yuanmh.community.service.impl.CommentServiceImpl.findCommentsByEntity]方法
2024-06-28 16:08:57,408 INFO [http-nio-8080-exec-1] c.y.c.a.ServiceLogAspect [ServiceLogAspect.java:44] 用户[0:0:0:0:0:0:0:1]在[2024-06-28 16:08:57]访问了[com.yuanmh.community.service.LikeService.findEntityLikeCount]方法
2024-06-28 16:08:57,409 INFO [http-nio-8080-exec-1] c.y.c.a.ServiceLogAspect [ServiceLogAspect.java:44] 用户[0:0:0:0:0:0:0:1]在[2024-06-28 16:08:57]访问了[com.yuanmh.community.service.LikeService.findEntityLikeStatus]方法
2024-06-28 16:08:57,410 INFO [http-nio-8080-exec-1] c.y.c.a.ServiceLogAspect [ServiceLogAspect.java:44] 用户[0:0:0:0:0:0:0:1]在[2024-06-28 16:08:57]访问了[com.yuanmh.community.service.impl.CommentServiceImpl.findCommentCount]方法
2024-06-28 16:08:59,262 INFO [http-nio-8080-exec-6] c.y.c.a.ServiceLogAspect [ServiceLogAspect.java:44] 用户[0:0:0:0:0:0:0:1]在[2024-06-28 16:08:59]访问了[com.yuanmh.community.service.impl.UserServiceImpl.findLoginTicket]方法
2024-06-28 16:08:59,263 INFO [http-nio-8080-exec-6] c.y.c.a.ServiceLogAspect [ServiceLogAspect.java:44] 用户[0:0:0:0:0:0:0:1]在[2024-06-28 16:08:59]访问了[com.yuanmh.community.service.impl.UserServiceImpl.findUserById]方法
2024-06-28 16:08:59,267 INFO [http-nio-8080-exec-6] c.y.c.a.ServiceLogAspect [ServiceLogAspect.java:44] 用户[0:0:0:0:0:0:0:1]在[2024-06-28 16:08:59]访问了[com.yuanmh.community.service.LikeService.like]方法
2024-06-28 16:08:59,309 INFO [http-nio-8080-exec-6] c.y.c.a.ServiceLogAspect [ServiceLogAspect.java:44] 用户[0:0:0:0:0:0:0:1]在[2024-06-28 16:08:59]访问了[com.yuanmh.community.service.LikeService.findEntityLikeCount]方法
2024-06-28 16:08:59,310 INFO [http-nio-8080-exec-6] c.y.c.a.ServiceLogAspect [ServiceLogAspect.java:44] 用户[0:0:0:0:0:0:0:1]在[2024-06-28 16:08:59]访问了[com.yuanmh.community.service.LikeService.findEntityLikeStatus]方法
2024-06-28 16:09:00,504 INFO [http-nio-8080-exec-8] c.y.c.a.ServiceLogAspect [ServiceLogAspect.java:44] 用户[0:0:0:0:0:0:0:1]在[2024-06-28 16:09:00]访问了[com.yuanmh.community.service.impl.UserServiceImpl.findLoginTicket]方法
2024-06-28 16:09:00,505 INFO [http-nio-8080-exec-8] c.y.c.a.ServiceLogAspect [ServiceLogAspect.java:44] 用户[0:0:0:0:0:0:0:1]在[2024-06-28 16:09:00]访问了[com.yuanmh.community.service.impl.UserServiceImpl.findUserById]方法
2024-06-28 16:09:00,508 INFO [http-nio-8080-exec-8] c.y.c.a.ServiceLogAspect [ServiceLogAspect.java:44] 用户[0:0:0:0:0:0:0:1]在[2024-06-28 16:09:00]访问了[com.yuanmh.community.service.LikeService.like]方法
2024-06-28 16:09:00,515 INFO [http-nio-8080-exec-8] c.y.c.a.ServiceLogAspect [ServiceLogAspect.java:44] 用户[0:0:0:0:0:0:0:1]在[2024-06-28 16:09:00]访问了[com.yuanmh.community.service.LikeService.findEntityLikeCount]方法
2024-06-28 16:09:00,516 INFO [http-nio-8080-exec-8] c.y.c.a.ServiceLogAspect [ServiceLogAspect.java:44] 用户[0:0:0:0:0:0:0:1]在[2024-06-28 16:09:00]访问了[com.yuanmh.community.service.LikeService.findEntityLikeStatus]方法
2024-06-28 16:09:02,645 INFO [http-nio-8080-exec-9] c.y.c.a.ServiceLogAspect [ServiceLogAspect.java:44] 用户[0:0:0:0:0:0:0:1]在[2024-06-28 16:09:02]访问了[com.yuanmh.community.service.impl.UserServiceImpl.findLoginTicket]方法
2024-06-28 16:09:02,647 INFO [http-nio-8080-exec-9] c.y.c.a.ServiceLogAspect [ServiceLogAspect.java:44] 用户[0:0:0:0:0:0:0:1]在[2024-06-28 16:09:02]访问了[com.yuanmh.community.service.impl.UserServiceImpl.findUserById]方法
2024-06-28 16:09:02,650 INFO [http-nio-8080-exec-9] c.y.c.a.ServiceLogAspect [ServiceLogAspect.java:44] 用户[0:0:0:0:0:0:0:1]在[2024-06-28 16:09:02]访问了[com.yuanmh.community.service.impl.UserServiceImpl.findUserById]方法
2024-06-28 16:09:02,652 INFO [http-nio-8080-exec-9] c.y.c.a.ServiceLogAspect [ServiceLogAspect.java:44] 用户[0:0:0:0:0:0:0:1]在[2024-06-28 16:09:02]访问了[com.yuanmh.community.service.LikeService.findUserLikeCount]方法
2024-06-28 16:09:02,653 INFO [http-nio-8080-exec-9] c.y.c.a.ServiceLogAspect [ServiceLogAspect.java:44] 用户[0:0:0:0:0:0:0:1]在[2024-06-28 16:09:02]访问了[com.yuanmh.community.service.FollowService.findFolloweeCount]方法
2024-06-28 16:09:02,654 INFO [http-nio-8080-exec-9] c.y.c.a.ServiceLogAspect [ServiceLogAspect.java:44] 用户[0:0:0:0:0:0:0:1]在[2024-06-28 16:09:02]访问了[com.yuanmh.community.service.FollowService.findFollowerCount]方法
2024-06-28 16:09:02,655 INFO [http-nio-8080-exec-9] c.y.c.a.ServiceLogAspect [ServiceLogAspect.java:44] 用户[0:0:0:0:0:0:0:1]在[2024-06-28 16:09:02]访问了[com.yuanmh.community.service.FollowService.isFollowed]方法
2024-06-28 16:09:04,425 INFO [http-nio-8080-exec-4] c.y.c.a.ServiceLogAspect [ServiceLogAspect.java:44] 用户[0:0:0:0:0:0:0:1]在[2024-06-28 16:09:04]访问了[com.yuanmh.community.service.impl.UserServiceImpl.findLoginTicket]方法
2024-06-28 16:09:04,427 INFO [http-nio-8080-exec-4] c.y.c.a.ServiceLogAspect [ServiceLogAspect.java:44] 用户[0:0:0:0:0:0:0:1]在[2024-06-28 16:09:04]访问了[com.yuanmh.community.service.impl.UserServiceImpl.findUserById]方法
2024-06-28 16:09:04,437 INFO [http-nio-8080-exec-7] c.y.c.a.ServiceLogAspect [ServiceLogAspect.java:44] 用户[0:0:0:0:0:0:0:1]在[2024-06-28 16:09:04]访问了[com.yuanmh.community.service.impl.UserServiceImpl.findLoginTicket]方法
2024-06-28 16:09:04,438 INFO [http-nio-8080-exec-7] c.y.c.a.ServiceLogAspect [ServiceLogAspect.java:44] 用户[0:0:0:0:0:0:0:1]在[2024-06-28 16:09:04]访问了[com.yuanmh.community.service.impl.UserServiceImpl.findUserById]方法
2024-06-28 16:09:08,191 INFO [http-nio-8080-exec-8] c.y.c.a.ServiceLogAspect [ServiceLogAspect.java:44] 用户[0:0:0:0:0:0:0:1]在[2024-06-28 16:09:08]访问了[com.yuanmh.community.service.impl.UserServiceImpl.findLoginTicket]方法
2024-06-28 16:09:08,192 INFO [http-nio-8080-exec-8] c.y.c.a.ServiceLogAspect [ServiceLogAspect.java:44] 用户[0:0:0:0:0:0:0:1]在[2024-06-28 16:09:08]访问了[com.yuanmh.community.service.impl.UserServiceImpl.findUserById]方法
2024-06-28 16:09:08,194 INFO [http-nio-8080-exec-8] c.y.c.a.ServiceLogAspect [ServiceLogAspect.java:44] 用户[0:0:0:0:0:0:0:1]在[2024-06-28 16:09:08]访问了[com.yuanmh.community.service.impl.UserServiceImpl.findUserById]方法
2024-06-28 16:09:08,195 INFO [http-nio-8080-exec-8] c.y.c.a.ServiceLogAspect [ServiceLogAspect.java:44] 用户[0:0:0:0:0:0:0:1]在[2024-06-28 16:09:08]访问了[com.yuanmh.community.service.LikeService.findUserLikeCount]方法
2024-06-28 16:09:08,196 INFO [http-nio-8080-exec-8] c.y.c.a.ServiceLogAspect [ServiceLogAspect.java:44] 用户[0:0:0:0:0:0:0:1]在[2024-06-28 16:09:08]访问了[com.yuanmh.community.service.FollowService.findFolloweeCount]方法
2024-06-28 16:09:08,197 INFO [http-nio-8080-exec-8] c.y.c.a.ServiceLogAspect [ServiceLogAspect.java:44] 用户[0:0:0:0:0:0:0:1]在[2024-06-28 16:09:08]访问了[com.yuanmh.community.service.FollowService.findFollowerCount]方法
2024-06-28 16:09:08,197 INFO [http-nio-8080-exec-8] c.y.c.a.ServiceLogAspect [ServiceLogAspect.java:44] 用户[0:0:0:0:0:0:0:1]在[2024-06-28 16:09:08]访问了[com.yuanmh.community.service.FollowService.isFollowed]方法
2024-06-28 16:09:09,297 INFO [http-nio-8080-exec-3] c.y.c.a.ServiceLogAspect [ServiceLogAspect.java:44] 用户[0:0:0:0:0:0:0:1]在[2024-06-28 16:09:09]访问了[com.yuanmh.community.service.impl.UserServiceImpl.findLoginTicket]方法
2024-06-28 16:09:09,298 INFO [http-nio-8080-exec-3] c.y.c.a.ServiceLogAspect [ServiceLogAspect.java:44] 用户[0:0:0:0:0:0:0:1]在[2024-06-28 16:09:09]访问了[com.yuanmh.community.service.impl.UserServiceImpl.findUserById]方法
2024-06-28 16:09:09,300 INFO [http-nio-8080-exec-3] c.y.c.a.ServiceLogAspect [ServiceLogAspect.java:44] 用户[0:0:0:0:0:0:0:1]在[2024-06-28 16:09:09]访问了[com.yuanmh.community.service.impl.UserServiceImpl.findUserById]方法
2024-06-28 16:09:09,302 INFO [http-nio-8080-exec-3] c.y.c.a.ServiceLogAspect [ServiceLogAspect.java:44] 用户[0:0:0:0:0:0:0:1]在[2024-06-28 16:09:09]访问了[com.yuanmh.community.service.FollowService.findFolloweeCount]方法
2024-06-28 16:09:09,303 INFO [http-nio-8080-exec-3] c.y.c.a.ServiceLogAspect [ServiceLogAspect.java:44] 用户[0:0:0:0:0:0:0:1]在[2024-06-28 16:09:09]访问了[com.yuanmh.community.service.FollowService.findFollowees]方法
2024-06-28 16:09:09,306 INFO [http-nio-8080-exec-3] c.y.c.a.ServiceLogAspect [ServiceLogAspect.java:44] 用户[0:0:0:0:0:0:0:1]在[2024-06-28 16:09:09]访问了[com.yuanmh.community.service.impl.UserServiceImpl.findUserById]方法
2024-06-28 16:09:09,309 INFO [http-nio-8080-exec-3] c.y.c.a.ServiceLogAspect [ServiceLogAspect.java:44] 用户[0:0:0:0:0:0:0:1]在[2024-06-28 16:09:09]访问了[com.yuanmh.community.service.FollowService.isFollowed]方法
2024-06-28 16:09:13,379 INFO [http-nio-8080-exec-10] c.y.c.a.ServiceLogAspect [ServiceLogAspect.java:44] 用户[0:0:0:0:0:0:0:1]在[2024-06-28 16:09:13]访问了[com.yuanmh.community.service.impl.UserServiceImpl.findLoginTicket]方法
2024-06-28 16:09:13,381 INFO [http-nio-8080-exec-10] c.y.c.a.ServiceLogAspect [ServiceLogAspect.java:44] 用户[0:0:0:0:0:0:0:1]在[2024-06-28 16:09:13]访问了[com.yuanmh.community.service.impl.UserServiceImpl.findUserById]方法
2024-06-28 16:09:13,384 INFO [http-nio-8080-exec-10] c.y.c.a.ServiceLogAspect [ServiceLogAspect.java:44] 用户[0:0:0:0:0:0:0:1]在[2024-06-28 16:09:13]访问了[com.yuanmh.community.service.impl.UserServiceImpl.findUserById]方法
2024-06-28 16:09:13,386 INFO [http-nio-8080-exec-10] c.y.c.a.ServiceLogAspect [ServiceLogAspect.java:44] 用户[0:0:0:0:0:0:0:1]在[2024-06-28 16:09:13]访问了[com.yuanmh.community.service.FollowService.findFollowerCount]方法
2024-06-28 16:09:13,386 INFO [http-nio-8080-exec-10] c.y.c.a.ServiceLogAspect [ServiceLogAspect.java:44] 用户[0:0:0:0:0:0:0:1]在[2024-06-28 16:09:13]访问了[com.yuanmh.community.service.FollowService.findFollowers]方法
2024-06-28 16:09:13,387 INFO [http-nio-8080-exec-10] c.y.c.a.ServiceLogAspect [ServiceLogAspect.java:44] 用户[0:0:0:0:0:0:0:1]在[2024-06-28 16:09:13]访问了[com.yuanmh.community.service.impl.UserServiceImpl.findUserById]方法
2024-06-28 16:09:13,389 INFO [http-nio-8080-exec-10] c.y.c.a.ServiceLogAspect [ServiceLogAspect.java:44] 用户[0:0:0:0:0:0:0:1]在[2024-06-28 16:09:13]访问了[com.yuanmh.community.service.FollowService.isFollowed]方法
2024-06-28 16:10:11,257 INFO [http-nio-8080-exec-5] c.y.c.a.ServiceLogAspect [ServiceLogAspect.java:44] 用户[0:0:0:0:0:0:0:1]在[2024-06-28 16:10:11]访问了[com.yuanmh.community.service.impl.UserServiceImpl.findLoginTicket]方法
2024-06-28 16:10:11,258 INFO [http-nio-8080-exec-5] c.y.c.a.ServiceLogAspect [ServiceLogAspect.java:44] 用户[0:0:0:0:0:0:0:1]在[2024-06-28 16:10:11]访问了[com.yuanmh.community.service.impl.UserServiceImpl.findUserById]方法
2024-06-28 16:10:11,261 INFO [http-nio-8080-exec-5] c.y.c.a.ServiceLogAspect [ServiceLogAspect.java:44] 用户[0:0:0:0:0:0:0:1]在[2024-06-28 16:10:11]访问了[com.yuanmh.community.service.impl.UserServiceImpl.logout]方法
2024-06-28 16:10:11,268 INFO [http-nio-8080-exec-8] c.y.c.a.ServiceLogAspect [ServiceLogAspect.java:44] 用户[0:0:0:0:0:0:0:1]在[2024-06-28 16:10:11]访问了[com.yuanmh.community.service.impl.UserServiceImpl.findLoginTicket]方法
2024-06-28 16:10:11,301 INFO [http-nio-8080-exec-10] c.y.c.a.ServiceLogAspect [ServiceLogAspect.java:44] 用户[0:0:0:0:0:0:0:1]在[2024-06-28 16:10:11]访问了[com.yuanmh.community.service.impl.UserServiceImpl.findLoginTicket]方法
2024-06-28 16:10:35,058 INFO [http-nio-8080-exec-3] c.y.c.a.ServiceLogAspect [ServiceLogAspect.java:44] 用户[0:0:0:0:0:0:0:1]在[2024-06-28 16:10:35]访问了[com.yuanmh.community.service.impl.UserServiceImpl.findLoginTicket]方法
2024-06-28 16:10:35,061 INFO [http-nio-8080-exec-3] c.y.c.a.ServiceLogAspect [ServiceLogAspect.java:44] 用户[0:0:0:0:0:0:0:1]在[2024-06-28 16:10:35]访问了[com.yuanmh.community.service.impl.UserServiceImpl.login]方法
2024-06-28 16:10:35,075 INFO [http-nio-8080-exec-2] c.y.c.a.ServiceLogAspect [ServiceLogAspect.java:44] 用户[0:0:0:0:0:0:0:1]在[2024-06-28 16:10:35]访问了[com.yuanmh.community.service.impl.UserServiceImpl.findLoginTicket]方法
2024-06-28 16:10:35,076 INFO [http-nio-8080-exec-2] c.y.c.a.ServiceLogAspect [ServiceLogAspect.java:44] 用户[0:0:0:0:0:0:0:1]在[2024-06-28 16:10:35]访问了[com.yuanmh.community.service.impl.UserServiceImpl.findUserById]方法
2024-06-28 16:10:35,082 INFO [http-nio-8080-exec-2] c.y.c.a.ServiceLogAspect [ServiceLogAspect.java:44] 用户[0:0:0:0:0:0:0:1]在[2024-06-28 16:10:35]访问了[com.yuanmh.community.service.LikeService.findEntityLikeCount]方法
2024-06-28 16:10:35,084 INFO [http-nio-8080-exec-2] c.y.c.a.ServiceLogAspect [ServiceLogAspect.java:44] 用户[0:0:0:0:0:0:0:1]在[2024-06-28 16:10:35]访问了[com.yuanmh.community.service.LikeService.findEntityLikeCount]方法
2024-06-28 16:10:35,086 INFO [http-nio-8080-exec-2] c.y.c.a.ServiceLogAspect [ServiceLogAspect.java:44] 用户[0:0:0:0:0:0:0:1]在[2024-06-28 16:10:35]访问了[com.yuanmh.community.service.LikeService.findEntityLikeCount]方法
2024-06-28 16:10:35,088 INFO [http-nio-8080-exec-2] c.y.c.a.ServiceLogAspect [ServiceLogAspect.java:44] 用户[0:0:0:0:0:0:0:1]在[2024-06-28 16:10:35]访问了[com.yuanmh.community.service.LikeService.findEntityLikeCount]方法
2024-06-28 16:10:35,089 INFO [http-nio-8080-exec-2] c.y.c.a.ServiceLogAspect [ServiceLogAspect.java:44] 用户[0:0:0:0:0:0:0:1]在[2024-06-28 16:10:35]访问了[com.yuanmh.community.service.LikeService.findEntityLikeCount]方法
2024-06-28 16:37:04,204 INFO [SpringApplicationShutdownHook] c.z.h.HikariDataSource [HikariDataSource.java:349] HikariPool-1 - Shutdown initiated...
2024-06-28 16:37:04,210 INFO [SpringApplicationShutdownHook] c.z.h.HikariDataSource [HikariDataSource.java:351] HikariPool-1 - Shutdown completed.
2024-06-28 16:37:08,025 INFO [restartedMain] c.y.c.CommunityApplication [StartupInfoLogger.java:50] Starting CommunityApplication using Java 21.0.3 with PID 17924 (F:\IDEAProject\Yuanmh0919\nowcoder\community\target\classes started by 袁明海 in F:\IDEAProject\Yuanmh0919\nowcoder)
2024-06-28 16:37:08,026 INFO [restartedMain] c.y.c.CommunityApplication [SpringApplication.java:654] No active profile set, falling back to 1 default profile: "default"
2024-06-28 16:37:08,061 INFO [restartedMain] o.s.b.d.e.DevToolsPropertyDefaultsPostProcessor [DeferredLog.java:252] Devtools property defaults active! Set 'spring.devtools.add-properties' to 'false' to disable
2024-06-28 16:37:08,061 INFO [restartedMain] o.s.b.d.e.DevToolsPropertyDefaultsPostProcessor [DeferredLog.java:252] For additional web related logging consider setting the 'logging.level.web' property to 'DEBUG'
2024-06-28 16:37:08,630 INFO [restartedMain] o.s.d.r.c.RepositoryConfigurationDelegate [RepositoryConfigurationDelegate.java:295] Multiple Spring Data modules found, entering strict repository configuration mode
2024-06-28 16:37:08,632 INFO [restartedMain] o.s.d.r.c.RepositoryConfigurationDelegate [RepositoryConfigurationDelegate.java:143] Bootstrapping Spring Data Redis repositories in DEFAULT mode.
2024-06-28 16:37:08,653 INFO [restartedMain] o.s.d.r.c.RepositoryConfigurationDelegate [RepositoryConfigurationDelegate.java:211] Finished Spring Data repository scanning in 8 ms. Found 0 Redis repository interfaces.
2024-06-28 16:37:09,315 INFO [restartedMain] o.s.b.w.e.t.TomcatWebServer [TomcatWebServer.java:111] Tomcat initialized with port 8080 (http)
2024-06-28 16:37:09,322 INFO [restartedMain] o.a.c.h.Http11NioProtocol [DirectJDKLog.java:173] Initializing ProtocolHandler ["http-nio-8080"]
2024-06-28 16:37:09,323 INFO [restartedMain] o.a.c.c.StandardService [DirectJDKLog.java:173] Starting service [Tomcat]
2024-06-28 16:37:09,324 INFO [restartedMain] o.a.c.c.StandardEngine [DirectJDKLog.java:173] Starting Servlet engine: [Apache Tomcat/10.1.24]
2024-06-28 16:37:09,362 INFO [restartedMain] o.a.c.c.C.[.[.[/community] [DirectJDKLog.java:173] Initializing Spring embedded WebApplicationContext
2024-06-28 16:37:09,363 INFO [restartedMain] o.s.b.w.s.c.ServletWebServerApplicationContext [ServletWebServerApplicationContext.java:296] Root WebApplicationContext: initialization completed in 1301 ms
2024-06-28 16:37:09,411 INFO [restartedMain] o.s.b.f.a.AutowiredAnnotationBeanPostProcessor [AutowiredAnnotationBeanPostProcessor.java:577] Autowired annotation is not supported on static fields: private static final org.slf4j.Logger com.yuanmh.community.controller.interceptor.TestInterceptor.logger
2024-06-28 16:37:10,102 INFO [restartedMain] o.s.b.a.w.s.WelcomePageHandlerMapping [WelcomePageHandlerMapping.java:59] Adding welcome page template: index
2024-06-28 16:37:10,592 INFO [restartedMain] o.s.b.d.a.OptionalLiveReloadServer [OptionalLiveReloadServer.java:59] LiveReload server is running on port 35729
2024-06-28 16:37:10,609 INFO [restartedMain] o.a.c.h.Http11NioProtocol [DirectJDKLog.java:173] Starting ProtocolHandler ["http-nio-8080"]
2024-06-28 16:37:10,621 INFO [restartedMain] o.s.b.w.e.t.TomcatWebServer [TomcatWebServer.java:243] Tomcat started on port 8080 (http) with context path '/community'
2024-06-28 16:37:10,628 INFO [restartedMain] c.y.c.CommunityApplication [StartupInfoLogger.java:56] Started CommunityApplication in 3.065 seconds (process running for 3.693)
2024-06-28 16:37:59,563 INFO [http-nio-8080-exec-1] o.a.c.c.C.[.[.[/community] [DirectJDKLog.java:173] Initializing Spring DispatcherServlet 'dispatcherServlet'
2024-06-28 16:37:59,563 INFO [http-nio-8080-exec-1] o.s.w.s.DispatcherServlet [FrameworkServlet.java:532] Initializing Servlet 'dispatcherServlet'
2024-06-28 16:37:59,564 INFO [http-nio-8080-exec-1] o.s.w.s.DispatcherServlet [FrameworkServlet.java:554] Completed initialization in 1 ms
2024-06-28 16:37:59,593 INFO [http-nio-8080-exec-1] c.y.c.a.ServiceLogAspect [ServiceLogAspect.java:44] 用户[0:0:0:0:0:0:0:1]在[2024-06-28 16:37:59]访问了[com.yuanmh.community.service.impl.UserServiceImpl.findLoginTicket]方法
2024-06-28 16:37:59,958 INFO [http-nio-8080-exec-1] c.y.c.a.ServiceLogAspect [ServiceLogAspect.java:44] 用户[0:0:0:0:0:0:0:1]在[2024-06-28 16:37:59]访问了[com.yuanmh.community.service.impl.UserServiceImpl.findUserById]方法
2024-06-28 16:37:59,971 INFO [http-nio-8080-exec-1] c.z.h.HikariDataSource [HikariDataSource.java:109] HikariPool-1 - Starting...
2024-06-28 16:38:00,247 INFO [http-nio-8080-exec-1] c.z.h.p.HikariPool [HikariPool.java:554] HikariPool-1 - Added connection com.mysql.cj.jdbc.ConnectionImpl@492bfbfa
2024-06-28 16:38:00,249 INFO [http-nio-8080-exec-1] c.z.h.HikariDataSource [HikariDataSource.java:122] HikariPool-1 - Start completed.
2024-06-28 16:38:00,361 INFO [http-nio-8080-exec-1] c.y.c.a.ServiceLogAspect [ServiceLogAspect.java:44] 用户[0:0:0:0:0:0:0:1]在[2024-06-28 16:38:00]访问了[com.yuanmh.community.service.LikeService.findEntityLikeCount]方法
2024-06-28 16:38:00,374 INFO [http-nio-8080-exec-1] c.y.c.a.ServiceLogAspect [ServiceLogAspect.java:44] 用户[0:0:0:0:0:0:0:1]在[2024-06-28 16:38:00]访问了[com.yuanmh.community.service.LikeService.findEntityLikeCount]方法
2024-06-28 16:38:00,378 INFO [http-nio-8080-exec-1] c.y.c.a.ServiceLogAspect [ServiceLogAspect.java:44] 用户[0:0:0:0:0:0:0:1]在[2024-06-28 16:38:00]访问了[com.yuanmh.community.service.LikeService.findEntityLikeCount]方法
2024-06-28 16:38:00,381 INFO [http-nio-8080-exec-1] c.y.c.a.ServiceLogAspect [ServiceLogAspect.java:44] 用户[0:0:0:0:0:0:0:1]在[2024-06-28 16:38:00]访问了[com.yuanmh.community.service.LikeService.findEntityLikeCount]方法
2024-06-28 16:38:00,384 INFO [http-nio-8080-exec-1] c.y.c.a.ServiceLogAspect [ServiceLogAspect.java:44] 用户[0:0:0:0:0:0:0:1]在[2024-06-28 16:38:00]访问了[com.yuanmh.community.service.LikeService.findEntityLikeCount]方法
2024-06-28 16:38:50,510 INFO [http-nio-8080-exec-7] c.y.c.a.ServiceLogAspect [ServiceLogAspect.java:44] 用户[0:0:0:0:0:0:0:1]在[2024-06-28 16:38:50]访问了[com.yuanmh.community.service.impl.DiscussPostsServiceImpl.findDiscussPostById]方法
2024-06-28 16:38:50,514 INFO [http-nio-8080-exec-7] c.y.c.a.ServiceLogAspect [ServiceLogAspect.java:44] 用户[0:0:0:0:0:0:0:1]在[2024-06-28 16:38:50]访问了[com.yuanmh.community.service.impl.UserServiceImpl.findUserById]方法
2024-06-28 16:38:50,518 INFO [http-nio-8080-exec-7] c.y.c.a.ServiceLogAspect [ServiceLogAspect.java:44] 用户[0:0:0:0:0:0:0:1]在[2024-06-28 16:38:50]访问了[com.yuanmh.community.service.LikeService.findEntityLikeCount]方法
2024-06-28 16:38:50,520 INFO [http-nio-8080-exec-7] c.y.c.a.ServiceLogAspect [ServiceLogAspect.java:44] 用户[0:0:0:0:0:0:0:1]在[2024-06-28 16:38:50]访问了[com.yuanmh.community.service.impl.CommentServiceImpl.findCommentsByEntity]方法
2024-06-28 16:38:50,526 INFO [http-nio-8080-exec-7] c.y.c.a.ServiceLogAspect [ServiceLogAspect.java:44] 用户[0:0:0:0:0:0:0:1]在[2024-06-28 16:38:50]访问了[com.yuanmh.community.service.impl.UserServiceImpl.findUserById]方法
2024-06-28 16:38:50,527 INFO [http-nio-8080-exec-7] c.y.c.a.ServiceLogAspect [ServiceLogAspect.java:44] 用户[0:0:0:0:0:0:0:1]在[2024-06-28 16:38:50]访问了[com.yuanmh.community.service.impl.CommentServiceImpl.findCommentsByEntity]方法
2024-06-28 16:38:50,530 INFO [http-nio-8080-exec-7] c.y.c.a.ServiceLogAspect [ServiceLogAspect.java:44] 用户[0:0:0:0:0:0:0:1]在[2024-06-28 16:38:50]访问了[com.yuanmh.community.service.LikeService.findEntityLikeCount]方法
2024-06-28 16:38:50,531 INFO [http-nio-8080-exec-7] c.y.c.a.ServiceLogAspect [ServiceLogAspect.java:44] 用户[0:0:0:0:0:0:0:1]在[2024-06-28 16:38:50]访问了[com.yuanmh.community.service.impl.UserServiceImpl.findUserById]方法
2024-06-28 16:38:50,535 INFO [http-nio-8080-exec-7] c.y.c.a.ServiceLogAspect [ServiceLogAspect.java:44] 用户[0:0:0:0:0:0:0:1]在[2024-06-28 16:38:50]访问了[com.yuanmh.community.service.LikeService.findEntityLikeCount]方法
2024-06-28 16:38:50,537 INFO [http-nio-8080-exec-7] c.y.c.a.ServiceLogAspect [ServiceLogAspect.java:44] 用户[0:0:0:0:0:0:0:1]在[2024-06-28 16:38:50]访问了[com.yuanmh.community.service.impl.CommentServiceImpl.findCommentCount]方法
2024-06-28 16:38:50,540 INFO [http-nio-8080-exec-7] c.y.c.a.ServiceLogAspect [ServiceLogAspect.java:44] 用户[0:0:0:0:0:0:0:1]在[2024-06-28 16:38:50]访问了[com.yuanmh.community.service.impl.UserServiceImpl.findUserById]方法
2024-06-28 16:38:50,541 INFO [http-nio-8080-exec-7] c.y.c.a.ServiceLogAspect [ServiceLogAspect.java:44] 用户[0:0:0:0:0:0:0:1]在[2024-06-28 16:38:50]访问了[com.yuanmh.community.service.impl.CommentServiceImpl.findCommentsByEntity]方法
2024-06-28 16:38:50,544 INFO [http-nio-8080-exec-7] c.y.c.a.ServiceLogAspect [ServiceLogAspect.java:44] 用户[0:0:0:0:0:0:0:1]在[2024-06-28 16:38:50]访问了[com.yuanmh.community.service.LikeService.findEntityLikeCount]方法
2024-06-28 16:38:50,545 INFO [http-nio-8080-exec-7] c.y.c.a.ServiceLogAspect [ServiceLogAspect.java:44] 用户[0:0:0:0:0:0:0:1]在[2024-06-28 16:38:50]访问了[com.yuanmh.community.service.impl.CommentServiceImpl.findCommentCount]方法
2024-06-28 16:38:50,547 INFO [http-nio-8080-exec-7] c.y.c.a.ServiceLogAspect [ServiceLogAspect.java:44] 用户[0:0:0:0:0:0:0:1]在[2024-06-28 16:38:50]访问了[com.yuanmh.community.service.impl.UserServiceImpl.findUserById]方法
2024-06-28 16:38:50,548 INFO [http-nio-8080-exec-7] c.y.c.a.ServiceLogAspect [ServiceLogAspect.java:44] 用户[0:0:0:0:0:0:0:1]在[2024-06-28 16:38:50]访问了[com.yuanmh.community.service.impl.CommentServiceImpl.findCommentsByEntity]方法
2024-06-28 16:38:50,550 INFO [http-nio-8080-exec-7] c.y.c.a.ServiceLogAspect [ServiceLogAspect.java:44] 用户[0:0:0:0:0:0:0:1]在[2024-06-28 16:38:50]访问了[com.yuanmh.community.service.LikeService.findEntityLikeCount]方法
2024-06-28 16:38:50,552 INFO [http-nio-8080-exec-7] c.y.c.a.ServiceLogAspect [ServiceLogAspect.java:44] 用户[0:0:0:0:0:0:0:1]在[2024-06-28 16:38:50]访问了[com.yuanmh.community.service.impl.CommentServiceImpl.findCommentCount]方法
2024-06-28 16:38:50,554 INFO [http-nio-8080-exec-7] c.y.c.a.ServiceLogAspect [ServiceLogAspect.java:44] 用户[0:0:0:0:0:0:0:1]在[2024-06-28 16:38:50]访问了[com.yuanmh.community.service.impl.UserServiceImpl.findUserById]方法
2024-06-28 16:38:50,555 INFO [http-nio-8080-exec-7] c.y.c.a.ServiceLogAspect [ServiceLogAspect.java:44] 用户[0:0:0:0:0:0:0:1]在[2024-06-28 16:38:50]访问了[com.yuanmh.community.service.impl.CommentServiceImpl.findCommentsByEntity]方法
2024-06-28 16:38:50,558 INFO [http-nio-8080-exec-7] c.y.c.a.ServiceLogAspect [ServiceLogAspect.java:44] 用户[0:0:0:0:0:0:0:1]在[2024-06-28 16:38:50]访问了[com.yuanmh.community.service.LikeService.findEntityLikeCount]方法
2024-06-28 16:38:50,559 INFO [http-nio-8080-exec-7] c.y.c.a.ServiceLogAspect [ServiceLogAspect.java:44] 用户[0:0:0:0:0:0:0:1]在[2024-06-28 16:38:50]访问了[com.yuanmh.community.service.impl.UserServiceImpl.findUserById]方法
2024-06-28 16:38:50,560 INFO [http-nio-8080-exec-7] c.y.c.a.ServiceLogAspect [ServiceLogAspect.java:44] 用户[0:0:0:0:0:0:0:1]在[2024-06-28 16:38:50]访问了[com.yuanmh.community.service.LikeService.findEntityLikeCount]方法
2024-06-28 16:38:50,561 INFO [http-nio-8080-exec-7] c.y.c.a.ServiceLogAspect [ServiceLogAspect.java:44] 用户[0:0:0:0:0:0:0:1]在[2024-06-28 16:38:50]访问了[com.yuanmh.community.service.impl.UserServiceImpl.findUserById]方法
2024-06-28 16:38:50,564 INFO [http-nio-8080-exec-7] c.y.c.a.ServiceLogAspect [ServiceLogAspect.java:44] 用户[0:0:0:0:0:0:0:1]在[2024-06-28 16:38:50]访问了[com.yuanmh.community.service.LikeService.findEntityLikeCount]方法
2024-06-28 16:38:50,565 INFO [http-nio-8080-exec-7] c.y.c.a.ServiceLogAspect [ServiceLogAspect.java:44] 用户[0:0:0:0:0:0:0:1]在[2024-06-28 16:38:50]访问了[com.yuanmh.community.service.impl.UserServiceImpl.findUserById]方法
2024-06-28 16:38:50,566 INFO [http-nio-8080-exec-7] c.y.c.a.ServiceLogAspect [ServiceLogAspect.java:44] 用户[0:0:0:0:0:0:0:1]在[2024-06-28 16:38:50]访问了[com.yuanmh.community.service.impl.UserServiceImpl.findUserById]方法
2024-06-28 16:38:50,568 INFO [http-nio-8080-exec-7] c.y.c.a.ServiceLogAspect [ServiceLogAspect.java:44] 用户[0:0:0:0:0:0:0:1]在[2024-06-28 16:38:50]访问了[com.yuanmh.community.service.LikeService.findEntityLikeCount]方法
2024-06-28 16:38:50,569 INFO [http-nio-8080-exec-7] c.y.c.a.ServiceLogAspect [ServiceLogAspect.java:44] 用户[0:0:0:0:0:0:0:1]在[2024-06-28 16:38:50]访问了[com.yuanmh.community.service.impl.CommentServiceImpl.findCommentCount]方法
2024-06-28 16:38:50,571 INFO [http-nio-8080-exec-7] c.y.c.a.ServiceLogAspect [ServiceLogAspect.java:44] 用户[0:0:0:0:0:0:0:1]在[2024-06-28 16:38:50]访问了[com.yuanmh.community.service.impl.UserServiceImpl.findUserById]方法
2024-06-28 16:38:50,573 INFO [http-nio-8080-exec-7] c.y.c.a.ServiceLogAspect [ServiceLogAspect.java:44] 用户[0:0:0:0:0:0:0:1]在[2024-06-28 16:38:50]访问了[com.yuanmh.community.service.impl.CommentServiceImpl.findCommentsByEntity]方法
2024-06-28 16:38:50,575 INFO [http-nio-8080-exec-7] c.y.c.a.ServiceLogAspect [ServiceLogAspect.java:44] 用户[0:0:0:0:0:0:0:1]在[2024-06-28 16:38:50]访问了[com.yuanmh.community.service.LikeService.findEntityLikeCount]方法
2024-06-28 16:38:50,575 INFO [http-nio-8080-exec-7] c.y.c.a.ServiceLogAspect [ServiceLogAspect.java:44] 用户[0:0:0:0:0:0:0:1]在[2024-06-28 16:38:50]访问了[com.yuanmh.community.service.impl.CommentServiceImpl.findCommentCount]方法
2024-06-28 16:39:15,979 INFO [http-nio-8080-exec-8] c.y.c.a.ServiceLogAspect [ServiceLogAspect.java:44] 用户[0:0:0:0:0:0:0:1]在[2024-06-28 16:39:15]访问了[com.yuanmh.community.service.impl.UserServiceImpl.login]方法
2024-06-28 16:39:22,905 INFO [http-nio-8080-exec-5] c.y.c.a.ServiceLogAspect [ServiceLogAspect.java:44] 用户[0:0:0:0:0:0:0:1]在[2024-06-28 16:39:22]访问了[com.yuanmh.community.service.impl.UserServiceImpl.login]方法
2024-06-28 16:39:22,929 INFO [http-nio-8080-exec-4] c.y.c.a.ServiceLogAspect [ServiceLogAspect.java:44] 用户[0:0:0:0:0:0:0:1]在[2024-06-28 16:39:22]访问了[com.yuanmh.community.service.impl.UserServiceImpl.findLoginTicket]方法
2024-06-28 16:39:22,930 INFO [http-nio-8080-exec-4] c.y.c.a.ServiceLogAspect [ServiceLogAspect.java:44] 用户[0:0:0:0:0:0:0:1]在[2024-06-28 16:39:22]访问了[com.yuanmh.community.service.impl.UserServiceImpl.findUserById]方法
2024-06-28 16:39:22,938 INFO [http-nio-8080-exec-4] c.y.c.a.ServiceLogAspect [ServiceLogAspect.java:44] 用户[0:0:0:0:0:0:0:1]在[2024-06-28 16:39:22]访问了[com.yuanmh.community.service.LikeService.findEntityLikeCount]方法
2024-06-28 16:39:22,941 INFO [http-nio-8080-exec-4] c.y.c.a.ServiceLogAspect [ServiceLogAspect.java:44] 用户[0:0:0:0:0:0:0:1]在[2024-06-28 16:39:22]访问了[com.yuanmh.community.service.LikeService.findEntityLikeCount]方法
2024-06-28 16:39:22,943 INFO [http-nio-8080-exec-4] c.y.c.a.ServiceLogAspect [ServiceLogAspect.java:44] 用户[0:0:0:0:0:0:0:1]在[2024-06-28 16:39:22]访问了[com.yuanmh.community.service.LikeService.findEntityLikeCount]方法
2024-06-28 16:39:22,945 INFO [http-nio-8080-exec-4] c.y.c.a.ServiceLogAspect [ServiceLogAspect.java:44] 用户[0:0:0:0:0:0:0:1]在[2024-06-28 16:39:22]访问了[com.yuanmh.community.service.LikeService.findEntityLikeCount]方法
2024-06-28 16:39:22,947 INFO [http-nio-8080-exec-4] c.y.c.a.ServiceLogAspect [ServiceLogAspect.java:44] 用户[0:0:0:0:0:0:0:1]在[2024-06-28 16:39:22]访问了[com.yuanmh.community.service.LikeService.findEntityLikeCount]方法
2024-06-28 16:39:22,949 INFO [http-nio-8080-exec-4] c.y.c.a.ServiceLogAspect [ServiceLogAspect.java:44] 用户[0:0:0:0:0:0:0:1]在[2024-06-28 16:39:22]访问了[com.yuanmh.community.service.LikeService.findEntityLikeCount]方法
2024-06-28 16:39:22,951 INFO [http-nio-8080-exec-4] c.y.c.a.ServiceLogAspect [ServiceLogAspect.java:44] 用户[0:0:0:0:0:0:0:1]在[2024-06-28 16:39:22]访问了[com.yuanmh.community.service.LikeService.findEntityLikeCount]方法
2024-06-28 16:39:22,954 INFO [http-nio-8080-exec-4] c.y.c.a.ServiceLogAspect [ServiceLogAspect.java:44] 用户[0:0:0:0:0:0:0:1]在[2024-06-28 16:39:22]访问了[com.yuanmh.community.service.LikeService.findEntityLikeCount]方法
2024-06-28 16:39:22,957 INFO [http-nio-8080-exec-4] c.y.c.a.ServiceLogAspect [ServiceLogAspect.java:44] 用户[0:0:0:0:0:0:0:1]在[2024-06-28 16:39:22]访问了[com.yuanmh.community.service.LikeService.findEntityLikeCount]方法
2024-06-28 16:39:22,958 INFO [http-nio-8080-exec-4] c.y.c.a.ServiceLogAspect [ServiceLogAspect.java:44] 用户[0:0:0:0:0:0:0:1]在[2024-06-28 16:39:22]访问了[com.yuanmh.community.service.LikeService.findEntityLikeCount]方法
2024-06-28 16:39:47,734 INFO [http-nio-8080-exec-8] c.y.c.a.ServiceLogAspect [ServiceLogAspect.java:44] 用户[0:0:0:0:0:0:0:1]在[2024-06-28 16:39:47]访问了[com.yuanmh.community.service.impl.UserServiceImpl.findLoginTicket]方法
2024-06-28 16:39:47,735 INFO [http-nio-8080-exec-8] c.y.c.a.ServiceLogAspect [ServiceLogAspect.java:44] 用户[0:0:0:0:0:0:0:1]在[2024-06-28 16:39:47]访问了[com.yuanmh.community.service.impl.UserServiceImpl.findUserById]方法
2024-06-28 16:39:47,737 INFO [http-nio-8080-exec-8] c.y.c.a.ServiceLogAspect [ServiceLogAspect.java:44] 用户[0:0:0:0:0:0:0:1]在[2024-06-28 16:39:47]访问了[com.yuanmh.community.service.impl.UserServiceImpl.logout]方法
2024-06-28 16:39:47,747 INFO [http-nio-8080-exec-3] c.y.c.a.ServiceLogAspect [ServiceLogAspect.java:44] 用户[0:0:0:0:0:0:0:1]在[2024-06-28 16:39:47]访问了[com.yuanmh.community.service.impl.UserServiceImpl.findLoginTicket]方法
2024-06-28 16:39:47,791 INFO [http-nio-8080-exec-5] c.y.c.a.ServiceLogAspect [ServiceLogAspect.java:44] 用户[0:0:0:0:0:0:0:1]在[2024-06-28 16:39:47]访问了[com.yuanmh.community.service.impl.UserServiceImpl.findLoginTicket]方法
2024-06-28 16:40:20,658 INFO [http-nio-8080-exec-4] c.y.c.a.ServiceLogAspect [ServiceLogAspect.java:44] 用户[0:0:0:0:0:0:0:1]在[2024-06-28 16:40:20]访问了[com.yuanmh.community.service.impl.UserServiceImpl.findLoginTicket]方法
2024-06-28 16:40:20,660 INFO [http-nio-8080-exec-4] c.y.c.a.ServiceLogAspect [ServiceLogAspect.java:44] 用户[0:0:0:0:0:0:0:1]在[2024-06-28 16:40:20]访问了[com.yuanmh.community.service.impl.UserServiceImpl.login]方法
2024-06-28 16:40:20,671 INFO [http-nio-8080-exec-7] c.y.c.a.ServiceLogAspect [ServiceLogAspect.java:44] 用户[0:0:0:0:0:0:0:1]在[2024-06-28 16:40:20]访问了[com.yuanmh.community.service.impl.UserServiceImpl.findLoginTicket]方法
2024-06-28 16:40:20,673 INFO [http-nio-8080-exec-7] c.y.c.a.ServiceLogAspect [ServiceLogAspect.java:44] 用户[0:0:0:0:0:0:0:1]在[2024-06-28 16:40:20]访问了[com.yuanmh.community.service.impl.UserServiceImpl.findUserById]方法
2024-06-28 16:40:20,679 INFO [http-nio-8080-exec-7] c.y.c.a.ServiceLogAspect [ServiceLogAspect.java:44] 用户[0:0:0:0:0:0:0:1]在[2024-06-28 16:40:20]访问了[com.yuanmh.community.service.LikeService.findEntityLikeCount]方法
2024-06-28 16:40:20,681 INFO [http-nio-8080-exec-7] c.y.c.a.ServiceLogAspect [ServiceLogAspect.java:44] 用户[0:0:0:0:0:0:0:1]在[2024-06-28 16:40:20]访问了[com.yuanmh.community.service.LikeService.findEntityLikeCount]方法
2024-06-28 16:40:20,684 INFO [http-nio-8080-exec-7] c.y.c.a.ServiceLogAspect [ServiceLogAspect.java:44] 用户[0:0:0:0:0:0:0:1]在[2024-06-28 16:40:20]访问了[com.yuanmh.community.service.LikeService.findEntityLikeCount]方法
2024-06-28 16:40:20,686 INFO [http-nio-8080-exec-7] c.y.c.a.ServiceLogAspect [ServiceLogAspect.java:44] 用户[0:0:0:0:0:0:0:1]在[2024-06-28 16:40:20]访问了[com.yuanmh.community.service.LikeService.findEntityLikeCount]方法
2024-06-28 16:40:20,688 INFO [http-nio-8080-exec-7] c.y.c.a.ServiceLogAspect [ServiceLogAspect.java:44] 用户[0:0:0:0:0:0:0:1]在[2024-06-28 16:40:20]访问了[com.yuanmh.community.service.LikeService.findEntityLikeCount]方法
2024-06-28 16:40:20,690 INFO [http-nio-8080-exec-7] c.y.c.a.ServiceLogAspect [ServiceLogAspect.java:44] 用户[0:0:0:0:0:0:0:1]在[2024-06-28 16:40:20]访问了[com.yuanmh.community.service.LikeService.findEntityLikeCount]方法
2024-06-28 16:40:20,693 INFO [http-nio-8080-exec-7] c.y.c.a.ServiceLogAspect [ServiceLogAspect.java:44] 用户[0:0:0:0:0:0:0:1]在[2024-06-28 16:40:20]访问了[com.yuanmh.community.service.LikeService.findEntityLikeCount]方法
2024-06-28 16:40:20,695 INFO [http-nio-8080-exec-7] c.y.c.a.ServiceLogAspect [ServiceLogAspect.java:44] 用户[0:0:0:0:0:0:0:1]在[2024-06-28 16:40:20]访问了[com.yuanmh.community.service.LikeService.findEntityLikeCount]方法
2024-06-28 16:40:20,696 INFO [http-nio-8080-exec-7] c.y.c.a.ServiceLogAspect [ServiceLogAspect.java:44] 用户[0:0:0:0:0:0:0:1]在[2024-06-28 16:40:20]访问了[com.yuanmh.community.service.LikeService.findEntityLikeCount]方法
2024-06-28 16:40:20,698 INFO [http-nio-8080-exec-7] c.y.c.a.ServiceLogAspect [ServiceLogAspect.java:44] 用户[0:0:0:0:0:0:0:1]在[2024-06-28 16:40:20]访问了[com.yuanmh.community.service.LikeService.findEntityLikeCount]方法
2024-06-28 16:40:45,531 INFO [http-nio-8080-exec-3] c.y.c.a.ServiceLogAspect [ServiceLogAspect.java:44] 用户[0:0:0:0:0:0:0:1]在[2024-06-28 16:40:45]访问了[com.yuanmh.community.service.impl.UserServiceImpl.findLoginTicket]方法
2024-06-28 16:40:45,532 INFO [http-nio-8080-exec-3] c.y.c.a.ServiceLogAspect [ServiceLogAspect.java:44] 用户[0:0:0:0:0:0:0:1]在[2024-06-28 16:40:45]访问了[com.yuanmh.community.service.impl.UserServiceImpl.findUserById]方法
2024-06-28 16:40:45,533 INFO [http-nio-8080-exec-3] c.y.c.a.ServiceLogAspect [ServiceLogAspect.java:44] 用户[0:0:0:0:0:0:0:1]在[2024-06-28 16:40:45]访问了[com.yuanmh.community.service.impl.DiscussPostsServiceImpl.findDiscussPostById]方法
2024-06-28 16:40:45,536 INFO [http-nio-8080-exec-3] c.y.c.a.ServiceLogAspect [ServiceLogAspect.java:44] 用户[0:0:0:0:0:0:0:1]在[2024-06-28 16:40:45]访问了[com.yuanmh.community.service.impl.UserServiceImpl.findUserById]方法
2024-06-28 16:40:45,537 INFO [http-nio-8080-exec-3] c.y.c.a.ServiceLogAspect [ServiceLogAspect.java:44] 用户[0:0:0:0:0:0:0:1]在[2024-06-28 16:40:45]访问了[com.yuanmh.community.service.LikeService.findEntityLikeCount]方法
2024-06-28 16:40:45,539 INFO [http-nio-8080-exec-3] c.y.c.a.ServiceLogAspect [ServiceLogAspect.java:44] 用户[0:0:0:0:0:0:0:1]在[2024-06-28 16:40:45]访问了[com.yuanmh.community.service.LikeService.findEntityLikeStatus]方法
2024-06-28 16:40:45,541 INFO [http-nio-8080-exec-3] c.y.c.a.ServiceLogAspect [ServiceLogAspect.java:44] 用户[0:0:0:0:0:0:0:1]在[2024-06-28 16:40:45]访问了[com.yuanmh.community.service.impl.CommentServiceImpl.findCommentsByEntity]方法
2024-06-28 16:40:45,544 INFO [http-nio-8080-exec-3] c.y.c.a.ServiceLogAspect [ServiceLogAspect.java:44] 用户[0:0:0:0:0:0:0:1]在[2024-06-28 16:40:45]访问了[com.yuanmh.community.service.impl.UserServiceImpl.findUserById]方法
2024-06-28 16:40:45,547 INFO [http-nio-8080-exec-3] c.y.c.a.ServiceLogAspect [ServiceLogAspect.java:44] 用户[0:0:0:0:0:0:0:1]在[2024-06-28 16:40:45]访问了[com.yuanmh.community.service.impl.CommentServiceImpl.findCommentsByEntity]方法
2024-06-28 16:40:45,549 INFO [http-nio-8080-exec-3] c.y.c.a.ServiceLogAspect [ServiceLogAspect.java:44] 用户[0:0:0:0:0:0:0:1]在[2024-06-28 16:40:45]访问了[com.yuanmh.community.service.LikeService.findEntityLikeCount]方法
2024-06-28 16:40:45,549 INFO [http-nio-8080-exec-3] c.y.c.a.ServiceLogAspect [ServiceLogAspect.java:44] 用户[0:0:0:0:0:0:0:1]在[2024-06-28 16:40:45]访问了[com.yuanmh.community.service.LikeService.findEntityLikeStatus]方法
2024-06-28 16:40:45,550 INFO [http-nio-8080-exec-3] c.y.c.a.ServiceLogAspect [ServiceLogAspect.java:44] 用户[0:0:0:0:0:0:0:1]在[2024-06-28 16:40:45]访问了[com.yuanmh.community.service.impl.UserServiceImpl.findUserById]方法
2024-06-28 16:40:45,552 INFO [http-nio-8080-exec-3] c.y.c.a.ServiceLogAspect [ServiceLogAspect.java:44] 用户[0:0:0:0:0:0:0:1]在[2024-06-28 16:40:45]访问了[com.yuanmh.community.service.LikeService.findEntityLikeCount]方法
2024-06-28 16:40:45,553 INFO [http-nio-8080-exec-3] c.y.c.a.ServiceLogAspect [ServiceLogAspect.java:44] 用户[0:0:0:0:0:0:0:1]在[2024-06-28 16:40:45]访问了[com.yuanmh.community.service.LikeService.findEntityLikeStatus]方法
2024-06-28 16:40:45,554 INFO [http-nio-8080-exec-3] c.y.c.a.ServiceLogAspect [ServiceLogAspect.java:44] 用户[0:0:0:0:0:0:0:1]在[2024-06-28 16:40:45]访问了[com.yuanmh.community.service.impl.UserServiceImpl.findUserById]方法
2024-06-28 16:40:45,555 INFO [http-nio-8080-exec-3] c.y.c.a.ServiceLogAspect [ServiceLogAspect.java:44] 用户[0:0:0:0:0:0:0:1]在[2024-06-28 16:40:45]访问了[com.yuanmh.community.service.LikeService.findEntityLikeCount]方法
2024-06-28 16:40:45,555 INFO [http-nio-8080-exec-3] c.y.c.a.ServiceLogAspect [ServiceLogAspect.java:44] 用户[0:0:0:0:0:0:0:1]在[2024-06-28 16:40:45]访问了[com.yuanmh.community.service.LikeService.findEntityLikeStatus]方法
2024-06-28 16:40:45,556 INFO [http-nio-8080-exec-3] c.y.c.a.ServiceLogAspect [ServiceLogAspect.java:44] 用户[0:0:0:0:0:0:0:1]在[2024-06-28 16:40:45]访问了[com.yuanmh.community.service.impl.CommentServiceImpl.findCommentCount]方法
2024-06-28 16:40:45,557 INFO [http-nio-8080-exec-3] c.y.c.a.ServiceLogAspect [ServiceLogAspect.java:44] 用户[0:0:0:0:0:0:0:1]在[2024-06-28 16:40:45]访问了[com.yuanmh.community.service.impl.UserServiceImpl.findUserById]方法
2024-06-28 16:40:45,558 INFO [http-nio-8080-exec-3] c.y.c.a.ServiceLogAspect [ServiceLogAspect.java:44] 用户[0:0:0:0:0:0:0:1]在[2024-06-28 16:40:45]访问了[com.yuanmh.community.service.impl.CommentServiceImpl.findCommentsByEntity]方法
2024-06-28 16:40:45,560 INFO [http-nio-8080-exec-3] c.y.c.a.ServiceLogAspect [ServiceLogAspect.java:44] 用户[0:0:0:0:0:0:0:1]在[2024-06-28 16:40:45]访问了[com.yuanmh.community.service.LikeService.findEntityLikeCount]方法
2024-06-28 16:40:45,561 INFO [http-nio-8080-exec-3] c.y.c.a.ServiceLogAspect [ServiceLogAspect.java:44] 用户[0:0:0:0:0:0:0:1]在[2024-06-28 16:40:45]访问了[com.yuanmh.community.service.LikeService.findEntityLikeStatus]方法
2024-06-28 16:40:45,561 INFO [http-nio-8080-exec-3] c.y.c.a.ServiceLogAspect [ServiceLogAspect.java:44] 用户[0:0:0:0:0:0:0:1]在[2024-06-28 16:40:45]访问了[com.yuanmh.community.service.impl.CommentServiceImpl.findCommentCount]方法
2024-06-28 16:40:45,563 INFO [http-nio-8080-exec-3] c.y.c.a.ServiceLogAspect [ServiceLogAspect.java:44] 用户[0:0:0:0:0:0:0:1]在[2024-06-28 16:40:45]访问了[com.yuanmh.community.service.impl.UserServiceImpl.findUserById]方法
2024-06-28 16:40:45,565 INFO [http-nio-8080-exec-3] c.y.c.a.ServiceLogAspect [ServiceLogAspect.java:44] 用户[0:0:0:0:0:0:0:1]在[2024-06-28 16:40:45]访问了[com.yuanmh.community.service.impl.CommentServiceImpl.findCommentsByEntity]方法
2024-06-28 16:40:45,566 INFO [http-nio-8080-exec-3] c.y.c.a.ServiceLogAspect [ServiceLogAspect.java:44] 用户[0:0:0:0:0:0:0:1]在[2024-06-28 16:40:45]访问了[com.yuanmh.community.service.LikeService.findEntityLikeCount]方法
2024-06-28 16:40:45,567 INFO [http-nio-8080-exec-3] c.y.c.a.ServiceLogAspect [ServiceLogAspect.java:44] 用户[0:0:0:0:0:0:0:1]在[2024-06-28 16:40:45]访问了[com.yuanmh.community.service.LikeService.findEntityLikeStatus]方法
2024-06-28 16:40:45,567 INFO [http-nio-8080-exec-3] c.y.c.a.ServiceLogAspect [ServiceLogAspect.java:44] 用户[0:0:0:0:0:0:0:1]在[2024-06-28 16:40:45]访问了[com.yuanmh.community.service.impl.CommentServiceImpl.findCommentCount]方法
2024-06-28 16:40:45,569 INFO [http-nio-8080-exec-3] c.y.c.a.ServiceLogAspect [ServiceLogAspect.java:44] 用户[0:0:0:0:0:0:0:1]在[2024-06-28 16:40:45]访问了[com.yuanmh.community.service.impl.UserServiceImpl.findUserById]方法
2024-06-28 16:40:45,571 INFO [http-nio-8080-exec-3] c.y.c.a.ServiceLogAspect [ServiceLogAspect.java:44] 用户[0:0:0:0:0:0:0:1]在[2024-06-28 16:40:45]访问了[com.yuanmh.community.service.impl.CommentServiceImpl.findCommentsByEntity]方法
2024-06-28 16:40:45,573 INFO [http-nio-8080-exec-3] c.y.c.a.ServiceLogAspect [ServiceLogAspect.java:44] 用户[0:0:0:0:0:0:0:1]在[2024-06-28 16:40:45]访问了[com.yuanmh.community.service.LikeService.findEntityLikeCount]方法
2024-06-28 16:40:45,573 INFO [http-nio-8080-exec-3] c.y.c.a.ServiceLogAspect [ServiceLogAspect.java:44] 用户[0:0:0:0:0:0:0:1]在[2024-06-28 16:40:45]访问了[com.yuanmh.community.service.LikeService.findEntityLikeStatus]方法
2024-06-28 16:40:45,574 INFO [http-nio-8080-exec-3] c.y.c.a.ServiceLogAspect [ServiceLogAspect.java:44] 用户[0:0:0:0:0:0:0:1]在[2024-06-28 16:40:45]访问了[com.yuanmh.community.service.impl.CommentServiceImpl.findCommentCount]方法
2024-06-28 16:40:45,576 INFO [http-nio-8080-exec-3] c.y.c.a.ServiceLogAspect [ServiceLogAspect.java:44] 用户[0:0:0:0:0:0:0:1]在[2024-06-28 16:40:45]访问了[com.yuanmh.community.service.impl.UserServiceImpl.findUserById]方法
2024-06-28 16:40:45,577 INFO [http-nio-8080-exec-3] c.y.c.a.ServiceLogAspect [ServiceLogAspect.java:44] 用户[0:0:0:0:0:0:0:1]在[2024-06-28 16:40:45]访问了[com.yuanmh.community.service.impl.CommentServiceImpl.findCommentsByEntity]方法
2024-06-28 16:40:45,578 INFO [http-nio-8080-exec-3] c.y.c.a.ServiceLogAspect [ServiceLogAspect.java:44] 用户[0:0:0:0:0:0:0:1]在[2024-06-28 16:40:45]访问了[com.yuanmh.community.service.LikeService.findEntityLikeCount]方法
2024-06-28 16:40:45,579 INFO [http-nio-8080-exec-3] c.y.c.a.ServiceLogAspect [ServiceLogAspect.java:44] 用户[0:0:0:0:0:0:0:1]在[2024-06-28 16:40:45]访问了[com.yuanmh.community.service.LikeService.findEntityLikeStatus]方法
2024-06-28 16:40:45,579 INFO [http-nio-8080-exec-3] c.y.c.a.ServiceLogAspect [ServiceLogAspect.java:44] 用户[0:0:0:0:0:0:0:1]在[2024-06-28 16:40:45]访问了[com.yuanmh.community.service.impl.CommentServiceImpl.findCommentCount]方法
2024-06-28 16:40:46,631 INFO [http-nio-8080-exec-4] c.y.c.a.ServiceLogAspect [ServiceLogAspect.java:44] 用户[0:0:0:0:0:0:0:1]在[2024-06-28 16:40:46]访问了[com.yuanmh.community.service.impl.UserServiceImpl.findLoginTicket]方法
2024-06-28 16:40:46,632 INFO [http-nio-8080-exec-4] c.y.c.a.ServiceLogAspect [ServiceLogAspect.java:44] 用户[0:0:0:0:0:0:0:1]在[2024-06-28 16:40:46]访问了[com.yuanmh.community.service.impl.UserServiceImpl.findUserById]方法
2024-06-28 16:40:46,633 INFO [http-nio-8080-exec-4] c.y.c.a.ServiceLogAspect [ServiceLogAspect.java:44] 用户[0:0:0:0:0:0:0:1]在[2024-06-28 16:40:46]访问了[com.yuanmh.community.service.impl.UserServiceImpl.findUserById]方法
2024-06-28 16:40:46,634 INFO [http-nio-8080-exec-4] c.y.c.a.ServiceLogAspect [ServiceLogAspect.java:44] 用户[0:0:0:0:0:0:0:1]在[2024-06-28 16:40:46]访问了[com.yuanmh.community.service.LikeService.findUserLikeCount]方法
2024-06-28 16:40:46,636 INFO [http-nio-8080-exec-4] c.y.c.a.ServiceLogAspect [ServiceLogAspect.java:44] 用户[0:0:0:0:0:0:0:1]在[2024-06-28 16:40:46]访问了[com.yuanmh.community.service.FollowService.findFolloweeCount]方法
2024-06-28 16:40:46,638 INFO [http-nio-8080-exec-4] c.y.c.a.ServiceLogAspect [ServiceLogAspect.java:44] 用户[0:0:0:0:0:0:0:1]在[2024-06-28 16:40:46]访问了[com.yuanmh.community.service.FollowService.findFollowerCount]方法
2024-06-28 16:40:46,639 INFO [http-nio-8080-exec-4] c.y.c.a.ServiceLogAspect [ServiceLogAspect.java:44] 用户[0:0:0:0:0:0:0:1]在[2024-06-28 16:40:46]访问了[com.yuanmh.community.service.FollowService.isFollowed]方法
2024-06-28 16:40:49,037 INFO [http-nio-8080-exec-8] c.y.c.a.ServiceLogAspect [ServiceLogAspect.java:44] 用户[0:0:0:0:0:0:0:1]在[2024-06-28 16:40:49]访问了[com.yuanmh.community.service.impl.UserServiceImpl.findLoginTicket]方法
2024-06-28 16:40:49,039 INFO [http-nio-8080-exec-8] c.y.c.a.ServiceLogAspect [ServiceLogAspect.java:44] 用户[0:0:0:0:0:0:0:1]在[2024-06-28 16:40:49]访问了[com.yuanmh.community.service.impl.UserServiceImpl.findUserById]方法
2024-06-28 16:40:49,050 INFO [http-nio-8080-exec-3] c.y.c.a.ServiceLogAspect [ServiceLogAspect.java:44] 用户[0:0:0:0:0:0:0:1]在[2024-06-28 16:40:49]访问了[com.yuanmh.community.service.impl.UserServiceImpl.findLoginTicket]方法
2024-06-28 16:40:49,051 INFO [http-nio-8080-exec-3] c.y.c.a.ServiceLogAspect [ServiceLogAspect.java:44] 用户[0:0:0:0:0:0:0:1]在[2024-06-28 16:40:49]访问了[com.yuanmh.community.service.impl.UserServiceImpl.findUserById]方法
2024-06-28 16:40:50,312 INFO [http-nio-8080-exec-1] c.y.c.a.ServiceLogAspect [ServiceLogAspect.java:44] 用户[0:0:0:0:0:0:0:1]在[2024-06-28 16:40:50]访问了[com.yuanmh.community.service.impl.UserServiceImpl.findLoginTicket]方法
2024-06-28 16:40:50,313 INFO [http-nio-8080-exec-1] c.y.c.a.ServiceLogAspect [ServiceLogAspect.java:44] 用户[0:0:0:0:0:0:0:1]在[2024-06-28 16:40:50]访问了[com.yuanmh.community.service.impl.UserServiceImpl.findUserById]方法
2024-06-28 16:40:50,321 INFO [http-nio-8080-exec-1] c.y.c.a.ServiceLogAspect [ServiceLogAspect.java:44] 用户[0:0:0:0:0:0:0:1]在[2024-06-28 16:40:50]访问了[com.yuanmh.community.service.LikeService.findEntityLikeCount]方法
2024-06-28 16:40:50,323 INFO [http-nio-8080-exec-1] c.y.c.a.ServiceLogAspect [ServiceLogAspect.java:44] 用户[0:0:0:0:0:0:0:1]在[2024-06-28 16:40:50]访问了[com.yuanmh.community.service.LikeService.findEntityLikeCount]方法
2024-06-28 16:40:50,325 INFO [http-nio-8080-exec-1] c.y.c.a.ServiceLogAspect [ServiceLogAspect.java:44] 用户[0:0:0:0:0:0:0:1]在[2024-06-28 16:40:50]访问了[com.yuanmh.community.service.LikeService.findEntityLikeCount]方法
2024-06-28 16:40:50,327 INFO [http-nio-8080-exec-1] c.y.c.a.ServiceLogAspect [ServiceLogAspect.java:44] 用户[0:0:0:0:0:0:0:1]在[2024-06-28 16:40:50]访问了[com.yuanmh.community.service.LikeService.findEntityLikeCount]方法
2024-06-28 16:40:50,328 INFO [http-nio-8080-exec-1] c.y.c.a.ServiceLogAspect [ServiceLogAspect.java:44] 用户[0:0:0:0:0:0:0:1]在[2024-06-28 16:40:50]访问了[com.yuanmh.community.service.LikeService.findEntityLikeCount]方法
2024-06-28 16:40:50,330 INFO [http-nio-8080-exec-1] c.y.c.a.ServiceLogAspect [ServiceLogAspect.java:44] 用户[0:0:0:0:0:0:0:1]在[2024-06-28 16:40:50]访问了[com.yuanmh.community.service.LikeService.findEntityLikeCount]方法
2024-06-28 16:40:50,332 INFO [http-nio-8080-exec-1] c.y.c.a.ServiceLogAspect [ServiceLogAspect.java:44] 用户[0:0:0:0:0:0:0:1]在[2024-06-28 16:40:50]访问了[com.yuanmh.community.service.LikeService.findEntityLikeCount]方法
2024-06-28 16:40:50,334 INFO [http-nio-8080-exec-1] c.y.c.a.ServiceLogAspect [ServiceLogAspect.java:44] 用户[0:0:0:0:0:0:0:1]在[2024-06-28 16:40:50]访问了[com.yuanmh.community.service.LikeService.findEntityLikeCount]方法
2024-06-28 16:40:50,336 INFO [http-nio-8080-exec-1] c.y.c.a.ServiceLogAspect [ServiceLogAspect.java:44] 用户[0:0:0:0:0:0:0:1]在[2024-06-28 16:40:50]访问了[com.yuanmh.community.service.LikeService.findEntityLikeCount]方法
2024-06-28 16:40:50,338 INFO [http-nio-8080-exec-1] c.y.c.a.ServiceLogAspect [ServiceLogAspect.java:44] 用户[0:0:0:0:0:0:0:1]在[2024-06-28 16:40:50]访问了[com.yuanmh.community.service.LikeService.findEntityLikeCount]方法
2024-06-28 16:40:51,183 INFO [http-nio-8080-exec-6] c.y.c.a.ServiceLogAspect [ServiceLogAspect.java:44] 用户[0:0:0:0:0:0:0:1]在[2024-06-28 16:40:51]访问了[com.yuanmh.community.service.impl.UserServiceImpl.findLoginTicket]方法
2024-06-28 16:40:51,184 INFO [http-nio-8080-exec-6] c.y.c.a.ServiceLogAspect [ServiceLogAspect.java:44] 用户[0:0:0:0:0:0:0:1]在[2024-06-28 16:40:51]访问了[com.yuanmh.community.service.impl.UserServiceImpl.findUserById]方法
2024-06-28 16:40:51,186 INFO [http-nio-8080-exec-6] c.y.c.a.ServiceLogAspect [ServiceLogAspect.java:44] 用户[0:0:0:0:0:0:0:1]在[2024-06-28 16:40:51]访问了[com.yuanmh.community.service.impl.DiscussPostsServiceImpl.findDiscussPostById]方法
2024-06-28 16:40:51,189 INFO [http-nio-8080-exec-6] c.y.c.a.ServiceLogAspect [ServiceLogAspect.java:44] 用户[0:0:0:0:0:0:0:1]在[2024-06-28 16:40:51]访问了[com.yuanmh.community.service.impl.UserServiceImpl.findUserById]方法
2024-06-28 16:40:51,191 INFO [http-nio-8080-exec-6] c.y.c.a.ServiceLogAspect [ServiceLogAspect.java:44] 用户[0:0:0:0:0:0:0:1]在[2024-06-28 16:40:51]访问了[com.yuanmh.community.service.LikeService.findEntityLikeCount]方法
2024-06-28 16:40:51,197 INFO [http-nio-8080-exec-6] c.y.c.a.ServiceLogAspect [ServiceLogAspect.java:44] 用户[0:0:0:0:0:0:0:1]在[2024-06-28 16:40:51]访问了[com.yuanmh.community.service.LikeService.findEntityLikeStatus]方法
2024-06-28 16:40:51,199 INFO [http-nio-8080-exec-6] c.y.c.a.ServiceLogAspect [ServiceLogAspect.java:44] 用户[0:0:0:0:0:0:0:1]在[2024-06-28 16:40:51]访问了[com.yuanmh.community.service.impl.CommentServiceImpl.findCommentsByEntity]方法
2024-06-28 16:40:51,201 INFO [http-nio-8080-exec-6] c.y.c.a.ServiceLogAspect [ServiceLogAspect.java:44] 用户[0:0:0:0:0:0:0:1]在[2024-06-28 16:40:51]访问了[com.yuanmh.community.service.impl.UserServiceImpl.findUserById]方法
2024-06-28 16:40:51,202 INFO [http-nio-8080-exec-6] c.y.c.a.ServiceLogAspect [ServiceLogAspect.java:44] 用户[0:0:0:0:0:0:0:1]在[2024-06-28 16:40:51]访问了[com.yuanmh.community.service.impl.CommentServiceImpl.findCommentsByEntity]方法
2024-06-28 16:40:51,205 INFO [http-nio-8080-exec-6] c.y.c.a.ServiceLogAspect [ServiceLogAspect.java:44] 用户[0:0:0:0:0:0:0:1]在[2024-06-28 16:40:51]访问了[com.yuanmh.community.service.LikeService.findEntityLikeCount]方法
2024-06-28 16:40:51,206 INFO [http-nio-8080-exec-6] c.y.c.a.ServiceLogAspect [ServiceLogAspect.java:44] 用户[0:0:0:0:0:0:0:1]在[2024-06-28 16:40:51]访问了[com.yuanmh.community.service.LikeService.findEntityLikeStatus]方法
2024-06-28 16:40:51,207 INFO [http-nio-8080-exec-6] c.y.c.a.ServiceLogAspect [ServiceLogAspect.java:44] 用户[0:0:0:0:0:0:0:1]在[2024-06-28 16:40:51]访问了[com.yuanmh.community.service.impl.UserServiceImpl.findUserById]方法
2024-06-28 16:40:51,207 INFO [http-nio-8080-exec-6] c.y.c.a.ServiceLogAspect [ServiceLogAspect.java:44] 用户[0:0:0:0:0:0:0:1]在[2024-06-28 16:40:51]访问了[com.yuanmh.community.service.LikeService.findEntityLikeCount]方法
2024-06-28 16:40:51,208 INFO [http-nio-8080-exec-6] c.y.c.a.ServiceLogAspect [ServiceLogAspect.java:44] 用户[0:0:0:0:0:0:0:1]在[2024-06-28 16:40:51]访问了[com.yuanmh.community.service.LikeService.findEntityLikeStatus]方法
2024-06-28 16:40:51,208 INFO [http-nio-8080-exec-6] c.y.c.a.ServiceLogAspect [ServiceLogAspect.java:44] 用户[0:0:0:0:0:0:0:1]在[2024-06-28 16:40:51]访问了[com.yuanmh.community.service.impl.UserServiceImpl.findUserById]方法
2024-06-28 16:40:51,209 INFO [http-nio-8080-exec-6] c.y.c.a.ServiceLogAspect [ServiceLogAspect.java:44] 用户[0:0:0:0:0:0:0:1]在[2024-06-28 16:40:51]访问了[com.yuanmh.community.service.LikeService.findEntityLikeCount]方法
2024-06-28 16:40:51,210 INFO [http-nio-8080-exec-6] c.y.c.a.ServiceLogAspect [ServiceLogAspect.java:44] 用户[0:0:0:0:0:0:0:1]在[2024-06-28 16:40:51]访问了[com.yuanmh.community.service.LikeService.findEntityLikeStatus]方法
2024-06-28 16:40:51,210 INFO [http-nio-8080-exec-6] c.y.c.a.ServiceLogAspect [ServiceLogAspect.java:44] 用户[0:0:0:0:0:0:0:1]在[2024-06-28 16:40:51]访问了[com.yuanmh.community.service.impl.CommentServiceImpl.findCommentCount]方法
2024-06-28 16:40:51,212 INFO [http-nio-8080-exec-6] c.y.c.a.ServiceLogAspect [ServiceLogAspect.java:44] 用户[0:0:0:0:0:0:0:1]在[2024-06-28 16:40:51]访问了[com.yuanmh.community.service.impl.UserServiceImpl.findUserById]方法
2024-06-28 16:40:51,213 INFO [http-nio-8080-exec-6] c.y.c.a.ServiceLogAspect [ServiceLogAspect.java:44] 用户[0:0:0:0:0:0:0:1]在[2024-06-28 16:40:51]访问了[com.yuanmh.community.service.impl.CommentServiceImpl.findCommentsByEntity]方法
2024-06-28 16:40:51,214 INFO [http-nio-8080-exec-6] c.y.c.a.ServiceLogAspect [ServiceLogAspect.java:44] 用户[0:0:0:0:0:0:0:1]在[2024-06-28 16:40:51]访问了[com.yuanmh.community.service.LikeService.findEntityLikeCount]方法
2024-06-28 16:40:51,215 INFO [http-nio-8080-exec-6] c.y.c.a.ServiceLogAspect [ServiceLogAspect.java:44] 用户[0:0:0:0:0:0:0:1]在[2024-06-28 16:40:51]访问了[com.yuanmh.community.service.LikeService.findEntityLikeStatus]方法
2024-06-28 16:40:51,215 INFO [http-nio-8080-exec-6] c.y.c.a.ServiceLogAspect [ServiceLogAspect.java:44] 用户[0:0:0:0:0:0:0:1]在[2024-06-28 16:40:51]访问了[com.yuanmh.community.service.impl.CommentServiceImpl.findCommentCount]方法
2024-06-28 16:40:51,226 INFO [http-nio-8080-exec-6] c.y.c.a.ServiceLogAspect [ServiceLogAspect.java:44] 用户[0:0:0:0:0:0:0:1]在[2024-06-28 16:40:51]访问了[com.yuanmh.community.service.impl.UserServiceImpl.findUserById]方法
2024-06-28 16:40:51,228 INFO [http-nio-8080-exec-6] c.y.c.a.ServiceLogAspect [ServiceLogAspect.java:44] 用户[0:0:0:0:0:0:0:1]在[2024-06-28 16:40:51]访问了[com.yuanmh.community.service.impl.CommentServiceImpl.findCommentsByEntity]方法
2024-06-28 16:40:51,230 INFO [http-nio-8080-exec-6] c.y.c.a.ServiceLogAspect [ServiceLogAspect.java:44] 用户[0:0:0:0:0:0:0:1]在[2024-06-28 16:40:51]访问了[com.yuanmh.community.service.LikeService.findEntityLikeCount]方法
2024-06-28 16:40:51,231 INFO [http-nio-8080-exec-6] c.y.c.a.ServiceLogAspect [ServiceLogAspect.java:44] 用户[0:0:0:0:0:0:0:1]在[2024-06-28 16:40:51]访问了[com.yuanmh.community.service.LikeService.findEntityLikeStatus]方法
2024-06-28 16:40:51,231 INFO [http-nio-8080-exec-6] c.y.c.a.ServiceLogAspect [ServiceLogAspect.java:44] 用户[0:0:0:0:0:0:0:1]在[2024-06-28 16:40:51]访问了[com.yuanmh.community.service.impl.CommentServiceImpl.findCommentCount]方法
2024-06-28 16:40:51,233 INFO [http-nio-8080-exec-6] c.y.c.a.ServiceLogAspect [ServiceLogAspect.java:44] 用户[0:0:0:0:0:0:0:1]在[2024-06-28 16:40:51]访问了[com.yuanmh.community.service.impl.UserServiceImpl.findUserById]方法
2024-06-28 16:40:51,233 INFO [http-nio-8080-exec-6] c.y.c.a.ServiceLogAspect [ServiceLogAspect.java:44] 用户[0:0:0:0:0:0:0:1]在[2024-06-28 16:40:51]访问了[com.yuanmh.community.service.impl.CommentServiceImpl.findCommentsByEntity]方法
2024-06-28 16:40:51,236 INFO [http-nio-8080-exec-6] c.y.c.a.ServiceLogAspect [ServiceLogAspect.java:44] 用户[0:0:0:0:0:0:0:1]在[2024-06-28 16:40:51]访问了[com.yuanmh.community.service.LikeService.findEntityLikeCount]方法
2024-06-28 16:40:51,236 INFO [http-nio-8080-exec-6] c.y.c.a.ServiceLogAspect [ServiceLogAspect.java:44] 用户[0:0:0:0:0:0:0:1]在[2024-06-28 16:40:51]访问了[com.yuanmh.community.service.LikeService.findEntityLikeStatus]方法
2024-06-28 16:40:51,237 INFO [http-nio-8080-exec-6] c.y.c.a.ServiceLogAspect [ServiceLogAspect.java:44] 用户[0:0:0:0:0:0:0:1]在[2024-06-28 16:40:51]访问了[com.yuanmh.community.service.impl.CommentServiceImpl.findCommentCount]方法
2024-06-28 16:40:51,239 INFO [http-nio-8080-exec-6] c.y.c.a.ServiceLogAspect [ServiceLogAspect.java:44] 用户[0:0:0:0:0:0:0:1]在[2024-06-28 16:40:51]访问了[com.yuanmh.community.service.impl.UserServiceImpl.findUserById]方法
2024-06-28 16:40:51,240 INFO [http-nio-8080-exec-6] c.y.c.a.ServiceLogAspect [ServiceLogAspect.java:44] 用户[0:0:0:0:0:0:0:1]在[2024-06-28 16:40:51]访问了[com.yuanmh.community.service.impl.CommentServiceImpl.findCommentsByEntity]方法
2024-06-28 16:40:51,241 INFO [http-nio-8080-exec-6] c.y.c.a.ServiceLogAspect [ServiceLogAspect.java:44] 用户[0:0:0:0:0:0:0:1]在[2024-06-28 16:40:51]访问了[com.yuanmh.community.service.LikeService.findEntityLikeCount]方法
2024-06-28 16:40:51,242 INFO [http-nio-8080-exec-6] c.y.c.a.ServiceLogAspect [ServiceLogAspect.java:44] 用户[0:0:0:0:0:0:0:1]在[2024-06-28 16:40:51]访问了[com.yuanmh.community.service.LikeService.findEntityLikeStatus]方法
2024-06-28 16:40:51,243 INFO [http-nio-8080-exec-6] c.y.c.a.ServiceLogAspect [ServiceLogAspect.java:44] 用户[0:0:0:0:0:0:0:1]在[2024-06-28 16:40:51]访问了[com.yuanmh.community.service.impl.CommentServiceImpl.findCommentCount]方法
2024-06-28 16:40:53,196 INFO [http-nio-8080-exec-2] c.y.c.a.ServiceLogAspect [ServiceLogAspect.java:44] 用户[0:0:0:0:0:0:0:1]在[2024-06-28 16:40:53]访问了[com.yuanmh.community.service.impl.UserServiceImpl.findLoginTicket]方法
2024-06-28 16:40:53,197 INFO [http-nio-8080-exec-2] c.y.c.a.ServiceLogAspect [ServiceLogAspect.java:44] 用户[0:0:0:0:0:0:0:1]在[2024-06-28 16:40:53]访问了[com.yuanmh.community.service.impl.UserServiceImpl.findUserById]方法
2024-06-28 16:40:53,199 INFO [http-nio-8080-exec-2] c.y.c.a.ServiceLogAspect [ServiceLogAspect.java:44] 用户[0:0:0:0:0:0:0:1]在[2024-06-28 16:40:53]访问了[com.yuanmh.community.service.impl.UserServiceImpl.findUserById]方法
2024-06-28 16:40:53,200 INFO [http-nio-8080-exec-2] c.y.c.a.ServiceLogAspect [ServiceLogAspect.java:44] 用户[0:0:0:0:0:0:0:1]在[2024-06-28 16:40:53]访问了[com.yuanmh.community.service.LikeService.findUserLikeCount]方法
2024-06-28 16:40:53,201 INFO [http-nio-8080-exec-2] c.y.c.a.ServiceLogAspect [ServiceLogAspect.java:44] 用户[0:0:0:0:0:0:0:1]在[2024-06-28 16:40:53]访问了[com.yuanmh.community.service.FollowService.findFolloweeCount]方法
2024-06-28 16:40:53,201 INFO [http-nio-8080-exec-2] c.y.c.a.ServiceLogAspect [ServiceLogAspect.java:44] 用户[0:0:0:0:0:0:0:1]在[2024-06-28 16:40:53]访问了[com.yuanmh.community.service.FollowService.findFollowerCount]方法
2024-06-28 16:40:53,202 INFO [http-nio-8080-exec-2] c.y.c.a.ServiceLogAspect [ServiceLogAspect.java:44] 用户[0:0:0:0:0:0:0:1]在[2024-06-28 16:40:53]访问了[com.yuanmh.community.service.FollowService.isFollowed]方法
2024-06-28 16:40:58,502 INFO [http-nio-8080-exec-7] c.y.c.a.ServiceLogAspect [ServiceLogAspect.java:44] 用户[0:0:0:0:0:0:0:1]在[2024-06-28 16:40:58]访问了[com.yuanmh.community.service.impl.UserServiceImpl.findLoginTicket]方法
2024-06-28 16:40:58,503 INFO [http-nio-8080-exec-7] c.y.c.a.ServiceLogAspect [ServiceLogAspect.java:44] 用户[0:0:0:0:0:0:0:1]在[2024-06-28 16:40:58]访问了[com.yuanmh.community.service.impl.UserServiceImpl.findUserById]方法
2024-06-28 16:41:23,112 INFO [http-nio-8080-exec-10] c.y.c.a.ServiceLogAspect [ServiceLogAspect.java:44] 用户[0:0:0:0:0:0:0:1]在[2024-06-28 16:41:23]访问了[com.yuanmh.community.service.impl.UserServiceImpl.findLoginTicket]方法
2024-06-28 16:41:23,113 INFO [http-nio-8080-exec-10] c.y.c.a.ServiceLogAspect [ServiceLogAspect.java:44] 用户[0:0:0:0:0:0:0:1]在[2024-06-28 16:41:23]访问了[com.yuanmh.community.service.impl.UserServiceImpl.findUserById]方法
2024-06-28 16:41:23,118 INFO [http-nio-8080-exec-10] c.y.c.a.ServiceLogAspect [ServiceLogAspect.java:44] 用户[0:0:0:0:0:0:0:1]在[2024-06-28 16:41:23]访问了[com.yuanmh.community.service.impl.UserServiceImpl.updateHeader]方法
2024-06-28 16:41:23,136 INFO [http-nio-8080-exec-5] c.y.c.a.ServiceLogAspect [ServiceLogAspect.java:44] 用户[0:0:0:0:0:0:0:1]在[2024-06-28 16:41:23]访问了[com.yuanmh.community.service.impl.UserServiceImpl.findLoginTicket]方法
2024-06-28 16:41:23,137 INFO [http-nio-8080-exec-5] c.y.c.a.ServiceLogAspect [ServiceLogAspect.java:44] 用户[0:0:0:0:0:0:0:1]在[2024-06-28 16:41:23]访问了[com.yuanmh.community.service.impl.UserServiceImpl.findUserById]方法
2024-06-28 16:41:23,144 INFO [http-nio-8080-exec-5] c.y.c.a.ServiceLogAspect [ServiceLogAspect.java:44] 用户[0:0:0:0:0:0:0:1]在[2024-06-28 16:41:23]访问了[com.yuanmh.community.service.LikeService.findEntityLikeCount]方法
2024-06-28 16:41:23,146 INFO [http-nio-8080-exec-5] c.y.c.a.ServiceLogAspect [ServiceLogAspect.java:44] 用户[0:0:0:0:0:0:0:1]在[2024-06-28 16:41:23]访问了[com.yuanmh.community.service.LikeService.findEntityLikeCount]方法
2024-06-28 16:41:23,147 INFO [http-nio-8080-exec-5] c.y.c.a.ServiceLogAspect [ServiceLogAspect.java:44] 用户[0:0:0:0:0:0:0:1]在[2024-06-28 16:41:23]访问了[com.yuanmh.community.service.LikeService.findEntityLikeCount]方法
2024-06-28 16:41:23,149 INFO [http-nio-8080-exec-5] c.y.c.a.ServiceLogAspect [ServiceLogAspect.java:44] 用户[0:0:0:0:0:0:0:1]在[2024-06-28 16:41:23]访问了[com.yuanmh.community.service.LikeService.findEntityLikeCount]方法
2024-06-28 16:41:23,150 INFO [http-nio-8080-exec-5] c.y.c.a.ServiceLogAspect [ServiceLogAspect.java:44] 用户[0:0:0:0:0:0:0:1]在[2024-06-28 16:41:23]访问了[com.yuanmh.community.service.LikeService.findEntityLikeCount]方法
2024-06-28 16:41:23,152 INFO [http-nio-8080-exec-5] c.y.c.a.ServiceLogAspect [ServiceLogAspect.java:44] 用户[0:0:0:0:0:0:0:1]在[2024-06-28 16:41:23]访问了[com.yuanmh.community.service.LikeService.findEntityLikeCount]方法
2024-06-28 16:41:23,153 INFO [http-nio-8080-exec-5] c.y.c.a.ServiceLogAspect [ServiceLogAspect.java:44] 用户[0:0:0:0:0:0:0:1]在[2024-06-28 16:41:23]访问了[com.yuanmh.community.service.LikeService.findEntityLikeCount]方法
2024-06-28 16:41:23,155 INFO [http-nio-8080-exec-5] c.y.c.a.ServiceLogAspect [ServiceLogAspect.java:44] 用户[0:0:0:0:0:0:0:1]在[2024-06-28 16:41:23]访问了[com.yuanmh.community.service.LikeService.findEntityLikeCount]方法
2024-06-28 16:41:23,157 INFO [http-nio-8080-exec-5] c.y.c.a.ServiceLogAspect [ServiceLogAspect.java:44] 用户[0:0:0:0:0:0:0:1]在[2024-06-28 16:41:23]访问了[com.yuanmh.community.service.LikeService.findEntityLikeCount]方法
2024-06-28 16:41:23,159 INFO [http-nio-8080-exec-5] c.y.c.a.ServiceLogAspect [ServiceLogAspect.java:44] 用户[0:0:0:0:0:0:0:1]在[2024-06-28 16:41:23]访问了[com.yuanmh.community.service.LikeService.findEntityLikeCount]方法
2024-06-28 16:41:46,735 INFO [http-nio-8080-exec-7] c.y.c.a.ServiceLogAspect [ServiceLogAspect.java:44] 用户[0:0:0:0:0:0:0:1]在[2024-06-28 16:41:46]访问了[com.yuanmh.community.service.impl.UserServiceImpl.findLoginTicket]方法
2024-06-28 16:41:46,736 INFO [http-nio-8080-exec-7] c.y.c.a.ServiceLogAspect [ServiceLogAspect.java:44] 用户[0:0:0:0:0:0:0:1]在[2024-06-28 16:41:46]访问了[com.yuanmh.community.service.impl.UserServiceImpl.findUserById]方法
2024-06-28 16:41:46,737 INFO [http-nio-8080-exec-7] c.y.c.a.ServiceLogAspect [ServiceLogAspect.java:44] 用户[0:0:0:0:0:0:0:1]在[2024-06-28 16:41:46]访问了[com.yuanmh.community.service.impl.UserServiceImpl.findUserById]方法
2024-06-28 16:41:46,738 INFO [http-nio-8080-exec-7] c.y.c.a.ServiceLogAspect [ServiceLogAspect.java:44] 用户[0:0:0:0:0:0:0:1]在[2024-06-28 16:41:46]访问了[com.yuanmh.community.service.LikeService.findUserLikeCount]方法
2024-06-28 16:41:46,740 INFO [http-nio-8080-exec-7] c.y.c.a.ServiceLogAspect [ServiceLogAspect.java:44] 用户[0:0:0:0:0:0:0:1]在[2024-06-28 16:41:46]访问了[com.yuanmh.community.service.FollowService.findFolloweeCount]方法
2024-06-28 16:41:46,741 INFO [http-nio-8080-exec-7] c.y.c.a.ServiceLogAspect [ServiceLogAspect.java:44] 用户[0:0:0:0:0:0:0:1]在[2024-06-28 16:41:46]访问了[com.yuanmh.community.service.FollowService.findFollowerCount]方法
2024-06-28 16:41:46,742 INFO [http-nio-8080-exec-7] c.y.c.a.ServiceLogAspect [ServiceLogAspect.java:44] 用户[0:0:0:0:0:0:0:1]在[2024-06-28 16:41:46]访问了[com.yuanmh.community.service.FollowService.isFollowed]方法
2024-06-28 16:41:48,429 INFO [http-nio-8080-exec-5] c.y.c.a.ServiceLogAspect [ServiceLogAspect.java:44] 用户[0:0:0:0:0:0:0:1]在[2024-06-28 16:41:48]访问了[com.yuanmh.community.service.impl.UserServiceImpl.findLoginTicket]方法
2024-06-28 16:41:48,430 INFO [http-nio-8080-exec-5] c.y.c.a.ServiceLogAspect [ServiceLogAspect.java:44] 用户[0:0:0:0:0:0:0:1]在[2024-06-28 16:41:48]访问了[com.yuanmh.community.service.impl.UserServiceImpl.findUserById]方法
2024-06-28 16:41:48,442 INFO [http-nio-8080-exec-2] c.y.c.a.ServiceLogAspect [ServiceLogAspect.java:44] 用户[0:0:0:0:0:0:0:1]在[2024-06-28 16:41:48]访问了[com.yuanmh.community.service.impl.UserServiceImpl.findLoginTicket]方法
2024-06-28 16:41:48,443 INFO [http-nio-8080-exec-2] c.y.c.a.ServiceLogAspect [ServiceLogAspect.java:44] 用户[0:0:0:0:0:0:0:1]在[2024-06-28 16:41:48]访问了[com.yuanmh.community.service.impl.UserServiceImpl.findUserById]方法
2024-06-28 16:41:49,823 INFO [http-nio-8080-exec-6] c.y.c.a.ServiceLogAspect [ServiceLogAspect.java:44] 用户[0:0:0:0:0:0:0:1]在[2024-06-28 16:41:49]访问了[com.yuanmh.community.service.impl.UserServiceImpl.findLoginTicket]方法
2024-06-28 16:41:49,824 INFO [http-nio-8080-exec-6] c.y.c.a.ServiceLogAspect [ServiceLogAspect.java:44] 用户[0:0:0:0:0:0:0:1]在[2024-06-28 16:41:49]访问了[com.yuanmh.community.service.impl.UserServiceImpl.findUserById]方法
2024-06-28 16:41:49,833 INFO [http-nio-8080-exec-6] c.y.c.a.ServiceLogAspect [ServiceLogAspect.java:44] 用户[0:0:0:0:0:0:0:1]在[2024-06-28 16:41:49]访问了[com.yuanmh.community.service.LikeService.findEntityLikeCount]方法
2024-06-28 16:41:49,835 INFO [http-nio-8080-exec-6] c.y.c.a.ServiceLogAspect [ServiceLogAspect.java:44] 用户[0:0:0:0:0:0:0:1]在[2024-06-28 16:41:49]访问了[com.yuanmh.community.service.LikeService.findEntityLikeCount]方法
2024-06-28 16:41:49,837 INFO [http-nio-8080-exec-6] c.y.c.a.ServiceLogAspect [ServiceLogAspect.java:44] 用户[0:0:0:0:0:0:0:1]在[2024-06-28 16:41:49]访问了[com.yuanmh.community.service.LikeService.findEntityLikeCount]方法
2024-06-28 16:41:49,840 INFO [http-nio-8080-exec-6] c.y.c.a.ServiceLogAspect [ServiceLogAspect.java:44] 用户[0:0:0:0:0:0:0:1]在[2024-06-28 16:41:49]访问了[com.yuanmh.community.service.LikeService.findEntityLikeCount]方法
2024-06-28 16:41:49,842 INFO [http-nio-8080-exec-6] c.y.c.a.ServiceLogAspect [ServiceLogAspect.java:44] 用户[0:0:0:0:0:0:0:1]在[2024-06-28 16:41:49]访问了[com.yuanmh.community.service.LikeService.findEntityLikeCount]方法
2024-06-28 16:41:49,844 INFO [http-nio-8080-exec-6] c.y.c.a.ServiceLogAspect [ServiceLogAspect.java:44] 用户[0:0:0:0:0:0:0:1]在[2024-06-28 16:41:49]访问了[com.yuanmh.community.service.LikeService.findEntityLikeCount]方法
2024-06-28 16:41:49,846 INFO [http-nio-8080-exec-6] c.y.c.a.ServiceLogAspect [ServiceLogAspect.java:44] 用户[0:0:0:0:0:0:0:1]在[2024-06-28 16:41:49]访问了[com.yuanmh.community.service.LikeService.findEntityLikeCount]方法
2024-06-28 16:41:49,849 INFO [http-nio-8080-exec-6] c.y.c.a.ServiceLogAspect [ServiceLogAspect.java:44] 用户[0:0:0:0:0:0:0:1]在[2024-06-28 16:41:49]访问了[com.yuanmh.community.service.LikeService.findEntityLikeCount]方法
2024-06-28 16:41:49,851 INFO [http-nio-8080-exec-6] c.y.c.a.ServiceLogAspect [ServiceLogAspect.java:44] 用户[0:0:0:0:0:0:0:1]在[2024-06-28 16:41:49]访问了[com.yuanmh.community.service.LikeService.findEntityLikeCount]方法
2024-06-28 16:41:49,853 INFO [http-nio-8080-exec-6] c.y.c.a.ServiceLogAspect [ServiceLogAspect.java:44] 用户[0:0:0:0:0:0:0:1]在[2024-06-28 16:41:49]访问了[com.yuanmh.community.service.LikeService.findEntityLikeCount]方法
2024-06-28 16:41:51,423 INFO [http-nio-8080-exec-2] c.y.c.a.ServiceLogAspect [ServiceLogAspect.java:44] 用户[0:0:0:0:0:0:0:1]在[2024-06-28 16:41:51]访问了[com.yuanmh.community.service.impl.UserServiceImpl.findLoginTicket]方法
2024-06-28 16:41:51,424 INFO [http-nio-8080-exec-2] c.y.c.a.ServiceLogAspect [ServiceLogAspect.java:44] 用户[0:0:0:0:0:0:0:1]在[2024-06-28 16:41:51]访问了[com.yuanmh.community.service.impl.UserServiceImpl.findUserById]方法
2024-06-28 16:41:52,937 INFO [http-nio-8080-exec-6] c.y.c.a.ServiceLogAspect [ServiceLogAspect.java:44] 用户[0:0:0:0:0:0:0:1]在[2024-06-28 16:41:52]访问了[com.yuanmh.community.service.impl.UserServiceImpl.findLoginTicket]方法
2024-06-28 16:41:52,938 INFO [http-nio-8080-exec-6] c.y.c.a.ServiceLogAspect [ServiceLogAspect.java:44] 用户[0:0:0:0:0:0:0:1]在[2024-06-28 16:41:52]访问了[com.yuanmh.community.service.impl.UserServiceImpl.findUserById]方法
2024-06-28 16:41:52,939 INFO [http-nio-8080-exec-6] c.y.c.a.ServiceLogAspect [ServiceLogAspect.java:44] 用户[0:0:0:0:0:0:0:1]在[2024-06-28 16:41:52]访问了[com.yuanmh.community.service.impl.UserServiceImpl.findUserById]方法
2024-06-28 16:41:52,941 INFO [http-nio-8080-exec-6] c.y.c.a.ServiceLogAspect [ServiceLogAspect.java:44] 用户[0:0:0:0:0:0:0:1]在[2024-06-28 16:41:52]访问了[com.yuanmh.community.service.LikeService.findUserLikeCount]方法
2024-06-28 16:41:52,941 INFO [http-nio-8080-exec-6] c.y.c.a.ServiceLogAspect [ServiceLogAspect.java:44] 用户[0:0:0:0:0:0:0:1]在[2024-06-28 16:41:52]访问了[com.yuanmh.community.service.FollowService.findFolloweeCount]方法
2024-06-28 16:41:52,942 INFO [http-nio-8080-exec-6] c.y.c.a.ServiceLogAspect [ServiceLogAspect.java:44] 用户[0:0:0:0:0:0:0:1]在[2024-06-28 16:41:52]访问了[com.yuanmh.community.service.FollowService.findFollowerCount]方法
2024-06-28 16:41:52,942 INFO [http-nio-8080-exec-6] c.y.c.a.ServiceLogAspect [ServiceLogAspect.java:44] 用户[0:0:0:0:0:0:0:1]在[2024-06-28 16:41:52]访问了[com.yuanmh.community.service.FollowService.isFollowed]方法
2024-06-28 16:41:54,560 INFO [http-nio-8080-exec-2] c.y.c.a.ServiceLogAspect [ServiceLogAspect.java:44] 用户[0:0:0:0:0:0:0:1]在[2024-06-28 16:41:54]访问了[com.yuanmh.community.service.impl.UserServiceImpl.findLoginTicket]方法
2024-06-28 16:41:54,561 INFO [http-nio-8080-exec-2] c.y.c.a.ServiceLogAspect [ServiceLogAspect.java:44] 用户[0:0:0:0:0:0:0:1]在[2024-06-28 16:41:54]访问了[com.yuanmh.community.service.impl.UserServiceImpl.findUserById]方法
2024-06-28 16:41:54,563 INFO [http-nio-8080-exec-2] c.y.c.a.ServiceLogAspect [ServiceLogAspect.java:44] 用户[0:0:0:0:0:0:0:1]在[2024-06-28 16:41:54]访问了[com.yuanmh.community.service.impl.UserServiceImpl.findUserById]方法
2024-06-28 16:41:54,565 INFO [http-nio-8080-exec-2] c.y.c.a.ServiceLogAspect [ServiceLogAspect.java:44] 用户[0:0:0:0:0:0:0:1]在[2024-06-28 16:41:54]访问了[com.yuanmh.community.service.FollowService.findFolloweeCount]方法
2024-06-28 16:41:54,566 INFO [http-nio-8080-exec-2] c.y.c.a.ServiceLogAspect [ServiceLogAspect.java:44] 用户[0:0:0:0:0:0:0:1]在[2024-06-28 16:41:54]访问了[com.yuanmh.community.service.FollowService.findFollowees]方法
2024-06-28 16:41:54,571 INFO [http-nio-8080-exec-2] c.y.c.a.ServiceLogAspect [ServiceLogAspect.java:44] 用户[0:0:0:0:0:0:0:1]在[2024-06-28 16:41:54]访问了[com.yuanmh.community.service.impl.UserServiceImpl.findUserById]方法
2024-06-28 16:41:54,572 INFO [http-nio-8080-exec-2] c.y.c.a.ServiceLogAspect [ServiceLogAspect.java:44] 用户[0:0:0:0:0:0:0:1]在[2024-06-28 16:41:54]访问了[com.yuanmh.community.service.impl.UserServiceImpl.findUserById]方法
2024-06-28 16:41:54,573 INFO [http-nio-8080-exec-2] c.y.c.a.ServiceLogAspect [ServiceLogAspect.java:44] 用户[0:0:0:0:0:0:0:1]在[2024-06-28 16:41:54]访问了[com.yuanmh.community.service.impl.UserServiceImpl.findUserById]方法
2024-06-28 16:41:54,574 INFO [http-nio-8080-exec-2] c.y.c.a.ServiceLogAspect [ServiceLogAspect.java:44] 用户[0:0:0:0:0:0:0:1]在[2024-06-28 16:41:54]访问了[com.yuanmh.community.service.FollowService.isFollowed]方法
2024-06-28 16:41:54,574 INFO [http-nio-8080-exec-2] c.y.c.a.ServiceLogAspect [ServiceLogAspect.java:44] 用户[0:0:0:0:0:0:0:1]在[2024-06-28 16:41:54]访问了[com.yuanmh.community.service.FollowService.isFollowed]方法
2024-06-28 16:41:54,575 INFO [http-nio-8080-exec-2] c.y.c.a.ServiceLogAspect [ServiceLogAspect.java:44] 用户[0:0:0:0:0:0:0:1]在[2024-06-28 16:41:54]访问了[com.yuanmh.community.service.FollowService.isFollowed]方法
2024-06-28 16:42:44,824 INFO [SpringApplicationShutdownHook] c.z.h.HikariDataSource [HikariDataSource.java:349] HikariPool-1 - Shutdown initiated...
2024-06-28 16:42:44,828 INFO [SpringApplicationShutdownHook] c.z.h.HikariDataSource [HikariDataSource.java:351] HikariPool-1 - Shutdown completed.
