2024-06-18 19:51:34,794 INFO [restartedMain] c.y.c.CommunityApplication [StartupInfoLogger.java:50] Starting CommunityApplication using Java 21.0.3 with PID 11084 (F:\IDEAProject\Yuanmh0919\nowcoder\community\target\classes started by 袁明海 in F:\IDEAProject\Yuanmh0919\nowcoder)
2024-06-18 19:51:34,795 INFO [restartedMain] c.y.c.CommunityApplication [SpringApplication.java:654] No active profile set, falling back to 1 default profile: "default"
2024-06-18 19:51:35,067 INFO [restartedMain] o.s.b.w.e.t.TomcatWebServer [TomcatWebServer.java:111] Tomcat initialized with port 8080 (http)
2024-06-18 19:51:35,069 INFO [restartedMain] o.a.c.c.StandardService [DirectJDKLog.java:173] Starting service [Tomcat]
2024-06-18 19:51:35,069 INFO [restartedMain] o.a.c.c.StandardEngine [DirectJDKLog.java:173] Starting Servlet engine: [Apache Tomcat/10.1.24]
2024-06-18 19:51:35,081 INFO [restartedMain] o.a.c.c.C.[.[.[/community] [DirectJDKLog.java:173] Initializing Spring embedded WebApplicationContext
2024-06-18 19:51:35,081 INFO [restartedMain] o.s.b.w.s.c.ServletWebServerApplicationContext [ServletWebServerApplicationContext.java:296] Root WebApplicationContext: initialization completed in 283 ms
2024-06-18 19:51:35,172 INFO [restartedMain] o.s.b.a.w.s.WelcomePageHandlerMapping [WelcomePageHandlerMapping.java:59] Adding welcome page template: index
2024-06-18 19:51:35,275 INFO [restartedMain] o.s.b.d.a.OptionalLiveReloadServer [OptionalLiveReloadServer.java:59] LiveReload server is running on port 35729
2024-06-18 19:51:35,285 INFO [restartedMain] o.s.b.w.e.t.TomcatWebServer [TomcatWebServer.java:243] Tomcat started on port 8080 (http) with context path '/community'
2024-06-18 19:51:35,289 INFO [restartedMain] c.y.c.CommunityApplication [StartupInfoLogger.java:56] Started CommunityApplication in 0.64 seconds (process running for 2819.113)
2024-06-18 19:51:35,291 INFO [restartedMain] o.s.b.d.a.ConditionEvaluationDeltaLoggingListener [ConditionEvaluationDeltaLoggingListener.java:63] Condition evaluation unchanged
2024-06-18 19:51:37,067 INFO [main] c.y.c.LoggerTests [StartupInfoLogger.java:50] Starting LoggerTests using Java 21.0.3 with PID 13544 (started by 袁明海 in F:\IDEAProject\Yuanmh0919\nowcoder\community)
2024-06-18 19:51:37,069 INFO [main] c.y.c.LoggerTests [SpringApplication.java:654] No active profile set, falling back to 1 default profile: "default"
2024-06-18 19:51:38,354 INFO [main] o.s.b.a.w.s.WelcomePageHandlerMapping [WelcomePageHandlerMapping.java:59] Adding welcome page template: index
2024-06-18 19:51:38,701 INFO [main] c.y.c.LoggerTests [StartupInfoLogger.java:56] Started LoggerTests in 2.063 seconds (process running for 3.048)
2024-06-18 19:51:39,566 INFO [main] c.y.c.LoggerTests [LoggerTests.java:26] info log
2024-06-18 22:59:12,495 INFO [main] c.y.c.MailTests [StartupInfoLogger.java:50] Starting MailTests using Java 21.0.3 with PID 16304 (started by 袁明海 in F:\IDEAProject\Yuanmh0919\nowcoder\community)
2024-06-18 22:59:12,497 INFO [main] c.y.c.MailTests [SpringApplication.java:654] No active profile set, falling back to 1 default profile: "default"
2024-06-18 22:59:14,014 INFO [main] o.s.b.a.w.s.WelcomePageHandlerMapping [WelcomePageHandlerMapping.java:59] Adding welcome page template: index
2024-06-18 22:59:14,385 INFO [main] c.y.c.MailTests [StartupInfoLogger.java:56] Started MailTests in 2.332 seconds (process running for 3.304)
2024-06-18 23:06:13,365 INFO [main] c.y.c.MailTests [StartupInfoLogger.java:50] Starting MailTests using Java 21.0.3 with PID 13448 (started by 袁明海 in F:\IDEAProject\Yuanmh0919\nowcoder\community)
2024-06-18 23:06:13,367 INFO [main] c.y.c.MailTests [SpringApplication.java:654] No active profile set, falling back to 1 default profile: "default"
2024-06-18 23:06:14,766 INFO [main] o.s.b.a.w.s.WelcomePageHandlerMapping [WelcomePageHandlerMapping.java:59] Adding welcome page template: index
2024-06-18 23:06:15,139 INFO [main] c.y.c.MailTests [StartupInfoLogger.java:56] Started MailTests in 2.216 seconds (process running for 3.169)
