2024-06-22 13:29:01,269 INFO [main] c.y.c.CommunityUtilTests [StartupInfoLogger.java:50] Starting CommunityUtilTests using Java 21.0.3 with PID 21248 (started by 袁明海 in F:\IDEAProject\Yuanmh0919\nowcoder\community)
2024-06-22 13:29:01,276 INFO [main] c.y.c.CommunityUtilTests [SpringApplication.java:654] No active profile set, falling back to 1 default profile: "default"
2024-06-22 13:29:02,239 INFO [main] o.s.b.f.a.AutowiredAnnotationBeanPostProcessor [AutowiredAnnotationBeanPostProcessor.java:577] Autowired annotation is not supported on static fields: private static final org.slf4j.Logger com.yuanmh.community.controller.interceptor.TestInterceptor.logger
2024-06-22 13:29:02,833 INFO [main] o.s.b.a.w.s.WelcomePageHandlerMapping [WelcomePageHandlerMapping.java:59] Adding welcome page template: index
2024-06-22 13:29:03,187 INFO [main] c.y.c.CommunityUtilTests [StartupInfoLogger.java:56] Started CommunityUtilTests in 2.335 seconds (process running for 3.514)
2024-06-22 15:06:20,000 INFO [restartedMain] c.y.c.CommunityApplication [StartupInfoLogger.java:50] Starting CommunityApplication using Java 21.0.3 with PID 11028 (F:\IDEAProject\Yuanmh0919\nowcoder\community\target\classes started by 袁明海 in F:\IDEAProject\Yuanmh0919\nowcoder)
2024-06-22 15:06:20,002 INFO [restartedMain] c.y.c.CommunityApplication [SpringApplication.java:654] No active profile set, falling back to 1 default profile: "default"
2024-06-22 15:06:20,049 INFO [restartedMain] o.s.b.d.e.DevToolsPropertyDefaultsPostProcessor [DeferredLog.java:252] Devtools property defaults active! Set 'spring.devtools.add-properties' to 'false' to disable
2024-06-22 15:06:20,049 INFO [restartedMain] o.s.b.d.e.DevToolsPropertyDefaultsPostProcessor [DeferredLog.java:252] For additional web related logging consider setting the 'logging.level.web' property to 'DEBUG'
2024-06-22 15:06:21,054 INFO [restartedMain] o.s.b.w.e.t.TomcatWebServer [TomcatWebServer.java:111] Tomcat initialized with port 8080 (http)
2024-06-22 15:06:21,064 INFO [restartedMain] o.a.c.h.Http11NioProtocol [DirectJDKLog.java:173] Initializing ProtocolHandler ["http-nio-8080"]
2024-06-22 15:06:21,065 INFO [restartedMain] o.a.c.c.StandardService [DirectJDKLog.java:173] Starting service [Tomcat]
2024-06-22 15:06:21,066 INFO [restartedMain] o.a.c.c.StandardEngine [DirectJDKLog.java:173] Starting Servlet engine: [Apache Tomcat/10.1.24]
2024-06-22 15:06:21,105 INFO [restartedMain] o.a.c.c.C.[.[.[/community] [DirectJDKLog.java:173] Initializing Spring embedded WebApplicationContext
2024-06-22 15:06:21,105 INFO [restartedMain] o.s.b.w.s.c.ServletWebServerApplicationContext [ServletWebServerApplicationContext.java:296] Root WebApplicationContext: initialization completed in 1055 ms
2024-06-22 15:06:21,154 INFO [restartedMain] o.s.b.f.a.AutowiredAnnotationBeanPostProcessor [AutowiredAnnotationBeanPostProcessor.java:577] Autowired annotation is not supported on static fields: private static final org.slf4j.Logger com.yuanmh.community.controller.interceptor.TestInterceptor.logger
2024-06-22 15:06:21,490 INFO [restartedMain] o.s.b.a.w.s.WelcomePageHandlerMapping [WelcomePageHandlerMapping.java:59] Adding welcome page template: index
2024-06-22 15:06:21,769 INFO [restartedMain] o.s.b.d.a.OptionalLiveReloadServer [OptionalLiveReloadServer.java:59] LiveReload server is running on port 35729
2024-06-22 15:06:21,787 INFO [restartedMain] o.a.c.h.Http11NioProtocol [DirectJDKLog.java:173] Starting ProtocolHandler ["http-nio-8080"]
2024-06-22 15:06:21,800 INFO [restartedMain] o.s.b.w.e.t.TomcatWebServer [TomcatWebServer.java:243] Tomcat started on port 8080 (http) with context path '/community'
2024-06-22 15:06:21,809 INFO [restartedMain] c.y.c.CommunityApplication [StartupInfoLogger.java:56] Started CommunityApplication in 2.368 seconds (process running for 3.324)
2024-06-22 15:06:30,554 INFO [http-nio-8080-exec-1] o.a.c.c.C.[.[.[/community] [DirectJDKLog.java:173] Initializing Spring DispatcherServlet 'dispatcherServlet'
2024-06-22 15:06:30,554 INFO [http-nio-8080-exec-1] o.s.w.s.DispatcherServlet [FrameworkServlet.java:532] Initializing Servlet 'dispatcherServlet'
2024-06-22 15:06:30,556 INFO [http-nio-8080-exec-1] o.s.w.s.DispatcherServlet [FrameworkServlet.java:554] Completed initialization in 1 ms
2024-06-22 15:12:08,528 INFO [http-nio-8080-exec-7] c.z.h.HikariDataSource [HikariDataSource.java:109] HikariPool-1 - Starting...
2024-06-22 15:12:08,881 INFO [http-nio-8080-exec-7] c.z.h.p.HikariPool [HikariPool.java:554] HikariPool-1 - Added connection com.mysql.cj.jdbc.ConnectionImpl@5a968a2
2024-06-22 15:12:08,882 INFO [http-nio-8080-exec-7] c.z.h.HikariDataSource [HikariDataSource.java:122] HikariPool-1 - Start completed.
2024-06-22 15:12:58,828 INFO [SpringApplicationShutdownHook] c.z.h.HikariDataSource [HikariDataSource.java:349] HikariPool-1 - Shutdown initiated...
2024-06-22 15:12:58,833 INFO [SpringApplicationShutdownHook] c.z.h.HikariDataSource [HikariDataSource.java:351] HikariPool-1 - Shutdown completed.
2024-06-22 15:13:01,447 INFO [restartedMain] c.y.c.CommunityApplication [StartupInfoLogger.java:50] Starting CommunityApplication using Java 21.0.3 with PID 13008 (F:\IDEAProject\Yuanmh0919\nowcoder\community\target\classes started by 袁明海 in F:\IDEAProject\Yuanmh0919\nowcoder)
2024-06-22 15:13:01,450 INFO [restartedMain] c.y.c.CommunityApplication [SpringApplication.java:654] No active profile set, falling back to 1 default profile: "default"
2024-06-22 15:13:01,497 INFO [restartedMain] o.s.b.d.e.DevToolsPropertyDefaultsPostProcessor [DeferredLog.java:252] Devtools property defaults active! Set 'spring.devtools.add-properties' to 'false' to disable
2024-06-22 15:13:01,498 INFO [restartedMain] o.s.b.d.e.DevToolsPropertyDefaultsPostProcessor [DeferredLog.java:252] For additional web related logging consider setting the 'logging.level.web' property to 'DEBUG'
2024-06-22 15:13:02,502 INFO [restartedMain] o.s.b.w.e.t.TomcatWebServer [TomcatWebServer.java:111] Tomcat initialized with port 8080 (http)
2024-06-22 15:13:02,510 INFO [restartedMain] o.a.c.h.Http11NioProtocol [DirectJDKLog.java:173] Initializing ProtocolHandler ["http-nio-8080"]
2024-06-22 15:13:02,512 INFO [restartedMain] o.a.c.c.StandardService [DirectJDKLog.java:173] Starting service [Tomcat]
2024-06-22 15:13:02,512 INFO [restartedMain] o.a.c.c.StandardEngine [DirectJDKLog.java:173] Starting Servlet engine: [Apache Tomcat/10.1.24]
2024-06-22 15:13:02,548 INFO [restartedMain] o.a.c.c.C.[.[.[/community] [DirectJDKLog.java:173] Initializing Spring embedded WebApplicationContext
2024-06-22 15:13:02,549 INFO [restartedMain] o.s.b.w.s.c.ServletWebServerApplicationContext [ServletWebServerApplicationContext.java:296] Root WebApplicationContext: initialization completed in 1049 ms
2024-06-22 15:13:02,598 INFO [restartedMain] o.s.b.f.a.AutowiredAnnotationBeanPostProcessor [AutowiredAnnotationBeanPostProcessor.java:577] Autowired annotation is not supported on static fields: private static final org.slf4j.Logger com.yuanmh.community.controller.interceptor.TestInterceptor.logger
2024-06-22 15:13:02,901 INFO [restartedMain] o.s.b.a.w.s.WelcomePageHandlerMapping [WelcomePageHandlerMapping.java:59] Adding welcome page template: index
2024-06-22 15:13:03,154 INFO [restartedMain] o.s.b.d.a.OptionalLiveReloadServer [OptionalLiveReloadServer.java:59] LiveReload server is running on port 35729
2024-06-22 15:13:03,170 INFO [restartedMain] o.a.c.h.Http11NioProtocol [DirectJDKLog.java:173] Starting ProtocolHandler ["http-nio-8080"]
2024-06-22 15:13:03,183 INFO [restartedMain] o.s.b.w.e.t.TomcatWebServer [TomcatWebServer.java:243] Tomcat started on port 8080 (http) with context path '/community'
2024-06-22 15:13:03,190 INFO [restartedMain] c.y.c.CommunityApplication [StartupInfoLogger.java:56] Started CommunityApplication in 2.224 seconds (process running for 3.269)
2024-06-22 15:13:07,294 INFO [http-nio-8080-exec-1] o.a.c.c.C.[.[.[/community] [DirectJDKLog.java:173] Initializing Spring DispatcherServlet 'dispatcherServlet'
2024-06-22 15:13:07,295 INFO [http-nio-8080-exec-1] o.s.w.s.DispatcherServlet [FrameworkServlet.java:532] Initializing Servlet 'dispatcherServlet'
2024-06-22 15:13:07,295 INFO [http-nio-8080-exec-1] o.s.w.s.DispatcherServlet [FrameworkServlet.java:554] Completed initialization in 0 ms
2024-06-22 15:16:23,557 INFO [restartedMain] c.y.c.CommunityApplication [StartupInfoLogger.java:50] Starting CommunityApplication using Java 21.0.3 with PID 10252 (F:\IDEAProject\Yuanmh0919\nowcoder\community\target\classes started by 袁明海 in F:\IDEAProject\Yuanmh0919\nowcoder)
2024-06-22 15:16:23,559 INFO [restartedMain] c.y.c.CommunityApplication [SpringApplication.java:654] No active profile set, falling back to 1 default profile: "default"
2024-06-22 15:16:23,597 INFO [restartedMain] o.s.b.d.e.DevToolsPropertyDefaultsPostProcessor [DeferredLog.java:252] Devtools property defaults active! Set 'spring.devtools.add-properties' to 'false' to disable
2024-06-22 15:16:23,597 INFO [restartedMain] o.s.b.d.e.DevToolsPropertyDefaultsPostProcessor [DeferredLog.java:252] For additional web related logging consider setting the 'logging.level.web' property to 'DEBUG'
2024-06-22 15:16:24,502 INFO [restartedMain] o.s.b.w.e.t.TomcatWebServer [TomcatWebServer.java:111] Tomcat initialized with port 8080 (http)
2024-06-22 15:16:24,510 INFO [restartedMain] o.a.c.h.Http11NioProtocol [DirectJDKLog.java:173] Initializing ProtocolHandler ["http-nio-8080"]
2024-06-22 15:16:24,512 INFO [restartedMain] o.a.c.c.StandardService [DirectJDKLog.java:173] Starting service [Tomcat]
2024-06-22 15:16:24,512 INFO [restartedMain] o.a.c.c.StandardEngine [DirectJDKLog.java:173] Starting Servlet engine: [Apache Tomcat/10.1.24]
2024-06-22 15:16:24,544 INFO [restartedMain] o.a.c.c.C.[.[.[/community] [DirectJDKLog.java:173] Initializing Spring embedded WebApplicationContext
2024-06-22 15:16:24,544 INFO [restartedMain] o.s.b.w.s.c.ServletWebServerApplicationContext [ServletWebServerApplicationContext.java:296] Root WebApplicationContext: initialization completed in 946 ms
2024-06-22 15:16:24,587 INFO [restartedMain] o.s.b.f.a.AutowiredAnnotationBeanPostProcessor [AutowiredAnnotationBeanPostProcessor.java:577] Autowired annotation is not supported on static fields: private static final org.slf4j.Logger com.yuanmh.community.controller.interceptor.TestInterceptor.logger
2024-06-22 15:16:24,892 INFO [restartedMain] o.s.b.a.w.s.WelcomePageHandlerMapping [WelcomePageHandlerMapping.java:59] Adding welcome page template: index
2024-06-22 15:16:25,132 INFO [restartedMain] o.s.b.d.a.OptionalLiveReloadServer [OptionalLiveReloadServer.java:59] LiveReload server is running on port 35729
2024-06-22 15:16:25,147 INFO [restartedMain] o.a.c.h.Http11NioProtocol [DirectJDKLog.java:173] Starting ProtocolHandler ["http-nio-8080"]
2024-06-22 15:16:25,158 INFO [restartedMain] o.s.b.w.e.t.TomcatWebServer [TomcatWebServer.java:243] Tomcat started on port 8080 (http) with context path '/community'
2024-06-22 15:16:25,165 INFO [restartedMain] c.y.c.CommunityApplication [StartupInfoLogger.java:56] Started CommunityApplication in 2.076 seconds (process running for 2.73)
2024-06-22 15:16:30,295 INFO [http-nio-8080-exec-1] o.a.c.c.C.[.[.[/community] [DirectJDKLog.java:173] Initializing Spring DispatcherServlet 'dispatcherServlet'
2024-06-22 15:16:30,295 INFO [http-nio-8080-exec-1] o.s.w.s.DispatcherServlet [FrameworkServlet.java:532] Initializing Servlet 'dispatcherServlet'
2024-06-22 15:16:30,296 INFO [http-nio-8080-exec-1] o.s.w.s.DispatcherServlet [FrameworkServlet.java:554] Completed initialization in 1 ms
2024-06-22 15:17:13,004 INFO [restartedMain] c.y.c.CommunityApplication [StartupInfoLogger.java:50] Starting CommunityApplication using Java 21.0.3 with PID 18584 (F:\IDEAProject\Yuanmh0919\nowcoder\community\target\classes started by 袁明海 in F:\IDEAProject\Yuanmh0919\nowcoder)
2024-06-22 15:17:13,006 INFO [restartedMain] c.y.c.CommunityApplication [SpringApplication.java:654] No active profile set, falling back to 1 default profile: "default"
2024-06-22 15:17:13,049 INFO [restartedMain] o.s.b.d.e.DevToolsPropertyDefaultsPostProcessor [DeferredLog.java:252] Devtools property defaults active! Set 'spring.devtools.add-properties' to 'false' to disable
2024-06-22 15:17:13,049 INFO [restartedMain] o.s.b.d.e.DevToolsPropertyDefaultsPostProcessor [DeferredLog.java:252] For additional web related logging consider setting the 'logging.level.web' property to 'DEBUG'
2024-06-22 15:17:13,985 INFO [restartedMain] o.s.b.w.e.t.TomcatWebServer [TomcatWebServer.java:111] Tomcat initialized with port 8080 (http)
2024-06-22 15:17:13,993 INFO [restartedMain] o.a.c.h.Http11NioProtocol [DirectJDKLog.java:173] Initializing ProtocolHandler ["http-nio-8080"]
2024-06-22 15:17:13,995 INFO [restartedMain] o.a.c.c.StandardService [DirectJDKLog.java:173] Starting service [Tomcat]
2024-06-22 15:17:13,995 INFO [restartedMain] o.a.c.c.StandardEngine [DirectJDKLog.java:173] Starting Servlet engine: [Apache Tomcat/10.1.24]
2024-06-22 15:17:14,028 INFO [restartedMain] o.a.c.c.C.[.[.[/community] [DirectJDKLog.java:173] Initializing Spring embedded WebApplicationContext
2024-06-22 15:17:14,029 INFO [restartedMain] o.s.b.w.s.c.ServletWebServerApplicationContext [ServletWebServerApplicationContext.java:296] Root WebApplicationContext: initialization completed in 979 ms
2024-06-22 15:17:14,072 INFO [restartedMain] o.s.b.f.a.AutowiredAnnotationBeanPostProcessor [AutowiredAnnotationBeanPostProcessor.java:577] Autowired annotation is not supported on static fields: private static final org.slf4j.Logger com.yuanmh.community.controller.interceptor.TestInterceptor.logger
2024-06-22 15:17:14,387 INFO [restartedMain] o.s.b.a.w.s.WelcomePageHandlerMapping [WelcomePageHandlerMapping.java:59] Adding welcome page template: index
2024-06-22 15:17:14,652 INFO [restartedMain] o.s.b.d.a.OptionalLiveReloadServer [OptionalLiveReloadServer.java:59] LiveReload server is running on port 35729
2024-06-22 15:17:14,669 INFO [restartedMain] o.a.c.h.Http11NioProtocol [DirectJDKLog.java:173] Starting ProtocolHandler ["http-nio-8080"]
2024-06-22 15:17:14,681 INFO [restartedMain] o.s.b.w.e.t.TomcatWebServer [TomcatWebServer.java:243] Tomcat started on port 8080 (http) with context path '/community'
2024-06-22 15:17:14,688 INFO [restartedMain] c.y.c.CommunityApplication [StartupInfoLogger.java:56] Started CommunityApplication in 2.159 seconds (process running for 3.406)
2024-06-22 15:17:21,721 INFO [http-nio-8080-exec-1] o.a.c.c.C.[.[.[/community] [DirectJDKLog.java:173] Initializing Spring DispatcherServlet 'dispatcherServlet'
2024-06-22 15:17:21,722 INFO [http-nio-8080-exec-1] o.s.w.s.DispatcherServlet [FrameworkServlet.java:532] Initializing Servlet 'dispatcherServlet'
2024-06-22 15:17:21,722 INFO [http-nio-8080-exec-1] o.s.w.s.DispatcherServlet [FrameworkServlet.java:554] Completed initialization in 0 ms
2024-06-22 15:18:05,307 INFO [restartedMain] c.y.c.CommunityApplication [StartupInfoLogger.java:50] Starting CommunityApplication using Java 21.0.3 with PID 7680 (F:\IDEAProject\Yuanmh0919\nowcoder\community\target\classes started by 袁明海 in F:\IDEAProject\Yuanmh0919\nowcoder)
2024-06-22 15:18:05,309 INFO [restartedMain] c.y.c.CommunityApplication [SpringApplication.java:654] No active profile set, falling back to 1 default profile: "default"
2024-06-22 15:18:05,351 INFO [restartedMain] o.s.b.d.e.DevToolsPropertyDefaultsPostProcessor [DeferredLog.java:252] Devtools property defaults active! Set 'spring.devtools.add-properties' to 'false' to disable
2024-06-22 15:18:05,351 INFO [restartedMain] o.s.b.d.e.DevToolsPropertyDefaultsPostProcessor [DeferredLog.java:252] For additional web related logging consider setting the 'logging.level.web' property to 'DEBUG'
2024-06-22 15:18:06,256 INFO [restartedMain] o.s.b.w.e.t.TomcatWebServer [TomcatWebServer.java:111] Tomcat initialized with port 8080 (http)
2024-06-22 15:18:06,266 INFO [restartedMain] o.a.c.h.Http11NioProtocol [DirectJDKLog.java:173] Initializing ProtocolHandler ["http-nio-8080"]
2024-06-22 15:18:06,268 INFO [restartedMain] o.a.c.c.StandardService [DirectJDKLog.java:173] Starting service [Tomcat]
2024-06-22 15:18:06,268 INFO [restartedMain] o.a.c.c.StandardEngine [DirectJDKLog.java:173] Starting Servlet engine: [Apache Tomcat/10.1.24]
2024-06-22 15:18:06,304 INFO [restartedMain] o.a.c.c.C.[.[.[/community] [DirectJDKLog.java:173] Initializing Spring embedded WebApplicationContext
2024-06-22 15:18:06,305 INFO [restartedMain] o.s.b.w.s.c.ServletWebServerApplicationContext [ServletWebServerApplicationContext.java:296] Root WebApplicationContext: initialization completed in 953 ms
2024-06-22 15:18:06,351 INFO [restartedMain] o.s.b.f.a.AutowiredAnnotationBeanPostProcessor [AutowiredAnnotationBeanPostProcessor.java:577] Autowired annotation is not supported on static fields: private static final org.slf4j.Logger com.yuanmh.community.controller.interceptor.TestInterceptor.logger
2024-06-22 15:18:06,657 INFO [restartedMain] o.s.b.a.w.s.WelcomePageHandlerMapping [WelcomePageHandlerMapping.java:59] Adding welcome page template: index
2024-06-22 15:18:06,908 INFO [restartedMain] o.s.b.d.a.OptionalLiveReloadServer [OptionalLiveReloadServer.java:59] LiveReload server is running on port 35729
2024-06-22 15:18:06,924 INFO [restartedMain] o.a.c.h.Http11NioProtocol [DirectJDKLog.java:173] Starting ProtocolHandler ["http-nio-8080"]
2024-06-22 15:18:06,936 INFO [restartedMain] o.s.b.w.e.t.TomcatWebServer [TomcatWebServer.java:243] Tomcat started on port 8080 (http) with context path '/community'
2024-06-22 15:18:06,943 INFO [restartedMain] c.y.c.CommunityApplication [StartupInfoLogger.java:56] Started CommunityApplication in 2.1 seconds (process running for 3.057)
2024-06-22 15:18:11,110 INFO [http-nio-8080-exec-1] o.a.c.c.C.[.[.[/community] [DirectJDKLog.java:173] Initializing Spring DispatcherServlet 'dispatcherServlet'
2024-06-22 15:18:11,110 INFO [http-nio-8080-exec-1] o.s.w.s.DispatcherServlet [FrameworkServlet.java:532] Initializing Servlet 'dispatcherServlet'
2024-06-22 15:18:11,111 INFO [http-nio-8080-exec-1] o.s.w.s.DispatcherServlet [FrameworkServlet.java:554] Completed initialization in 1 ms
2024-06-22 15:20:26,879 INFO [restartedMain] c.y.c.CommunityApplication [StartupInfoLogger.java:50] Starting CommunityApplication using Java 21.0.3 with PID 10476 (F:\IDEAProject\Yuanmh0919\nowcoder\community\target\classes started by 袁明海 in F:\IDEAProject\Yuanmh0919\nowcoder)
2024-06-22 15:20:26,882 INFO [restartedMain] c.y.c.CommunityApplication [SpringApplication.java:654] No active profile set, falling back to 1 default profile: "default"
2024-06-22 15:20:26,954 INFO [restartedMain] o.s.b.d.e.DevToolsPropertyDefaultsPostProcessor [DeferredLog.java:252] Devtools property defaults active! Set 'spring.devtools.add-properties' to 'false' to disable
2024-06-22 15:20:26,955 INFO [restartedMain] o.s.b.d.e.DevToolsPropertyDefaultsPostProcessor [DeferredLog.java:252] For additional web related logging consider setting the 'logging.level.web' property to 'DEBUG'
2024-06-22 15:20:28,363 INFO [restartedMain] c.y.c.CommunityApplication [StartupInfoLogger.java:50] Starting CommunityApplication using Java 21.0.3 with PID 6980 (F:\IDEAProject\Yuanmh0919\nowcoder\community\target\classes started by 袁明海 in F:\IDEAProject\Yuanmh0919\nowcoder)
2024-06-22 15:20:28,366 INFO [restartedMain] c.y.c.CommunityApplication [SpringApplication.java:654] No active profile set, falling back to 1 default profile: "default"
2024-06-22 15:20:28,413 INFO [restartedMain] o.s.b.d.e.DevToolsPropertyDefaultsPostProcessor [DeferredLog.java:252] Devtools property defaults active! Set 'spring.devtools.add-properties' to 'false' to disable
2024-06-22 15:20:28,414 INFO [restartedMain] o.s.b.d.e.DevToolsPropertyDefaultsPostProcessor [DeferredLog.java:252] For additional web related logging consider setting the 'logging.level.web' property to 'DEBUG'
2024-06-22 15:20:28,863 INFO [restartedMain] o.s.b.w.e.t.TomcatWebServer [TomcatWebServer.java:111] Tomcat initialized with port 8080 (http)
2024-06-22 15:20:28,877 INFO [restartedMain] o.a.c.h.Http11NioProtocol [DirectJDKLog.java:173] Initializing ProtocolHandler ["http-nio-8080"]
2024-06-22 15:20:28,880 INFO [restartedMain] o.a.c.c.StandardService [DirectJDKLog.java:173] Starting service [Tomcat]
2024-06-22 15:20:28,880 INFO [restartedMain] o.a.c.c.StandardEngine [DirectJDKLog.java:173] Starting Servlet engine: [Apache Tomcat/10.1.24]
2024-06-22 15:20:28,940 INFO [restartedMain] o.a.c.c.C.[.[.[/community] [DirectJDKLog.java:173] Initializing Spring embedded WebApplicationContext
2024-06-22 15:20:28,940 INFO [restartedMain] o.s.b.w.s.c.ServletWebServerApplicationContext [ServletWebServerApplicationContext.java:296] Root WebApplicationContext: initialization completed in 1984 ms
2024-06-22 15:20:29,031 INFO [restartedMain] o.s.b.f.a.AutowiredAnnotationBeanPostProcessor [AutowiredAnnotationBeanPostProcessor.java:577] Autowired annotation is not supported on static fields: private static final org.slf4j.Logger com.yuanmh.community.controller.interceptor.TestInterceptor.logger
2024-06-22 15:20:29,540 INFO [restartedMain] o.s.b.a.w.s.WelcomePageHandlerMapping [WelcomePageHandlerMapping.java:59] Adding welcome page template: index
2024-06-22 15:20:29,789 INFO [restartedMain] o.s.b.w.e.t.TomcatWebServer [TomcatWebServer.java:111] Tomcat initialized with port 8080 (http)
2024-06-22 15:20:29,798 INFO [restartedMain] o.a.c.h.Http11NioProtocol [DirectJDKLog.java:173] Initializing ProtocolHandler ["http-nio-8080"]
2024-06-22 15:20:29,800 INFO [restartedMain] o.a.c.c.StandardService [DirectJDKLog.java:173] Starting service [Tomcat]
2024-06-22 15:20:29,800 INFO [restartedMain] o.a.c.c.StandardEngine [DirectJDKLog.java:173] Starting Servlet engine: [Apache Tomcat/10.1.24]
2024-06-22 15:20:29,838 INFO [restartedMain] o.a.c.c.C.[.[.[/community] [DirectJDKLog.java:173] Initializing Spring embedded WebApplicationContext
2024-06-22 15:20:29,838 INFO [restartedMain] o.s.b.w.s.c.ServletWebServerApplicationContext [ServletWebServerApplicationContext.java:296] Root WebApplicationContext: initialization completed in 1423 ms
2024-06-22 15:20:29,861 INFO [restartedMain] o.s.b.d.a.OptionalLiveReloadServer [OptionalLiveReloadServer.java:59] LiveReload server is running on port 35729
2024-06-22 15:20:29,879 INFO [restartedMain] o.a.c.h.Http11NioProtocol [DirectJDKLog.java:173] Starting ProtocolHandler ["http-nio-8080"]
2024-06-22 15:20:29,886 INFO [restartedMain] o.s.b.f.a.AutowiredAnnotationBeanPostProcessor [AutowiredAnnotationBeanPostProcessor.java:577] Autowired annotation is not supported on static fields: private static final org.slf4j.Logger com.yuanmh.community.controller.interceptor.TestInterceptor.logger
2024-06-22 15:20:29,896 INFO [restartedMain] o.s.b.w.e.t.TomcatWebServer [TomcatWebServer.java:243] Tomcat started on port 8080 (http) with context path '/community'
2024-06-22 15:20:29,908 INFO [restartedMain] c.y.c.CommunityApplication [StartupInfoLogger.java:56] Started CommunityApplication in 3.664 seconds (process running for 5.442)
2024-06-22 15:20:30,016 INFO [http-nio-8080-exec-1] o.a.c.c.C.[.[.[/community] [DirectJDKLog.java:173] Initializing Spring DispatcherServlet 'dispatcherServlet'
2024-06-22 15:20:30,016 INFO [http-nio-8080-exec-1] o.s.w.s.DispatcherServlet [FrameworkServlet.java:532] Initializing Servlet 'dispatcherServlet'
2024-06-22 15:20:30,017 INFO [http-nio-8080-exec-1] o.s.w.s.DispatcherServlet [FrameworkServlet.java:554] Completed initialization in 0 ms
2024-06-22 15:20:30,295 INFO [restartedMain] o.s.b.a.w.s.WelcomePageHandlerMapping [WelcomePageHandlerMapping.java:59] Adding welcome page template: index
2024-06-22 15:20:30,610 INFO [restartedMain] o.a.c.h.Http11NioProtocol [DirectJDKLog.java:173] Starting ProtocolHandler ["http-nio-8080"]
2024-06-22 15:20:30,632 INFO [restartedMain] o.s.b.a.l.ConditionEvaluationReportLogger [ConditionEvaluationReportLogger.java:82] 

Error starting ApplicationContext. To display the condition evaluation report re-run your application with 'debug' enabled.
2024-06-22 15:21:36,726 INFO [restartedMain] c.y.c.CommunityApplication [StartupInfoLogger.java:50] Starting CommunityApplication using Java 21.0.3 with PID 564 (F:\IDEAProject\Yuanmh0919\nowcoder\community\target\classes started by 袁明海 in F:\IDEAProject\Yuanmh0919\nowcoder)
2024-06-22 15:21:36,729 INFO [restartedMain] c.y.c.CommunityApplication [SpringApplication.java:654] No active profile set, falling back to 1 default profile: "default"
2024-06-22 15:21:36,768 INFO [restartedMain] o.s.b.d.e.DevToolsPropertyDefaultsPostProcessor [DeferredLog.java:252] Devtools property defaults active! Set 'spring.devtools.add-properties' to 'false' to disable
2024-06-22 15:21:36,769 INFO [restartedMain] o.s.b.d.e.DevToolsPropertyDefaultsPostProcessor [DeferredLog.java:252] For additional web related logging consider setting the 'logging.level.web' property to 'DEBUG'
2024-06-22 15:21:37,649 INFO [restartedMain] o.s.b.w.e.t.TomcatWebServer [TomcatWebServer.java:111] Tomcat initialized with port 8080 (http)
2024-06-22 15:21:37,657 INFO [restartedMain] o.a.c.h.Http11NioProtocol [DirectJDKLog.java:173] Initializing ProtocolHandler ["http-nio-8080"]
2024-06-22 15:21:37,659 INFO [restartedMain] o.a.c.c.StandardService [DirectJDKLog.java:173] Starting service [Tomcat]
2024-06-22 15:21:37,659 INFO [restartedMain] o.a.c.c.StandardEngine [DirectJDKLog.java:173] Starting Servlet engine: [Apache Tomcat/10.1.24]
2024-06-22 15:21:37,694 INFO [restartedMain] o.a.c.c.C.[.[.[/community] [DirectJDKLog.java:173] Initializing Spring embedded WebApplicationContext
2024-06-22 15:21:37,695 INFO [restartedMain] o.s.b.w.s.c.ServletWebServerApplicationContext [ServletWebServerApplicationContext.java:296] Root WebApplicationContext: initialization completed in 926 ms
2024-06-22 15:21:37,742 INFO [restartedMain] o.s.b.f.a.AutowiredAnnotationBeanPostProcessor [AutowiredAnnotationBeanPostProcessor.java:577] Autowired annotation is not supported on static fields: private static final org.slf4j.Logger com.yuanmh.community.controller.interceptor.TestInterceptor.logger
2024-06-22 15:21:38,057 INFO [restartedMain] o.s.b.a.w.s.WelcomePageHandlerMapping [WelcomePageHandlerMapping.java:59] Adding welcome page template: index
2024-06-22 15:21:38,312 INFO [restartedMain] o.s.b.d.a.OptionalLiveReloadServer [OptionalLiveReloadServer.java:59] LiveReload server is running on port 35729
2024-06-22 15:21:38,328 INFO [restartedMain] o.a.c.h.Http11NioProtocol [DirectJDKLog.java:173] Starting ProtocolHandler ["http-nio-8080"]
2024-06-22 15:21:38,340 INFO [restartedMain] o.s.b.w.e.t.TomcatWebServer [TomcatWebServer.java:243] Tomcat started on port 8080 (http) with context path '/community'
2024-06-22 15:21:38,350 INFO [restartedMain] c.y.c.CommunityApplication [StartupInfoLogger.java:56] Started CommunityApplication in 2.074 seconds (process running for 2.724)
2024-06-22 15:21:41,283 INFO [http-nio-8080-exec-1] o.a.c.c.C.[.[.[/community] [DirectJDKLog.java:173] Initializing Spring DispatcherServlet 'dispatcherServlet'
2024-06-22 15:21:41,284 INFO [http-nio-8080-exec-1] o.s.w.s.DispatcherServlet [FrameworkServlet.java:532] Initializing Servlet 'dispatcherServlet'
2024-06-22 15:21:41,285 INFO [http-nio-8080-exec-1] o.s.w.s.DispatcherServlet [FrameworkServlet.java:554] Completed initialization in 0 ms
2024-06-22 22:53:14,709 INFO [main] c.y.c.MapperTests [StartupInfoLogger.java:50] Starting MapperTests using Java 21.0.3 with PID 11788 (started by 袁明海 in F:\IDEAProject\Yuanmh0919\nowcoder\community)
2024-06-22 22:53:14,712 INFO [main] c.y.c.MapperTests [SpringApplication.java:654] No active profile set, falling back to 1 default profile: "default"
2024-06-22 22:53:16,039 INFO [main] o.s.b.f.a.AutowiredAnnotationBeanPostProcessor [AutowiredAnnotationBeanPostProcessor.java:577] Autowired annotation is not supported on static fields: private static final org.slf4j.Logger com.yuanmh.community.controller.interceptor.TestInterceptor.logger
2024-06-22 22:53:16,704 INFO [main] o.s.b.a.w.s.WelcomePageHandlerMapping [WelcomePageHandlerMapping.java:59] Adding welcome page template: index
2024-06-22 22:53:17,100 INFO [main] c.y.c.MapperTests [StartupInfoLogger.java:56] Started MapperTests in 2.896 seconds (process running for 4.101)
2024-06-22 22:53:17,968 INFO [main] c.z.h.HikariDataSource [HikariDataSource.java:109] HikariPool-1 - Starting...
2024-06-22 22:53:18,415 INFO [main] c.z.h.p.HikariPool [HikariPool.java:554] HikariPool-1 - Added connection com.mysql.cj.jdbc.ConnectionImpl@2125535d
2024-06-22 22:53:18,418 INFO [main] c.z.h.HikariDataSource [HikariDataSource.java:122] HikariPool-1 - Start completed.
2024-06-22 22:53:18,510 INFO [SpringApplicationShutdownHook] c.z.h.HikariDataSource [HikariDataSource.java:349] HikariPool-1 - Shutdown initiated...
2024-06-22 22:53:18,514 INFO [SpringApplicationShutdownHook] c.z.h.HikariDataSource [HikariDataSource.java:351] HikariPool-1 - Shutdown completed.
2024-06-22 23:16:06,940 INFO [restartedMain] c.y.c.CommunityApplication [StartupInfoLogger.java:50] Starting CommunityApplication using Java 21.0.3 with PID 16436 (F:\IDEAProject\Yuanmh0919\nowcoder\community\target\classes started by 袁明海 in F:\IDEAProject\Yuanmh0919\nowcoder)
2024-06-22 23:16:06,941 INFO [restartedMain] c.y.c.CommunityApplication [SpringApplication.java:654] No active profile set, falling back to 1 default profile: "default"
2024-06-22 23:16:06,976 INFO [restartedMain] o.s.b.d.e.DevToolsPropertyDefaultsPostProcessor [DeferredLog.java:252] Devtools property defaults active! Set 'spring.devtools.add-properties' to 'false' to disable
2024-06-22 23:16:06,977 INFO [restartedMain] o.s.b.d.e.DevToolsPropertyDefaultsPostProcessor [DeferredLog.java:252] For additional web related logging consider setting the 'logging.level.web' property to 'DEBUG'
2024-06-22 23:16:07,917 INFO [restartedMain] o.s.b.w.e.t.TomcatWebServer [TomcatWebServer.java:111] Tomcat initialized with port 8080 (http)
2024-06-22 23:16:07,926 INFO [restartedMain] o.a.c.h.Http11NioProtocol [DirectJDKLog.java:173] Initializing ProtocolHandler ["http-nio-8080"]
2024-06-22 23:16:07,927 INFO [restartedMain] o.a.c.c.StandardService [DirectJDKLog.java:173] Starting service [Tomcat]
2024-06-22 23:16:07,928 INFO [restartedMain] o.a.c.c.StandardEngine [DirectJDKLog.java:173] Starting Servlet engine: [Apache Tomcat/10.1.24]
2024-06-22 23:16:07,967 INFO [restartedMain] o.a.c.c.C.[.[.[/community] [DirectJDKLog.java:173] Initializing Spring embedded WebApplicationContext
2024-06-22 23:16:07,967 INFO [restartedMain] o.s.b.w.s.c.ServletWebServerApplicationContext [ServletWebServerApplicationContext.java:296] Root WebApplicationContext: initialization completed in 990 ms
2024-06-22 23:16:08,020 INFO [restartedMain] o.s.b.f.a.AutowiredAnnotationBeanPostProcessor [AutowiredAnnotationBeanPostProcessor.java:577] Autowired annotation is not supported on static fields: private static final org.slf4j.Logger com.yuanmh.community.controller.interceptor.TestInterceptor.logger
2024-06-22 23:16:08,309 INFO [restartedMain] o.s.b.a.w.s.WelcomePageHandlerMapping [WelcomePageHandlerMapping.java:59] Adding welcome page template: index
2024-06-22 23:16:08,539 INFO [restartedMain] o.s.b.d.a.OptionalLiveReloadServer [OptionalLiveReloadServer.java:59] LiveReload server is running on port 35729
2024-06-22 23:16:08,554 INFO [restartedMain] o.a.c.h.Http11NioProtocol [DirectJDKLog.java:173] Starting ProtocolHandler ["http-nio-8080"]
2024-06-22 23:16:08,568 INFO [restartedMain] o.s.b.w.e.t.TomcatWebServer [TomcatWebServer.java:243] Tomcat started on port 8080 (http) with context path '/community'
2024-06-22 23:16:08,576 INFO [restartedMain] c.y.c.CommunityApplication [StartupInfoLogger.java:56] Started CommunityApplication in 2.056 seconds (process running for 2.716)
2024-06-22 23:16:14,210 INFO [http-nio-8080-exec-1] o.a.c.c.C.[.[.[/community] [DirectJDKLog.java:173] Initializing Spring DispatcherServlet 'dispatcherServlet'
2024-06-22 23:16:14,210 INFO [http-nio-8080-exec-1] o.s.w.s.DispatcherServlet [FrameworkServlet.java:532] Initializing Servlet 'dispatcherServlet'
2024-06-22 23:16:14,212 INFO [http-nio-8080-exec-1] o.s.w.s.DispatcherServlet [FrameworkServlet.java:554] Completed initialization in 1 ms
2024-06-22 23:16:14,281 INFO [http-nio-8080-exec-1] c.z.h.HikariDataSource [HikariDataSource.java:109] HikariPool-1 - Starting...
2024-06-22 23:16:14,548 INFO [http-nio-8080-exec-1] c.z.h.p.HikariPool [HikariPool.java:554] HikariPool-1 - Added connection com.mysql.cj.jdbc.ConnectionImpl@686cd01
2024-06-22 23:16:14,550 INFO [http-nio-8080-exec-1] c.z.h.HikariDataSource [HikariDataSource.java:122] HikariPool-1 - Start completed.
2024-06-22 23:31:08,697 INFO [SpringApplicationShutdownHook] c.z.h.HikariDataSource [HikariDataSource.java:349] HikariPool-1 - Shutdown initiated...
2024-06-22 23:31:08,701 INFO [SpringApplicationShutdownHook] c.z.h.HikariDataSource [HikariDataSource.java:351] HikariPool-1 - Shutdown completed.
2024-06-22 23:31:12,051 INFO [restartedMain] c.y.c.CommunityApplication [StartupInfoLogger.java:50] Starting CommunityApplication using Java 21.0.3 with PID 8244 (F:\IDEAProject\Yuanmh0919\nowcoder\community\target\classes started by 袁明海 in F:\IDEAProject\Yuanmh0919\nowcoder)
2024-06-22 23:31:12,054 INFO [restartedMain] c.y.c.CommunityApplication [SpringApplication.java:654] No active profile set, falling back to 1 default profile: "default"
2024-06-22 23:31:12,088 INFO [restartedMain] o.s.b.d.e.DevToolsPropertyDefaultsPostProcessor [DeferredLog.java:252] Devtools property defaults active! Set 'spring.devtools.add-properties' to 'false' to disable
2024-06-22 23:31:12,088 INFO [restartedMain] o.s.b.d.e.DevToolsPropertyDefaultsPostProcessor [DeferredLog.java:252] For additional web related logging consider setting the 'logging.level.web' property to 'DEBUG'
2024-06-22 23:31:13,065 INFO [restartedMain] o.s.b.w.e.t.TomcatWebServer [TomcatWebServer.java:111] Tomcat initialized with port 8080 (http)
2024-06-22 23:31:13,077 INFO [restartedMain] o.a.c.h.Http11NioProtocol [DirectJDKLog.java:173] Initializing ProtocolHandler ["http-nio-8080"]
2024-06-22 23:31:13,079 INFO [restartedMain] o.a.c.c.StandardService [DirectJDKLog.java:173] Starting service [Tomcat]
2024-06-22 23:31:13,079 INFO [restartedMain] o.a.c.c.StandardEngine [DirectJDKLog.java:173] Starting Servlet engine: [Apache Tomcat/10.1.24]
2024-06-22 23:31:13,119 INFO [restartedMain] o.a.c.c.C.[.[.[/community] [DirectJDKLog.java:173] Initializing Spring embedded WebApplicationContext
2024-06-22 23:31:13,120 INFO [restartedMain] o.s.b.w.s.c.ServletWebServerApplicationContext [ServletWebServerApplicationContext.java:296] Root WebApplicationContext: initialization completed in 1031 ms
2024-06-22 23:31:13,164 INFO [restartedMain] o.s.b.f.a.AutowiredAnnotationBeanPostProcessor [AutowiredAnnotationBeanPostProcessor.java:577] Autowired annotation is not supported on static fields: private static final org.slf4j.Logger com.yuanmh.community.controller.interceptor.TestInterceptor.logger
2024-06-22 23:31:13,481 INFO [restartedMain] o.s.b.a.w.s.WelcomePageHandlerMapping [WelcomePageHandlerMapping.java:59] Adding welcome page template: index
2024-06-22 23:31:13,722 INFO [restartedMain] o.s.b.d.a.OptionalLiveReloadServer [OptionalLiveReloadServer.java:59] LiveReload server is running on port 35729
2024-06-22 23:31:13,738 INFO [restartedMain] o.a.c.h.Http11NioProtocol [DirectJDKLog.java:173] Starting ProtocolHandler ["http-nio-8080"]
2024-06-22 23:31:13,750 INFO [restartedMain] o.s.b.w.e.t.TomcatWebServer [TomcatWebServer.java:243] Tomcat started on port 8080 (http) with context path '/community'
2024-06-22 23:31:13,757 INFO [restartedMain] c.y.c.CommunityApplication [StartupInfoLogger.java:56] Started CommunityApplication in 2.174 seconds (process running for 2.854)
2024-06-22 23:32:17,219 INFO [restartedMain] c.y.c.CommunityApplication [StartupInfoLogger.java:50] Starting CommunityApplication using Java 21.0.3 with PID 1556 (F:\IDEAProject\Yuanmh0919\nowcoder\community\target\classes started by 袁明海 in F:\IDEAProject\Yuanmh0919\nowcoder)
2024-06-22 23:32:17,221 INFO [restartedMain] c.y.c.CommunityApplication [SpringApplication.java:654] No active profile set, falling back to 1 default profile: "default"
2024-06-22 23:32:17,264 INFO [restartedMain] o.s.b.d.e.DevToolsPropertyDefaultsPostProcessor [DeferredLog.java:252] Devtools property defaults active! Set 'spring.devtools.add-properties' to 'false' to disable
2024-06-22 23:32:17,264 INFO [restartedMain] o.s.b.d.e.DevToolsPropertyDefaultsPostProcessor [DeferredLog.java:252] For additional web related logging consider setting the 'logging.level.web' property to 'DEBUG'
2024-06-22 23:32:18,241 INFO [restartedMain] o.s.b.w.e.t.TomcatWebServer [TomcatWebServer.java:111] Tomcat initialized with port 8080 (http)
2024-06-22 23:32:18,249 INFO [restartedMain] o.a.c.h.Http11NioProtocol [DirectJDKLog.java:173] Initializing ProtocolHandler ["http-nio-8080"]
2024-06-22 23:32:18,251 INFO [restartedMain] o.a.c.c.StandardService [DirectJDKLog.java:173] Starting service [Tomcat]
2024-06-22 23:32:18,251 INFO [restartedMain] o.a.c.c.StandardEngine [DirectJDKLog.java:173] Starting Servlet engine: [Apache Tomcat/10.1.24]
2024-06-22 23:32:18,305 INFO [restartedMain] o.a.c.c.C.[.[.[/community] [DirectJDKLog.java:173] Initializing Spring embedded WebApplicationContext
2024-06-22 23:32:18,306 INFO [restartedMain] o.s.b.w.s.c.ServletWebServerApplicationContext [ServletWebServerApplicationContext.java:296] Root WebApplicationContext: initialization completed in 1040 ms
2024-06-22 23:32:18,367 INFO [restartedMain] o.s.b.f.a.AutowiredAnnotationBeanPostProcessor [AutowiredAnnotationBeanPostProcessor.java:577] Autowired annotation is not supported on static fields: private static final org.slf4j.Logger com.yuanmh.community.controller.interceptor.TestInterceptor.logger
2024-06-22 23:32:18,699 INFO [restartedMain] o.s.b.a.w.s.WelcomePageHandlerMapping [WelcomePageHandlerMapping.java:59] Adding welcome page template: index
2024-06-22 23:32:18,946 INFO [restartedMain] o.s.b.d.a.OptionalLiveReloadServer [OptionalLiveReloadServer.java:59] LiveReload server is running on port 35729
2024-06-22 23:32:18,961 INFO [restartedMain] o.a.c.h.Http11NioProtocol [DirectJDKLog.java:173] Starting ProtocolHandler ["http-nio-8080"]
2024-06-22 23:32:18,979 INFO [restartedMain] o.s.b.w.e.t.TomcatWebServer [TomcatWebServer.java:243] Tomcat started on port 8080 (http) with context path '/community'
2024-06-22 23:32:18,988 INFO [restartedMain] c.y.c.CommunityApplication [StartupInfoLogger.java:56] Started CommunityApplication in 2.287 seconds (process running for 3.071)
2024-06-22 23:32:25,949 INFO [http-nio-8080-exec-1] o.a.c.c.C.[.[.[/community] [DirectJDKLog.java:173] Initializing Spring DispatcherServlet 'dispatcherServlet'
2024-06-22 23:32:25,949 INFO [http-nio-8080-exec-1] o.s.w.s.DispatcherServlet [FrameworkServlet.java:532] Initializing Servlet 'dispatcherServlet'
2024-06-22 23:32:25,950 INFO [http-nio-8080-exec-1] o.s.w.s.DispatcherServlet [FrameworkServlet.java:554] Completed initialization in 0 ms
2024-06-22 23:32:26,028 INFO [http-nio-8080-exec-1] c.z.h.HikariDataSource [HikariDataSource.java:109] HikariPool-1 - Starting...
2024-06-22 23:32:26,338 INFO [http-nio-8080-exec-1] c.z.h.p.HikariPool [HikariPool.java:554] HikariPool-1 - Added connection com.mysql.cj.jdbc.ConnectionImpl@82c8e68
2024-06-22 23:32:26,340 INFO [http-nio-8080-exec-1] c.z.h.HikariDataSource [HikariDataSource.java:122] HikariPool-1 - Start completed.
2024-06-22 23:35:04,985 INFO [SpringApplicationShutdownHook] c.z.h.HikariDataSource [HikariDataSource.java:349] HikariPool-1 - Shutdown initiated...
2024-06-22 23:35:04,989 INFO [SpringApplicationShutdownHook] c.z.h.HikariDataSource [HikariDataSource.java:351] HikariPool-1 - Shutdown completed.
2024-06-22 23:38:32,863 INFO [restartedMain] c.y.c.CommunityApplication [StartupInfoLogger.java:50] Starting CommunityApplication using Java 21.0.3 with PID 15720 (F:\IDEAProject\Yuanmh0919\nowcoder\community\target\classes started by 袁明海 in F:\IDEAProject\Yuanmh0919\nowcoder)
2024-06-22 23:38:32,866 INFO [restartedMain] c.y.c.CommunityApplication [SpringApplication.java:654] No active profile set, falling back to 1 default profile: "default"
2024-06-22 23:38:32,909 INFO [restartedMain] o.s.b.d.e.DevToolsPropertyDefaultsPostProcessor [DeferredLog.java:252] Devtools property defaults active! Set 'spring.devtools.add-properties' to 'false' to disable
2024-06-22 23:38:32,910 INFO [restartedMain] o.s.b.d.e.DevToolsPropertyDefaultsPostProcessor [DeferredLog.java:252] For additional web related logging consider setting the 'logging.level.web' property to 'DEBUG'
2024-06-22 23:38:33,801 INFO [restartedMain] o.s.b.w.e.t.TomcatWebServer [TomcatWebServer.java:111] Tomcat initialized with port 8080 (http)
2024-06-22 23:38:33,809 INFO [restartedMain] o.a.c.h.Http11NioProtocol [DirectJDKLog.java:173] Initializing ProtocolHandler ["http-nio-8080"]
2024-06-22 23:38:33,811 INFO [restartedMain] o.a.c.c.StandardService [DirectJDKLog.java:173] Starting service [Tomcat]
2024-06-22 23:38:33,811 INFO [restartedMain] o.a.c.c.StandardEngine [DirectJDKLog.java:173] Starting Servlet engine: [Apache Tomcat/10.1.24]
2024-06-22 23:38:33,846 INFO [restartedMain] o.a.c.c.C.[.[.[/community] [DirectJDKLog.java:173] Initializing Spring embedded WebApplicationContext
2024-06-22 23:38:33,847 INFO [restartedMain] o.s.b.w.s.c.ServletWebServerApplicationContext [ServletWebServerApplicationContext.java:296] Root WebApplicationContext: initialization completed in 936 ms
2024-06-22 23:38:33,908 INFO [restartedMain] o.s.b.f.a.AutowiredAnnotationBeanPostProcessor [AutowiredAnnotationBeanPostProcessor.java:577] Autowired annotation is not supported on static fields: private static final org.slf4j.Logger com.yuanmh.community.controller.interceptor.TestInterceptor.logger
2024-06-22 23:38:34,228 INFO [restartedMain] o.s.b.a.w.s.WelcomePageHandlerMapping [WelcomePageHandlerMapping.java:59] Adding welcome page template: index
2024-06-22 23:38:34,461 INFO [restartedMain] o.s.b.d.a.OptionalLiveReloadServer [OptionalLiveReloadServer.java:59] LiveReload server is running on port 35729
2024-06-22 23:38:34,477 INFO [restartedMain] o.a.c.h.Http11NioProtocol [DirectJDKLog.java:173] Starting ProtocolHandler ["http-nio-8080"]
2024-06-22 23:38:34,488 INFO [restartedMain] o.s.b.w.e.t.TomcatWebServer [TomcatWebServer.java:243] Tomcat started on port 8080 (http) with context path '/community'
2024-06-22 23:38:34,495 INFO [restartedMain] c.y.c.CommunityApplication [StartupInfoLogger.java:56] Started CommunityApplication in 2.051 seconds (process running for 2.663)
2024-06-22 23:38:39,548 INFO [http-nio-8080-exec-1] o.a.c.c.C.[.[.[/community] [DirectJDKLog.java:173] Initializing Spring DispatcherServlet 'dispatcherServlet'
2024-06-22 23:38:39,549 INFO [http-nio-8080-exec-1] o.s.w.s.DispatcherServlet [FrameworkServlet.java:532] Initializing Servlet 'dispatcherServlet'
2024-06-22 23:38:39,550 INFO [http-nio-8080-exec-1] o.s.w.s.DispatcherServlet [FrameworkServlet.java:554] Completed initialization in 0 ms
2024-06-22 23:38:39,593 INFO [http-nio-8080-exec-1] c.z.h.HikariDataSource [HikariDataSource.java:109] HikariPool-1 - Starting...
2024-06-22 23:38:39,862 INFO [http-nio-8080-exec-1] c.z.h.p.HikariPool [HikariPool.java:554] HikariPool-1 - Added connection com.mysql.cj.jdbc.ConnectionImpl@2e81f772
2024-06-22 23:38:39,863 INFO [http-nio-8080-exec-1] c.z.h.HikariDataSource [HikariDataSource.java:122] HikariPool-1 - Start completed.
2024-06-22 23:39:43,019 INFO [SpringApplicationShutdownHook] c.z.h.HikariDataSource [HikariDataSource.java:349] HikariPool-1 - Shutdown initiated...
2024-06-22 23:39:43,023 INFO [SpringApplicationShutdownHook] c.z.h.HikariDataSource [HikariDataSource.java:351] HikariPool-1 - Shutdown completed.
2024-06-22 23:39:45,230 INFO [restartedMain] c.y.c.CommunityApplication [StartupInfoLogger.java:50] Starting CommunityApplication using Java 21.0.3 with PID 17288 (F:\IDEAProject\Yuanmh0919\nowcoder\community\target\classes started by 袁明海 in F:\IDEAProject\Yuanmh0919\nowcoder)
2024-06-22 23:39:45,232 INFO [restartedMain] c.y.c.CommunityApplication [SpringApplication.java:654] No active profile set, falling back to 1 default profile: "default"
2024-06-22 23:39:45,265 INFO [restartedMain] o.s.b.d.e.DevToolsPropertyDefaultsPostProcessor [DeferredLog.java:252] Devtools property defaults active! Set 'spring.devtools.add-properties' to 'false' to disable
2024-06-22 23:39:45,265 INFO [restartedMain] o.s.b.d.e.DevToolsPropertyDefaultsPostProcessor [DeferredLog.java:252] For additional web related logging consider setting the 'logging.level.web' property to 'DEBUG'
2024-06-22 23:39:46,099 INFO [restartedMain] o.s.b.w.e.t.TomcatWebServer [TomcatWebServer.java:111] Tomcat initialized with port 8080 (http)
2024-06-22 23:39:46,107 INFO [restartedMain] o.a.c.h.Http11NioProtocol [DirectJDKLog.java:173] Initializing ProtocolHandler ["http-nio-8080"]
2024-06-22 23:39:46,108 INFO [restartedMain] o.a.c.c.StandardService [DirectJDKLog.java:173] Starting service [Tomcat]
2024-06-22 23:39:46,108 INFO [restartedMain] o.a.c.c.StandardEngine [DirectJDKLog.java:173] Starting Servlet engine: [Apache Tomcat/10.1.24]
2024-06-22 23:39:46,142 INFO [restartedMain] o.a.c.c.C.[.[.[/community] [DirectJDKLog.java:173] Initializing Spring embedded WebApplicationContext
2024-06-22 23:39:46,143 INFO [restartedMain] o.s.b.w.s.c.ServletWebServerApplicationContext [ServletWebServerApplicationContext.java:296] Root WebApplicationContext: initialization completed in 876 ms
2024-06-22 23:39:46,194 INFO [restartedMain] o.s.b.f.a.AutowiredAnnotationBeanPostProcessor [AutowiredAnnotationBeanPostProcessor.java:577] Autowired annotation is not supported on static fields: private static final org.slf4j.Logger com.yuanmh.community.controller.interceptor.TestInterceptor.logger
2024-06-22 23:39:46,485 INFO [restartedMain] o.s.b.a.w.s.WelcomePageHandlerMapping [WelcomePageHandlerMapping.java:59] Adding welcome page template: index
2024-06-22 23:39:46,725 INFO [restartedMain] o.s.b.d.a.OptionalLiveReloadServer [OptionalLiveReloadServer.java:59] LiveReload server is running on port 35729
2024-06-22 23:39:46,741 INFO [restartedMain] o.a.c.h.Http11NioProtocol [DirectJDKLog.java:173] Starting ProtocolHandler ["http-nio-8080"]
2024-06-22 23:39:46,752 INFO [restartedMain] o.s.b.w.e.t.TomcatWebServer [TomcatWebServer.java:243] Tomcat started on port 8080 (http) with context path '/community'
2024-06-22 23:39:46,759 INFO [restartedMain] c.y.c.CommunityApplication [StartupInfoLogger.java:56] Started CommunityApplication in 1.96 seconds (process running for 2.671)
2024-06-22 23:39:54,836 INFO [http-nio-8080-exec-1] o.a.c.c.C.[.[.[/community] [DirectJDKLog.java:173] Initializing Spring DispatcherServlet 'dispatcherServlet'
2024-06-22 23:39:54,836 INFO [http-nio-8080-exec-1] o.s.w.s.DispatcherServlet [FrameworkServlet.java:532] Initializing Servlet 'dispatcherServlet'
2024-06-22 23:39:54,837 INFO [http-nio-8080-exec-1] o.s.w.s.DispatcherServlet [FrameworkServlet.java:554] Completed initialization in 0 ms
2024-06-22 23:39:54,877 INFO [http-nio-8080-exec-1] c.z.h.HikariDataSource [HikariDataSource.java:109] HikariPool-1 - Starting...
2024-06-22 23:39:55,131 INFO [http-nio-8080-exec-1] c.z.h.p.HikariPool [HikariPool.java:554] HikariPool-1 - Added connection com.mysql.cj.jdbc.ConnectionImpl@5de2a186
2024-06-22 23:39:55,132 INFO [http-nio-8080-exec-1] c.z.h.HikariDataSource [HikariDataSource.java:122] HikariPool-1 - Start completed.
2024-06-22 23:42:23,944 INFO [SpringApplicationShutdownHook] c.z.h.HikariDataSource [HikariDataSource.java:349] HikariPool-1 - Shutdown initiated...
2024-06-22 23:42:23,950 INFO [SpringApplicationShutdownHook] c.z.h.HikariDataSource [HikariDataSource.java:351] HikariPool-1 - Shutdown completed.
2024-06-22 23:42:26,962 INFO [restartedMain] c.y.c.CommunityApplication [StartupInfoLogger.java:50] Starting CommunityApplication using Java 21.0.3 with PID 6700 (F:\IDEAProject\Yuanmh0919\nowcoder\community\target\classes started by 袁明海 in F:\IDEAProject\Yuanmh0919\nowcoder)
2024-06-22 23:42:26,964 INFO [restartedMain] c.y.c.CommunityApplication [SpringApplication.java:654] No active profile set, falling back to 1 default profile: "default"
2024-06-22 23:42:27,010 INFO [restartedMain] o.s.b.d.e.DevToolsPropertyDefaultsPostProcessor [DeferredLog.java:252] Devtools property defaults active! Set 'spring.devtools.add-properties' to 'false' to disable
2024-06-22 23:42:27,010 INFO [restartedMain] o.s.b.d.e.DevToolsPropertyDefaultsPostProcessor [DeferredLog.java:252] For additional web related logging consider setting the 'logging.level.web' property to 'DEBUG'
2024-06-22 23:42:27,911 INFO [restartedMain] o.s.b.w.e.t.TomcatWebServer [TomcatWebServer.java:111] Tomcat initialized with port 8080 (http)
2024-06-22 23:42:27,919 INFO [restartedMain] o.a.c.h.Http11NioProtocol [DirectJDKLog.java:173] Initializing ProtocolHandler ["http-nio-8080"]
2024-06-22 23:42:27,921 INFO [restartedMain] o.a.c.c.StandardService [DirectJDKLog.java:173] Starting service [Tomcat]
2024-06-22 23:42:27,921 INFO [restartedMain] o.a.c.c.StandardEngine [DirectJDKLog.java:173] Starting Servlet engine: [Apache Tomcat/10.1.24]
2024-06-22 23:42:27,956 INFO [restartedMain] o.a.c.c.C.[.[.[/community] [DirectJDKLog.java:173] Initializing Spring embedded WebApplicationContext
2024-06-22 23:42:27,957 INFO [restartedMain] o.s.b.w.s.c.ServletWebServerApplicationContext [ServletWebServerApplicationContext.java:296] Root WebApplicationContext: initialization completed in 946 ms
2024-06-22 23:42:28,010 INFO [restartedMain] o.s.b.f.a.AutowiredAnnotationBeanPostProcessor [AutowiredAnnotationBeanPostProcessor.java:577] Autowired annotation is not supported on static fields: private static final org.slf4j.Logger com.yuanmh.community.controller.interceptor.TestInterceptor.logger
2024-06-22 23:42:28,300 INFO [restartedMain] o.s.b.a.w.s.WelcomePageHandlerMapping [WelcomePageHandlerMapping.java:59] Adding welcome page template: index
2024-06-22 23:42:28,580 INFO [restartedMain] o.s.b.d.a.OptionalLiveReloadServer [OptionalLiveReloadServer.java:59] LiveReload server is running on port 35729
2024-06-22 23:42:28,596 INFO [restartedMain] o.a.c.h.Http11NioProtocol [DirectJDKLog.java:173] Starting ProtocolHandler ["http-nio-8080"]
2024-06-22 23:42:28,607 INFO [restartedMain] o.s.b.w.e.t.TomcatWebServer [TomcatWebServer.java:243] Tomcat started on port 8080 (http) with context path '/community'
2024-06-22 23:42:28,614 INFO [restartedMain] c.y.c.CommunityApplication [StartupInfoLogger.java:56] Started CommunityApplication in 2.133 seconds (process running for 2.744)
2024-06-22 23:42:43,761 INFO [http-nio-8080-exec-1] o.a.c.c.C.[.[.[/community] [DirectJDKLog.java:173] Initializing Spring DispatcherServlet 'dispatcherServlet'
2024-06-22 23:42:43,761 INFO [http-nio-8080-exec-1] o.s.w.s.DispatcherServlet [FrameworkServlet.java:532] Initializing Servlet 'dispatcherServlet'
2024-06-22 23:42:43,762 INFO [http-nio-8080-exec-1] o.s.w.s.DispatcherServlet [FrameworkServlet.java:554] Completed initialization in 1 ms
2024-06-22 23:42:43,802 INFO [http-nio-8080-exec-1] c.z.h.HikariDataSource [HikariDataSource.java:109] HikariPool-1 - Starting...
2024-06-22 23:42:44,058 INFO [http-nio-8080-exec-1] c.z.h.p.HikariPool [HikariPool.java:554] HikariPool-1 - Added connection com.mysql.cj.jdbc.ConnectionImpl@16b0d0fe
2024-06-22 23:42:44,060 INFO [http-nio-8080-exec-1] c.z.h.HikariDataSource [HikariDataSource.java:122] HikariPool-1 - Start completed.
2024-06-22 23:49:06,382 INFO [SpringApplicationShutdownHook] c.z.h.HikariDataSource [HikariDataSource.java:349] HikariPool-1 - Shutdown initiated...
2024-06-22 23:49:06,387 INFO [SpringApplicationShutdownHook] c.z.h.HikariDataSource [HikariDataSource.java:351] HikariPool-1 - Shutdown completed.
2024-06-22 23:49:08,648 INFO [restartedMain] c.y.c.CommunityApplication [StartupInfoLogger.java:50] Starting CommunityApplication using Java 21.0.3 with PID 19424 (F:\IDEAProject\Yuanmh0919\nowcoder\community\target\classes started by 袁明海 in F:\IDEAProject\Yuanmh0919\nowcoder)
2024-06-22 23:49:08,650 INFO [restartedMain] c.y.c.CommunityApplication [SpringApplication.java:654] No active profile set, falling back to 1 default profile: "default"
2024-06-22 23:49:08,689 INFO [restartedMain] o.s.b.d.e.DevToolsPropertyDefaultsPostProcessor [DeferredLog.java:252] Devtools property defaults active! Set 'spring.devtools.add-properties' to 'false' to disable
2024-06-22 23:49:08,690 INFO [restartedMain] o.s.b.d.e.DevToolsPropertyDefaultsPostProcessor [DeferredLog.java:252] For additional web related logging consider setting the 'logging.level.web' property to 'DEBUG'
2024-06-22 23:49:09,557 INFO [restartedMain] o.s.b.w.e.t.TomcatWebServer [TomcatWebServer.java:111] Tomcat initialized with port 8080 (http)
2024-06-22 23:49:09,569 INFO [restartedMain] o.a.c.h.Http11NioProtocol [DirectJDKLog.java:173] Initializing ProtocolHandler ["http-nio-8080"]
2024-06-22 23:49:09,571 INFO [restartedMain] o.a.c.c.StandardService [DirectJDKLog.java:173] Starting service [Tomcat]
2024-06-22 23:49:09,571 INFO [restartedMain] o.a.c.c.StandardEngine [DirectJDKLog.java:173] Starting Servlet engine: [Apache Tomcat/10.1.24]
2024-06-22 23:49:09,612 INFO [restartedMain] o.a.c.c.C.[.[.[/community] [DirectJDKLog.java:173] Initializing Spring embedded WebApplicationContext
2024-06-22 23:49:09,612 INFO [restartedMain] o.s.b.w.s.c.ServletWebServerApplicationContext [ServletWebServerApplicationContext.java:296] Root WebApplicationContext: initialization completed in 921 ms
2024-06-22 23:49:09,666 INFO [restartedMain] o.s.b.f.a.AutowiredAnnotationBeanPostProcessor [AutowiredAnnotationBeanPostProcessor.java:577] Autowired annotation is not supported on static fields: private static final org.slf4j.Logger com.yuanmh.community.controller.interceptor.TestInterceptor.logger
2024-06-22 23:49:09,962 INFO [restartedMain] o.s.b.a.w.s.WelcomePageHandlerMapping [WelcomePageHandlerMapping.java:59] Adding welcome page template: index
2024-06-22 23:49:10,206 INFO [restartedMain] o.s.b.d.a.OptionalLiveReloadServer [OptionalLiveReloadServer.java:59] LiveReload server is running on port 35729
2024-06-22 23:49:10,222 INFO [restartedMain] o.a.c.h.Http11NioProtocol [DirectJDKLog.java:173] Starting ProtocolHandler ["http-nio-8080"]
2024-06-22 23:49:10,233 INFO [restartedMain] o.s.b.w.e.t.TomcatWebServer [TomcatWebServer.java:243] Tomcat started on port 8080 (http) with context path '/community'
2024-06-22 23:49:10,240 INFO [restartedMain] c.y.c.CommunityApplication [StartupInfoLogger.java:56] Started CommunityApplication in 2.017 seconds (process running for 2.774)
2024-06-22 23:49:32,948 INFO [http-nio-8080-exec-1] o.a.c.c.C.[.[.[/community] [DirectJDKLog.java:173] Initializing Spring DispatcherServlet 'dispatcherServlet'
2024-06-22 23:49:32,948 INFO [http-nio-8080-exec-1] o.s.w.s.DispatcherServlet [FrameworkServlet.java:532] Initializing Servlet 'dispatcherServlet'
2024-06-22 23:49:32,949 INFO [http-nio-8080-exec-1] o.s.w.s.DispatcherServlet [FrameworkServlet.java:554] Completed initialization in 1 ms
2024-06-22 23:49:32,992 INFO [http-nio-8080-exec-1] c.z.h.HikariDataSource [HikariDataSource.java:109] HikariPool-1 - Starting...
2024-06-22 23:49:33,263 INFO [http-nio-8080-exec-1] c.z.h.p.HikariPool [HikariPool.java:554] HikariPool-1 - Added connection com.mysql.cj.jdbc.ConnectionImpl@1bcf978
2024-06-22 23:49:33,265 INFO [http-nio-8080-exec-1] c.z.h.HikariDataSource [HikariDataSource.java:122] HikariPool-1 - Start completed.
2024-06-22 23:58:37,063 INFO [SpringApplicationShutdownHook] c.z.h.HikariDataSource [HikariDataSource.java:349] HikariPool-1 - Shutdown initiated...
2024-06-22 23:58:37,067 INFO [SpringApplicationShutdownHook] c.z.h.HikariDataSource [HikariDataSource.java:351] HikariPool-1 - Shutdown completed.
2024-06-22 23:58:39,445 INFO [restartedMain] c.y.c.CommunityApplication [StartupInfoLogger.java:50] Starting CommunityApplication using Java 21.0.3 with PID 13420 (F:\IDEAProject\Yuanmh0919\nowcoder\community\target\classes started by 袁明海 in F:\IDEAProject\Yuanmh0919\nowcoder)
2024-06-22 23:58:39,447 INFO [restartedMain] c.y.c.CommunityApplication [SpringApplication.java:654] No active profile set, falling back to 1 default profile: "default"
2024-06-22 23:58:39,487 INFO [restartedMain] o.s.b.d.e.DevToolsPropertyDefaultsPostProcessor [DeferredLog.java:252] Devtools property defaults active! Set 'spring.devtools.add-properties' to 'false' to disable
2024-06-22 23:58:39,487 INFO [restartedMain] o.s.b.d.e.DevToolsPropertyDefaultsPostProcessor [DeferredLog.java:252] For additional web related logging consider setting the 'logging.level.web' property to 'DEBUG'
2024-06-22 23:58:40,378 INFO [restartedMain] o.s.b.w.e.t.TomcatWebServer [TomcatWebServer.java:111] Tomcat initialized with port 8080 (http)
2024-06-22 23:58:40,387 INFO [restartedMain] o.a.c.h.Http11NioProtocol [DirectJDKLog.java:173] Initializing ProtocolHandler ["http-nio-8080"]
2024-06-22 23:58:40,388 INFO [restartedMain] o.a.c.c.StandardService [DirectJDKLog.java:173] Starting service [Tomcat]
2024-06-22 23:58:40,388 INFO [restartedMain] o.a.c.c.StandardEngine [DirectJDKLog.java:173] Starting Servlet engine: [Apache Tomcat/10.1.24]
2024-06-22 23:58:40,428 INFO [restartedMain] o.a.c.c.C.[.[.[/community] [DirectJDKLog.java:173] Initializing Spring embedded WebApplicationContext
2024-06-22 23:58:40,429 INFO [restartedMain] o.s.b.w.s.c.ServletWebServerApplicationContext [ServletWebServerApplicationContext.java:296] Root WebApplicationContext: initialization completed in 941 ms
2024-06-22 23:58:40,480 INFO [restartedMain] o.s.b.f.a.AutowiredAnnotationBeanPostProcessor [AutowiredAnnotationBeanPostProcessor.java:577] Autowired annotation is not supported on static fields: private static final org.slf4j.Logger com.yuanmh.community.controller.interceptor.TestInterceptor.logger
2024-06-22 23:58:40,772 INFO [restartedMain] o.s.b.a.w.s.WelcomePageHandlerMapping [WelcomePageHandlerMapping.java:59] Adding welcome page template: index
2024-06-22 23:58:41,002 INFO [restartedMain] o.s.b.d.a.OptionalLiveReloadServer [OptionalLiveReloadServer.java:59] LiveReload server is running on port 35729
2024-06-22 23:58:41,017 INFO [restartedMain] o.a.c.h.Http11NioProtocol [DirectJDKLog.java:173] Starting ProtocolHandler ["http-nio-8080"]
2024-06-22 23:58:41,029 INFO [restartedMain] o.s.b.w.e.t.TomcatWebServer [TomcatWebServer.java:243] Tomcat started on port 8080 (http) with context path '/community'
2024-06-22 23:58:41,035 INFO [restartedMain] c.y.c.CommunityApplication [StartupInfoLogger.java:56] Started CommunityApplication in 2.012 seconds (process running for 2.857)
2024-06-22 23:58:52,628 INFO [http-nio-8080-exec-1] o.a.c.c.C.[.[.[/community] [DirectJDKLog.java:173] Initializing Spring DispatcherServlet 'dispatcherServlet'
2024-06-22 23:58:52,629 INFO [http-nio-8080-exec-1] o.s.w.s.DispatcherServlet [FrameworkServlet.java:532] Initializing Servlet 'dispatcherServlet'
2024-06-22 23:58:52,630 INFO [http-nio-8080-exec-1] o.s.w.s.DispatcherServlet [FrameworkServlet.java:554] Completed initialization in 1 ms
2024-06-22 23:58:52,681 INFO [http-nio-8080-exec-1] c.z.h.HikariDataSource [HikariDataSource.java:109] HikariPool-1 - Starting...
2024-06-22 23:58:52,950 INFO [http-nio-8080-exec-1] c.z.h.p.HikariPool [HikariPool.java:554] HikariPool-1 - Added connection com.mysql.cj.jdbc.ConnectionImpl@41256d43
2024-06-22 23:58:52,951 INFO [http-nio-8080-exec-1] c.z.h.HikariDataSource [HikariDataSource.java:122] HikariPool-1 - Start completed.
