2024-06-20 09:27:52,126 INFO [main] c.y.c.MapperTests [StartupInfoLogger.java:50] Starting MapperTests using Java 21.0.3 with PID 19036 (started by 袁明海 in F:\IDEAProject\Yuanmh0919\nowcoder\community)
2024-06-20 09:27:52,134 INFO [main] c.y.c.MapperTests [SpringApplication.java:654] No active profile set, falling back to 1 default profile: "default"
2024-06-20 09:27:53,770 INFO [main] o.s.b.a.w.s.WelcomePageHandlerMapping [WelcomePageHandlerMapping.java:59] Adding welcome page template: index
2024-06-20 09:27:54,119 INFO [main] c.y.c.MapperTests [StartupInfoLogger.java:56] Started MapperTests in 2.489 seconds (process running for 3.662)
2024-06-20 09:27:54,942 INFO [main] c.z.h.HikariDataSource [HikariDataSource.java:109] HikariPool-1 - Starting...
2024-06-20 09:27:55,405 INFO [main] c.z.h.p.HikariPool [HikariPool.java:554] HikariPool-1 - Added connection com.mysql.cj.jdbc.ConnectionImpl@4a6facb0
2024-06-20 09:27:55,408 INFO [main] c.z.h.HikariDataSource [HikariDataSource.java:122] HikariPool-1 - Start completed.
2024-06-20 09:27:55,634 INFO [SpringApplicationShutdownHook] c.z.h.HikariDataSource [HikariDataSource.java:349] HikariPool-1 - Shutdown initiated...
2024-06-20 09:27:55,679 INFO [SpringApplicationShutdownHook] c.z.h.HikariDataSource [HikariDataSource.java:351] HikariPool-1 - Shutdown completed.
2024-06-20 09:29:09,237 INFO [main] c.y.c.MapperTests [StartupInfoLogger.java:50] Starting MapperTests using Java 21.0.3 with PID 17588 (started by 袁明海 in F:\IDEAProject\Yuanmh0919\nowcoder\community)
2024-06-20 09:29:09,238 INFO [main] c.y.c.MapperTests [SpringApplication.java:654] No active profile set, falling back to 1 default profile: "default"
2024-06-20 09:29:10,606 INFO [main] o.s.b.a.w.s.WelcomePageHandlerMapping [WelcomePageHandlerMapping.java:59] Adding welcome page template: index
2024-06-20 09:29:10,946 INFO [main] c.y.c.MapperTests [StartupInfoLogger.java:56] Started MapperTests in 2.118 seconds (process running for 3.021)
2024-06-20 09:29:11,755 INFO [main] c.z.h.HikariDataSource [HikariDataSource.java:109] HikariPool-1 - Starting...
2024-06-20 09:29:12,140 INFO [main] c.z.h.p.HikariPool [HikariPool.java:554] HikariPool-1 - Added connection com.mysql.cj.jdbc.ConnectionImpl@75aa7703
2024-06-20 09:29:12,143 INFO [main] c.z.h.HikariDataSource [HikariDataSource.java:122] HikariPool-1 - Start completed.
2024-06-20 09:29:12,224 INFO [SpringApplicationShutdownHook] c.z.h.HikariDataSource [HikariDataSource.java:349] HikariPool-1 - Shutdown initiated...
2024-06-20 09:29:12,228 INFO [SpringApplicationShutdownHook] c.z.h.HikariDataSource [HikariDataSource.java:351] HikariPool-1 - Shutdown completed.
2024-06-20 09:30:36,026 INFO [main] c.y.c.MapperTests [StartupInfoLogger.java:50] Starting MapperTests using Java 21.0.3 with PID 17856 (started by 袁明海 in F:\IDEAProject\Yuanmh0919\nowcoder\community)
2024-06-20 09:30:36,028 INFO [main] c.y.c.MapperTests [SpringApplication.java:654] No active profile set, falling back to 1 default profile: "default"
2024-06-20 09:30:37,405 INFO [main] o.s.b.a.w.s.WelcomePageHandlerMapping [WelcomePageHandlerMapping.java:59] Adding welcome page template: index
2024-06-20 09:30:37,728 INFO [main] c.y.c.MapperTests [StartupInfoLogger.java:56] Started MapperTests in 2.118 seconds (process running for 3.024)
2024-06-20 09:30:38,482 INFO [main] c.z.h.HikariDataSource [HikariDataSource.java:109] HikariPool-1 - Starting...
2024-06-20 09:30:38,842 INFO [main] c.z.h.p.HikariPool [HikariPool.java:554] HikariPool-1 - Added connection com.mysql.cj.jdbc.ConnectionImpl@124ff64d
2024-06-20 09:30:38,844 INFO [main] c.z.h.HikariDataSource [HikariDataSource.java:122] HikariPool-1 - Start completed.
2024-06-20 09:30:38,919 INFO [SpringApplicationShutdownHook] c.z.h.HikariDataSource [HikariDataSource.java:349] HikariPool-1 - Shutdown initiated...
2024-06-20 09:30:38,923 INFO [SpringApplicationShutdownHook] c.z.h.HikariDataSource [HikariDataSource.java:351] HikariPool-1 - Shutdown completed.
2024-06-20 09:32:04,021 INFO [main] c.y.c.MapperTests [StartupInfoLogger.java:50] Starting MapperTests using Java 21.0.3 with PID 17496 (started by 袁明海 in F:\IDEAProject\Yuanmh0919\nowcoder\community)
2024-06-20 09:32:04,023 INFO [main] c.y.c.MapperTests [SpringApplication.java:654] No active profile set, falling back to 1 default profile: "default"
2024-06-20 09:32:05,431 INFO [main] o.s.b.a.w.s.WelcomePageHandlerMapping [WelcomePageHandlerMapping.java:59] Adding welcome page template: index
2024-06-20 09:32:05,752 INFO [main] c.y.c.MapperTests [StartupInfoLogger.java:56] Started MapperTests in 2.141 seconds (process running for 3.053)
2024-06-20 09:32:06,514 INFO [main] c.z.h.HikariDataSource [HikariDataSource.java:109] HikariPool-1 - Starting...
2024-06-20 09:32:06,887 INFO [main] c.z.h.p.HikariPool [HikariPool.java:554] HikariPool-1 - Added connection com.mysql.cj.jdbc.ConnectionImpl@124ff64d
2024-06-20 09:32:06,890 INFO [main] c.z.h.HikariDataSource [HikariDataSource.java:122] HikariPool-1 - Start completed.
2024-06-20 09:32:06,961 INFO [SpringApplicationShutdownHook] c.z.h.HikariDataSource [HikariDataSource.java:349] HikariPool-1 - Shutdown initiated...
2024-06-20 09:32:06,965 INFO [SpringApplicationShutdownHook] c.z.h.HikariDataSource [HikariDataSource.java:351] HikariPool-1 - Shutdown completed.
2024-06-20 09:35:11,019 INFO [main] c.y.c.MapperTests [StartupInfoLogger.java:50] Starting MapperTests using Java 21.0.3 with PID 17056 (started by 袁明海 in F:\IDEAProject\Yuanmh0919\nowcoder\community)
2024-06-20 09:35:11,020 INFO [main] c.y.c.MapperTests [SpringApplication.java:654] No active profile set, falling back to 1 default profile: "default"
2024-06-20 09:35:12,417 INFO [main] o.s.b.a.w.s.WelcomePageHandlerMapping [WelcomePageHandlerMapping.java:59] Adding welcome page template: index
2024-06-20 09:35:12,740 INFO [main] c.y.c.MapperTests [StartupInfoLogger.java:56] Started MapperTests in 2.12 seconds (process running for 3.006)
2024-06-20 09:35:13,522 INFO [main] c.z.h.HikariDataSource [HikariDataSource.java:109] HikariPool-1 - Starting...
2024-06-20 09:35:13,885 INFO [main] c.z.h.p.HikariPool [HikariPool.java:554] HikariPool-1 - Added connection com.mysql.cj.jdbc.ConnectionImpl@5e05a706
2024-06-20 09:35:13,888 INFO [main] c.z.h.HikariDataSource [HikariDataSource.java:122] HikariPool-1 - Start completed.
2024-06-20 09:35:13,987 INFO [SpringApplicationShutdownHook] c.z.h.HikariDataSource [HikariDataSource.java:349] HikariPool-1 - Shutdown initiated...
2024-06-20 09:35:13,992 INFO [SpringApplicationShutdownHook] c.z.h.HikariDataSource [HikariDataSource.java:351] HikariPool-1 - Shutdown completed.
2024-06-20 09:36:19,768 INFO [main] c.y.c.MapperTests [StartupInfoLogger.java:50] Starting MapperTests using Java 21.0.3 with PID 14296 (started by 袁明海 in F:\IDEAProject\Yuanmh0919\nowcoder\community)
2024-06-20 09:36:19,770 INFO [main] c.y.c.MapperTests [SpringApplication.java:654] No active profile set, falling back to 1 default profile: "default"
2024-06-20 09:36:21,151 INFO [main] o.s.b.a.w.s.WelcomePageHandlerMapping [WelcomePageHandlerMapping.java:59] Adding welcome page template: index
2024-06-20 09:36:21,477 INFO [main] c.y.c.MapperTests [StartupInfoLogger.java:56] Started MapperTests in 2.106 seconds (process running for 2.976)
2024-06-20 09:36:22,257 INFO [main] c.z.h.HikariDataSource [HikariDataSource.java:109] HikariPool-1 - Starting...
2024-06-20 09:36:22,601 INFO [main] c.z.h.p.HikariPool [HikariPool.java:554] HikariPool-1 - Added connection com.mysql.cj.jdbc.ConnectionImpl@ab4d2ba
2024-06-20 09:36:22,603 INFO [main] c.z.h.HikariDataSource [HikariDataSource.java:122] HikariPool-1 - Start completed.
2024-06-20 09:36:22,675 INFO [SpringApplicationShutdownHook] c.z.h.HikariDataSource [HikariDataSource.java:349] HikariPool-1 - Shutdown initiated...
2024-06-20 09:36:22,679 INFO [SpringApplicationShutdownHook] c.z.h.HikariDataSource [HikariDataSource.java:351] HikariPool-1 - Shutdown completed.
2024-06-20 10:08:20,223 INFO [main] c.y.c.MapperTests [StartupInfoLogger.java:50] Starting MapperTests using Java 21.0.3 with PID 19208 (started by 袁明海 in F:\IDEAProject\Yuanmh0919\nowcoder\community)
2024-06-20 10:08:20,224 INFO [main] c.y.c.MapperTests [SpringApplication.java:654] No active profile set, falling back to 1 default profile: "default"
2024-06-20 10:08:21,668 INFO [main] o.s.b.a.w.s.WelcomePageHandlerMapping [WelcomePageHandlerMapping.java:59] Adding welcome page template: index
2024-06-20 10:08:22,014 INFO [main] c.y.c.MapperTests [StartupInfoLogger.java:56] Started MapperTests in 2.197 seconds (process running for 3.101)
2024-06-20 10:08:22,801 INFO [main] c.z.h.HikariDataSource [HikariDataSource.java:109] HikariPool-1 - Starting...
2024-06-20 10:08:23,168 INFO [main] c.z.h.p.HikariPool [HikariPool.java:554] HikariPool-1 - Added connection com.mysql.cj.jdbc.ConnectionImpl@7e9a836
2024-06-20 10:08:23,170 INFO [main] c.z.h.HikariDataSource [HikariDataSource.java:122] HikariPool-1 - Start completed.
2024-06-20 10:08:23,247 INFO [SpringApplicationShutdownHook] c.z.h.HikariDataSource [HikariDataSource.java:349] HikariPool-1 - Shutdown initiated...
2024-06-20 10:08:23,251 INFO [SpringApplicationShutdownHook] c.z.h.HikariDataSource [HikariDataSource.java:351] HikariPool-1 - Shutdown completed.
2024-06-20 10:10:47,547 INFO [main] c.y.c.MapperTests [StartupInfoLogger.java:50] Starting MapperTests using Java 21.0.3 with PID 9652 (started by 袁明海 in F:\IDEAProject\Yuanmh0919\nowcoder\community)
2024-06-20 10:10:47,549 INFO [main] c.y.c.MapperTests [SpringApplication.java:654] No active profile set, falling back to 1 default profile: "default"
2024-06-20 10:10:48,990 INFO [main] o.s.b.a.w.s.WelcomePageHandlerMapping [WelcomePageHandlerMapping.java:59] Adding welcome page template: index
2024-06-20 10:10:49,308 INFO [main] c.y.c.MapperTests [StartupInfoLogger.java:56] Started MapperTests in 2.224 seconds (process running for 3.155)
2024-06-20 10:10:50,108 INFO [main] c.z.h.HikariDataSource [HikariDataSource.java:109] HikariPool-1 - Starting...
2024-06-20 10:10:50,476 INFO [main] c.z.h.p.HikariPool [HikariPool.java:554] HikariPool-1 - Added connection com.mysql.cj.jdbc.ConnectionImpl@50e1f3fc
2024-06-20 10:10:50,478 INFO [main] c.z.h.HikariDataSource [HikariDataSource.java:122] HikariPool-1 - Start completed.
2024-06-20 10:10:50,548 INFO [SpringApplicationShutdownHook] c.z.h.HikariDataSource [HikariDataSource.java:349] HikariPool-1 - Shutdown initiated...
2024-06-20 10:10:50,552 INFO [SpringApplicationShutdownHook] c.z.h.HikariDataSource [HikariDataSource.java:351] HikariPool-1 - Shutdown completed.
2024-06-20 11:14:43,292 INFO [restartedMain] c.y.c.CommunityApplication [StartupInfoLogger.java:50] Starting CommunityApplication using Java 21.0.3 with PID 11284 (F:\IDEAProject\Yuanmh0919\nowcoder\community\target\classes started by 袁明海 in F:\IDEAProject\Yuanmh0919\nowcoder)
2024-06-20 11:14:43,294 INFO [restartedMain] c.y.c.CommunityApplication [SpringApplication.java:654] No active profile set, falling back to 1 default profile: "default"
2024-06-20 11:14:43,327 INFO [restartedMain] o.s.b.d.e.DevToolsPropertyDefaultsPostProcessor [DeferredLog.java:252] Devtools property defaults active! Set 'spring.devtools.add-properties' to 'false' to disable
2024-06-20 11:14:43,327 INFO [restartedMain] o.s.b.d.e.DevToolsPropertyDefaultsPostProcessor [DeferredLog.java:252] For additional web related logging consider setting the 'logging.level.web' property to 'DEBUG'
2024-06-20 11:14:44,219 INFO [restartedMain] o.s.b.w.e.t.TomcatWebServer [TomcatWebServer.java:111] Tomcat initialized with port 8080 (http)
2024-06-20 11:14:44,229 INFO [restartedMain] o.a.c.h.Http11NioProtocol [DirectJDKLog.java:173] Initializing ProtocolHandler ["http-nio-8080"]
2024-06-20 11:14:44,231 INFO [restartedMain] o.a.c.c.StandardService [DirectJDKLog.java:173] Starting service [Tomcat]
2024-06-20 11:14:44,231 INFO [restartedMain] o.a.c.c.StandardEngine [DirectJDKLog.java:173] Starting Servlet engine: [Apache Tomcat/10.1.24]
2024-06-20 11:14:44,271 INFO [restartedMain] o.a.c.c.C.[.[.[/community] [DirectJDKLog.java:173] Initializing Spring embedded WebApplicationContext
2024-06-20 11:14:44,271 INFO [restartedMain] o.s.b.w.s.c.ServletWebServerApplicationContext [ServletWebServerApplicationContext.java:296] Root WebApplicationContext: initialization completed in 944 ms
2024-06-20 11:14:44,602 INFO [restartedMain] o.s.b.a.w.s.WelcomePageHandlerMapping [WelcomePageHandlerMapping.java:59] Adding welcome page template: index
2024-06-20 11:14:44,844 INFO [restartedMain] o.s.b.d.a.OptionalLiveReloadServer [OptionalLiveReloadServer.java:59] LiveReload server is running on port 35729
2024-06-20 11:14:44,860 INFO [restartedMain] o.a.c.h.Http11NioProtocol [DirectJDKLog.java:173] Starting ProtocolHandler ["http-nio-8080"]
2024-06-20 11:14:44,872 INFO [restartedMain] o.s.b.w.e.t.TomcatWebServer [TomcatWebServer.java:243] Tomcat started on port 8080 (http) with context path '/community'
2024-06-20 11:14:44,879 INFO [restartedMain] c.y.c.CommunityApplication [StartupInfoLogger.java:56] Started CommunityApplication in 2.007 seconds (process running for 2.672)
2024-06-20 11:14:50,824 INFO [http-nio-8080-exec-1] o.a.c.c.C.[.[.[/community] [DirectJDKLog.java:173] Initializing Spring DispatcherServlet 'dispatcherServlet'
2024-06-20 11:14:50,825 INFO [http-nio-8080-exec-1] o.s.w.s.DispatcherServlet [FrameworkServlet.java:532] Initializing Servlet 'dispatcherServlet'
2024-06-20 11:14:50,826 INFO [http-nio-8080-exec-1] o.s.w.s.DispatcherServlet [FrameworkServlet.java:554] Completed initialization in 1 ms
2024-06-20 11:14:50,891 INFO [http-nio-8080-exec-1] c.z.h.HikariDataSource [HikariDataSource.java:109] HikariPool-1 - Starting...
2024-06-20 11:14:51,145 INFO [http-nio-8080-exec-1] c.z.h.p.HikariPool [HikariPool.java:554] HikariPool-1 - Added connection com.mysql.cj.jdbc.ConnectionImpl@41512b78
2024-06-20 11:14:51,147 INFO [http-nio-8080-exec-1] c.z.h.HikariDataSource [HikariDataSource.java:122] HikariPool-1 - Start completed.
2024-06-20 11:21:56,326 INFO [SpringApplicationShutdownHook] c.z.h.HikariDataSource [HikariDataSource.java:349] HikariPool-1 - Shutdown initiated...
2024-06-20 11:21:56,330 INFO [SpringApplicationShutdownHook] c.z.h.HikariDataSource [HikariDataSource.java:351] HikariPool-1 - Shutdown completed.
2024-06-20 11:21:59,361 INFO [restartedMain] c.y.c.CommunityApplication [StartupInfoLogger.java:50] Starting CommunityApplication using Java 21.0.3 with PID 18624 (F:\IDEAProject\Yuanmh0919\nowcoder\community\target\classes started by 袁明海 in F:\IDEAProject\Yuanmh0919\nowcoder)
2024-06-20 11:21:59,363 INFO [restartedMain] c.y.c.CommunityApplication [SpringApplication.java:654] No active profile set, falling back to 1 default profile: "default"
2024-06-20 11:21:59,399 INFO [restartedMain] o.s.b.d.e.DevToolsPropertyDefaultsPostProcessor [DeferredLog.java:252] Devtools property defaults active! Set 'spring.devtools.add-properties' to 'false' to disable
2024-06-20 11:21:59,399 INFO [restartedMain] o.s.b.d.e.DevToolsPropertyDefaultsPostProcessor [DeferredLog.java:252] For additional web related logging consider setting the 'logging.level.web' property to 'DEBUG'
2024-06-20 11:22:00,279 INFO [restartedMain] o.s.b.w.e.t.TomcatWebServer [TomcatWebServer.java:111] Tomcat initialized with port 8080 (http)
2024-06-20 11:22:00,288 INFO [restartedMain] o.a.c.h.Http11NioProtocol [DirectJDKLog.java:173] Initializing ProtocolHandler ["http-nio-8080"]
2024-06-20 11:22:00,290 INFO [restartedMain] o.a.c.c.StandardService [DirectJDKLog.java:173] Starting service [Tomcat]
2024-06-20 11:22:00,290 INFO [restartedMain] o.a.c.c.StandardEngine [DirectJDKLog.java:173] Starting Servlet engine: [Apache Tomcat/10.1.24]
2024-06-20 11:22:00,326 INFO [restartedMain] o.a.c.c.C.[.[.[/community] [DirectJDKLog.java:173] Initializing Spring embedded WebApplicationContext
2024-06-20 11:22:00,327 INFO [restartedMain] o.s.b.w.s.c.ServletWebServerApplicationContext [ServletWebServerApplicationContext.java:296] Root WebApplicationContext: initialization completed in 927 ms
2024-06-20 11:22:00,661 INFO [restartedMain] o.s.b.a.w.s.WelcomePageHandlerMapping [WelcomePageHandlerMapping.java:59] Adding welcome page template: index
2024-06-20 11:22:00,886 INFO [restartedMain] o.s.b.d.a.OptionalLiveReloadServer [OptionalLiveReloadServer.java:59] LiveReload server is running on port 35729
2024-06-20 11:22:00,901 INFO [restartedMain] o.a.c.h.Http11NioProtocol [DirectJDKLog.java:173] Starting ProtocolHandler ["http-nio-8080"]
2024-06-20 11:22:00,912 INFO [restartedMain] o.s.b.w.e.t.TomcatWebServer [TomcatWebServer.java:243] Tomcat started on port 8080 (http) with context path '/community'
2024-06-20 11:22:00,919 INFO [restartedMain] c.y.c.CommunityApplication [StartupInfoLogger.java:56] Started CommunityApplication in 1.958 seconds (process running for 2.532)
2024-06-20 11:22:11,806 INFO [http-nio-8080-exec-1] o.a.c.c.C.[.[.[/community] [DirectJDKLog.java:173] Initializing Spring DispatcherServlet 'dispatcherServlet'
2024-06-20 11:22:11,807 INFO [http-nio-8080-exec-1] o.s.w.s.DispatcherServlet [FrameworkServlet.java:532] Initializing Servlet 'dispatcherServlet'
2024-06-20 11:22:11,808 INFO [http-nio-8080-exec-1] o.s.w.s.DispatcherServlet [FrameworkServlet.java:554] Completed initialization in 0 ms
2024-06-20 11:24:50,981 INFO [restartedMain] c.y.c.CommunityApplication [StartupInfoLogger.java:50] Starting CommunityApplication using Java 21.0.3 with PID 19972 (F:\IDEAProject\Yuanmh0919\nowcoder\community\target\classes started by 袁明海 in F:\IDEAProject\Yuanmh0919\nowcoder)
2024-06-20 11:24:50,983 INFO [restartedMain] c.y.c.CommunityApplication [SpringApplication.java:654] No active profile set, falling back to 1 default profile: "default"
2024-06-20 11:24:51,022 INFO [restartedMain] o.s.b.d.e.DevToolsPropertyDefaultsPostProcessor [DeferredLog.java:252] Devtools property defaults active! Set 'spring.devtools.add-properties' to 'false' to disable
2024-06-20 11:24:51,023 INFO [restartedMain] o.s.b.d.e.DevToolsPropertyDefaultsPostProcessor [DeferredLog.java:252] For additional web related logging consider setting the 'logging.level.web' property to 'DEBUG'
2024-06-20 11:24:52,421 INFO [restartedMain] o.s.b.w.e.t.TomcatWebServer [TomcatWebServer.java:111] Tomcat initialized with port 8080 (http)
2024-06-20 11:24:52,429 INFO [restartedMain] o.a.c.h.Http11NioProtocol [DirectJDKLog.java:173] Initializing ProtocolHandler ["http-nio-8080"]
2024-06-20 11:24:52,431 INFO [restartedMain] o.a.c.c.StandardService [DirectJDKLog.java:173] Starting service [Tomcat]
2024-06-20 11:24:52,431 INFO [restartedMain] o.a.c.c.StandardEngine [DirectJDKLog.java:173] Starting Servlet engine: [Apache Tomcat/10.1.24]
2024-06-20 11:24:52,468 INFO [restartedMain] o.a.c.c.C.[.[.[/community] [DirectJDKLog.java:173] Initializing Spring embedded WebApplicationContext
2024-06-20 11:24:52,468 INFO [restartedMain] o.s.b.w.s.c.ServletWebServerApplicationContext [ServletWebServerApplicationContext.java:296] Root WebApplicationContext: initialization completed in 1444 ms
2024-06-20 11:24:52,796 INFO [restartedMain] o.s.b.a.w.s.WelcomePageHandlerMapping [WelcomePageHandlerMapping.java:59] Adding welcome page template: index
2024-06-20 11:24:53,020 INFO [restartedMain] o.s.b.d.a.OptionalLiveReloadServer [OptionalLiveReloadServer.java:59] LiveReload server is running on port 35729
2024-06-20 11:24:53,035 INFO [restartedMain] o.a.c.h.Http11NioProtocol [DirectJDKLog.java:173] Starting ProtocolHandler ["http-nio-8080"]
2024-06-20 11:24:53,046 INFO [restartedMain] o.s.b.w.e.t.TomcatWebServer [TomcatWebServer.java:243] Tomcat started on port 8080 (http) with context path '/community'
2024-06-20 11:24:53,053 INFO [restartedMain] c.y.c.CommunityApplication [StartupInfoLogger.java:56] Started CommunityApplication in 2.483 seconds (process running for 3.069)
2024-06-20 11:25:00,628 INFO [http-nio-8080-exec-2] o.a.c.c.C.[.[.[/community] [DirectJDKLog.java:173] Initializing Spring DispatcherServlet 'dispatcherServlet'
2024-06-20 11:25:00,629 INFO [http-nio-8080-exec-2] o.s.w.s.DispatcherServlet [FrameworkServlet.java:532] Initializing Servlet 'dispatcherServlet'
2024-06-20 11:25:00,630 INFO [http-nio-8080-exec-2] o.s.w.s.DispatcherServlet [FrameworkServlet.java:554] Completed initialization in 1 ms
2024-06-20 11:28:41,653 INFO [restartedMain] c.y.c.CommunityApplication [StartupInfoLogger.java:50] Starting CommunityApplication using Java 21.0.3 with PID 19620 (F:\IDEAProject\Yuanmh0919\nowcoder\community\target\classes started by 袁明海 in F:\IDEAProject\Yuanmh0919\nowcoder)
2024-06-20 11:28:41,655 INFO [restartedMain] c.y.c.CommunityApplication [SpringApplication.java:654] No active profile set, falling back to 1 default profile: "default"
2024-06-20 11:28:41,698 INFO [restartedMain] o.s.b.d.e.DevToolsPropertyDefaultsPostProcessor [DeferredLog.java:252] Devtools property defaults active! Set 'spring.devtools.add-properties' to 'false' to disable
2024-06-20 11:28:41,699 INFO [restartedMain] o.s.b.d.e.DevToolsPropertyDefaultsPostProcessor [DeferredLog.java:252] For additional web related logging consider setting the 'logging.level.web' property to 'DEBUG'
2024-06-20 11:28:42,531 INFO [restartedMain] o.s.b.w.e.t.TomcatWebServer [TomcatWebServer.java:111] Tomcat initialized with port 8080 (http)
2024-06-20 11:28:42,539 INFO [restartedMain] o.a.c.h.Http11NioProtocol [DirectJDKLog.java:173] Initializing ProtocolHandler ["http-nio-8080"]
2024-06-20 11:28:42,541 INFO [restartedMain] o.a.c.c.StandardService [DirectJDKLog.java:173] Starting service [Tomcat]
2024-06-20 11:28:42,541 INFO [restartedMain] o.a.c.c.StandardEngine [DirectJDKLog.java:173] Starting Servlet engine: [Apache Tomcat/10.1.24]
2024-06-20 11:28:42,575 INFO [restartedMain] o.a.c.c.C.[.[.[/community] [DirectJDKLog.java:173] Initializing Spring embedded WebApplicationContext
2024-06-20 11:28:42,575 INFO [restartedMain] o.s.b.w.s.c.ServletWebServerApplicationContext [ServletWebServerApplicationContext.java:296] Root WebApplicationContext: initialization completed in 875 ms
2024-06-20 11:28:42,896 INFO [restartedMain] o.s.b.a.w.s.WelcomePageHandlerMapping [WelcomePageHandlerMapping.java:59] Adding welcome page template: index
2024-06-20 11:28:43,119 INFO [restartedMain] o.s.b.d.a.OptionalLiveReloadServer [OptionalLiveReloadServer.java:59] LiveReload server is running on port 35729
2024-06-20 11:28:43,134 INFO [restartedMain] o.a.c.h.Http11NioProtocol [DirectJDKLog.java:173] Starting ProtocolHandler ["http-nio-8080"]
2024-06-20 11:28:43,145 INFO [restartedMain] o.s.b.w.e.t.TomcatWebServer [TomcatWebServer.java:243] Tomcat started on port 8080 (http) with context path '/community'
2024-06-20 11:28:43,152 INFO [restartedMain] c.y.c.CommunityApplication [StartupInfoLogger.java:56] Started CommunityApplication in 1.934 seconds (process running for 2.505)
2024-06-20 11:29:10,870 INFO [http-nio-8080-exec-1] o.a.c.c.C.[.[.[/community] [DirectJDKLog.java:173] Initializing Spring DispatcherServlet 'dispatcherServlet'
2024-06-20 11:29:10,870 INFO [http-nio-8080-exec-1] o.s.w.s.DispatcherServlet [FrameworkServlet.java:532] Initializing Servlet 'dispatcherServlet'
2024-06-20 11:29:10,871 INFO [http-nio-8080-exec-1] o.s.w.s.DispatcherServlet [FrameworkServlet.java:554] Completed initialization in 1 ms
2024-06-20 11:29:16,996 INFO [http-nio-8080-exec-10] c.z.h.HikariDataSource [HikariDataSource.java:109] HikariPool-1 - Starting...
2024-06-20 11:29:17,246 INFO [http-nio-8080-exec-10] c.z.h.p.HikariPool [HikariPool.java:554] HikariPool-1 - Added connection com.mysql.cj.jdbc.ConnectionImpl@70cb25c7
2024-06-20 11:29:17,248 INFO [http-nio-8080-exec-10] c.z.h.HikariDataSource [HikariDataSource.java:122] HikariPool-1 - Start completed.
2024-06-20 11:30:38,321 INFO [SpringApplicationShutdownHook] c.z.h.HikariDataSource [HikariDataSource.java:349] HikariPool-1 - Shutdown initiated...
2024-06-20 11:30:38,326 INFO [SpringApplicationShutdownHook] c.z.h.HikariDataSource [HikariDataSource.java:351] HikariPool-1 - Shutdown completed.
2024-06-20 11:40:05,796 INFO [restartedMain] c.y.c.CommunityApplication [StartupInfoLogger.java:50] Starting CommunityApplication using Java 21.0.3 with PID 1672 (F:\IDEAProject\Yuanmh0919\nowcoder\community\target\classes started by 袁明海 in F:\IDEAProject\Yuanmh0919\nowcoder)
2024-06-20 11:40:05,798 INFO [restartedMain] c.y.c.CommunityApplication [SpringApplication.java:654] No active profile set, falling back to 1 default profile: "default"
2024-06-20 11:40:05,842 INFO [restartedMain] o.s.b.d.e.DevToolsPropertyDefaultsPostProcessor [DeferredLog.java:252] Devtools property defaults active! Set 'spring.devtools.add-properties' to 'false' to disable
2024-06-20 11:40:05,843 INFO [restartedMain] o.s.b.d.e.DevToolsPropertyDefaultsPostProcessor [DeferredLog.java:252] For additional web related logging consider setting the 'logging.level.web' property to 'DEBUG'
2024-06-20 11:40:06,700 INFO [restartedMain] o.s.b.w.e.t.TomcatWebServer [TomcatWebServer.java:111] Tomcat initialized with port 8080 (http)
2024-06-20 11:40:06,708 INFO [restartedMain] o.a.c.h.Http11NioProtocol [DirectJDKLog.java:173] Initializing ProtocolHandler ["http-nio-8080"]
2024-06-20 11:40:06,710 INFO [restartedMain] o.a.c.c.StandardService [DirectJDKLog.java:173] Starting service [Tomcat]
2024-06-20 11:40:06,710 INFO [restartedMain] o.a.c.c.StandardEngine [DirectJDKLog.java:173] Starting Servlet engine: [Apache Tomcat/10.1.24]
2024-06-20 11:40:06,742 INFO [restartedMain] o.a.c.c.C.[.[.[/community] [DirectJDKLog.java:173] Initializing Spring embedded WebApplicationContext
2024-06-20 11:40:06,742 INFO [restartedMain] o.s.b.w.s.c.ServletWebServerApplicationContext [ServletWebServerApplicationContext.java:296] Root WebApplicationContext: initialization completed in 899 ms
2024-06-20 11:40:07,087 INFO [restartedMain] o.s.b.a.w.s.WelcomePageHandlerMapping [WelcomePageHandlerMapping.java:59] Adding welcome page template: index
2024-06-20 11:40:07,319 INFO [restartedMain] o.s.b.d.a.OptionalLiveReloadServer [OptionalLiveReloadServer.java:59] LiveReload server is running on port 35729
2024-06-20 11:40:07,334 INFO [restartedMain] o.a.c.h.Http11NioProtocol [DirectJDKLog.java:173] Starting ProtocolHandler ["http-nio-8080"]
2024-06-20 11:40:07,345 INFO [restartedMain] o.s.b.w.e.t.TomcatWebServer [TomcatWebServer.java:243] Tomcat started on port 8080 (http) with context path '/community'
2024-06-20 11:40:07,352 INFO [restartedMain] c.y.c.CommunityApplication [StartupInfoLogger.java:56] Started CommunityApplication in 1.973 seconds (process running for 2.578)
2024-06-20 11:40:11,991 INFO [http-nio-8080-exec-1] o.a.c.c.C.[.[.[/community] [DirectJDKLog.java:173] Initializing Spring DispatcherServlet 'dispatcherServlet'
2024-06-20 11:40:11,991 INFO [http-nio-8080-exec-1] o.s.w.s.DispatcherServlet [FrameworkServlet.java:532] Initializing Servlet 'dispatcherServlet'
2024-06-20 11:40:11,992 INFO [http-nio-8080-exec-1] o.s.w.s.DispatcherServlet [FrameworkServlet.java:554] Completed initialization in 1 ms
2024-06-20 11:40:12,054 INFO [http-nio-8080-exec-1] c.z.h.HikariDataSource [HikariDataSource.java:109] HikariPool-1 - Starting...
2024-06-20 11:40:12,318 INFO [http-nio-8080-exec-1] c.z.h.p.HikariPool [HikariPool.java:554] HikariPool-1 - Added connection com.mysql.cj.jdbc.ConnectionImpl@49b9911
2024-06-20 11:40:12,320 INFO [http-nio-8080-exec-1] c.z.h.HikariDataSource [HikariDataSource.java:122] HikariPool-1 - Start completed.
2024-06-20 11:47:38,544 INFO [SpringApplicationShutdownHook] c.z.h.HikariDataSource [HikariDataSource.java:349] HikariPool-1 - Shutdown initiated...
2024-06-20 11:47:38,548 INFO [SpringApplicationShutdownHook] c.z.h.HikariDataSource [HikariDataSource.java:351] HikariPool-1 - Shutdown completed.
2024-06-20 11:47:41,986 INFO [restartedMain] c.y.c.CommunityApplication [StartupInfoLogger.java:50] Starting CommunityApplication using Java 21.0.3 with PID 11660 (F:\IDEAProject\Yuanmh0919\nowcoder\community\target\classes started by 袁明海 in F:\IDEAProject\Yuanmh0919\nowcoder)
2024-06-20 11:47:41,988 INFO [restartedMain] c.y.c.CommunityApplication [SpringApplication.java:654] No active profile set, falling back to 1 default profile: "default"
2024-06-20 11:47:42,025 INFO [restartedMain] o.s.b.d.e.DevToolsPropertyDefaultsPostProcessor [DeferredLog.java:252] Devtools property defaults active! Set 'spring.devtools.add-properties' to 'false' to disable
2024-06-20 11:47:42,026 INFO [restartedMain] o.s.b.d.e.DevToolsPropertyDefaultsPostProcessor [DeferredLog.java:252] For additional web related logging consider setting the 'logging.level.web' property to 'DEBUG'
2024-06-20 11:47:42,888 INFO [restartedMain] o.s.b.w.e.t.TomcatWebServer [TomcatWebServer.java:111] Tomcat initialized with port 8080 (http)
2024-06-20 11:47:42,897 INFO [restartedMain] o.a.c.h.Http11NioProtocol [DirectJDKLog.java:173] Initializing ProtocolHandler ["http-nio-8080"]
2024-06-20 11:47:42,899 INFO [restartedMain] o.a.c.c.StandardService [DirectJDKLog.java:173] Starting service [Tomcat]
2024-06-20 11:47:42,899 INFO [restartedMain] o.a.c.c.StandardEngine [DirectJDKLog.java:173] Starting Servlet engine: [Apache Tomcat/10.1.24]
2024-06-20 11:47:42,931 INFO [restartedMain] o.a.c.c.C.[.[.[/community] [DirectJDKLog.java:173] Initializing Spring embedded WebApplicationContext
2024-06-20 11:47:42,932 INFO [restartedMain] o.s.b.w.s.c.ServletWebServerApplicationContext [ServletWebServerApplicationContext.java:296] Root WebApplicationContext: initialization completed in 905 ms
2024-06-20 11:47:43,254 INFO [restartedMain] o.s.b.a.w.s.WelcomePageHandlerMapping [WelcomePageHandlerMapping.java:59] Adding welcome page template: index
2024-06-20 11:47:43,481 INFO [restartedMain] o.s.b.d.a.OptionalLiveReloadServer [OptionalLiveReloadServer.java:59] LiveReload server is running on port 35729
2024-06-20 11:47:43,497 INFO [restartedMain] o.a.c.h.Http11NioProtocol [DirectJDKLog.java:173] Starting ProtocolHandler ["http-nio-8080"]
2024-06-20 11:47:43,508 INFO [restartedMain] o.s.b.w.e.t.TomcatWebServer [TomcatWebServer.java:243] Tomcat started on port 8080 (http) with context path '/community'
2024-06-20 11:47:43,515 INFO [restartedMain] c.y.c.CommunityApplication [StartupInfoLogger.java:56] Started CommunityApplication in 1.939 seconds (process running for 2.51)
2024-06-20 11:47:52,609 INFO [http-nio-8080-exec-1] o.a.c.c.C.[.[.[/community] [DirectJDKLog.java:173] Initializing Spring DispatcherServlet 'dispatcherServlet'
2024-06-20 11:47:52,609 INFO [http-nio-8080-exec-1] o.s.w.s.DispatcherServlet [FrameworkServlet.java:532] Initializing Servlet 'dispatcherServlet'
2024-06-20 11:47:52,610 INFO [http-nio-8080-exec-1] o.s.w.s.DispatcherServlet [FrameworkServlet.java:554] Completed initialization in 1 ms
2024-06-20 11:48:06,893 INFO [http-nio-8080-exec-4] c.z.h.HikariDataSource [HikariDataSource.java:109] HikariPool-1 - Starting...
2024-06-20 11:48:07,149 INFO [http-nio-8080-exec-4] c.z.h.p.HikariPool [HikariPool.java:554] HikariPool-1 - Added connection com.mysql.cj.jdbc.ConnectionImpl@591bf4ac
2024-06-20 11:48:07,151 INFO [http-nio-8080-exec-4] c.z.h.HikariDataSource [HikariDataSource.java:122] HikariPool-1 - Start completed.
2024-06-20 11:49:56,002 INFO [SpringApplicationShutdownHook] c.z.h.HikariDataSource [HikariDataSource.java:349] HikariPool-1 - Shutdown initiated...
2024-06-20 11:49:56,006 INFO [SpringApplicationShutdownHook] c.z.h.HikariDataSource [HikariDataSource.java:351] HikariPool-1 - Shutdown completed.
2024-06-20 11:49:58,897 INFO [restartedMain] c.y.c.CommunityApplication [StartupInfoLogger.java:50] Starting CommunityApplication using Java 21.0.3 with PID 3836 (F:\IDEAProject\Yuanmh0919\nowcoder\community\target\classes started by 袁明海 in F:\IDEAProject\Yuanmh0919\nowcoder)
2024-06-20 11:49:58,899 INFO [restartedMain] c.y.c.CommunityApplication [SpringApplication.java:654] No active profile set, falling back to 1 default profile: "default"
2024-06-20 11:49:58,935 INFO [restartedMain] o.s.b.d.e.DevToolsPropertyDefaultsPostProcessor [DeferredLog.java:252] Devtools property defaults active! Set 'spring.devtools.add-properties' to 'false' to disable
2024-06-20 11:49:58,935 INFO [restartedMain] o.s.b.d.e.DevToolsPropertyDefaultsPostProcessor [DeferredLog.java:252] For additional web related logging consider setting the 'logging.level.web' property to 'DEBUG'
2024-06-20 11:49:59,806 INFO [restartedMain] o.s.b.w.e.t.TomcatWebServer [TomcatWebServer.java:111] Tomcat initialized with port 8080 (http)
2024-06-20 11:49:59,814 INFO [restartedMain] o.a.c.h.Http11NioProtocol [DirectJDKLog.java:173] Initializing ProtocolHandler ["http-nio-8080"]
2024-06-20 11:49:59,815 INFO [restartedMain] o.a.c.c.StandardService [DirectJDKLog.java:173] Starting service [Tomcat]
2024-06-20 11:49:59,815 INFO [restartedMain] o.a.c.c.StandardEngine [DirectJDKLog.java:173] Starting Servlet engine: [Apache Tomcat/10.1.24]
2024-06-20 11:49:59,847 INFO [restartedMain] o.a.c.c.C.[.[.[/community] [DirectJDKLog.java:173] Initializing Spring embedded WebApplicationContext
2024-06-20 11:49:59,848 INFO [restartedMain] o.s.b.w.s.c.ServletWebServerApplicationContext [ServletWebServerApplicationContext.java:296] Root WebApplicationContext: initialization completed in 912 ms
2024-06-20 11:50:00,179 INFO [restartedMain] o.s.b.a.w.s.WelcomePageHandlerMapping [WelcomePageHandlerMapping.java:59] Adding welcome page template: index
2024-06-20 11:50:00,404 INFO [restartedMain] o.s.b.d.a.OptionalLiveReloadServer [OptionalLiveReloadServer.java:59] LiveReload server is running on port 35729
2024-06-20 11:50:00,419 INFO [restartedMain] o.a.c.h.Http11NioProtocol [DirectJDKLog.java:173] Starting ProtocolHandler ["http-nio-8080"]
2024-06-20 11:50:00,430 INFO [restartedMain] o.s.b.w.e.t.TomcatWebServer [TomcatWebServer.java:243] Tomcat started on port 8080 (http) with context path '/community'
2024-06-20 11:50:00,437 INFO [restartedMain] c.y.c.CommunityApplication [StartupInfoLogger.java:56] Started CommunityApplication in 1.944 seconds (process running for 2.527)
2024-06-20 11:50:09,179 INFO [http-nio-8080-exec-1] o.a.c.c.C.[.[.[/community] [DirectJDKLog.java:173] Initializing Spring DispatcherServlet 'dispatcherServlet'
2024-06-20 11:50:09,180 INFO [http-nio-8080-exec-1] o.s.w.s.DispatcherServlet [FrameworkServlet.java:532] Initializing Servlet 'dispatcherServlet'
2024-06-20 11:50:09,181 INFO [http-nio-8080-exec-1] o.s.w.s.DispatcherServlet [FrameworkServlet.java:554] Completed initialization in 1 ms
2024-06-20 11:50:15,729 INFO [http-nio-8080-exec-6] c.z.h.HikariDataSource [HikariDataSource.java:109] HikariPool-1 - Starting...
2024-06-20 11:50:15,987 INFO [http-nio-8080-exec-6] c.z.h.p.HikariPool [HikariPool.java:554] HikariPool-1 - Added connection com.mysql.cj.jdbc.ConnectionImpl@124d56ae
2024-06-20 11:50:15,989 INFO [http-nio-8080-exec-6] c.z.h.HikariDataSource [HikariDataSource.java:122] HikariPool-1 - Start completed.
2024-06-20 12:24:16,134 INFO [SpringApplicationShutdownHook] c.z.h.HikariDataSource [HikariDataSource.java:349] HikariPool-1 - Shutdown initiated...
2024-06-20 12:24:16,137 INFO [SpringApplicationShutdownHook] c.z.h.HikariDataSource [HikariDataSource.java:351] HikariPool-1 - Shutdown completed.
2024-06-20 12:24:21,707 INFO [restartedMain] c.y.c.CommunityApplication [StartupInfoLogger.java:50] Starting CommunityApplication using Java 21.0.3 with PID 1768 (F:\IDEAProject\Yuanmh0919\nowcoder\community\target\classes started by 袁明海 in F:\IDEAProject\Yuanmh0919\nowcoder)
2024-06-20 12:24:21,709 INFO [restartedMain] c.y.c.CommunityApplication [SpringApplication.java:654] No active profile set, falling back to 1 default profile: "default"
2024-06-20 12:24:21,748 INFO [restartedMain] o.s.b.d.e.DevToolsPropertyDefaultsPostProcessor [DeferredLog.java:252] Devtools property defaults active! Set 'spring.devtools.add-properties' to 'false' to disable
2024-06-20 12:24:21,748 INFO [restartedMain] o.s.b.d.e.DevToolsPropertyDefaultsPostProcessor [DeferredLog.java:252] For additional web related logging consider setting the 'logging.level.web' property to 'DEBUG'
2024-06-20 12:24:22,862 INFO [restartedMain] o.s.b.w.e.t.TomcatWebServer [TomcatWebServer.java:111] Tomcat initialized with port 8080 (http)
2024-06-20 12:24:22,871 INFO [restartedMain] o.a.c.h.Http11NioProtocol [DirectJDKLog.java:173] Initializing ProtocolHandler ["http-nio-8080"]
2024-06-20 12:24:22,873 INFO [restartedMain] o.a.c.c.StandardService [DirectJDKLog.java:173] Starting service [Tomcat]
2024-06-20 12:24:22,873 INFO [restartedMain] o.a.c.c.StandardEngine [DirectJDKLog.java:173] Starting Servlet engine: [Apache Tomcat/10.1.24]
2024-06-20 12:24:22,905 INFO [restartedMain] o.a.c.c.C.[.[.[/community] [DirectJDKLog.java:173] Initializing Spring embedded WebApplicationContext
2024-06-20 12:24:22,905 INFO [restartedMain] o.s.b.w.s.c.ServletWebServerApplicationContext [ServletWebServerApplicationContext.java:296] Root WebApplicationContext: initialization completed in 1156 ms
2024-06-20 12:24:23,246 INFO [restartedMain] o.s.b.a.w.s.WelcomePageHandlerMapping [WelcomePageHandlerMapping.java:59] Adding welcome page template: index
2024-06-20 12:24:23,478 INFO [restartedMain] o.s.b.d.a.OptionalLiveReloadServer [OptionalLiveReloadServer.java:59] LiveReload server is running on port 35729
2024-06-20 12:24:23,493 INFO [restartedMain] o.a.c.h.Http11NioProtocol [DirectJDKLog.java:173] Starting ProtocolHandler ["http-nio-8080"]
2024-06-20 12:24:23,503 INFO [restartedMain] o.s.b.w.e.t.TomcatWebServer [TomcatWebServer.java:243] Tomcat started on port 8080 (http) with context path '/community'
2024-06-20 12:24:23,510 INFO [restartedMain] c.y.c.CommunityApplication [StartupInfoLogger.java:56] Started CommunityApplication in 2.235 seconds (process running for 3.1)
2024-06-20 12:24:30,807 INFO [http-nio-8080-exec-1] o.a.c.c.C.[.[.[/community] [DirectJDKLog.java:173] Initializing Spring DispatcherServlet 'dispatcherServlet'
2024-06-20 12:24:30,807 INFO [http-nio-8080-exec-1] o.s.w.s.DispatcherServlet [FrameworkServlet.java:532] Initializing Servlet 'dispatcherServlet'
2024-06-20 12:24:30,808 INFO [http-nio-8080-exec-1] o.s.w.s.DispatcherServlet [FrameworkServlet.java:554] Completed initialization in 1 ms
2024-06-20 12:24:34,791 INFO [http-nio-8080-exec-8] c.z.h.HikariDataSource [HikariDataSource.java:109] HikariPool-1 - Starting...
2024-06-20 12:24:35,054 INFO [http-nio-8080-exec-8] c.z.h.p.HikariPool [HikariPool.java:554] HikariPool-1 - Added connection com.mysql.cj.jdbc.ConnectionImpl@67083290
2024-06-20 12:24:35,055 INFO [http-nio-8080-exec-8] c.z.h.HikariDataSource [HikariDataSource.java:122] HikariPool-1 - Start completed.
2024-06-20 12:28:45,339 INFO [SpringApplicationShutdownHook] c.z.h.HikariDataSource [HikariDataSource.java:349] HikariPool-1 - Shutdown initiated...
2024-06-20 12:28:45,343 INFO [SpringApplicationShutdownHook] c.z.h.HikariDataSource [HikariDataSource.java:351] HikariPool-1 - Shutdown completed.
2024-06-20 18:49:40,272 INFO [restartedMain] c.y.c.CommunityApplication [StartupInfoLogger.java:50] Starting CommunityApplication using Java 21.0.3 with PID 7720 (F:\IDEAProject\Yuanmh0919\nowcoder\community\target\classes started by 袁明海 in F:\IDEAProject\Yuanmh0919\nowcoder)
2024-06-20 18:49:40,274 INFO [restartedMain] c.y.c.CommunityApplication [SpringApplication.java:654] No active profile set, falling back to 1 default profile: "default"
2024-06-20 18:49:40,311 INFO [restartedMain] o.s.b.d.e.DevToolsPropertyDefaultsPostProcessor [DeferredLog.java:252] Devtools property defaults active! Set 'spring.devtools.add-properties' to 'false' to disable
2024-06-20 18:49:40,312 INFO [restartedMain] o.s.b.d.e.DevToolsPropertyDefaultsPostProcessor [DeferredLog.java:252] For additional web related logging consider setting the 'logging.level.web' property to 'DEBUG'
2024-06-20 18:49:41,424 INFO [restartedMain] o.s.b.w.e.t.TomcatWebServer [TomcatWebServer.java:111] Tomcat initialized with port 8080 (http)
2024-06-20 18:49:41,434 INFO [restartedMain] o.a.c.h.Http11NioProtocol [DirectJDKLog.java:173] Initializing ProtocolHandler ["http-nio-8080"]
2024-06-20 18:49:41,435 INFO [restartedMain] o.a.c.c.StandardService [DirectJDKLog.java:173] Starting service [Tomcat]
2024-06-20 18:49:41,435 INFO [restartedMain] o.a.c.c.StandardEngine [DirectJDKLog.java:173] Starting Servlet engine: [Apache Tomcat/10.1.24]
2024-06-20 18:49:41,476 INFO [restartedMain] o.a.c.c.C.[.[.[/community] [DirectJDKLog.java:173] Initializing Spring embedded WebApplicationContext
2024-06-20 18:49:41,477 INFO [restartedMain] o.s.b.w.s.c.ServletWebServerApplicationContext [ServletWebServerApplicationContext.java:296] Root WebApplicationContext: initialization completed in 1164 ms
2024-06-20 18:49:41,775 INFO [restartedMain] o.s.b.f.a.AutowiredAnnotationBeanPostProcessor [AutowiredAnnotationBeanPostProcessor.java:577] Autowired annotation is not supported on static fields: private static final org.slf4j.Logger com.yuanmh.community.controller.interceptor.TestInterceptor.logger
2024-06-20 18:49:41,869 INFO [restartedMain] o.s.b.a.w.s.WelcomePageHandlerMapping [WelcomePageHandlerMapping.java:59] Adding welcome page template: index
2024-06-20 18:49:42,117 INFO [restartedMain] o.s.b.d.a.OptionalLiveReloadServer [OptionalLiveReloadServer.java:59] LiveReload server is running on port 35729
2024-06-20 18:49:42,131 INFO [restartedMain] o.a.c.h.Http11NioProtocol [DirectJDKLog.java:173] Starting ProtocolHandler ["http-nio-8080"]
2024-06-20 18:49:42,143 INFO [restartedMain] o.s.b.w.e.t.TomcatWebServer [TomcatWebServer.java:243] Tomcat started on port 8080 (http) with context path '/community'
2024-06-20 18:49:42,150 INFO [restartedMain] c.y.c.CommunityApplication [StartupInfoLogger.java:56] Started CommunityApplication in 2.373 seconds (process running for 3.372)
2024-06-20 18:49:47,737 INFO [http-nio-8080-exec-1] o.a.c.c.C.[.[.[/community] [DirectJDKLog.java:173] Initializing Spring DispatcherServlet 'dispatcherServlet'
2024-06-20 18:49:47,737 INFO [http-nio-8080-exec-1] o.s.w.s.DispatcherServlet [FrameworkServlet.java:532] Initializing Servlet 'dispatcherServlet'
2024-06-20 18:49:47,738 INFO [http-nio-8080-exec-1] o.s.w.s.DispatcherServlet [FrameworkServlet.java:554] Completed initialization in 0 ms
2024-06-20 18:49:47,803 INFO [http-nio-8080-exec-1] c.z.h.HikariDataSource [HikariDataSource.java:109] HikariPool-1 - Starting...
2024-06-20 18:49:48,145 INFO [http-nio-8080-exec-1] c.z.h.p.HikariPool [HikariPool.java:554] HikariPool-1 - Added connection com.mysql.cj.jdbc.ConnectionImpl@6d7b41ac
2024-06-20 18:49:48,146 INFO [http-nio-8080-exec-1] c.z.h.HikariDataSource [HikariDataSource.java:122] HikariPool-1 - Start completed.
2024-06-20 20:10:32,356 INFO [SpringApplicationShutdownHook] c.z.h.HikariDataSource [HikariDataSource.java:349] HikariPool-1 - Shutdown initiated...
2024-06-20 20:10:32,359 INFO [SpringApplicationShutdownHook] c.z.h.HikariDataSource [HikariDataSource.java:351] HikariPool-1 - Shutdown completed.
2024-06-20 20:10:35,455 INFO [restartedMain] c.y.c.CommunityApplication [StartupInfoLogger.java:50] Starting CommunityApplication using Java 21.0.3 with PID 8304 (F:\IDEAProject\Yuanmh0919\nowcoder\community\target\classes started by 袁明海 in F:\IDEAProject\Yuanmh0919\nowcoder)
2024-06-20 20:10:35,457 INFO [restartedMain] c.y.c.CommunityApplication [SpringApplication.java:654] No active profile set, falling back to 1 default profile: "default"
2024-06-20 20:10:35,490 INFO [restartedMain] o.s.b.d.e.DevToolsPropertyDefaultsPostProcessor [DeferredLog.java:252] Devtools property defaults active! Set 'spring.devtools.add-properties' to 'false' to disable
2024-06-20 20:10:35,491 INFO [restartedMain] o.s.b.d.e.DevToolsPropertyDefaultsPostProcessor [DeferredLog.java:252] For additional web related logging consider setting the 'logging.level.web' property to 'DEBUG'
2024-06-20 20:10:36,386 INFO [restartedMain] o.s.b.w.e.t.TomcatWebServer [TomcatWebServer.java:111] Tomcat initialized with port 8080 (http)
2024-06-20 20:10:36,394 INFO [restartedMain] o.a.c.h.Http11NioProtocol [DirectJDKLog.java:173] Initializing ProtocolHandler ["http-nio-8080"]
2024-06-20 20:10:36,395 INFO [restartedMain] o.a.c.c.StandardService [DirectJDKLog.java:173] Starting service [Tomcat]
2024-06-20 20:10:36,396 INFO [restartedMain] o.a.c.c.StandardEngine [DirectJDKLog.java:173] Starting Servlet engine: [Apache Tomcat/10.1.24]
2024-06-20 20:10:36,428 INFO [restartedMain] o.a.c.c.C.[.[.[/community] [DirectJDKLog.java:173] Initializing Spring embedded WebApplicationContext
2024-06-20 20:10:36,428 INFO [restartedMain] o.s.b.w.s.c.ServletWebServerApplicationContext [ServletWebServerApplicationContext.java:296] Root WebApplicationContext: initialization completed in 936 ms
2024-06-20 20:10:36,470 INFO [restartedMain] o.s.b.f.a.AutowiredAnnotationBeanPostProcessor [AutowiredAnnotationBeanPostProcessor.java:577] Autowired annotation is not supported on static fields: private static final org.slf4j.Logger com.yuanmh.community.controller.interceptor.TestInterceptor.logger
2024-06-20 20:10:36,777 INFO [restartedMain] o.s.b.a.w.s.WelcomePageHandlerMapping [WelcomePageHandlerMapping.java:59] Adding welcome page template: index
2024-06-20 20:10:37,012 INFO [restartedMain] o.s.b.d.a.OptionalLiveReloadServer [OptionalLiveReloadServer.java:59] LiveReload server is running on port 35729
2024-06-20 20:10:37,028 INFO [restartedMain] o.a.c.h.Http11NioProtocol [DirectJDKLog.java:173] Starting ProtocolHandler ["http-nio-8080"]
2024-06-20 20:10:37,039 INFO [restartedMain] o.s.b.w.e.t.TomcatWebServer [TomcatWebServer.java:243] Tomcat started on port 8080 (http) with context path '/community'
2024-06-20 20:10:37,046 INFO [restartedMain] c.y.c.CommunityApplication [StartupInfoLogger.java:56] Started CommunityApplication in 1.993 seconds (process running for 2.567)
2024-06-20 20:10:50,328 INFO [http-nio-8080-exec-5] o.a.c.c.C.[.[.[/community] [DirectJDKLog.java:173] Initializing Spring DispatcherServlet 'dispatcherServlet'
2024-06-20 20:10:50,328 INFO [http-nio-8080-exec-5] o.s.w.s.DispatcherServlet [FrameworkServlet.java:532] Initializing Servlet 'dispatcherServlet'
2024-06-20 20:10:50,329 INFO [http-nio-8080-exec-5] o.s.w.s.DispatcherServlet [FrameworkServlet.java:554] Completed initialization in 1 ms
2024-06-20 20:10:50,385 INFO [http-nio-8080-exec-5] c.z.h.HikariDataSource [HikariDataSource.java:109] HikariPool-1 - Starting...
2024-06-20 20:10:50,637 INFO [http-nio-8080-exec-5] c.z.h.p.HikariPool [HikariPool.java:554] HikariPool-1 - Added connection com.mysql.cj.jdbc.ConnectionImpl@697a1da4
2024-06-20 20:10:50,638 INFO [http-nio-8080-exec-5] c.z.h.HikariDataSource [HikariDataSource.java:122] HikariPool-1 - Start completed.
2024-06-20 22:12:59,336 INFO [SpringApplicationShutdownHook] c.z.h.HikariDataSource [HikariDataSource.java:349] HikariPool-1 - Shutdown initiated...
2024-06-20 22:12:59,339 INFO [SpringApplicationShutdownHook] c.z.h.HikariDataSource [HikariDataSource.java:351] HikariPool-1 - Shutdown completed.
2024-06-20 22:13:02,943 INFO [restartedMain] c.y.c.CommunityApplication [StartupInfoLogger.java:50] Starting CommunityApplication using Java 21.0.3 with PID 18020 (F:\IDEAProject\Yuanmh0919\nowcoder\community\target\classes started by 袁明海 in F:\IDEAProject\Yuanmh0919\nowcoder)
2024-06-20 22:13:02,945 INFO [restartedMain] c.y.c.CommunityApplication [SpringApplication.java:654] No active profile set, falling back to 1 default profile: "default"
2024-06-20 22:13:02,982 INFO [restartedMain] o.s.b.d.e.DevToolsPropertyDefaultsPostProcessor [DeferredLog.java:252] Devtools property defaults active! Set 'spring.devtools.add-properties' to 'false' to disable
2024-06-20 22:13:02,983 INFO [restartedMain] o.s.b.d.e.DevToolsPropertyDefaultsPostProcessor [DeferredLog.java:252] For additional web related logging consider setting the 'logging.level.web' property to 'DEBUG'
2024-06-20 22:13:03,873 INFO [restartedMain] o.s.b.w.e.t.TomcatWebServer [TomcatWebServer.java:111] Tomcat initialized with port 8080 (http)
2024-06-20 22:13:03,881 INFO [restartedMain] o.a.c.h.Http11NioProtocol [DirectJDKLog.java:173] Initializing ProtocolHandler ["http-nio-8080"]
2024-06-20 22:13:03,883 INFO [restartedMain] o.a.c.c.StandardService [DirectJDKLog.java:173] Starting service [Tomcat]
2024-06-20 22:13:03,883 INFO [restartedMain] o.a.c.c.StandardEngine [DirectJDKLog.java:173] Starting Servlet engine: [Apache Tomcat/10.1.24]
2024-06-20 22:13:03,921 INFO [restartedMain] o.a.c.c.C.[.[.[/community] [DirectJDKLog.java:173] Initializing Spring embedded WebApplicationContext
2024-06-20 22:13:03,921 INFO [restartedMain] o.s.b.w.s.c.ServletWebServerApplicationContext [ServletWebServerApplicationContext.java:296] Root WebApplicationContext: initialization completed in 938 ms
2024-06-20 22:13:03,965 INFO [restartedMain] o.s.b.f.a.AutowiredAnnotationBeanPostProcessor [AutowiredAnnotationBeanPostProcessor.java:577] Autowired annotation is not supported on static fields: private static final org.slf4j.Logger com.yuanmh.community.controller.interceptor.TestInterceptor.logger
2024-06-20 22:13:04,257 INFO [restartedMain] o.s.b.a.w.s.WelcomePageHandlerMapping [WelcomePageHandlerMapping.java:59] Adding welcome page template: index
2024-06-20 22:13:04,486 INFO [restartedMain] o.s.b.d.a.OptionalLiveReloadServer [OptionalLiveReloadServer.java:59] LiveReload server is running on port 35729
2024-06-20 22:13:04,502 INFO [restartedMain] o.a.c.h.Http11NioProtocol [DirectJDKLog.java:173] Starting ProtocolHandler ["http-nio-8080"]
2024-06-20 22:13:04,513 INFO [restartedMain] o.s.b.w.e.t.TomcatWebServer [TomcatWebServer.java:243] Tomcat started on port 8080 (http) with context path '/community'
2024-06-20 22:13:04,520 INFO [restartedMain] c.y.c.CommunityApplication [StartupInfoLogger.java:56] Started CommunityApplication in 2.025 seconds (process running for 2.652)
2024-06-20 22:13:13,093 INFO [http-nio-8080-exec-1] o.a.c.c.C.[.[.[/community] [DirectJDKLog.java:173] Initializing Spring DispatcherServlet 'dispatcherServlet'
2024-06-20 22:13:13,094 INFO [http-nio-8080-exec-1] o.s.w.s.DispatcherServlet [FrameworkServlet.java:532] Initializing Servlet 'dispatcherServlet'
2024-06-20 22:13:13,094 INFO [http-nio-8080-exec-1] o.s.w.s.DispatcherServlet [FrameworkServlet.java:554] Completed initialization in 0 ms
2024-06-20 22:13:13,158 INFO [http-nio-8080-exec-1] c.z.h.HikariDataSource [HikariDataSource.java:109] HikariPool-1 - Starting...
2024-06-20 22:13:13,482 INFO [http-nio-8080-exec-1] c.z.h.p.HikariPool [HikariPool.java:554] HikariPool-1 - Added connection com.mysql.cj.jdbc.ConnectionImpl@777d4834
2024-06-20 22:13:13,484 INFO [http-nio-8080-exec-1] c.z.h.HikariDataSource [HikariDataSource.java:122] HikariPool-1 - Start completed.
2024-06-20 22:52:19,636 INFO [SpringApplicationShutdownHook] c.z.h.HikariDataSource [HikariDataSource.java:349] HikariPool-1 - Shutdown initiated...
2024-06-20 22:52:19,640 INFO [SpringApplicationShutdownHook] c.z.h.HikariDataSource [HikariDataSource.java:351] HikariPool-1 - Shutdown completed.
2024-06-20 23:03:17,087 INFO [restartedMain] c.y.c.CommunityApplication [StartupInfoLogger.java:50] Starting CommunityApplication using Java 21.0.3 with PID 2840 (F:\IDEAProject\Yuanmh0919\nowcoder\community\target\classes started by 袁明海 in F:\IDEAProject\Yuanmh0919\nowcoder)
2024-06-20 23:03:17,089 INFO [restartedMain] c.y.c.CommunityApplication [SpringApplication.java:654] No active profile set, falling back to 1 default profile: "default"
2024-06-20 23:03:17,125 INFO [restartedMain] o.s.b.d.e.DevToolsPropertyDefaultsPostProcessor [DeferredLog.java:252] Devtools property defaults active! Set 'spring.devtools.add-properties' to 'false' to disable
2024-06-20 23:03:17,126 INFO [restartedMain] o.s.b.d.e.DevToolsPropertyDefaultsPostProcessor [DeferredLog.java:252] For additional web related logging consider setting the 'logging.level.web' property to 'DEBUG'
2024-06-20 23:03:17,994 INFO [restartedMain] o.s.b.w.e.t.TomcatWebServer [TomcatWebServer.java:111] Tomcat initialized with port 8080 (http)
2024-06-20 23:03:18,002 INFO [restartedMain] o.a.c.h.Http11NioProtocol [DirectJDKLog.java:173] Initializing ProtocolHandler ["http-nio-8080"]
2024-06-20 23:03:18,003 INFO [restartedMain] o.a.c.c.StandardService [DirectJDKLog.java:173] Starting service [Tomcat]
2024-06-20 23:03:18,004 INFO [restartedMain] o.a.c.c.StandardEngine [DirectJDKLog.java:173] Starting Servlet engine: [Apache Tomcat/10.1.24]
2024-06-20 23:03:18,036 INFO [restartedMain] o.a.c.c.C.[.[.[/community] [DirectJDKLog.java:173] Initializing Spring embedded WebApplicationContext
2024-06-20 23:03:18,036 INFO [restartedMain] o.s.b.w.s.c.ServletWebServerApplicationContext [ServletWebServerApplicationContext.java:296] Root WebApplicationContext: initialization completed in 910 ms
2024-06-20 23:03:18,078 INFO [restartedMain] o.s.b.f.a.AutowiredAnnotationBeanPostProcessor [AutowiredAnnotationBeanPostProcessor.java:577] Autowired annotation is not supported on static fields: private static final org.slf4j.Logger com.yuanmh.community.controller.interceptor.TestInterceptor.logger
2024-06-20 23:03:18,358 INFO [restartedMain] o.s.b.a.w.s.WelcomePageHandlerMapping [WelcomePageHandlerMapping.java:59] Adding welcome page template: index
2024-06-20 23:03:18,593 INFO [restartedMain] o.s.b.d.a.OptionalLiveReloadServer [OptionalLiveReloadServer.java:59] LiveReload server is running on port 35729
2024-06-20 23:03:18,608 INFO [restartedMain] o.a.c.h.Http11NioProtocol [DirectJDKLog.java:173] Starting ProtocolHandler ["http-nio-8080"]
2024-06-20 23:03:18,618 INFO [restartedMain] o.s.b.w.e.t.TomcatWebServer [TomcatWebServer.java:243] Tomcat started on port 8080 (http) with context path '/community'
2024-06-20 23:03:18,625 INFO [restartedMain] c.y.c.CommunityApplication [StartupInfoLogger.java:56] Started CommunityApplication in 1.942 seconds (process running for 2.533)
2024-06-20 23:03:29,618 INFO [http-nio-8080-exec-1] o.a.c.c.C.[.[.[/community] [DirectJDKLog.java:173] Initializing Spring DispatcherServlet 'dispatcherServlet'
2024-06-20 23:03:29,619 INFO [http-nio-8080-exec-1] o.s.w.s.DispatcherServlet [FrameworkServlet.java:532] Initializing Servlet 'dispatcherServlet'
2024-06-20 23:03:29,620 INFO [http-nio-8080-exec-1] o.s.w.s.DispatcherServlet [FrameworkServlet.java:554] Completed initialization in 1 ms
2024-06-20 23:03:30,964 INFO [http-nio-8080-exec-8] c.z.h.HikariDataSource [HikariDataSource.java:109] HikariPool-1 - Starting...
2024-06-20 23:03:31,222 INFO [http-nio-8080-exec-8] c.z.h.p.HikariPool [HikariPool.java:554] HikariPool-1 - Added connection com.mysql.cj.jdbc.ConnectionImpl@37468db6
2024-06-20 23:03:31,224 INFO [http-nio-8080-exec-8] c.z.h.HikariDataSource [HikariDataSource.java:122] HikariPool-1 - Start completed.
2024-06-20 23:05:22,483 INFO [SpringApplicationShutdownHook] c.z.h.HikariDataSource [HikariDataSource.java:349] HikariPool-1 - Shutdown initiated...
2024-06-20 23:05:22,488 INFO [SpringApplicationShutdownHook] c.z.h.HikariDataSource [HikariDataSource.java:351] HikariPool-1 - Shutdown completed.
